Starting Dapr with id transactions-service. HTTP Port: 3530. gRPC Port: 41469
Updating metadata for cliPID: 933329
Flag --dapr-http-max-request-size has been deprecated, use '--max-body-size 4Mi'
Flag --dapr-http-read-buffer-size has been deprecated, use '--read-buffer-size 4Ki'
time="2024-12-31T03:38:15.150889135+01:00" level=info msg="Starting Dapr Runtime -- version 1.14.4 -- commit 583960dc90120616124b60ad2b7820fc0b3edf44" app_id=transactions-service instance=random scope=dapr.runtime type=log ver=1.14.4
time="2024-12-31T03:38:15.150929154+01:00" level=info msg="Log level set to: info" app_id=transactions-service instance=random scope=dapr.runtime type=log ver=1.14.4
time="2024-12-31T03:38:15.151239184+01:00" level=warning msg="mTLS is disabled. Skipping certificate request and tls validation" app_id=transactions-service instance=random scope=dapr.runtime.security type=log ver=1.14.4
time="2024-12-31T03:38:15.15167451+01:00" level=info msg="metric spec: {0xc001c03247 <nil> <nil> []}" app_id=transactions-service instance=random scope=dapr.runtime.diagnostics type=log ver=1.14.4
time="2024-12-31T03:38:15.151761743+01:00" level=info msg="Using default latency distribution buckets: [1 2 3 4 5 6 8 10 13 16 20 25 30 40 50 65 80 100 130 160 200 250 300 400 500 650 800 1000 2000 5000 10000 20000 50000 100000]" app_id=transactions-service instance=random scope=dapr.runtime.diagnostics type=log ver=1.14.4
time="2024-12-31T03:38:15.152144059+01:00" level=warning msg="The default value for 'spec.metric.http.increasedCardinality' will change to 'false' in Dapr 1.15 or later" app_id=transactions-service instance=random scope=dapr.runtime.diagnostics type=log ver=1.14.4
time="2024-12-31T03:38:15.154144897+01:00" level=info msg="metrics server started on :41623/" app_id=transactions-service instance=random scope=dapr.runtime type=log ver=1.14.4
time="2024-12-31T03:38:15.15427627+01:00" level=info msg="standalone mode configured" app_id=transactions-service instance=random scope=dapr.runtime type=log ver=1.14.4
time="2024-12-31T03:38:15.154349605+01:00" level=info msg="app id: transactions-service" app_id=transactions-service instance=random scope=dapr.runtime type=log ver=1.14.4
time="2024-12-31T03:38:15.154493829+01:00" level=info msg="Dapr trace sampler initialized: ParentBased{root:AlwaysOnSampler,remoteParentSampled:AlwaysOnSampler,remoteParentNotSampled:AlwaysOffSampler,localParentSampled:AlwaysOnSampler,localParentNotSampled:AlwaysOffSampler}" app_id=transactions-service instance=random scope=dapr.runtime type=log ver=1.14.4
time="2024-12-31T03:38:15.155149856+01:00" level=info msg="local service entry announced: transactions-service -> 192.168.1.18:35117" app_id=transactions-service component="nr (mdns/v1)" instance=random scope=dapr.contrib type=log ver=1.14.4
time="2024-12-31T03:38:15.155228917+01:00" level=info msg="Initialized name resolution to mdns" app_id=transactions-service instance=random scope=dapr.runtime type=log ver=1.14.4
time="2024-12-31T03:38:15.155334589+01:00" level=info msg="Loading components…" app_id=transactions-service instance=random scope=dapr.runtime type=log ver=1.14.4
time="2024-12-31T03:38:15.163341574+01:00" level=info msg="Component loaded: pubsub (pubsub.redis/v1)" app_id=transactions-service instance=random scope=dapr.runtime.processor type=log ver=1.14.4
time="2024-12-31T03:38:15.163494109+01:00" level=info msg="Waiting for all outstanding components to be processed…" app_id=transactions-service instance=random scope=dapr.runtime type=log ver=1.14.4
time="2024-12-31T03:38:15.171587559+01:00" level=info msg="Using 'statestore' as actor state store" app_id=transactions-service instance=random scope=dapr.runtime.processor.state type=log ver=1.14.4
time="2024-12-31T03:38:15.17168436+01:00" level=info msg="Component loaded: statestore (state.redis/v1)" app_id=transactions-service instance=random scope=dapr.runtime.processor type=log ver=1.14.4
time="2024-12-31T03:38:15.171718653+01:00" level=info msg="All outstanding components processed" app_id=transactions-service instance=random scope=dapr.runtime type=log ver=1.14.4
time="2024-12-31T03:38:15.171765936+01:00" level=info msg="Loading endpoints…" app_id=transactions-service instance=random scope=dapr.runtime type=log ver=1.14.4
time="2024-12-31T03:38:15.17213163+01:00" level=info msg="Waiting for all outstanding http endpoints to be processed…" app_id=transactions-service instance=random scope=dapr.runtime type=log ver=1.14.4
time="2024-12-31T03:38:15.172170671+01:00" level=info msg="All outstanding http endpoints processed" app_id=transactions-service instance=random scope=dapr.runtime type=log ver=1.14.4
time="2024-12-31T03:38:15.172186526+01:00" level=info msg="Loading Declarative Subscriptions…" app_id=transactions-service instance=random scope=dapr.runtime type=log ver=1.14.4
time="2024-12-31T03:38:15.172694558+01:00" level=info msg="gRPC server listening on TCP address: :41469" app_id=transactions-service instance=random scope=dapr.runtime.grpc.api type=log ver=1.14.4
time="2024-12-31T03:38:15.172725567+01:00" level=info msg="Enabled gRPC tracing middleware" app_id=transactions-service instance=random scope=dapr.runtime.grpc.api type=log ver=1.14.4
time="2024-12-31T03:38:15.17273751+01:00" level=info msg="Enabled gRPC metrics middleware" app_id=transactions-service instance=random scope=dapr.runtime.grpc.api type=log ver=1.14.4
time="2024-12-31T03:38:15.172809937+01:00" level=info msg="Registering workflow engine for gRPC endpoint: [::]:41469" app_id=transactions-service instance=random scope=dapr.runtime.grpc.api type=log ver=1.14.4
time="2024-12-31T03:38:15.172858198+01:00" level=info msg="API gRPC server is running on port 41469" app_id=transactions-service instance=random scope=dapr.runtime type=log ver=1.14.4
time="2024-12-31T03:38:15.172903316+01:00" level=warning msg="The default value for 'spec.metric.http.increasedCardinality' will change to 'false' in Dapr 1.15 or later" app_id=transactions-service instance=random scope=dapr.runtime.http type=log ver=1.14.4
time="2024-12-31T03:38:15.172985869+01:00" level=info msg="Enabled max body size HTTP middleware with size 4194304 bytes" app_id=transactions-service instance=random scope=dapr.runtime.http type=log ver=1.14.4
time="2024-12-31T03:38:15.173020162+01:00" level=info msg="Enabled tracing HTTP middleware" app_id=transactions-service instance=random scope=dapr.runtime.http type=log ver=1.14.4
time="2024-12-31T03:38:15.173037203+01:00" level=info msg="Enabled metrics HTTP middleware" app_id=transactions-service instance=random scope=dapr.runtime.http type=log ver=1.14.4
time="2024-12-31T03:38:15.173508289+01:00" level=info msg="HTTP server listening on TCP address: :3530" app_id=transactions-service instance=random scope=dapr.runtime.http type=log ver=1.14.4
time="2024-12-31T03:38:15.173598874+01:00" level=info msg="HTTP server is running on port 3530" app_id=transactions-service instance=random scope=dapr.runtime type=log ver=1.14.4
time="2024-12-31T03:38:15.173621293+01:00" level=info msg="The request body size parameter is: 4194304 bytes" app_id=transactions-service instance=random scope=dapr.runtime type=log ver=1.14.4
time="2024-12-31T03:38:15.173682545+01:00" level=info msg="gRPC server listening on TCP address: :35117" app_id=transactions-service instance=random scope=dapr.runtime.grpc.internal type=log ver=1.14.4
time="2024-12-31T03:38:15.173713275+01:00" level=info msg="Enabled gRPC tracing middleware" app_id=transactions-service instance=random scope=dapr.runtime.grpc.internal type=log ver=1.14.4
time="2024-12-31T03:38:15.17372871+01:00" level=info msg="Enabled gRPC metrics middleware" app_id=transactions-service instance=random scope=dapr.runtime.grpc.internal type=log ver=1.14.4
time="2024-12-31T03:38:15.173793035+01:00" level=info msg="Internal gRPC server is running on :35117" app_id=transactions-service instance=random scope=dapr.runtime type=log ver=1.14.4
time="2024-12-31T03:38:15.173922662+01:00" level=info msg="application protocol: http. waiting on port 8000.  This will block until the app is listening on that port." app_id=transactions-service instance=random scope=dapr.runtime type=log ver=1.14.4
Updating metadata for app command: uvicorn main:app --reload --log-level debug
Updating metadata for appPID: 933503
You're up and running! Dapr logs will appear here.

time="2024-12-31T03:38:17.706553401+01:00" level=info msg="application discovered on port 8000" app_id=transactions-service instance=random scope=dapr.runtime type=log ver=1.14.4
time="2024-12-31T03:38:17.711397863+01:00" level=info msg="Application configuration loaded" app_id=transactions-service instance=random scope=dapr.runtime type=log ver=1.14.4
time="2024-12-31T03:38:17.711517154+01:00" level=info msg="Configuring actors placement provider 'placement'. Configuration: 'placement:localhost:50005'" app_id=transactions-service instance=random scope=dapr.runtime.actor type=log ver=1.14.4
time="2024-12-31T03:38:17.711560805+01:00" level=info msg="Configuring actor reminders provider 'default'. Configuration: ''" app_id=transactions-service instance=random scope=dapr.runtime.actor type=log ver=1.14.4
time="2024-12-31T03:38:17.711610952+01:00" level=info msg="Actor runtime started. Idle timeout: 1h0m0s" app_id=transactions-service instance=random scope=dapr.runtime.actor type=log ver=1.14.4
time="2024-12-31T03:38:17.711642939+01:00" level=info msg="Configuring workflow engine with actors backend" app_id=transactions-service instance=random scope=dapr.runtime type=log ver=1.14.4
time="2024-12-31T03:38:17.711661867+01:00" level=info msg="Registering component for dapr workflow engine..." app_id=transactions-service instance=random scope=dapr.runtime type=log ver=1.14.4
time="2024-12-31T03:38:17.711690502+01:00" level=info msg="Initializing Dapr workflow component" app_id=transactions-service component="dapr (workflow.dapr/v1)" instance=random scope=dapr.contrib type=log ver=1.14.4
time="2024-12-31T03:38:17.711718648+01:00" level=info msg="Workflow engine initialized." app_id=transactions-service instance=random scope=dapr.runtime type=log ver=1.14.4
time="2024-12-31T03:38:17.729561227+01:00" level=info msg="dapr initialized. Status: Running. Init Elapsed 2575ms" app_id=transactions-service instance=random scope=dapr.runtime type=log ver=1.14.4
time="2024-12-31T03:38:17.743561787+01:00" level=info msg="Placement tables updated, version: 0" app_id=transactions-service instance=random scope=dapr.runtime.actors.placement type=log ver=1.14.4
time="2024-12-31T03:39:33.272198729+01:00" level=info msg="Received signal 'interrupt'; beginning shutdown" app_id=transactions-service instance=random scope=dapr.signals type=log ver=1.14.4
time="2024-12-31T03:39:33.27325565+01:00" level=info msg="Dapr is shutting down" app_id=transactions-service instance=random scope=dapr.runtime type=log ver=1.14.4
time="2024-12-31T03:39:33.27389289+01:00" level=info msg="stopping mDNS server for app id: transactions-service" app_id=transactions-service component="nr (mdns/v1)" instance=random scope=dapr.contrib type=log ver=1.14.4
time="2024-12-31T03:39:33.274073851+01:00" level=info msg="Closing HTTP server [::]:3530…" app_id=transactions-service instance=random scope=dapr.runtime.http type=log ver=1.14.4

termination signal received: shutting down
Exited Dapr successfully
Exited App successfully
