Starting Dapr with id transactions-service. HTTP Port: 3530. gRPC Port: 40257
Updating metadata for cliPID: 533289
Flag --dapr-http-max-request-size has been deprecated, use '--max-body-size 4Mi'
Flag --dapr-http-read-buffer-size has been deprecated, use '--read-buffer-size 4Ki'
time="2025-01-03T01:11:40.305083836+01:00" level=info msg="Starting Dapr Runtime -- version 1.14.4 -- commit 583960dc90120616124b60ad2b7820fc0b3edf44" app_id=transactions-service instance=random scope=dapr.runtime type=log ver=1.14.4
time="2025-01-03T01:11:40.305122198+01:00" level=info msg="Log level set to: info" app_id=transactions-service instance=random scope=dapr.runtime type=log ver=1.14.4
time="2025-01-03T01:11:40.305352643+01:00" level=warning msg="mTLS is disabled. Skipping certificate request and tls validation" app_id=transactions-service instance=random scope=dapr.runtime.security type=log ver=1.14.4
time="2025-01-03T01:11:40.305897401+01:00" level=info msg="metric spec: {0xc0016d4587 <nil> <nil> []}" app_id=transactions-service instance=random scope=dapr.runtime.diagnostics type=log ver=1.14.4
time="2025-01-03T01:11:40.305965771+01:00" level=info msg="Using default latency distribution buckets: [1 2 3 4 5 6 8 10 13 16 20 25 30 40 50 65 80 100 130 160 200 250 300 400 500 650 800 1000 2000 5000 10000 20000 50000 100000]" app_id=transactions-service instance=random scope=dapr.runtime.diagnostics type=log ver=1.14.4
time="2025-01-03T01:11:40.306137044+01:00" level=warning msg="The default value for 'spec.metric.http.increasedCardinality' will change to 'false' in Dapr 1.15 or later" app_id=transactions-service instance=random scope=dapr.runtime.diagnostics type=log ver=1.14.4
time="2025-01-03T01:11:40.307204709+01:00" level=info msg="standalone mode configured" app_id=transactions-service instance=random scope=dapr.runtime type=log ver=1.14.4
time="2025-01-03T01:11:40.307280012+01:00" level=info msg="app id: transactions-service" app_id=transactions-service instance=random scope=dapr.runtime type=log ver=1.14.4
time="2025-01-03T01:11:40.307390951+01:00" level=info msg="Dapr trace sampler initialized: ParentBased{root:AlwaysOnSampler,remoteParentSampled:AlwaysOnSampler,remoteParentNotSampled:AlwaysOffSampler,localParentSampled:AlwaysOnSampler,localParentNotSampled:AlwaysOffSampler}" app_id=transactions-service instance=random scope=dapr.runtime type=log ver=1.14.4
time="2025-01-03T01:11:40.307520305+01:00" level=info msg="metrics server started on :35421/" app_id=transactions-service instance=random scope=dapr.runtime type=log ver=1.14.4
time="2025-01-03T01:11:40.307917465+01:00" level=info msg="local service entry announced: transactions-service -> 192.168.1.18:45581" app_id=transactions-service component="nr (mdns/v1)" instance=random scope=dapr.contrib type=log ver=1.14.4
time="2025-01-03T01:11:40.307977659+01:00" level=info msg="Initialized name resolution to mdns" app_id=transactions-service instance=random scope=dapr.runtime type=log ver=1.14.4
time="2025-01-03T01:11:40.30808436+01:00" level=info msg="Loading components…" app_id=transactions-service instance=random scope=dapr.runtime type=log ver=1.14.4
time="2025-01-03T01:11:40.317150886+01:00" level=info msg="Using 'statestore' as actor state store" app_id=transactions-service instance=random scope=dapr.runtime.processor.state type=log ver=1.14.4
time="2025-01-03T01:11:40.317231027+01:00" level=info msg="Component loaded: statestore (state.redis/v1)" app_id=transactions-service instance=random scope=dapr.runtime.processor type=log ver=1.14.4
time="2025-01-03T01:11:40.317365191+01:00" level=info msg="successful init for output binding (twilio-binding (bindings.twilio.sms/v1))" app_id=transactions-service instance=random scope=dapr.runtime.processor.binding type=log ver=1.14.4
time="2025-01-03T01:11:40.31739663+01:00" level=info msg="Component loaded: twilio-binding (bindings.twilio.sms/v1)" app_id=transactions-service instance=random scope=dapr.runtime.processor type=log ver=1.14.4
time="2025-01-03T01:11:40.3173805+01:00" level=info msg="Waiting for all outstanding components to be processed…" app_id=transactions-service instance=random scope=dapr.runtime type=log ver=1.14.4
time="2025-01-03T01:11:40.317496218+01:00" level=info msg="All outstanding components processed" app_id=transactions-service instance=random scope=dapr.runtime type=log ver=1.14.4
time="2025-01-03T01:11:40.317528048+01:00" level=info msg="Loading endpoints…" app_id=transactions-service instance=random scope=dapr.runtime type=log ver=1.14.4
time="2025-01-03T01:11:40.318099447+01:00" level=info msg="Waiting for all outstanding http endpoints to be processed…" app_id=transactions-service instance=random scope=dapr.runtime type=log ver=1.14.4
time="2025-01-03T01:11:40.318141486+01:00" level=info msg="All outstanding http endpoints processed" app_id=transactions-service instance=random scope=dapr.runtime type=log ver=1.14.4
time="2025-01-03T01:11:40.318155533+01:00" level=info msg="Loading Declarative Subscriptions…" app_id=transactions-service instance=random scope=dapr.runtime type=log ver=1.14.4
time="2025-01-03T01:11:40.319316655+01:00" level=info msg="Found Subscription: notify-subscription" app_id=transactions-service instance=random scope=dapr.runtime type=log ver=1.14.4
time="2025-01-03T01:11:40.319359936+01:00" level=info msg="Found Subscription: updateaccount-subscription" app_id=transactions-service instance=random scope=dapr.runtime type=log ver=1.14.4
time="2025-01-03T01:11:40.319485453+01:00" level=info msg="gRPC server listening on TCP address: :40257" app_id=transactions-service instance=random scope=dapr.runtime.grpc.api type=log ver=1.14.4
time="2025-01-03T01:11:40.31951009+01:00" level=info msg="Enabled gRPC tracing middleware" app_id=transactions-service instance=random scope=dapr.runtime.grpc.api type=log ver=1.14.4
time="2025-01-03T01:11:40.31952093+01:00" level=info msg="Enabled gRPC metrics middleware" app_id=transactions-service instance=random scope=dapr.runtime.grpc.api type=log ver=1.14.4
time="2025-01-03T01:11:40.319629375+01:00" level=info msg="Registering workflow engine for gRPC endpoint: [::]:40257" app_id=transactions-service instance=random scope=dapr.runtime.grpc.api type=log ver=1.14.4
time="2025-01-03T01:11:40.319681614+01:00" level=info msg="API gRPC server is running on port 40257" app_id=transactions-service instance=random scope=dapr.runtime type=log ver=1.14.4
time="2025-01-03T01:11:40.319726559+01:00" level=warning msg="The default value for 'spec.metric.http.increasedCardinality' will change to 'false' in Dapr 1.15 or later" app_id=transactions-service instance=random scope=dapr.runtime.http type=log ver=1.14.4
time="2025-01-03T01:11:40.319783566+01:00" level=info msg="Enabled max body size HTTP middleware with size 4194304 bytes" app_id=transactions-service instance=random scope=dapr.runtime.http type=log ver=1.14.4
time="2025-01-03T01:11:40.319797342+01:00" level=info msg="Enabled tracing HTTP middleware" app_id=transactions-service instance=random scope=dapr.runtime.http type=log ver=1.14.4
time="2025-01-03T01:11:40.319808603+01:00" level=info msg="Enabled metrics HTTP middleware" app_id=transactions-service instance=random scope=dapr.runtime.http type=log ver=1.14.4
time="2025-01-03T01:11:40.320215622+01:00" level=info msg="HTTP server listening on TCP address: :3530" app_id=transactions-service instance=random scope=dapr.runtime.http type=log ver=1.14.4
time="2025-01-03T01:11:40.32026734+01:00" level=info msg="HTTP server is running on port 3530" app_id=transactions-service instance=random scope=dapr.runtime type=log ver=1.14.4
time="2025-01-03T01:11:40.320281065+01:00" level=info msg="The request body size parameter is: 4194304 bytes" app_id=transactions-service instance=random scope=dapr.runtime type=log ver=1.14.4
time="2025-01-03T01:11:40.320323055+01:00" level=info msg="gRPC server listening on TCP address: :45581" app_id=transactions-service instance=random scope=dapr.runtime.grpc.internal type=log ver=1.14.4
time="2025-01-03T01:11:40.320344706+01:00" level=info msg="Enabled gRPC tracing middleware" app_id=transactions-service instance=random scope=dapr.runtime.grpc.internal type=log ver=1.14.4
time="2025-01-03T01:11:40.320370554+01:00" level=info msg="Enabled gRPC metrics middleware" app_id=transactions-service instance=random scope=dapr.runtime.grpc.internal type=log ver=1.14.4
time="2025-01-03T01:11:40.320423554+01:00" level=info msg="Internal gRPC server is running on :45581" app_id=transactions-service instance=random scope=dapr.runtime type=log ver=1.14.4
time="2025-01-03T01:11:40.320504958+01:00" level=info msg="application protocol: http. waiting on port 8000.  This will block until the app is listening on that port." app_id=transactions-service instance=random scope=dapr.runtime type=log ver=1.14.4
Updating metadata for app command: uvicorn main:app --reload --log-level debug
Updating metadata for appPID: 533438
You're up and running! Dapr logs will appear here.

time="2025-01-03T01:11:42.639975054+01:00" level=info msg="application discovered on port 8000" app_id=transactions-service instance=random scope=dapr.runtime type=log ver=1.14.4
time="2025-01-03T01:11:42.641791323+01:00" level=info msg="Application configuration loaded" app_id=transactions-service instance=random scope=dapr.runtime type=log ver=1.14.4
time="2025-01-03T01:11:42.641878397+01:00" level=info msg="Configuring actors placement provider 'placement'. Configuration: 'placement:localhost:50005'" app_id=transactions-service instance=random scope=dapr.runtime.actor type=log ver=1.14.4
time="2025-01-03T01:11:42.641916239+01:00" level=info msg="Configuring actor reminders provider 'default'. Configuration: ''" app_id=transactions-service instance=random scope=dapr.runtime.actor type=log ver=1.14.4
time="2025-01-03T01:11:42.641963728+01:00" level=info msg="Actor runtime started. Idle timeout: 1h0m0s" app_id=transactions-service instance=random scope=dapr.runtime.actor type=log ver=1.14.4
time="2025-01-03T01:11:42.641985589+01:00" level=info msg="Configuring workflow engine with actors backend" app_id=transactions-service instance=random scope=dapr.runtime type=log ver=1.14.4
time="2025-01-03T01:11:42.642002972+01:00" level=info msg="Registering component for dapr workflow engine..." app_id=transactions-service instance=random scope=dapr.runtime type=log ver=1.14.4
time="2025-01-03T01:11:42.64202806+01:00" level=info msg="Initializing Dapr workflow component" app_id=transactions-service component="dapr (workflow.dapr/v1)" instance=random scope=dapr.contrib type=log ver=1.14.4
time="2025-01-03T01:11:42.642062324+01:00" level=info msg="Workflow engine initialized." app_id=transactions-service instance=random scope=dapr.runtime type=log ver=1.14.4
time="2025-01-03T01:11:42.642092852+01:00" level=info msg="dapr initialized. Status: Running. Init Elapsed 2334ms" app_id=transactions-service instance=random scope=dapr.runtime type=log ver=1.14.4
time="2025-01-03T01:11:42.64953924+01:00" level=info msg="Placement tables updated, version: 0" app_id=transactions-service instance=random scope=dapr.runtime.actors.placement type=log ver=1.14.4
time="2025-01-03T01:18:28.751518552+01:00" level=info msg="Received signal 'interrupt'; beginning shutdown" app_id=transactions-service instance=random scope=dapr.signals type=log ver=1.14.4
time="2025-01-03T01:18:28.751922675+01:00" level=info msg="Dapr is shutting down" app_id=transactions-service instance=random scope=dapr.runtime type=log ver=1.14.4
time="2025-01-03T01:18:28.751989982+01:00" level=info msg="Shutting down component twilio-binding (bindings.twilio.sms/v1)" app_id=transactions-service instance=random scope=dapr.runtime type=log ver=1.14.4
time="2025-01-03T01:18:28.752029777+01:00" level=info msg="Shutting down workflow engine" app_id=transactions-service instance=random scope=dapr.runtime type=log ver=1.14.4
time="2025-01-03T01:18:28.752071887+01:00" level=info msg="Shutting down actor" app_id=transactions-service instance=random scope=dapr.runtime type=log ver=1.14.4
time="2025-01-03T01:18:28.752392492+01:00" level=info msg="Closing HTTP server [::]:3530…" app_id=transactions-service instance=random scope=dapr.runtime.http type=log ver=1.14.4
time="2025-01-03T01:18:28.752526215+01:00" level=info msg="Shutting down component statestore (state.redis/v1)" app_id=transactions-service instance=random scope=dapr.runtime type=log ver=1.14.4
time="2025-01-03T01:18:28.752575598+01:00" level=info msg="Dapr runtime stopped" app_id=transactions-service instance=random scope=dapr.runtime type=log ver=1.14.4
time="2025-01-03T01:18:28.752596377+01:00" level=info msg="stopping mDNS server for app id: transactions-service" app_id=transactions-service component="nr (mdns/v1)" instance=random scope=dapr.contrib type=log ver=1.14.4
time="2025-01-03T01:18:28.752955074+01:00" level=info msg="Daprd shutdown gracefully" app_id=transactions-service instance=random scope=dapr.runtime type=log ver=1.14.4

termination signal received: shutting down
Exited Dapr successfully
Exited App successfully
