Starting Dapr with id transactions-service. HTTP Port: 3530. gRPC Port: 42919
Updating metadata for cliPID: 614418
Flag --dapr-http-max-request-size has been deprecated, use '--max-body-size 4Mi'
Flag --dapr-http-read-buffer-size has been deprecated, use '--read-buffer-size 4Ki'
time="2025-01-03T02:54:19.412473399+01:00" level=info msg="Starting Dapr Runtime -- version 1.14.4 -- commit 583960dc90120616124b60ad2b7820fc0b3edf44" app_id=transactions-service instance=random scope=dapr.runtime type=log ver=1.14.4
time="2025-01-03T02:54:19.412531829+01:00" level=info msg="Log level set to: info" app_id=transactions-service instance=random scope=dapr.runtime type=log ver=1.14.4
time="2025-01-03T02:54:19.412921225+01:00" level=warning msg="mTLS is disabled. Skipping certificate request and tls validation" app_id=transactions-service instance=random scope=dapr.runtime.security type=log ver=1.14.4
time="2025-01-03T02:54:19.413767973+01:00" level=info msg="metric spec: {0xc001859830 <nil> <nil> []}" app_id=transactions-service instance=random scope=dapr.runtime.diagnostics type=log ver=1.14.4
time="2025-01-03T02:54:19.413886277+01:00" level=info msg="Using default latency distribution buckets: [1 2 3 4 5 6 8 10 13 16 20 25 30 40 50 65 80 100 130 160 200 250 300 400 500 650 800 1000 2000 5000 10000 20000 50000 100000]" app_id=transactions-service instance=random scope=dapr.runtime.diagnostics type=log ver=1.14.4
time="2025-01-03T02:54:19.414805873+01:00" level=warning msg="The default value for 'spec.metric.http.increasedCardinality' will change to 'false' in Dapr 1.15 or later" app_id=transactions-service instance=random scope=dapr.runtime.diagnostics type=log ver=1.14.4
time="2025-01-03T02:54:19.417138797+01:00" level=info msg="standalone mode configured" app_id=transactions-service instance=random scope=dapr.runtime type=log ver=1.14.4
time="2025-01-03T02:54:19.417260156+01:00" level=info msg="app id: transactions-service" app_id=transactions-service instance=random scope=dapr.runtime type=log ver=1.14.4
time="2025-01-03T02:54:19.417440096+01:00" level=info msg="Dapr trace sampler initialized: ParentBased{root:AlwaysOnSampler,remoteParentSampled:AlwaysOnSampler,remoteParentNotSampled:AlwaysOffSampler,localParentSampled:AlwaysOnSampler,localParentNotSampled:AlwaysOffSampler}" app_id=transactions-service instance=random scope=dapr.runtime type=log ver=1.14.4
time="2025-01-03T02:54:19.417702171+01:00" level=info msg="metrics server started on :38723/" app_id=transactions-service instance=random scope=dapr.runtime type=log ver=1.14.4
time="2025-01-03T02:54:19.418172018+01:00" level=info msg="local service entry announced: transactions-service -> 192.168.1.18:36401" app_id=transactions-service component="nr (mdns/v1)" instance=random scope=dapr.contrib type=log ver=1.14.4
time="2025-01-03T02:54:19.418234115+01:00" level=info msg="Initialized name resolution to mdns" app_id=transactions-service instance=random scope=dapr.runtime type=log ver=1.14.4
time="2025-01-03T02:54:19.418381293+01:00" level=info msg="Loading components…" app_id=transactions-service instance=random scope=dapr.runtime type=log ver=1.14.4
time="2025-01-03T02:54:19.550247498+01:00" level=info msg="Using 'statestore' as actor state store" app_id=transactions-service instance=random scope=dapr.runtime.processor.state type=log ver=1.14.4
time="2025-01-03T02:54:19.550382323+01:00" level=info msg="Component loaded: statestore (state.redis/v1)" app_id=transactions-service instance=random scope=dapr.runtime.processor type=log ver=1.14.4
time="2025-01-03T02:54:19.550569566+01:00" level=info msg="successful init for output binding (twilio-binding (bindings.twilio.sms/v1))" app_id=transactions-service instance=random scope=dapr.runtime.processor.binding type=log ver=1.14.4
time="2025-01-03T02:54:19.550610443+01:00" level=info msg="Component loaded: twilio-binding (bindings.twilio.sms/v1)" app_id=transactions-service instance=random scope=dapr.runtime.processor type=log ver=1.14.4
time="2025-01-03T02:54:19.550643636+01:00" level=info msg="Waiting for all outstanding components to be processed…" app_id=transactions-service instance=random scope=dapr.runtime type=log ver=1.14.4
time="2025-01-03T02:54:19.550710993+01:00" level=info msg="All outstanding components processed" app_id=transactions-service instance=random scope=dapr.runtime type=log ver=1.14.4
time="2025-01-03T02:54:19.550761398+01:00" level=info msg="Loading endpoints…" app_id=transactions-service instance=random scope=dapr.runtime type=log ver=1.14.4
time="2025-01-03T02:54:19.551894638+01:00" level=info msg="Waiting for all outstanding http endpoints to be processed…" app_id=transactions-service instance=random scope=dapr.runtime type=log ver=1.14.4
time="2025-01-03T02:54:19.551975831+01:00" level=info msg="All outstanding http endpoints processed" app_id=transactions-service instance=random scope=dapr.runtime type=log ver=1.14.4
time="2025-01-03T02:54:19.551999536+01:00" level=info msg="Loading Declarative Subscriptions…" app_id=transactions-service instance=random scope=dapr.runtime type=log ver=1.14.4
time="2025-01-03T02:54:19.569478786+01:00" level=info msg="Found Subscription: notify-subscription" app_id=transactions-service instance=random scope=dapr.runtime type=log ver=1.14.4
time="2025-01-03T02:54:19.569548557+01:00" level=info msg="Found Subscription: updateaccount-subscription" app_id=transactions-service instance=random scope=dapr.runtime type=log ver=1.14.4
time="2025-01-03T02:54:19.577927456+01:00" level=info msg="gRPC server listening on TCP address: :42919" app_id=transactions-service instance=random scope=dapr.runtime.grpc.api type=log ver=1.14.4
time="2025-01-03T02:54:19.578019279+01:00" level=info msg="Enabled gRPC tracing middleware" app_id=transactions-service instance=random scope=dapr.runtime.grpc.api type=log ver=1.14.4
time="2025-01-03T02:54:19.578045679+01:00" level=info msg="Enabled gRPC metrics middleware" app_id=transactions-service instance=random scope=dapr.runtime.grpc.api type=log ver=1.14.4
time="2025-01-03T02:54:19.578182047+01:00" level=info msg="Registering workflow engine for gRPC endpoint: [::]:42919" app_id=transactions-service instance=random scope=dapr.runtime.grpc.api type=log ver=1.14.4
time="2025-01-03T02:54:19.578288027+01:00" level=info msg="API gRPC server is running on port 42919" app_id=transactions-service instance=random scope=dapr.runtime type=log ver=1.14.4
time="2025-01-03T02:54:19.578353891+01:00" level=warning msg="The default value for 'spec.metric.http.increasedCardinality' will change to 'false' in Dapr 1.15 or later" app_id=transactions-service instance=random scope=dapr.runtime.http type=log ver=1.14.4
time="2025-01-03T02:54:19.578439092+01:00" level=info msg="Enabled max body size HTTP middleware with size 4194304 bytes" app_id=transactions-service instance=random scope=dapr.runtime.http type=log ver=1.14.4
time="2025-01-03T02:54:19.578473467+01:00" level=info msg="Enabled tracing HTTP middleware" app_id=transactions-service instance=random scope=dapr.runtime.http type=log ver=1.14.4
time="2025-01-03T02:54:19.580781755+01:00" level=info msg="Enabled metrics HTTP middleware" app_id=transactions-service instance=random scope=dapr.runtime.http type=log ver=1.14.4
time="2025-01-03T02:54:19.587022046+01:00" level=info msg="HTTP server listening on TCP address: :3530" app_id=transactions-service instance=random scope=dapr.runtime.http type=log ver=1.14.4
time="2025-01-03T02:54:19.590407077+01:00" level=info msg="HTTP server is running on port 3530" app_id=transactions-service instance=random scope=dapr.runtime type=log ver=1.14.4
time="2025-01-03T02:54:19.590485214+01:00" level=info msg="The request body size parameter is: 4194304 bytes" app_id=transactions-service instance=random scope=dapr.runtime type=log ver=1.14.4
time="2025-01-03T02:54:19.590601574+01:00" level=info msg="gRPC server listening on TCP address: :36401" app_id=transactions-service instance=random scope=dapr.runtime.grpc.internal type=log ver=1.14.4
time="2025-01-03T02:54:19.59411117+01:00" level=info msg="Enabled gRPC tracing middleware" app_id=transactions-service instance=random scope=dapr.runtime.grpc.internal type=log ver=1.14.4
time="2025-01-03T02:54:19.594268707+01:00" level=info msg="Enabled gRPC metrics middleware" app_id=transactions-service instance=random scope=dapr.runtime.grpc.internal type=log ver=1.14.4
time="2025-01-03T02:54:19.59719412+01:00" level=info msg="Internal gRPC server is running on :36401" app_id=transactions-service instance=random scope=dapr.runtime type=log ver=1.14.4
time="2025-01-03T02:54:19.597492093+01:00" level=info msg="application protocol: http. waiting on port 8000.  This will block until the app is listening on that port." app_id=transactions-service instance=random scope=dapr.runtime type=log ver=1.14.4
Updating metadata for app command: uvicorn main:app --reload --log-level debug
Updating metadata for appPID: 614561
You're up and running! Dapr logs will appear here.

time="2025-01-03T02:54:23.349169088+01:00" level=info msg="application discovered on port 8000" app_id=transactions-service instance=random scope=dapr.runtime type=log ver=1.14.4
time="2025-01-03T02:54:23.353849885+01:00" level=info msg="Application configuration loaded" app_id=transactions-service instance=random scope=dapr.runtime type=log ver=1.14.4
time="2025-01-03T02:54:23.354005729+01:00" level=info msg="Configuring actors placement provider 'placement'. Configuration: 'placement:localhost:50005'" app_id=transactions-service instance=random scope=dapr.runtime.actor type=log ver=1.14.4
time="2025-01-03T02:54:23.354083796+01:00" level=info msg="Configuring actor reminders provider 'default'. Configuration: ''" app_id=transactions-service instance=random scope=dapr.runtime.actor type=log ver=1.14.4
time="2025-01-03T02:54:23.354161313+01:00" level=info msg="Actor runtime started. Idle timeout: 1h0m0s" app_id=transactions-service instance=random scope=dapr.runtime.actor type=log ver=1.14.4
time="2025-01-03T02:54:23.354195688+01:00" level=info msg="Configuring workflow engine with actors backend" app_id=transactions-service instance=random scope=dapr.runtime type=log ver=1.14.4
time="2025-01-03T02:54:23.354225464+01:00" level=info msg="Registering component for dapr workflow engine..." app_id=transactions-service instance=random scope=dapr.runtime type=log ver=1.14.4
time="2025-01-03T02:54:23.35426577+01:00" level=info msg="Initializing Dapr workflow component" app_id=transactions-service component="dapr (workflow.dapr/v1)" instance=random scope=dapr.contrib type=log ver=1.14.4
time="2025-01-03T02:54:23.354318349+01:00" level=info msg="Workflow engine initialized." app_id=transactions-service instance=random scope=dapr.runtime type=log ver=1.14.4
time="2025-01-03T02:54:23.354366921+01:00" level=info msg="dapr initialized. Status: Running. Init Elapsed 3937ms" app_id=transactions-service instance=random scope=dapr.runtime type=log ver=1.14.4
time="2025-01-03T02:54:23.374284845+01:00" level=info msg="Placement tables updated, version: 0" app_id=transactions-service instance=random scope=dapr.runtime.actors.placement type=log ver=1.14.4
