Starting Dapr with id transactions-service. HTTP Port: 3530. gRPC Port: 38289
Updating metadata for cliPID: 923739
Flag --dapr-http-max-request-size has been deprecated, use '--max-body-size 4Mi'
Flag --dapr-http-read-buffer-size has been deprecated, use '--read-buffer-size 4Ki'
time="2024-12-31T03:33:08.275026865+01:00" level=info msg="Starting Dapr Runtime -- version 1.14.4 -- commit 583960dc90120616124b60ad2b7820fc0b3edf44" app_id=transactions-service instance=random scope=dapr.runtime type=log ver=1.14.4
time="2024-12-31T03:33:08.275060668+01:00" level=info msg="Log level set to: info" app_id=transactions-service instance=random scope=dapr.runtime type=log ver=1.14.4
time="2024-12-31T03:33:08.275287027+01:00" level=warning msg="mTLS is disabled. Skipping certificate request and tls validation" app_id=transactions-service instance=random scope=dapr.runtime.security type=log ver=1.14.4
time="2024-12-31T03:33:08.275751687+01:00" level=info msg="metric spec: {0xc00081e0a7 <nil> <nil> []}" app_id=transactions-service instance=random scope=dapr.runtime.diagnostics type=log ver=1.14.4
time="2024-12-31T03:33:08.275801065+01:00" level=info msg="Using default latency distribution buckets: [1 2 3 4 5 6 8 10 13 16 20 25 30 40 50 65 80 100 130 160 200 250 300 400 500 650 800 1000 2000 5000 10000 20000 50000 100000]" app_id=transactions-service instance=random scope=dapr.runtime.diagnostics type=log ver=1.14.4
time="2024-12-31T03:33:08.276141965+01:00" level=warning msg="The default value for 'spec.metric.http.increasedCardinality' will change to 'false' in Dapr 1.15 or later" app_id=transactions-service instance=random scope=dapr.runtime.diagnostics type=log ver=1.14.4
time="2024-12-31T03:33:08.277155515+01:00" level=info msg="standalone mode configured" app_id=transactions-service instance=random scope=dapr.runtime type=log ver=1.14.4
time="2024-12-31T03:33:08.277245541+01:00" level=info msg="app id: transactions-service" app_id=transactions-service instance=random scope=dapr.runtime type=log ver=1.14.4
time="2024-12-31T03:33:08.277368673+01:00" level=info msg="Dapr trace sampler initialized: ParentBased{root:AlwaysOnSampler,remoteParentSampled:AlwaysOnSampler,remoteParentNotSampled:AlwaysOffSampler,localParentSampled:AlwaysOnSampler,localParentNotSampled:AlwaysOffSampler}" app_id=transactions-service instance=random scope=dapr.runtime type=log ver=1.14.4
time="2024-12-31T03:33:08.277486357+01:00" level=info msg="metrics server started on :34649/" app_id=transactions-service instance=random scope=dapr.runtime type=log ver=1.14.4
time="2024-12-31T03:33:08.277865181+01:00" level=info msg="local service entry announced: transactions-service -> 192.168.1.18:41611" app_id=transactions-service component="nr (mdns/v1)" instance=random scope=dapr.contrib type=log ver=1.14.4
time="2024-12-31T03:33:08.277916446+01:00" level=info msg="Initialized name resolution to mdns" app_id=transactions-service instance=random scope=dapr.runtime type=log ver=1.14.4
time="2024-12-31T03:33:08.27803832+01:00" level=info msg="Loading components…" app_id=transactions-service instance=random scope=dapr.runtime type=log ver=1.14.4
time="2024-12-31T03:33:08.288098948+01:00" level=info msg="Component loaded: pubsub (pubsub.redis/v1)" app_id=transactions-service instance=random scope=dapr.runtime.processor type=log ver=1.14.4
time="2024-12-31T03:33:08.288263077+01:00" level=info msg="Waiting for all outstanding components to be processed…" app_id=transactions-service instance=random scope=dapr.runtime type=log ver=1.14.4
time="2024-12-31T03:33:08.296711188+01:00" level=info msg="Using 'statestore' as actor state store" app_id=transactions-service instance=random scope=dapr.runtime.processor.state type=log ver=1.14.4
time="2024-12-31T03:33:08.29685178+01:00" level=info msg="Component loaded: statestore (state.redis/v1)" app_id=transactions-service instance=random scope=dapr.runtime.processor type=log ver=1.14.4
time="2024-12-31T03:33:08.296886143+01:00" level=info msg="All outstanding components processed" app_id=transactions-service instance=random scope=dapr.runtime type=log ver=1.14.4
time="2024-12-31T03:33:08.296937547+01:00" level=info msg="Loading endpoints…" app_id=transactions-service instance=random scope=dapr.runtime type=log ver=1.14.4
time="2024-12-31T03:33:08.297351431+01:00" level=info msg="Waiting for all outstanding http endpoints to be processed…" app_id=transactions-service instance=random scope=dapr.runtime type=log ver=1.14.4
time="2024-12-31T03:33:08.29739613+01:00" level=info msg="All outstanding http endpoints processed" app_id=transactions-service instance=random scope=dapr.runtime type=log ver=1.14.4
time="2024-12-31T03:33:08.29741394+01:00" level=info msg="Loading Declarative Subscriptions…" app_id=transactions-service instance=random scope=dapr.runtime type=log ver=1.14.4
time="2024-12-31T03:33:08.298027783+01:00" level=info msg="gRPC server listening on TCP address: :38289" app_id=transactions-service instance=random scope=dapr.runtime.grpc.api type=log ver=1.14.4
time="2024-12-31T03:33:08.298072971+01:00" level=info msg="Enabled gRPC tracing middleware" app_id=transactions-service instance=random scope=dapr.runtime.grpc.api type=log ver=1.14.4
time="2024-12-31T03:33:08.29808687+01:00" level=info msg="Enabled gRPC metrics middleware" app_id=transactions-service instance=random scope=dapr.runtime.grpc.api type=log ver=1.14.4
time="2024-12-31T03:33:08.298174522+01:00" level=info msg="Registering workflow engine for gRPC endpoint: [::]:38289" app_id=transactions-service instance=random scope=dapr.runtime.grpc.api type=log ver=1.14.4
time="2024-12-31T03:33:08.2982195+01:00" level=info msg="API gRPC server is running on port 38289" app_id=transactions-service instance=random scope=dapr.runtime type=log ver=1.14.4
time="2024-12-31T03:33:08.298258192+01:00" level=warning msg="The default value for 'spec.metric.http.increasedCardinality' will change to 'false' in Dapr 1.15 or later" app_id=transactions-service instance=random scope=dapr.runtime.http type=log ver=1.14.4
time="2024-12-31T03:33:08.298311622+01:00" level=info msg="Enabled max body size HTTP middleware with size 4194304 bytes" app_id=transactions-service instance=random scope=dapr.runtime.http type=log ver=1.14.4
time="2024-12-31T03:33:08.298327266+01:00" level=info msg="Enabled tracing HTTP middleware" app_id=transactions-service instance=random scope=dapr.runtime.http type=log ver=1.14.4
time="2024-12-31T03:33:08.298340187+01:00" level=info msg="Enabled metrics HTTP middleware" app_id=transactions-service instance=random scope=dapr.runtime.http type=log ver=1.14.4
time="2024-12-31T03:33:08.298727811+01:00" level=info msg="HTTP server listening on TCP address: :3530" app_id=transactions-service instance=random scope=dapr.runtime.http type=log ver=1.14.4
time="2024-12-31T03:33:08.298787177+01:00" level=info msg="HTTP server is running on port 3530" app_id=transactions-service instance=random scope=dapr.runtime type=log ver=1.14.4
time="2024-12-31T03:33:08.29880366+01:00" level=info msg="The request body size parameter is: 4194304 bytes" app_id=transactions-service instance=random scope=dapr.runtime type=log ver=1.14.4
time="2024-12-31T03:33:08.298852829+01:00" level=info msg="gRPC server listening on TCP address: :41611" app_id=transactions-service instance=random scope=dapr.runtime.grpc.internal type=log ver=1.14.4
time="2024-12-31T03:33:08.298874689+01:00" level=info msg="Enabled gRPC tracing middleware" app_id=transactions-service instance=random scope=dapr.runtime.grpc.internal type=log ver=1.14.4
time="2024-12-31T03:33:08.298888169+01:00" level=info msg="Enabled gRPC metrics middleware" app_id=transactions-service instance=random scope=dapr.runtime.grpc.internal type=log ver=1.14.4
time="2024-12-31T03:33:08.298943344+01:00" level=info msg="Internal gRPC server is running on :41611" app_id=transactions-service instance=random scope=dapr.runtime type=log ver=1.14.4
time="2024-12-31T03:33:08.299051949+01:00" level=info msg="application protocol: http. waiting on port 8000.  This will block until the app is listening on that port." app_id=transactions-service instance=random scope=dapr.runtime type=log ver=1.14.4
Updating metadata for app command: uvicorn main:app --reload --log-level debug
Updating metadata for appPID: 923893
You're up and running! Dapr logs will appear here.

time="2024-12-31T03:33:10.524112683+01:00" level=info msg="application discovered on port 8000" app_id=transactions-service instance=random scope=dapr.runtime type=log ver=1.14.4
time="2024-12-31T03:33:10.526097598+01:00" level=info msg="Application configuration loaded" app_id=transactions-service instance=random scope=dapr.runtime type=log ver=1.14.4
time="2024-12-31T03:33:10.52618525+01:00" level=info msg="Configuring actors placement provider 'placement'. Configuration: 'placement:localhost:50005'" app_id=transactions-service instance=random scope=dapr.runtime.actor type=log ver=1.14.4
time="2024-12-31T03:33:10.526228483+01:00" level=info msg="Configuring actor reminders provider 'default'. Configuration: ''" app_id=transactions-service instance=random scope=dapr.runtime.actor type=log ver=1.14.4
time="2024-12-31T03:33:10.52628715+01:00" level=info msg="Actor runtime started. Idle timeout: 1h0m0s" app_id=transactions-service instance=random scope=dapr.runtime.actor type=log ver=1.14.4
time="2024-12-31T03:33:10.5263139+01:00" level=info msg="Configuring workflow engine with actors backend" app_id=transactions-service instance=random scope=dapr.runtime type=log ver=1.14.4
time="2024-12-31T03:33:10.52633576+01:00" level=info msg="Registering component for dapr workflow engine..." app_id=transactions-service instance=random scope=dapr.runtime type=log ver=1.14.4
time="2024-12-31T03:33:10.526367748+01:00" level=info msg="Initializing Dapr workflow component" app_id=transactions-service component="dapr (workflow.dapr/v1)" instance=random scope=dapr.contrib type=log ver=1.14.4
time="2024-12-31T03:33:10.526412098+01:00" level=info msg="Workflow engine initialized." app_id=transactions-service instance=random scope=dapr.runtime type=log ver=1.14.4
time="2024-12-31T03:33:10.539075255+01:00" level=info msg="dapr initialized. Status: Running. Init Elapsed 2261ms" app_id=transactions-service instance=random scope=dapr.runtime type=log ver=1.14.4
time="2024-12-31T03:33:10.546316563+01:00" level=info msg="Placement tables updated, version: 0" app_id=transactions-service instance=random scope=dapr.runtime.actors.placement type=log ver=1.14.4
time="2024-12-31T03:33:11.728900845+01:00" level=info msg="Received signal 'interrupt'; beginning shutdown" app_id=transactions-service instance=random scope=dapr.signals type=log ver=1.14.4

termination signal received: shutting down
Exited Dapr successfully
Exited App successfully
