Starting Dapr with id transactions-service. HTTP Port: 3530. gRPC Port: 42457
Updating metadata for cliPID: 1376832
Flag --dapr-http-max-request-size has been deprecated, use '--max-body-size 4Mi'
Flag --dapr-http-read-buffer-size has been deprecated, use '--read-buffer-size 4Ki'
time="2024-12-31T18:51:37.060509488+01:00" level=info msg="Starting Dapr Runtime -- version 1.14.4 -- commit 583960dc90120616124b60ad2b7820fc0b3edf44" app_id=transactions-service instance=random scope=dapr.runtime type=log ver=1.14.4
time="2024-12-31T18:51:37.060541895+01:00" level=info msg="Log level set to: info" app_id=transactions-service instance=random scope=dapr.runtime type=log ver=1.14.4
time="2024-12-31T18:51:37.060748908+01:00" level=warning msg="mTLS is disabled. Skipping certificate request and tls validation" app_id=transactions-service instance=random scope=dapr.runtime.security type=log ver=1.14.4
time="2024-12-31T18:51:37.061178647+01:00" level=info msg="metric spec: {0xc000e88df7 <nil> <nil> []}" app_id=transactions-service instance=random scope=dapr.runtime.diagnostics type=log ver=1.14.4
time="2024-12-31T18:51:37.061244648+01:00" level=info msg="Using default latency distribution buckets: [1 2 3 4 5 6 8 10 13 16 20 25 30 40 50 65 80 100 130 160 200 250 300 400 500 650 800 1000 2000 5000 10000 20000 50000 100000]" app_id=transactions-service instance=random scope=dapr.runtime.diagnostics type=log ver=1.14.4
time="2024-12-31T18:51:37.061587433+01:00" level=warning msg="The default value for 'spec.metric.http.increasedCardinality' will change to 'false' in Dapr 1.15 or later" app_id=transactions-service instance=random scope=dapr.runtime.diagnostics type=log ver=1.14.4
time="2024-12-31T18:51:37.062678718+01:00" level=info msg="standalone mode configured" app_id=transactions-service instance=random scope=dapr.runtime type=log ver=1.14.4
time="2024-12-31T18:51:37.062757779+01:00" level=info msg="app id: transactions-service" app_id=transactions-service instance=random scope=dapr.runtime type=log ver=1.14.4
time="2024-12-31T18:51:37.062869596+01:00" level=info msg="Dapr trace sampler initialized: ParentBased{root:AlwaysOnSampler,remoteParentSampled:AlwaysOnSampler,remoteParentNotSampled:AlwaysOffSampler,localParentSampled:AlwaysOnSampler,localParentNotSampled:AlwaysOffSampler}" app_id=transactions-service instance=random scope=dapr.runtime type=log ver=1.14.4
time="2024-12-31T18:51:37.062893413+01:00" level=info msg="metrics server started on :43663/" app_id=transactions-service instance=random scope=dapr.runtime type=log ver=1.14.4
time="2024-12-31T18:51:37.063336352+01:00" level=info msg="local service entry announced: transactions-service -> 192.168.1.18:37731" app_id=transactions-service component="nr (mdns/v1)" instance=random scope=dapr.contrib type=log ver=1.14.4
time="2024-12-31T18:51:37.063389153+01:00" level=info msg="Initialized name resolution to mdns" app_id=transactions-service instance=random scope=dapr.runtime type=log ver=1.14.4
time="2024-12-31T18:51:37.06347876+01:00" level=info msg="Loading components…" app_id=transactions-service instance=random scope=dapr.runtime type=log ver=1.14.4
time="2024-12-31T18:51:37.064865547+01:00" level=info msg="Waiting for all outstanding components to be processed…" app_id=transactions-service instance=random scope=dapr.runtime type=log ver=1.14.4
time="2024-12-31T18:51:37.074019766+01:00" level=info msg="Using 'statestore' as actor state store" app_id=transactions-service instance=random scope=dapr.runtime.processor.state type=log ver=1.14.4
time="2024-12-31T18:51:37.074138079+01:00" level=info msg="Component loaded: statestore (state.redis/v1)" app_id=transactions-service instance=random scope=dapr.runtime.processor type=log ver=1.14.4
time="2024-12-31T18:51:37.074179425+01:00" level=info msg="All outstanding components processed" app_id=transactions-service instance=random scope=dapr.runtime type=log ver=1.14.4
time="2024-12-31T18:51:37.074210365+01:00" level=info msg="Loading endpoints…" app_id=transactions-service instance=random scope=dapr.runtime type=log ver=1.14.4
time="2024-12-31T18:51:37.074661127+01:00" level=info msg="Waiting for all outstanding http endpoints to be processed…" app_id=transactions-service instance=random scope=dapr.runtime type=log ver=1.14.4
time="2024-12-31T18:51:37.074715744+01:00" level=info msg="All outstanding http endpoints processed" app_id=transactions-service instance=random scope=dapr.runtime type=log ver=1.14.4
time="2024-12-31T18:51:37.074733274+01:00" level=info msg="Loading Declarative Subscriptions…" app_id=transactions-service instance=random scope=dapr.runtime type=log ver=1.14.4
time="2024-12-31T18:51:37.075630467+01:00" level=info msg="Found Subscription: updateaccount-subscription" app_id=transactions-service instance=random scope=dapr.runtime type=log ver=1.14.4
time="2024-12-31T18:51:37.075790755+01:00" level=info msg="gRPC server listening on TCP address: :42457" app_id=transactions-service instance=random scope=dapr.runtime.grpc.api type=log ver=1.14.4
time="2024-12-31T18:51:37.075824139+01:00" level=info msg="Enabled gRPC tracing middleware" app_id=transactions-service instance=random scope=dapr.runtime.grpc.api type=log ver=1.14.4
time="2024-12-31T18:51:37.075840762+01:00" level=info msg="Enabled gRPC metrics middleware" app_id=transactions-service instance=random scope=dapr.runtime.grpc.api type=log ver=1.14.4
time="2024-12-31T18:51:37.0759347+01:00" level=info msg="Registering workflow engine for gRPC endpoint: [::]:42457" app_id=transactions-service instance=random scope=dapr.runtime.grpc.api type=log ver=1.14.4
time="2024-12-31T18:51:37.076003774+01:00" level=info msg="API gRPC server is running on port 42457" app_id=transactions-service instance=random scope=dapr.runtime type=log ver=1.14.4
time="2024-12-31T18:51:37.076081368+01:00" level=warning msg="The default value for 'spec.metric.http.increasedCardinality' will change to 'false' in Dapr 1.15 or later" app_id=transactions-service instance=random scope=dapr.runtime.http type=log ver=1.14.4
time="2024-12-31T18:51:37.076174817+01:00" level=info msg="Enabled max body size HTTP middleware with size 4194304 bytes" app_id=transactions-service instance=random scope=dapr.runtime.http type=log ver=1.14.4
time="2024-12-31T18:51:37.076202405+01:00" level=info msg="Enabled tracing HTTP middleware" app_id=transactions-service instance=random scope=dapr.runtime.http type=log ver=1.14.4
time="2024-12-31T18:51:37.07622238+01:00" level=info msg="Enabled metrics HTTP middleware" app_id=transactions-service instance=random scope=dapr.runtime.http type=log ver=1.14.4
time="2024-12-31T18:51:37.077232298+01:00" level=info msg="HTTP server listening on TCP address: :3530" app_id=transactions-service instance=random scope=dapr.runtime.http type=log ver=1.14.4
time="2024-12-31T18:51:37.077345093+01:00" level=info msg="HTTP server is running on port 3530" app_id=transactions-service instance=random scope=dapr.runtime type=log ver=1.14.4
time="2024-12-31T18:51:37.077370446+01:00" level=info msg="The request body size parameter is: 4194304 bytes" app_id=transactions-service instance=random scope=dapr.runtime type=log ver=1.14.4
time="2024-12-31T18:51:37.077446155+01:00" level=info msg="gRPC server listening on TCP address: :37731" app_id=transactions-service instance=random scope=dapr.runtime.grpc.internal type=log ver=1.14.4
time="2024-12-31T18:51:37.077476187+01:00" level=info msg="Enabled gRPC tracing middleware" app_id=transactions-service instance=random scope=dapr.runtime.grpc.internal type=log ver=1.14.4
time="2024-12-31T18:51:37.077499095+01:00" level=info msg="Enabled gRPC metrics middleware" app_id=transactions-service instance=random scope=dapr.runtime.grpc.internal type=log ver=1.14.4
time="2024-12-31T18:51:37.077574455+01:00" level=info msg="Internal gRPC server is running on :37731" app_id=transactions-service instance=random scope=dapr.runtime type=log ver=1.14.4
time="2024-12-31T18:51:37.07769193+01:00" level=info msg="application protocol: http. waiting on port 8000.  This will block until the app is listening on that port." app_id=transactions-service instance=random scope=dapr.runtime type=log ver=1.14.4
Updating metadata for app command: uvicorn main:app --reload --log-level debug
Updating metadata for appPID: 1376974
You're up and running! Dapr logs will appear here.

time="2024-12-31T18:51:39.101596232+01:00" level=info msg="application discovered on port 8000" app_id=transactions-service instance=random scope=dapr.runtime type=log ver=1.14.4
time="2024-12-31T18:51:39.104202324+01:00" level=info msg="Application configuration loaded" app_id=transactions-service instance=random scope=dapr.runtime type=log ver=1.14.4
time="2024-12-31T18:51:39.104285296+01:00" level=info msg="Configuring actors placement provider 'placement'. Configuration: 'placement:localhost:50005'" app_id=transactions-service instance=random scope=dapr.runtime.actor type=log ver=1.14.4
time="2024-12-31T18:51:39.104425121+01:00" level=info msg="Configuring actor reminders provider 'default'. Configuration: ''" app_id=transactions-service instance=random scope=dapr.runtime.actor type=log ver=1.14.4
time="2024-12-31T18:51:39.104481763+01:00" level=info msg="Actor runtime started. Idle timeout: 1h0m0s" app_id=transactions-service instance=random scope=dapr.runtime.actor type=log ver=1.14.4
time="2024-12-31T18:51:39.104506207+01:00" level=info msg="Configuring workflow engine with actors backend" app_id=transactions-service instance=random scope=dapr.runtime type=log ver=1.14.4
time="2024-12-31T18:51:39.104529116+01:00" level=info msg="Registering component for dapr workflow engine..." app_id=transactions-service instance=random scope=dapr.runtime type=log ver=1.14.4
time="2024-12-31T18:51:39.104569973+01:00" level=info msg="Initializing Dapr workflow component" app_id=transactions-service component="dapr (workflow.dapr/v1)" instance=random scope=dapr.contrib type=log ver=1.14.4
time="2024-12-31T18:51:39.104603847+01:00" level=info msg="Workflow engine initialized." app_id=transactions-service instance=random scope=dapr.runtime type=log ver=1.14.4
time="2024-12-31T18:51:39.104635974+01:00" level=info msg="dapr initialized. Status: Running. Init Elapsed 2041ms" app_id=transactions-service instance=random scope=dapr.runtime type=log ver=1.14.4
time="2024-12-31T18:51:39.121479192+01:00" level=info msg="Placement tables updated, version: 0" app_id=transactions-service instance=random scope=dapr.runtime.actors.placement type=log ver=1.14.4
time="2024-12-31T20:29:14.299920279+01:00" level=info msg="Received signal 'interrupt'; beginning shutdown" app_id=transactions-service instance=random scope=dapr.signals type=log ver=1.14.4

termination signal received: shutting down
Exited Dapr successfully
Exited App successfully
