Starting Dapr with id transactions-service. HTTP Port: 3501. gRPC Port: 33179
Updating metadata for cliPID: 333647
Flag --dapr-http-max-request-size has been deprecated, use '--max-body-size 4Mi'
Flag --dapr-http-read-buffer-size has been deprecated, use '--read-buffer-size 4Ki'
time="2024-12-30T18:28:24.14194958+01:00" level=info msg="Starting Dapr Runtime -- version 1.14.4 -- commit 583960dc90120616124b60ad2b7820fc0b3edf44" app_id=transactions-service instance=random scope=dapr.runtime type=log ver=1.14.4
time="2024-12-30T18:28:24.141992044+01:00" level=info msg="Log level set to: info" app_id=transactions-service instance=random scope=dapr.runtime type=log ver=1.14.4
time="2024-12-30T18:28:24.142270435+01:00" level=warning msg="mTLS is disabled. Skipping certificate request and tls validation" app_id=transactions-service instance=random scope=dapr.runtime.security type=log ver=1.14.4
time="2024-12-30T18:28:24.143048546+01:00" level=info msg="metric spec: {0xc00046e097 <nil> <nil> []}" app_id=transactions-service instance=random scope=dapr.runtime.diagnostics type=log ver=1.14.4
time="2024-12-30T18:28:24.143142554+01:00" level=info msg="Using default latency distribution buckets: [1 2 3 4 5 6 8 10 13 16 20 25 30 40 50 65 80 100 130 160 200 250 300 400 500 650 800 1000 2000 5000 10000 20000 50000 100000]" app_id=transactions-service instance=random scope=dapr.runtime.diagnostics type=log ver=1.14.4
time="2024-12-30T18:28:24.143824493+01:00" level=warning msg="The default value for 'spec.metric.http.increasedCardinality' will change to 'false' in Dapr 1.15 or later" app_id=transactions-service instance=random scope=dapr.runtime.diagnostics type=log ver=1.14.4
time="2024-12-30T18:28:24.145212048+01:00" level=info msg="standalone mode configured" app_id=transactions-service instance=random scope=dapr.runtime type=log ver=1.14.4
time="2024-12-30T18:28:24.145299769+01:00" level=info msg="app id: transactions-service" app_id=transactions-service instance=random scope=dapr.runtime type=log ver=1.14.4
time="2024-12-30T18:28:24.145448463+01:00" level=info msg="Dapr trace sampler initialized: ParentBased{root:AlwaysOnSampler,remoteParentSampled:AlwaysOnSampler,remoteParentNotSampled:AlwaysOffSampler,localParentSampled:AlwaysOnSampler,localParentNotSampled:AlwaysOffSampler}" app_id=transactions-service instance=random scope=dapr.runtime type=log ver=1.14.4
time="2024-12-30T18:28:24.145586192+01:00" level=info msg="metrics server started on :44675/" app_id=transactions-service instance=random scope=dapr.runtime type=log ver=1.14.4
time="2024-12-30T18:28:24.14619794+01:00" level=info msg="local service entry announced: transactions-service -> 192.168.1.18:34595" app_id=transactions-service component="nr (mdns/v1)" instance=random scope=dapr.contrib type=log ver=1.14.4
time="2024-12-30T18:28:24.146271414+01:00" level=info msg="Initialized name resolution to mdns" app_id=transactions-service instance=random scope=dapr.runtime type=log ver=1.14.4
time="2024-12-30T18:28:24.146391053+01:00" level=info msg="Loading components…" app_id=transactions-service instance=random scope=dapr.runtime type=log ver=1.14.4
time="2024-12-30T18:28:24.155878625+01:00" level=info msg="Component loaded: pubsub (pubsub.redis/v1)" app_id=transactions-service instance=random scope=dapr.runtime.processor type=log ver=1.14.4
time="2024-12-30T18:28:24.156139276+01:00" level=info msg="Waiting for all outstanding components to be processed…" app_id=transactions-service instance=random scope=dapr.runtime type=log ver=1.14.4
time="2024-12-30T18:28:24.170522924+01:00" level=info msg="Using 'statestore' as actor state store" app_id=transactions-service instance=random scope=dapr.runtime.processor.state type=log ver=1.14.4
time="2024-12-30T18:28:24.170656113+01:00" level=info msg="Component loaded: statestore (state.redis/v1)" app_id=transactions-service instance=random scope=dapr.runtime.processor type=log ver=1.14.4
time="2024-12-30T18:28:24.170700393+01:00" level=info msg="All outstanding components processed" app_id=transactions-service instance=random scope=dapr.runtime type=log ver=1.14.4
time="2024-12-30T18:28:24.170787626+01:00" level=info msg="Loading endpoints…" app_id=transactions-service instance=random scope=dapr.runtime type=log ver=1.14.4
time="2024-12-30T18:28:24.171336655+01:00" level=info msg="Waiting for all outstanding http endpoints to be processed…" app_id=transactions-service instance=random scope=dapr.runtime type=log ver=1.14.4
time="2024-12-30T18:28:24.171398256+01:00" level=info msg="All outstanding http endpoints processed" app_id=transactions-service instance=random scope=dapr.runtime type=log ver=1.14.4
time="2024-12-30T18:28:24.171422072+01:00" level=info msg="Loading Declarative Subscriptions…" app_id=transactions-service instance=random scope=dapr.runtime type=log ver=1.14.4
time="2024-12-30T18:28:24.172448543+01:00" level=info msg="Found Subscription: account-subscription" app_id=transactions-service instance=random scope=dapr.runtime type=log ver=1.14.4
time="2024-12-30T18:28:24.172623148+01:00" level=info msg="gRPC server listening on TCP address: :33179" app_id=transactions-service instance=random scope=dapr.runtime.grpc.api type=log ver=1.14.4
time="2024-12-30T18:28:24.172660235+01:00" level=info msg="Enabled gRPC tracing middleware" app_id=transactions-service instance=random scope=dapr.runtime.grpc.api type=log ver=1.14.4
time="2024-12-30T18:28:24.172676089+01:00" level=info msg="Enabled gRPC metrics middleware" app_id=transactions-service instance=random scope=dapr.runtime.grpc.api type=log ver=1.14.4
time="2024-12-30T18:28:24.17279042+01:00" level=info msg="Registering workflow engine for gRPC endpoint: [::]:33179" app_id=transactions-service instance=random scope=dapr.runtime.grpc.api type=log ver=1.14.4
time="2024-12-30T18:28:24.172864313+01:00" level=info msg="API gRPC server is running on port 33179" app_id=transactions-service instance=random scope=dapr.runtime type=log ver=1.14.4
time="2024-12-30T18:28:24.172916695+01:00" level=warning msg="The default value for 'spec.metric.http.increasedCardinality' will change to 'false' in Dapr 1.15 or later" app_id=transactions-service instance=random scope=dapr.runtime.http type=log ver=1.14.4
time="2024-12-30T18:28:24.173003998+01:00" level=info msg="Enabled max body size HTTP middleware with size 4194304 bytes" app_id=transactions-service instance=random scope=dapr.runtime.http type=log ver=1.14.4
time="2024-12-30T18:28:24.173033611+01:00" level=info msg="Enabled tracing HTTP middleware" app_id=transactions-service instance=random scope=dapr.runtime.http type=log ver=1.14.4
time="2024-12-30T18:28:24.173052189+01:00" level=info msg="Enabled metrics HTTP middleware" app_id=transactions-service instance=random scope=dapr.runtime.http type=log ver=1.14.4
time="2024-12-30T18:28:24.173501134+01:00" level=info msg="HTTP server listening on TCP address: :3501" app_id=transactions-service instance=random scope=dapr.runtime.http type=log ver=1.14.4
time="2024-12-30T18:28:24.17357845+01:00" level=info msg="HTTP server is running on port 3501" app_id=transactions-service instance=random scope=dapr.runtime type=log ver=1.14.4
time="2024-12-30T18:28:24.173598285+01:00" level=info msg="The request body size parameter is: 4194304 bytes" app_id=transactions-service instance=random scope=dapr.runtime type=log ver=1.14.4
time="2024-12-30T18:28:24.173652832+01:00" level=info msg="gRPC server listening on TCP address: :34595" app_id=transactions-service instance=random scope=dapr.runtime.grpc.internal type=log ver=1.14.4
time="2024-12-30T18:28:24.173683842+01:00" level=info msg="Enabled gRPC tracing middleware" app_id=transactions-service instance=random scope=dapr.runtime.grpc.internal type=log ver=1.14.4
time="2024-12-30T18:28:24.173701582+01:00" level=info msg="Enabled gRPC metrics middleware" app_id=transactions-service instance=random scope=dapr.runtime.grpc.internal type=log ver=1.14.4
time="2024-12-30T18:28:24.173903146+01:00" level=info msg="Internal gRPC server is running on :34595" app_id=transactions-service instance=random scope=dapr.runtime type=log ver=1.14.4
time="2024-12-30T18:28:24.174011821+01:00" level=info msg="application protocol: http. waiting on port 8000.  This will block until the app is listening on that port." app_id=transactions-service instance=random scope=dapr.runtime type=log ver=1.14.4
Updating metadata for app command: uvicorn main:app --reload --log-level debug
Updating metadata for appPID: 333751
You're up and running! Dapr logs will appear here.

time="2024-12-30T18:28:27.219614259+01:00" level=info msg="application discovered on port 8000" app_id=transactions-service instance=random scope=dapr.runtime type=log ver=1.14.4
time="2024-12-30T18:28:27.221855076+01:00" level=info msg="Application configuration loaded" app_id=transactions-service instance=random scope=dapr.runtime type=log ver=1.14.4
time="2024-12-30T18:28:27.221947198+01:00" level=info msg="Configuring actors placement provider 'placement'. Configuration: 'placement:localhost:50005'" app_id=transactions-service instance=random scope=dapr.runtime.actor type=log ver=1.14.4
time="2024-12-30T18:28:27.221992595+01:00" level=info msg="Configuring actor reminders provider 'default'. Configuration: ''" app_id=transactions-service instance=random scope=dapr.runtime.actor type=log ver=1.14.4
time="2024-12-30T18:28:27.222046234+01:00" level=info msg="Actor runtime started. Idle timeout: 1h0m0s" app_id=transactions-service instance=random scope=dapr.runtime.actor type=log ver=1.14.4
time="2024-12-30T18:28:27.222079828+01:00" level=info msg="Configuring workflow engine with actors backend" app_id=transactions-service instance=random scope=dapr.runtime type=log ver=1.14.4
time="2024-12-30T18:28:27.222106578+01:00" level=info msg="Registering component for dapr workflow engine..." app_id=transactions-service instance=random scope=dapr.runtime type=log ver=1.14.4
time="2024-12-30T18:28:27.222137588+01:00" level=info msg="Initializing Dapr workflow component" app_id=transactions-service component="dapr (workflow.dapr/v1)" instance=random scope=dapr.contrib type=log ver=1.14.4
time="2024-12-30T18:28:27.222218744+01:00" level=info msg="Workflow engine initialized." app_id=transactions-service instance=random scope=dapr.runtime type=log ver=1.14.4
time="2024-12-30T18:28:27.230388603+01:00" level=info msg="dapr initialized. Status: Running. Init Elapsed 3085ms" app_id=transactions-service instance=random scope=dapr.runtime type=log ver=1.14.4
time="2024-12-30T18:28:27.242075296+01:00" level=info msg="Placement tables updated, version: 0" app_id=transactions-service instance=random scope=dapr.runtime.actors.placement type=log ver=1.14.4
time="2024-12-30T18:28:27.249675592+01:00" level=error msg="non-retriable error returned from app while processing pub/sub event ed1badf4-ad4d-472e-93b1-ac7ecb641d66: {\"detail\":\"Not Found\"}. status code returned: 404" app_id=transactions-service instance=random scope=dapr.runtime.processor.pubsub.subscription type=log ver=1.14.4

termination signal received: shutting down
Exited Dapr successfully
Exited App successfully
