Starting Dapr with id transactions-service. HTTP Port: 3530. gRPC Port: 34487
Updating metadata for cliPID: 962201
Flag --dapr-http-max-request-size has been deprecated, use '--max-body-size 4Mi'
Flag --dapr-http-read-buffer-size has been deprecated, use '--read-buffer-size 4Ki'
time="2024-12-31T03:55:44.153328428+01:00" level=info msg="Starting Dapr Runtime -- version 1.14.4 -- commit 583960dc90120616124b60ad2b7820fc0b3edf44" app_id=transactions-service instance=random scope=dapr.runtime type=log ver=1.14.4
time="2024-12-31T03:55:44.153382765+01:00" level=info msg="Log level set to: info" app_id=transactions-service instance=random scope=dapr.runtime type=log ver=1.14.4
time="2024-12-31T03:55:44.153678128+01:00" level=warning msg="mTLS is disabled. Skipping certificate request and tls validation" app_id=transactions-service instance=random scope=dapr.runtime.security type=log ver=1.14.4
time="2024-12-31T03:55:44.154159689+01:00" level=info msg="metric spec: {0xc00176a887 <nil> <nil> []}" app_id=transactions-service instance=random scope=dapr.runtime.diagnostics type=log ver=1.14.4
time="2024-12-31T03:55:44.154234141+01:00" level=info msg="Using default latency distribution buckets: [1 2 3 4 5 6 8 10 13 16 20 25 30 40 50 65 80 100 130 160 200 250 300 400 500 650 800 1000 2000 5000 10000 20000 50000 100000]" app_id=transactions-service instance=random scope=dapr.runtime.diagnostics type=log ver=1.14.4
time="2024-12-31T03:55:44.154582095+01:00" level=warning msg="The default value for 'spec.metric.http.increasedCardinality' will change to 'false' in Dapr 1.15 or later" app_id=transactions-service instance=random scope=dapr.runtime.diagnostics type=log ver=1.14.4
time="2024-12-31T03:55:44.155532297+01:00" level=info msg="standalone mode configured" app_id=transactions-service instance=random scope=dapr.runtime type=log ver=1.14.4
time="2024-12-31T03:55:44.155606749+01:00" level=info msg="app id: transactions-service" app_id=transactions-service instance=random scope=dapr.runtime type=log ver=1.14.4
time="2024-12-31T03:55:44.155708719+01:00" level=info msg="Dapr trace sampler initialized: ParentBased{root:AlwaysOnSampler,remoteParentSampled:AlwaysOnSampler,remoteParentNotSampled:AlwaysOffSampler,localParentSampled:AlwaysOnSampler,localParentNotSampled:AlwaysOffSampler}" app_id=transactions-service instance=random scope=dapr.runtime type=log ver=1.14.4
time="2024-12-31T03:55:44.155763545+01:00" level=info msg="metrics server started on :34777/" app_id=transactions-service instance=random scope=dapr.runtime type=log ver=1.14.4
time="2024-12-31T03:55:44.156186788+01:00" level=info msg="local service entry announced: transactions-service -> 192.168.1.18:35525" app_id=transactions-service component="nr (mdns/v1)" instance=random scope=dapr.contrib type=log ver=1.14.4
time="2024-12-31T03:55:44.156245386+01:00" level=info msg="Initialized name resolution to mdns" app_id=transactions-service instance=random scope=dapr.runtime type=log ver=1.14.4
time="2024-12-31T03:55:44.156337647+01:00" level=info msg="Loading components…" app_id=transactions-service instance=random scope=dapr.runtime type=log ver=1.14.4
time="2024-12-31T03:55:44.168193425+01:00" level=info msg="Component loaded: pubsub (pubsub.redis/v1)" app_id=transactions-service instance=random scope=dapr.runtime.processor type=log ver=1.14.4
time="2024-12-31T03:55:44.168347985+01:00" level=info msg="Waiting for all outstanding components to be processed…" app_id=transactions-service instance=random scope=dapr.runtime type=log ver=1.14.4
time="2024-12-31T03:55:44.178128403+01:00" level=info msg="Using 'statestore' as actor state store" app_id=transactions-service instance=random scope=dapr.runtime.processor.state type=log ver=1.14.4
time="2024-12-31T03:55:44.178235261+01:00" level=info msg="Component loaded: statestore (state.redis/v1)" app_id=transactions-service instance=random scope=dapr.runtime.processor type=log ver=1.14.4
time="2024-12-31T03:55:44.178274792+01:00" level=info msg="All outstanding components processed" app_id=transactions-service instance=random scope=dapr.runtime type=log ver=1.14.4
time="2024-12-31T03:55:44.178330177+01:00" level=info msg="Loading endpoints…" app_id=transactions-service instance=random scope=dapr.runtime type=log ver=1.14.4
time="2024-12-31T03:55:44.178770392+01:00" level=info msg="Waiting for all outstanding http endpoints to be processed…" app_id=transactions-service instance=random scope=dapr.runtime type=log ver=1.14.4
time="2024-12-31T03:55:44.178817955+01:00" level=info msg="All outstanding http endpoints processed" app_id=transactions-service instance=random scope=dapr.runtime type=log ver=1.14.4
time="2024-12-31T03:55:44.178835206+01:00" level=info msg="Loading Declarative Subscriptions…" app_id=transactions-service instance=random scope=dapr.runtime type=log ver=1.14.4
time="2024-12-31T03:55:44.179585101+01:00" level=info msg="gRPC server listening on TCP address: :34487" app_id=transactions-service instance=random scope=dapr.runtime.grpc.api type=log ver=1.14.4
time="2024-12-31T03:55:44.179639997+01:00" level=info msg="Enabled gRPC tracing middleware" app_id=transactions-service instance=random scope=dapr.runtime.grpc.api type=log ver=1.14.4
time="2024-12-31T03:55:44.179654315+01:00" level=info msg="Enabled gRPC metrics middleware" app_id=transactions-service instance=random scope=dapr.runtime.grpc.api type=log ver=1.14.4
time="2024-12-31T03:55:44.179747763+01:00" level=info msg="Registering workflow engine for gRPC endpoint: [::]:34487" app_id=transactions-service instance=random scope=dapr.runtime.grpc.api type=log ver=1.14.4
time="2024-12-31T03:55:44.179796862+01:00" level=info msg="API gRPC server is running on port 34487" app_id=transactions-service instance=random scope=dapr.runtime type=log ver=1.14.4
time="2024-12-31T03:55:44.179839187+01:00" level=warning msg="The default value for 'spec.metric.http.increasedCardinality' will change to 'false' in Dapr 1.15 or later" app_id=transactions-service instance=random scope=dapr.runtime.http type=log ver=1.14.4
time="2024-12-31T03:55:44.179911683+01:00" level=info msg="Enabled max body size HTTP middleware with size 4194304 bytes" app_id=transactions-service instance=random scope=dapr.runtime.http type=log ver=1.14.4
time="2024-12-31T03:55:44.179935918+01:00" level=info msg="Enabled tracing HTTP middleware" app_id=transactions-service instance=random scope=dapr.runtime.http type=log ver=1.14.4
time="2024-12-31T03:55:44.179976077+01:00" level=info msg="Enabled metrics HTTP middleware" app_id=transactions-service instance=random scope=dapr.runtime.http type=log ver=1.14.4
time="2024-12-31T03:55:44.18044409+01:00" level=info msg="HTTP server listening on TCP address: :3530" app_id=transactions-service instance=random scope=dapr.runtime.http type=log ver=1.14.4
time="2024-12-31T03:55:44.180509881+01:00" level=info msg="HTTP server is running on port 3530" app_id=transactions-service instance=random scope=dapr.runtime type=log ver=1.14.4
time="2024-12-31T03:55:44.180526224+01:00" level=info msg="The request body size parameter is: 4194304 bytes" app_id=transactions-service instance=random scope=dapr.runtime type=log ver=1.14.4
time="2024-12-31T03:55:44.180568968+01:00" level=info msg="gRPC server listening on TCP address: :35525" app_id=transactions-service instance=random scope=dapr.runtime.grpc.internal type=log ver=1.14.4
time="2024-12-31T03:55:44.180591806+01:00" level=info msg="Enabled gRPC tracing middleware" app_id=transactions-service instance=random scope=dapr.runtime.grpc.internal type=log ver=1.14.4
time="2024-12-31T03:55:44.180604936+01:00" level=info msg="Enabled gRPC metrics middleware" app_id=transactions-service instance=random scope=dapr.runtime.grpc.internal type=log ver=1.14.4
time="2024-12-31T03:55:44.180662207+01:00" level=info msg="Internal gRPC server is running on :35525" app_id=transactions-service instance=random scope=dapr.runtime type=log ver=1.14.4
time="2024-12-31T03:55:44.180745179+01:00" level=info msg="application protocol: http. waiting on port 8000.  This will block until the app is listening on that port." app_id=transactions-service instance=random scope=dapr.runtime type=log ver=1.14.4
Updating metadata for app command: uvicorn main:app --reload --log-level debug
Updating metadata for appPID: 962363
You're up and running! Dapr logs will appear here.

time="2024-12-31T03:55:46.607677723+01:00" level=info msg="application discovered on port 8000" app_id=transactions-service instance=random scope=dapr.runtime type=log ver=1.14.4
time="2024-12-31T03:55:46.611298481+01:00" level=info msg="Application configuration loaded" app_id=transactions-service instance=random scope=dapr.runtime type=log ver=1.14.4
time="2024-12-31T03:55:46.611499905+01:00" level=info msg="Configuring actors placement provider 'placement'. Configuration: 'placement:localhost:50005'" app_id=transactions-service instance=random scope=dapr.runtime.actor type=log ver=1.14.4
time="2024-12-31T03:55:46.611708314+01:00" level=info msg="Configuring actor reminders provider 'default'. Configuration: ''" app_id=transactions-service instance=random scope=dapr.runtime.actor type=log ver=1.14.4
time="2024-12-31T03:55:46.611839757+01:00" level=info msg="Actor runtime started. Idle timeout: 1h0m0s" app_id=transactions-service instance=random scope=dapr.runtime.actor type=log ver=1.14.4
time="2024-12-31T03:55:46.611923289+01:00" level=info msg="Configuring workflow engine with actors backend" app_id=transactions-service instance=random scope=dapr.runtime type=log ver=1.14.4
time="2024-12-31T03:55:46.612007728+01:00" level=info msg="Registering component for dapr workflow engine..." app_id=transactions-service instance=random scope=dapr.runtime type=log ver=1.14.4
time="2024-12-31T03:55:46.612106066+01:00" level=info msg="Initializing Dapr workflow component" app_id=transactions-service component="dapr (workflow.dapr/v1)" instance=random scope=dapr.contrib type=log ver=1.14.4
time="2024-12-31T03:55:46.612209502+01:00" level=info msg="Workflow engine initialized." app_id=transactions-service instance=random scope=dapr.runtime type=log ver=1.14.4
time="2024-12-31T03:55:46.632617313+01:00" level=info msg="Placement tables updated, version: 0" app_id=transactions-service instance=random scope=dapr.runtime.actors.placement type=log ver=1.14.4
time="2024-12-31T03:55:46.635315106+01:00" level=info msg="dapr initialized. Status: Running. Init Elapsed 2479ms" app_id=transactions-service instance=random scope=dapr.runtime type=log ver=1.14.4
time="2024-12-31T03:56:31.921723379+01:00" level=info msg="Received signal 'interrupt'; beginning shutdown" app_id=transactions-service instance=random scope=dapr.signals type=log ver=1.14.4
time="2024-12-31T03:56:31.92220124+01:00" level=info msg="Dapr is shutting down" app_id=transactions-service instance=random scope=dapr.runtime type=log ver=1.14.4
time="2024-12-31T03:56:31.922326606+01:00" level=info msg="Shutting down component statestore (state.redis/v1)" app_id=transactions-service instance=random scope=dapr.runtime type=log ver=1.14.4
time="2024-12-31T03:56:31.922722122+01:00" level=info msg="stopping mDNS server for app id: transactions-service" app_id=transactions-service component="nr (mdns/v1)" instance=random scope=dapr.contrib type=log ver=1.14.4
time="2024-12-31T03:56:31.922490805+01:00" level=info msg="Shutting down workflow engine" app_id=transactions-service instance=random scope=dapr.runtime type=log ver=1.14.4
time="2024-12-31T03:56:31.922976907+01:00" level=info msg="Shutting down component pubsub (pubsub.redis/v1)" app_id=transactions-service instance=random scope=dapr.runtime type=log ver=1.14.4
time="2024-12-31T03:56:31.922506939+01:00" level=info msg="Shutting down actor" app_id=transactions-service instance=random scope=dapr.runtime type=log ver=1.14.4
time="2024-12-31T03:56:31.922867185+01:00" level=info msg="Closing HTTP server [::]:3530…" app_id=transactions-service instance=random scope=dapr.runtime.http type=log ver=1.14.4
time="2024-12-31T03:56:31.924415725+01:00" level=info msg="Dapr runtime stopped" app_id=transactions-service instance=random scope=dapr.runtime type=log ver=1.14.4
time="2024-12-31T03:56:31.924718212+01:00" level=info msg="Daprd shutdown gracefully" app_id=transactions-service instance=random scope=dapr.runtime type=log ver=1.14.4

termination signal received: shutting down
Exited Dapr successfully
Exited App successfully
