Starting Dapr with id transaction-service. HTTP Port: 3501. gRPC Port: 39263
Updating metadata for cliPID: 249442
Flag --dapr-http-max-request-size has been deprecated, use '--max-body-size 4Mi'
Flag --dapr-http-read-buffer-size has been deprecated, use '--read-buffer-size 4Ki'
time="2024-12-30T17:03:14.082185865+01:00" level=info msg="Starting Dapr Runtime -- version 1.14.4 -- commit 583960dc90120616124b60ad2b7820fc0b3edf44" app_id=transaction-service instance=random scope=dapr.runtime type=log ver=1.14.4
time="2024-12-30T17:03:14.082225396+01:00" level=info msg="Log level set to: info" app_id=transaction-service instance=random scope=dapr.runtime type=log ver=1.14.4
time="2024-12-30T17:03:14.082445399+01:00" level=warning msg="mTLS is disabled. Skipping certificate request and tls validation" app_id=transaction-service instance=random scope=dapr.runtime.security type=log ver=1.14.4
time="2024-12-30T17:03:14.083012728+01:00" level=info msg="metric spec: {0xc001897547 <nil> <nil> []}" app_id=transaction-service instance=random scope=dapr.runtime.diagnostics type=log ver=1.14.4
time="2024-12-30T17:03:14.08310478+01:00" level=info msg="Using default latency distribution buckets: [1 2 3 4 5 6 8 10 13 16 20 25 30 40 50 65 80 100 130 160 200 250 300 400 500 650 800 1000 2000 5000 10000 20000 50000 100000]" app_id=transaction-service instance=random scope=dapr.runtime.diagnostics type=log ver=1.14.4
time="2024-12-30T17:03:14.083513287+01:00" level=warning msg="The default value for 'spec.metric.http.increasedCardinality' will change to 'false' in Dapr 1.15 or later" app_id=transaction-service instance=random scope=dapr.runtime.diagnostics type=log ver=1.14.4
time="2024-12-30T17:03:14.085767796+01:00" level=info msg="standalone mode configured" app_id=transaction-service instance=random scope=dapr.runtime type=log ver=1.14.4
time="2024-12-30T17:03:14.085867251+01:00" level=info msg="app id: transaction-service" app_id=transaction-service instance=random scope=dapr.runtime type=log ver=1.14.4
time="2024-12-30T17:03:14.085995063+01:00" level=info msg="Dapr trace sampler initialized: ParentBased{root:AlwaysOnSampler,remoteParentSampled:AlwaysOnSampler,remoteParentNotSampled:AlwaysOffSampler,localParentSampled:AlwaysOnSampler,localParentNotSampled:AlwaysOffSampler}" app_id=transaction-service instance=random scope=dapr.runtime type=log ver=1.14.4
time="2024-12-30T17:03:14.085996949+01:00" level=info msg="metrics server started on :43493/" app_id=transaction-service instance=random scope=dapr.runtime type=log ver=1.14.4
time="2024-12-30T17:03:14.086598919+01:00" level=info msg="local service entry announced: transaction-service -> 192.168.1.18:46759" app_id=transaction-service component="nr (mdns/v1)" instance=random scope=dapr.contrib type=log ver=1.14.4
time="2024-12-30T17:03:14.086650323+01:00" level=info msg="Initialized name resolution to mdns" app_id=transaction-service instance=random scope=dapr.runtime type=log ver=1.14.4
time="2024-12-30T17:03:14.086792522+01:00" level=info msg="Loading components…" app_id=transaction-service instance=random scope=dapr.runtime type=log ver=1.14.4
time="2024-12-30T17:03:14.097765442+01:00" level=info msg="Component loaded: pubsub (pubsub.redis/v1)" app_id=transaction-service instance=random scope=dapr.runtime.processor type=log ver=1.14.4
time="2024-12-30T17:03:14.097963654+01:00" level=info msg="Waiting for all outstanding components to be processed…" app_id=transaction-service instance=random scope=dapr.runtime type=log ver=1.14.4
time="2024-12-30T17:03:14.112248006+01:00" level=info msg="Using 'statestore' as actor state store" app_id=transaction-service instance=random scope=dapr.runtime.processor.state type=log ver=1.14.4
time="2024-12-30T17:03:14.112372465+01:00" level=info msg="Component loaded: statestore (state.redis/v1)" app_id=transaction-service instance=random scope=dapr.runtime.processor type=log ver=1.14.4
time="2024-12-30T17:03:14.112416745+01:00" level=info msg="All outstanding components processed" app_id=transaction-service instance=random scope=dapr.runtime type=log ver=1.14.4
time="2024-12-30T17:03:14.112484352+01:00" level=info msg="Loading endpoints…" app_id=transaction-service instance=random scope=dapr.runtime type=log ver=1.14.4
time="2024-12-30T17:03:14.112996016+01:00" level=info msg="Waiting for all outstanding http endpoints to be processed…" app_id=transaction-service instance=random scope=dapr.runtime type=log ver=1.14.4
time="2024-12-30T17:03:14.113053566+01:00" level=info msg="All outstanding http endpoints processed" app_id=transaction-service instance=random scope=dapr.runtime type=log ver=1.14.4
time="2024-12-30T17:03:14.11307836+01:00" level=info msg="Loading Declarative Subscriptions…" app_id=transaction-service instance=random scope=dapr.runtime type=log ver=1.14.4
time="2024-12-30T17:03:14.114469409+01:00" level=info msg="gRPC server listening on TCP address: :39263" app_id=transaction-service instance=random scope=dapr.runtime.grpc.api type=log ver=1.14.4
time="2024-12-30T17:03:14.11454428+01:00" level=info msg="Enabled gRPC tracing middleware" app_id=transaction-service instance=random scope=dapr.runtime.grpc.api type=log ver=1.14.4
time="2024-12-30T17:03:14.114572007+01:00" level=info msg="Enabled gRPC metrics middleware" app_id=transaction-service instance=random scope=dapr.runtime.grpc.api type=log ver=1.14.4
time="2024-12-30T17:03:14.114703031+01:00" level=info msg="Registering workflow engine for gRPC endpoint: [::]:39263" app_id=transaction-service instance=random scope=dapr.runtime.grpc.api type=log ver=1.14.4
time="2024-12-30T17:03:14.1148145+01:00" level=info msg="API gRPC server is running on port 39263" app_id=transaction-service instance=random scope=dapr.runtime type=log ver=1.14.4
time="2024-12-30T17:03:14.114879383+01:00" level=warning msg="The default value for 'spec.metric.http.increasedCardinality' will change to 'false' in Dapr 1.15 or later" app_id=transaction-service instance=random scope=dapr.runtime.http type=log ver=1.14.4
time="2024-12-30T17:03:14.114979188+01:00" level=info msg="Enabled max body size HTTP middleware with size 4194304 bytes" app_id=transaction-service instance=random scope=dapr.runtime.http type=log ver=1.14.4
time="2024-12-30T17:03:14.115009709+01:00" level=info msg="Enabled tracing HTTP middleware" app_id=transaction-service instance=random scope=dapr.runtime.http type=log ver=1.14.4
time="2024-12-30T17:03:14.115033385+01:00" level=info msg="Enabled metrics HTTP middleware" app_id=transaction-service instance=random scope=dapr.runtime.http type=log ver=1.14.4
time="2024-12-30T17:03:14.115687598+01:00" level=info msg="HTTP server listening on TCP address: :3501" app_id=transaction-service instance=random scope=dapr.runtime.http type=log ver=1.14.4
time="2024-12-30T17:03:14.115809752+01:00" level=info msg="HTTP server is running on port 3501" app_id=transaction-service instance=random scope=dapr.runtime type=log ver=1.14.4
time="2024-12-30T17:03:14.115839784+01:00" level=info msg="The request body size parameter is: 4194304 bytes" app_id=transaction-service instance=random scope=dapr.runtime type=log ver=1.14.4
time="2024-12-30T17:03:14.115928205+01:00" level=info msg="gRPC server listening on TCP address: :46759" app_id=transaction-service instance=random scope=dapr.runtime.grpc.internal type=log ver=1.14.4
time="2024-12-30T17:03:14.115977862+01:00" level=info msg="Enabled gRPC tracing middleware" app_id=transaction-service instance=random scope=dapr.runtime.grpc.internal type=log ver=1.14.4
time="2024-12-30T17:03:14.116002726+01:00" level=info msg="Enabled gRPC metrics middleware" app_id=transaction-service instance=random scope=dapr.runtime.grpc.internal type=log ver=1.14.4
time="2024-12-30T17:03:14.116097153+01:00" level=info msg="Internal gRPC server is running on :46759" app_id=transaction-service instance=random scope=dapr.runtime type=log ver=1.14.4
time="2024-12-30T17:03:14.116235022+01:00" level=info msg="application protocol: http. waiting on port 8000.  This will block until the app is listening on that port." app_id=transaction-service instance=random scope=dapr.runtime type=log ver=1.14.4
Updating metadata for app command: uvicorn main:app --reload --log-level debug
Updating metadata for appPID: 249594
You're up and running! Dapr logs will appear here.

time="2024-12-30T17:03:16.65030991+01:00" level=info msg="application discovered on port 8000" app_id=transaction-service instance=random scope=dapr.runtime type=log ver=1.14.4
time="2024-12-30T17:03:16.653202497+01:00" level=info msg="Application configuration loaded" app_id=transaction-service instance=random scope=dapr.runtime type=log ver=1.14.4
time="2024-12-30T17:03:16.653333521+01:00" level=info msg="Configuring actors placement provider 'placement'. Configuration: 'placement:localhost:50005'" app_id=transaction-service instance=random scope=dapr.runtime.actor type=log ver=1.14.4
time="2024-12-30T17:03:16.653407484+01:00" level=info msg="Configuring actor reminders provider 'default'. Configuration: ''" app_id=transaction-service instance=random scope=dapr.runtime.actor type=log ver=1.14.4
time="2024-12-30T17:03:16.653501213+01:00" level=info msg="Actor runtime started. Idle timeout: 1h0m0s" app_id=transaction-service instance=random scope=dapr.runtime.actor type=log ver=1.14.4
time="2024-12-30T17:03:16.653556178+01:00" level=info msg="Configuring workflow engine with actors backend" app_id=transaction-service instance=random scope=dapr.runtime type=log ver=1.14.4
time="2024-12-30T17:03:16.653593754+01:00" level=info msg="Registering component for dapr workflow engine..." app_id=transaction-service instance=random scope=dapr.runtime type=log ver=1.14.4
time="2024-12-30T17:03:16.653645856+01:00" level=info msg="Initializing Dapr workflow component" app_id=transaction-service component="dapr (workflow.dapr/v1)" instance=random scope=dapr.contrib type=log ver=1.14.4
time="2024-12-30T17:03:16.65380335+01:00" level=info msg="Workflow engine initialized." app_id=transaction-service instance=random scope=dapr.runtime type=log ver=1.14.4
time="2024-12-30T17:03:16.65594206+01:00" level=info msg="dapr initialized. Status: Running. Init Elapsed 2570ms" app_id=transaction-service instance=random scope=dapr.runtime type=log ver=1.14.4
time="2024-12-30T17:03:16.674231517+01:00" level=info msg="Placement tables updated, version: 0" app_id=transaction-service instance=random scope=dapr.runtime.actors.placement type=log ver=1.14.4
time="2024-12-30T17:04:33.009198125+01:00" level=info msg="Received signal 'interrupt'; beginning shutdown" app_id=transaction-service instance=random scope=dapr.signals type=log ver=1.14.4
time="2024-12-30T17:04:33.009891659+01:00" level=info msg="Dapr is shutting down" app_id=transaction-service instance=random scope=dapr.runtime type=log ver=1.14.4
time="2024-12-30T17:04:33.010025058+01:00" level=info msg="Shutting down component statestore (state.redis/v1)" app_id=transaction-service instance=random scope=dapr.runtime type=log ver=1.14.4
time="2024-12-30T17:04:33.010071433+01:00" level=info msg="Closing HTTP server [::]:3501…" app_id=transaction-service instance=random scope=dapr.runtime.http type=log ver=1.14.4
time="2024-12-30T17:04:33.010182971+01:00" level=info msg="Shutting down workflow engine" app_id=transaction-service instance=random scope=dapr.runtime type=log ver=1.14.4
time="2024-12-30T17:04:33.010296116+01:00" level=info msg="Shutting down actor" app_id=transaction-service instance=random scope=dapr.runtime type=log ver=1.14.4
time="2024-12-30T17:04:33.010521357+01:00" level=info msg="Shutting down component pubsub (pubsub.redis/v1)" app_id=transaction-service instance=random scope=dapr.runtime type=log ver=1.14.4
time="2024-12-30T17:04:33.010619974+01:00" level=info msg="stopping mDNS server for app id: transaction-service" app_id=transaction-service component="nr (mdns/v1)" instance=random scope=dapr.contrib type=log ver=1.14.4
time="2024-12-30T17:04:33.01072809+01:00" level=info msg="Dapr runtime stopped" app_id=transaction-service instance=random scope=dapr.runtime type=log ver=1.14.4
time="2024-12-30T17:04:33.011865053+01:00" level=info msg="Daprd shutdown gracefully" app_id=transaction-service instance=random scope=dapr.runtime type=log ver=1.14.4

termination signal received: shutting down
Exited Dapr successfully
Exited App successfully
