Starting Dapr with id transactions-service. HTTP Port: 3530. gRPC Port: 36095
Updating metadata for cliPID: 471996
Flag --dapr-http-max-request-size has been deprecated, use '--max-body-size 4Mi'
Flag --dapr-http-read-buffer-size has been deprecated, use '--read-buffer-size 4Ki'
time="2025-01-02T23:59:23.840825282+01:00" level=info msg="Starting Dapr Runtime -- version 1.14.4 -- commit 583960dc90120616124b60ad2b7820fc0b3edf44" app_id=transactions-service instance=random scope=dapr.runtime type=log ver=1.14.4
time="2025-01-02T23:59:23.840870237+01:00" level=info msg="Log level set to: info" app_id=transactions-service instance=random scope=dapr.runtime type=log ver=1.14.4
time="2025-01-02T23:59:23.841112064+01:00" level=warning msg="mTLS is disabled. Skipping certificate request and tls validation" app_id=transactions-service instance=random scope=dapr.runtime.security type=log ver=1.14.4
time="2025-01-02T23:59:23.841732806+01:00" level=info msg="metric spec: {0xc0014a0517 <nil> <nil> []}" app_id=transactions-service instance=random scope=dapr.runtime.diagnostics type=log ver=1.14.4
time="2025-01-02T23:59:23.841817966+01:00" level=info msg="Using default latency distribution buckets: [1 2 3 4 5 6 8 10 13 16 20 25 30 40 50 65 80 100 130 160 200 250 300 400 500 650 800 1000 2000 5000 10000 20000 50000 100000]" app_id=transactions-service instance=random scope=dapr.runtime.diagnostics type=log ver=1.14.4
time="2025-01-02T23:59:23.842017974+01:00" level=warning msg="The default value for 'spec.metric.http.increasedCardinality' will change to 'false' in Dapr 1.15 or later" app_id=transactions-service instance=random scope=dapr.runtime.diagnostics type=log ver=1.14.4
time="2025-01-02T23:59:23.843017892+01:00" level=info msg="standalone mode configured" app_id=transactions-service instance=random scope=dapr.runtime type=log ver=1.14.4
time="2025-01-02T23:59:23.843106058+01:00" level=info msg="app id: transactions-service" app_id=transactions-service instance=random scope=dapr.runtime type=log ver=1.14.4
time="2025-01-02T23:59:23.843225944+01:00" level=info msg="Dapr trace sampler initialized: ParentBased{root:AlwaysOnSampler,remoteParentSampled:AlwaysOnSampler,remoteParentNotSampled:AlwaysOffSampler,localParentSampled:AlwaysOnSampler,localParentNotSampled:AlwaysOffSampler}" app_id=transactions-service instance=random scope=dapr.runtime type=log ver=1.14.4
time="2025-01-02T23:59:23.843300435+01:00" level=info msg="metrics server started on :41689/" app_id=transactions-service instance=random scope=dapr.runtime type=log ver=1.14.4
time="2025-01-02T23:59:23.843773628+01:00" level=info msg="local service entry announced: transactions-service -> 192.168.1.18:34079" app_id=transactions-service component="nr (mdns/v1)" instance=random scope=dapr.contrib type=log ver=1.14.4
time="2025-01-02T23:59:23.843929553+01:00" level=info msg="Initialized name resolution to mdns" app_id=transactions-service instance=random scope=dapr.runtime type=log ver=1.14.4
time="2025-01-02T23:59:23.844047986+01:00" level=info msg="Loading components…" app_id=transactions-service instance=random scope=dapr.runtime type=log ver=1.14.4
time="2025-01-02T23:59:23.857365657+01:00" level=info msg="Using 'statestore' as actor state store" app_id=transactions-service instance=random scope=dapr.runtime.processor.state type=log ver=1.14.4
time="2025-01-02T23:59:23.857470445+01:00" level=info msg="Component loaded: statestore (state.redis/v1)" app_id=transactions-service instance=random scope=dapr.runtime.processor type=log ver=1.14.4
time="2025-01-02T23:59:23.857637681+01:00" level=info msg="successful init for output binding (twilio-binding (bindings.twilio.sms/v1))" app_id=transactions-service instance=random scope=dapr.runtime.processor.binding type=log ver=1.14.4
time="2025-01-02T23:59:23.857693657+01:00" level=info msg="Component loaded: twilio-binding (bindings.twilio.sms/v1)" app_id=transactions-service instance=random scope=dapr.runtime.processor type=log ver=1.14.4
time="2025-01-02T23:59:23.857640336+01:00" level=info msg="Waiting for all outstanding components to be processed…" app_id=transactions-service instance=random scope=dapr.runtime type=log ver=1.14.4
time="2025-01-02T23:59:23.857770532+01:00" level=info msg="All outstanding components processed" app_id=transactions-service instance=random scope=dapr.runtime type=log ver=1.14.4
time="2025-01-02T23:59:23.85780681+01:00" level=info msg="Loading endpoints…" app_id=transactions-service instance=random scope=dapr.runtime type=log ver=1.14.4
time="2025-01-02T23:59:23.858349655+01:00" level=info msg="Waiting for all outstanding http endpoints to be processed…" app_id=transactions-service instance=random scope=dapr.runtime type=log ver=1.14.4
time="2025-01-02T23:59:23.85838963+01:00" level=info msg="All outstanding http endpoints processed" app_id=transactions-service instance=random scope=dapr.runtime type=log ver=1.14.4
time="2025-01-02T23:59:23.858405711+01:00" level=info msg="Loading Declarative Subscriptions…" app_id=transactions-service instance=random scope=dapr.runtime type=log ver=1.14.4
time="2025-01-02T23:59:23.859609042+01:00" level=info msg="Found Subscription: updateaccount-subscription" app_id=transactions-service instance=random scope=dapr.runtime type=log ver=1.14.4
time="2025-01-02T23:59:23.859784383+01:00" level=info msg="gRPC server listening on TCP address: :36095" app_id=transactions-service instance=random scope=dapr.runtime.grpc.api type=log ver=1.14.4
time="2025-01-02T23:59:23.859817666+01:00" level=info msg="Enabled gRPC tracing middleware" app_id=transactions-service instance=random scope=dapr.runtime.grpc.api type=log ver=1.14.4
time="2025-01-02T23:59:23.859829869+01:00" level=info msg="Enabled gRPC metrics middleware" app_id=transactions-service instance=random scope=dapr.runtime.grpc.api type=log ver=1.14.4
time="2025-01-02T23:59:23.859934096+01:00" level=info msg="Registering workflow engine for gRPC endpoint: [::]:36095" app_id=transactions-service instance=random scope=dapr.runtime.grpc.api type=log ver=1.14.4
time="2025-01-02T23:59:23.85998412+01:00" level=info msg="API gRPC server is running on port 36095" app_id=transactions-service instance=random scope=dapr.runtime type=log ver=1.14.4
time="2025-01-02T23:59:23.860021982+01:00" level=warning msg="The default value for 'spec.metric.http.increasedCardinality' will change to 'false' in Dapr 1.15 or later" app_id=transactions-service instance=random scope=dapr.runtime.http type=log ver=1.14.4
time="2025-01-02T23:59:23.860101021+01:00" level=info msg="Enabled max body size HTTP middleware with size 4194304 bytes" app_id=transactions-service instance=random scope=dapr.runtime.http type=log ver=1.14.4
time="2025-01-02T23:59:23.860117733+01:00" level=info msg="Enabled tracing HTTP middleware" app_id=transactions-service instance=random scope=dapr.runtime.http type=log ver=1.14.4
time="2025-01-02T23:59:23.860129034+01:00" level=info msg="Enabled metrics HTTP middleware" app_id=transactions-service instance=random scope=dapr.runtime.http type=log ver=1.14.4
time="2025-01-02T23:59:23.860525012+01:00" level=info msg="HTTP server listening on TCP address: :3530" app_id=transactions-service instance=random scope=dapr.runtime.http type=log ver=1.14.4
time="2025-01-02T23:59:23.860591988+01:00" level=info msg="HTTP server is running on port 3530" app_id=transactions-service instance=random scope=dapr.runtime type=log ver=1.14.4
time="2025-01-02T23:59:23.86060913+01:00" level=info msg="The request body size parameter is: 4194304 bytes" app_id=transactions-service instance=random scope=dapr.runtime type=log ver=1.14.4
time="2025-01-02T23:59:23.860688661+01:00" level=info msg="gRPC server listening on TCP address: :34079" app_id=transactions-service instance=random scope=dapr.runtime.grpc.internal type=log ver=1.14.4
time="2025-01-02T23:59:23.860726372+01:00" level=info msg="Enabled gRPC tracing middleware" app_id=transactions-service instance=random scope=dapr.runtime.grpc.internal type=log ver=1.14.4
time="2025-01-02T23:59:23.860737563+01:00" level=info msg="Enabled gRPC metrics middleware" app_id=transactions-service instance=random scope=dapr.runtime.grpc.internal type=log ver=1.14.4
time="2025-01-02T23:59:23.860806743+01:00" level=info msg="Internal gRPC server is running on :34079" app_id=transactions-service instance=random scope=dapr.runtime type=log ver=1.14.4
time="2025-01-02T23:59:23.86088427+01:00" level=info msg="application protocol: http. waiting on port 8000.  This will block until the app is listening on that port." app_id=transactions-service instance=random scope=dapr.runtime type=log ver=1.14.4
Updating metadata for app command: uvicorn main:app --reload --log-level debug
Updating metadata for appPID: 472158
You're up and running! Dapr logs will appear here.

time="2025-01-02T23:59:26.084976629+01:00" level=info msg="application discovered on port 8000" app_id=transactions-service instance=random scope=dapr.runtime type=log ver=1.14.4
time="2025-01-02T23:59:26.086934224+01:00" level=info msg="Application configuration loaded" app_id=transactions-service instance=random scope=dapr.runtime type=log ver=1.14.4
time="2025-01-02T23:59:26.08706411+01:00" level=info msg="Configuring actors placement provider 'placement'. Configuration: 'placement:localhost:50005'" app_id=transactions-service instance=random scope=dapr.runtime.actor type=log ver=1.14.4
time="2025-01-02T23:59:26.087103754+01:00" level=info msg="Configuring actor reminders provider 'default'. Configuration: ''" app_id=transactions-service instance=random scope=dapr.runtime.actor type=log ver=1.14.4
time="2025-01-02T23:59:26.087155352+01:00" level=info msg="Actor runtime started. Idle timeout: 1h0m0s" app_id=transactions-service instance=random scope=dapr.runtime.actor type=log ver=1.14.4
time="2025-01-02T23:59:26.087177083+01:00" level=info msg="Configuring workflow engine with actors backend" app_id=transactions-service instance=random scope=dapr.runtime type=log ver=1.14.4
time="2025-01-02T23:59:26.087194656+01:00" level=info msg="Registering component for dapr workflow engine..." app_id=transactions-service instance=random scope=dapr.runtime type=log ver=1.14.4
time="2025-01-02T23:59:26.087224011+01:00" level=info msg="Initializing Dapr workflow component" app_id=transactions-service component="dapr (workflow.dapr/v1)" instance=random scope=dapr.contrib type=log ver=1.14.4
time="2025-01-02T23:59:26.087259939+01:00" level=info msg="Workflow engine initialized." app_id=transactions-service instance=random scope=dapr.runtime type=log ver=1.14.4
time="2025-01-02T23:59:26.087286319+01:00" level=info msg="dapr initialized. Status: Running. Init Elapsed 2244ms" app_id=transactions-service instance=random scope=dapr.runtime type=log ver=1.14.4
time="2025-01-02T23:59:26.105889017+01:00" level=info msg="Placement tables updated, version: 0" app_id=transactions-service instance=random scope=dapr.runtime.actors.placement type=log ver=1.14.4
time="2025-01-03T00:00:59.794913781+01:00" level=info msg="Received signal 'interrupt'; beginning shutdown" app_id=transactions-service instance=random scope=dapr.signals type=log ver=1.14.4
time="2025-01-03T00:00:59.795482014+01:00" level=info msg="Dapr is shutting down" app_id=transactions-service instance=random scope=dapr.runtime type=log ver=1.14.4
time="2025-01-03T00:00:59.795600698+01:00" level=info msg="Shutting down component twilio-binding (bindings.twilio.sms/v1)" app_id=transactions-service instance=random scope=dapr.runtime type=log ver=1.14.4
time="2025-01-03T00:00:59.795714914+01:00" level=info msg="Shutting down workflow engine" app_id=transactions-service instance=random scope=dapr.runtime type=log ver=1.14.4
time="2025-01-03T00:00:59.795820132+01:00" level=info msg="Shutting down actor" app_id=transactions-service instance=random scope=dapr.runtime type=log ver=1.14.4
time="2025-01-03T00:00:59.79615768+01:00" level=info msg="Closing HTTP server [::]:3530…" app_id=transactions-service instance=random scope=dapr.runtime.http type=log ver=1.14.4
time="2025-01-03T00:00:59.796324204+01:00" level=info msg="Shutting down component statestore (state.redis/v1)" app_id=transactions-service instance=random scope=dapr.runtime type=log ver=1.14.4
time="2025-01-03T00:00:59.796420025+01:00" level=info msg="Dapr runtime stopped" app_id=transactions-service instance=random scope=dapr.runtime type=log ver=1.14.4
time="2025-01-03T00:00:59.796397332+01:00" level=info msg="stopping mDNS server for app id: transactions-service" app_id=transactions-service component="nr (mdns/v1)" instance=random scope=dapr.contrib type=log ver=1.14.4

termination signal received: shutting down
Exited Dapr successfully
Exited App successfully
