Starting Dapr with id transactions-service. HTTP Port: 3530. gRPC Port: 40861
Updating metadata for cliPID: 1292157
Flag --dapr-http-max-request-size has been deprecated, use '--max-body-size 4Mi'
Flag --dapr-http-read-buffer-size has been deprecated, use '--read-buffer-size 4Ki'
time="2024-12-31T17:28:39.340770604+01:00" level=info msg="Starting Dapr Runtime -- version 1.14.4 -- commit 583960dc90120616124b60ad2b7820fc0b3edf44" app_id=transactions-service instance=random scope=dapr.runtime type=log ver=1.14.4
time="2024-12-31T17:28:39.340839887+01:00" level=info msg="Log level set to: info" app_id=transactions-service instance=random scope=dapr.runtime type=log ver=1.14.4
time="2024-12-31T17:28:39.341167936+01:00" level=warning msg="mTLS is disabled. Skipping certificate request and tls validation" app_id=transactions-service instance=random scope=dapr.runtime.security type=log ver=1.14.4
time="2024-12-31T17:28:39.342088596+01:00" level=info msg="metric spec: {0xc001406047 <nil> <nil> []}" app_id=transactions-service instance=random scope=dapr.runtime.diagnostics type=log ver=1.14.4
time="2024-12-31T17:28:39.342249163+01:00" level=info msg="Using default latency distribution buckets: [1 2 3 4 5 6 8 10 13 16 20 25 30 40 50 65 80 100 130 160 200 250 300 400 500 650 800 1000 2000 5000 10000 20000 50000 100000]" app_id=transactions-service instance=random scope=dapr.runtime.diagnostics type=log ver=1.14.4
time="2024-12-31T17:28:39.342701462+01:00" level=warning msg="The default value for 'spec.metric.http.increasedCardinality' will change to 'false' in Dapr 1.15 or later" app_id=transactions-service instance=random scope=dapr.runtime.diagnostics type=log ver=1.14.4
time="2024-12-31T17:28:39.344901282+01:00" level=info msg="standalone mode configured" app_id=transactions-service instance=random scope=dapr.runtime type=log ver=1.14.4
time="2024-12-31T17:28:39.345023086+01:00" level=info msg="app id: transactions-service" app_id=transactions-service instance=random scope=dapr.runtime type=log ver=1.14.4
time="2024-12-31T17:28:39.344984813+01:00" level=info msg="metrics server started on :40653/" app_id=transactions-service instance=random scope=dapr.runtime type=log ver=1.14.4
time="2024-12-31T17:28:39.34552176+01:00" level=info msg="Dapr trace sampler initialized: ParentBased{root:AlwaysOnSampler,remoteParentSampled:AlwaysOnSampler,remoteParentNotSampled:AlwaysOffSampler,localParentSampled:AlwaysOnSampler,localParentNotSampled:AlwaysOffSampler}" app_id=transactions-service instance=random scope=dapr.runtime type=log ver=1.14.4
time="2024-12-31T17:28:39.346374533+01:00" level=info msg="local service entry announced: transactions-service -> 192.168.1.18:46797" app_id=transactions-service component="nr (mdns/v1)" instance=random scope=dapr.contrib type=log ver=1.14.4
time="2024-12-31T17:28:39.346466585+01:00" level=info msg="Initialized name resolution to mdns" app_id=transactions-service instance=random scope=dapr.runtime type=log ver=1.14.4
time="2024-12-31T17:28:39.349048652+01:00" level=info msg="Loading components…" app_id=transactions-service instance=random scope=dapr.runtime type=log ver=1.14.4
time="2024-12-31T17:28:39.396810594+01:00" level=info msg="Component loaded: pubsub (pubsub.redis/v1)" app_id=transactions-service instance=random scope=dapr.runtime.processor type=log ver=1.14.4
time="2024-12-31T17:28:39.397742499+01:00" level=info msg="Waiting for all outstanding components to be processed…" app_id=transactions-service instance=random scope=dapr.runtime type=log ver=1.14.4
time="2024-12-31T17:28:39.482210224+01:00" level=info msg="Using 'statestore' as actor state store" app_id=transactions-service instance=random scope=dapr.runtime.processor.state type=log ver=1.14.4
time="2024-12-31T17:28:39.482359756+01:00" level=info msg="Component loaded: statestore (state.redis/v1)" app_id=transactions-service instance=random scope=dapr.runtime.processor type=log ver=1.14.4
time="2024-12-31T17:28:39.482418353+01:00" level=info msg="All outstanding components processed" app_id=transactions-service instance=random scope=dapr.runtime type=log ver=1.14.4
time="2024-12-31T17:28:39.482484703+01:00" level=info msg="Loading endpoints…" app_id=transactions-service instance=random scope=dapr.runtime type=log ver=1.14.4
time="2024-12-31T17:28:39.485020115+01:00" level=info msg="Waiting for all outstanding http endpoints to be processed…" app_id=transactions-service instance=random scope=dapr.runtime type=log ver=1.14.4
time="2024-12-31T17:28:39.485143736+01:00" level=info msg="All outstanding http endpoints processed" app_id=transactions-service instance=random scope=dapr.runtime type=log ver=1.14.4
time="2024-12-31T17:28:39.48517279+01:00" level=info msg="Loading Declarative Subscriptions…" app_id=transactions-service instance=random scope=dapr.runtime type=log ver=1.14.4
time="2024-12-31T17:28:39.488560696+01:00" level=info msg="Found Subscription: updateaccount-subscription" app_id=transactions-service instance=random scope=dapr.runtime type=log ver=1.14.4
time="2024-12-31T17:28:39.488782515+01:00" level=info msg="gRPC server listening on TCP address: :40861" app_id=transactions-service instance=random scope=dapr.runtime.grpc.api type=log ver=1.14.4
time="2024-12-31T17:28:39.488826516+01:00" level=info msg="Enabled gRPC tracing middleware" app_id=transactions-service instance=random scope=dapr.runtime.grpc.api type=log ver=1.14.4
time="2024-12-31T17:28:39.488849354+01:00" level=info msg="Enabled gRPC metrics middleware" app_id=transactions-service instance=random scope=dapr.runtime.grpc.api type=log ver=1.14.4
time="2024-12-31T17:28:39.488994207+01:00" level=info msg="Registering workflow engine for gRPC endpoint: [::]:40861" app_id=transactions-service instance=random scope=dapr.runtime.grpc.api type=log ver=1.14.4
time="2024-12-31T17:28:39.489101903+01:00" level=info msg="API gRPC server is running on port 40861" app_id=transactions-service instance=random scope=dapr.runtime type=log ver=1.14.4
time="2024-12-31T17:28:39.489189346+01:00" level=warning msg="The default value for 'spec.metric.http.increasedCardinality' will change to 'false' in Dapr 1.15 or later" app_id=transactions-service instance=random scope=dapr.runtime.http type=log ver=1.14.4
time="2024-12-31T17:28:39.48932044+01:00" level=info msg="Enabled max body size HTTP middleware with size 4194304 bytes" app_id=transactions-service instance=random scope=dapr.runtime.http type=log ver=1.14.4
time="2024-12-31T17:28:39.489350053+01:00" level=info msg="Enabled tracing HTTP middleware" app_id=transactions-service instance=random scope=dapr.runtime.http type=log ver=1.14.4
time="2024-12-31T17:28:39.489371075+01:00" level=info msg="Enabled metrics HTTP middleware" app_id=transactions-service instance=random scope=dapr.runtime.http type=log ver=1.14.4
time="2024-12-31T17:28:39.490025357+01:00" level=info msg="HTTP server listening on TCP address: :3530" app_id=transactions-service instance=random scope=dapr.runtime.http type=log ver=1.14.4
time="2024-12-31T17:28:39.490156032+01:00" level=info msg="HTTP server is running on port 3530" app_id=transactions-service instance=random scope=dapr.runtime type=log ver=1.14.4
time="2024-12-31T17:28:39.490201429+01:00" level=info msg="The request body size parameter is: 4194304 bytes" app_id=transactions-service instance=random scope=dapr.runtime type=log ver=1.14.4
time="2024-12-31T17:28:39.490271621+01:00" level=info msg="gRPC server listening on TCP address: :46797" app_id=transactions-service instance=random scope=dapr.runtime.grpc.internal type=log ver=1.14.4
time="2024-12-31T17:28:39.490309685+01:00" level=info msg="Enabled gRPC tracing middleware" app_id=transactions-service instance=random scope=dapr.runtime.grpc.internal type=log ver=1.14.4
time="2024-12-31T17:28:39.490330288+01:00" level=info msg="Enabled gRPC metrics middleware" app_id=transactions-service instance=random scope=dapr.runtime.grpc.internal type=log ver=1.14.4
time="2024-12-31T17:28:39.490425204+01:00" level=info msg="Internal gRPC server is running on :46797" app_id=transactions-service instance=random scope=dapr.runtime type=log ver=1.14.4
time="2024-12-31T17:28:39.490556437+01:00" level=info msg="application protocol: http. waiting on port 8000.  This will block until the app is listening on that port." app_id=transactions-service instance=random scope=dapr.runtime type=log ver=1.14.4
Updating metadata for app command: uvicorn main:app --reload --log-level debug
Updating metadata for appPID: 1292327
You're up and running! Dapr logs will appear here.

time="2024-12-31T17:28:43.854727306+01:00" level=info msg="application discovered on port 8000" app_id=transactions-service instance=random scope=dapr.runtime type=log ver=1.14.4
time="2024-12-31T17:28:43.857701886+01:00" level=info msg="Application configuration loaded" app_id=transactions-service instance=random scope=dapr.runtime type=log ver=1.14.4
time="2024-12-31T17:28:43.857855399+01:00" level=info msg="Configuring actors placement provider 'placement'. Configuration: 'placement:localhost:50005'" app_id=transactions-service instance=random scope=dapr.runtime.actor type=log ver=1.14.4
time="2024-12-31T17:28:43.857931387+01:00" level=info msg="Configuring actor reminders provider 'default'. Configuration: ''" app_id=transactions-service instance=random scope=dapr.runtime.actor type=log ver=1.14.4
time="2024-12-31T17:28:43.858019109+01:00" level=info msg="Actor runtime started. Idle timeout: 1h0m0s" app_id=transactions-service instance=random scope=dapr.runtime.actor type=log ver=1.14.4
time="2024-12-31T17:28:43.858099847+01:00" level=info msg="Configuring workflow engine with actors backend" app_id=transactions-service instance=random scope=dapr.runtime type=log ver=1.14.4
time="2024-12-31T17:28:43.858148736+01:00" level=info msg="Registering component for dapr workflow engine..." app_id=transactions-service instance=random scope=dapr.runtime type=log ver=1.14.4
time="2024-12-31T17:28:43.85818708+01:00" level=info msg="Initializing Dapr workflow component" app_id=transactions-service component="dapr (workflow.dapr/v1)" instance=random scope=dapr.contrib type=log ver=1.14.4
time="2024-12-31T17:28:43.858247633+01:00" level=info msg="Workflow engine initialized." app_id=transactions-service instance=random scope=dapr.runtime type=log ver=1.14.4
time="2024-12-31T17:28:43.878791159+01:00" level=info msg="Placement tables updated, version: 0" app_id=transactions-service instance=random scope=dapr.runtime.actors.placement type=log ver=1.14.4
time="2024-12-31T17:28:43.879242969+01:00" level=info msg="dapr initialized. Status: Running. Init Elapsed 4534ms" app_id=transactions-service instance=random scope=dapr.runtime type=log ver=1.14.4
time="2024-12-31T17:28:43.902826377+01:00" level=error msg="non-retriable error returned from app while processing pub/sub event 09e4aa0e-fd80-451c-9079-f76a70b0c9ea: {\"detail\":\"Not Found\"}. status code returned: 404" app_id=transactions-service instance=random scope=dapr.runtime.processor.pubsub.subscription type=log ver=1.14.4
time="2024-12-31T17:28:43.904855014+01:00" level=error msg="non-retriable error returned from app while processing pub/sub event dbfa042a-317c-475a-898c-0015aabcfc22: {\"detail\":\"Not Found\"}. status code returned: 404" app_id=transactions-service instance=random scope=dapr.runtime.processor.pubsub.subscription type=log ver=1.14.4
time="2024-12-31T17:28:43.905177406+01:00" level=error msg="non-retriable error returned from app while processing pub/sub event a619d4d4-120b-4403-8665-0b305bdbcd59: {\"detail\":\"Not Found\"}. status code returned: 404" app_id=transactions-service instance=random scope=dapr.runtime.processor.pubsub.subscription type=log ver=1.14.4
time="2024-12-31T17:28:43.906416057+01:00" level=error msg="non-retriable error returned from app while processing pub/sub event 7e75943f-93d6-455f-9e35-960e5199098e: {\"detail\":\"Not Found\"}. status code returned: 404" app_id=transactions-service instance=random scope=dapr.runtime.processor.pubsub.subscription type=log ver=1.14.4
time="2024-12-31T17:28:43.908174754+01:00" level=error msg="non-retriable error returned from app while processing pub/sub event f0fae8ca-960a-4b67-a179-4954bb1921c7: {\"detail\":\"Not Found\"}. status code returned: 404" app_id=transactions-service instance=random scope=dapr.runtime.processor.pubsub.subscription type=log ver=1.14.4
time="2024-12-31T17:28:43.90917685+01:00" level=error msg="non-retriable error returned from app while processing pub/sub event a4e4d64c-fdf4-4d7d-a616-2bba677b8817: {\"detail\":\"Not Found\"}. status code returned: 404" app_id=transactions-service instance=random scope=dapr.runtime.processor.pubsub.subscription type=log ver=1.14.4
time="2024-12-31T17:28:43.910545617+01:00" level=error msg="non-retriable error returned from app while processing pub/sub event 6b00c499-ea45-4095-abe9-b9bd2540cff9: {\"detail\":\"Not Found\"}. status code returned: 404" app_id=transactions-service instance=random scope=dapr.runtime.processor.pubsub.subscription type=log ver=1.14.4
time="2024-12-31T17:28:43.911550577+01:00" level=error msg="non-retriable error returned from app while processing pub/sub event 1d0d9039-7ca2-4ea4-b9f9-977b4248a401: {\"detail\":\"Not Found\"}. status code returned: 404" app_id=transactions-service instance=random scope=dapr.runtime.processor.pubsub.subscription type=log ver=1.14.4
time="2024-12-31T17:28:43.913139068+01:00" level=error msg="non-retriable error returned from app while processing pub/sub event 2baee001-c60c-4c4c-b481-0ee15556a9b8: {\"detail\":\"Not Found\"}. status code returned: 404" app_id=transactions-service instance=random scope=dapr.runtime.processor.pubsub.subscription type=log ver=1.14.4
time="2024-12-31T17:28:43.914357675+01:00" level=error msg="non-retriable error returned from app while processing pub/sub event 8e6527fe-3af3-4b30-87ef-78b14c13155f: {\"detail\":\"Not Found\"}. status code returned: 404" app_id=transactions-service instance=random scope=dapr.runtime.processor.pubsub.subscription type=log ver=1.14.4
time="2024-12-31T17:28:43.921979206+01:00" level=error msg="non-retriable error returned from app while processing pub/sub event ce27ba47-9233-4582-b452-0fd6a43d77f2: {\"detail\":\"Not Found\"}. status code returned: 404" app_id=transactions-service instance=random scope=dapr.runtime.processor.pubsub.subscription type=log ver=1.14.4
time="2024-12-31T17:28:43.935023356+01:00" level=error msg="non-retriable error returned from app while processing pub/sub event 0eb731d4-ddff-4d91-be4e-d632db5d8ebd: {\"detail\":\"Not Found\"}. status code returned: 404" app_id=transactions-service instance=random scope=dapr.runtime.processor.pubsub.subscription type=log ver=1.14.4
time="2024-12-31T17:28:43.935190278+01:00" level=error msg="non-retriable error returned from app while processing pub/sub event 9c8a13f7-d45d-435c-b66e-df6d05ed3322: {\"detail\":\"Not Found\"}. status code returned: 404" app_id=transactions-service instance=random scope=dapr.runtime.processor.pubsub.subscription type=log ver=1.14.4
time="2024-12-31T17:28:43.93503907+01:00" level=error msg="non-retriable error returned from app while processing pub/sub event 634b70f3-be0e-456c-bdb8-baff60e9caf6: {\"detail\":\"Not Found\"}. status code returned: 404" app_id=transactions-service instance=random scope=dapr.runtime.processor.pubsub.subscription type=log ver=1.14.4
time="2024-12-31T17:28:43.935414053+01:00" level=error msg="non-retriable error returned from app while processing pub/sub event d6c041d1-6888-4c95-9663-f26212456edb: {\"detail\":\"Not Found\"}. status code returned: 404" app_id=transactions-service instance=random scope=dapr.runtime.processor.pubsub.subscription type=log ver=1.14.4
time="2024-12-31T17:28:43.935558068+01:00" level=error msg="non-retriable error returned from app while processing pub/sub event 280a04ed-15fd-49a9-88c5-4919446786e4: {\"detail\":\"Not Found\"}. status code returned: 404" app_id=transactions-service instance=random scope=dapr.runtime.processor.pubsub.subscription type=log ver=1.14.4
time="2024-12-31T17:28:43.941654803+01:00" level=error msg="non-retriable error returned from app while processing pub/sub event 1c578a60-b5e8-4726-bf0f-d75eac255bc6: {\"detail\":\"Not Found\"}. status code returned: 404" app_id=transactions-service instance=random scope=dapr.runtime.processor.pubsub.subscription type=log ver=1.14.4
time="2024-12-31T17:28:43.941901346+01:00" level=error msg="non-retriable error returned from app while processing pub/sub event 9c4805d8-b868-4997-b882-ea8516c57e6c: {\"detail\":\"Not Found\"}. status code returned: 404" app_id=transactions-service instance=random scope=dapr.runtime.processor.pubsub.subscription type=log ver=1.14.4
time="2024-12-31T17:28:43.941962877+01:00" level=error msg="non-retriable error returned from app while processing pub/sub event 65be80b0-9385-4782-8896-7e2721bc6aba: {\"detail\":\"Not Found\"}. status code returned: 404" app_id=transactions-service instance=random scope=dapr.runtime.processor.pubsub.subscription type=log ver=1.14.4
time="2024-12-31T17:28:43.941684347+01:00" level=error msg="non-retriable error returned from app while processing pub/sub event c2d23d03-b4db-4931-abfb-a94ba2afd70d: {\"detail\":\"Not Found\"}. status code returned: 404" app_id=transactions-service instance=random scope=dapr.runtime.processor.pubsub.subscription type=log ver=1.14.4
time="2024-12-31T17:28:43.943880675+01:00" level=error msg="non-retriable error returned from app while processing pub/sub event 4f8ddc00-8a44-452a-a785-2519ceaedbac: {\"detail\":\"Not Found\"}. status code returned: 404" app_id=transactions-service instance=random scope=dapr.runtime.processor.pubsub.subscription type=log ver=1.14.4
time="2024-12-31T17:28:43.959561577+01:00" level=error msg="non-retriable error returned from app while processing pub/sub event 6b03c430-5d21-4f35-8f53-b8a9adea7871: {\"detail\":\"Not Found\"}. status code returned: 404" app_id=transactions-service instance=random scope=dapr.runtime.processor.pubsub.subscription type=log ver=1.14.4
time="2024-12-31T17:28:43.959919938+01:00" level=error msg="non-retriable error returned from app while processing pub/sub event 5b573bbb-bf8e-43d5-8e0a-073f0dc8598c: {\"detail\":\"Not Found\"}. status code returned: 404" app_id=transactions-service instance=random scope=dapr.runtime.processor.pubsub.subscription type=log ver=1.14.4
time="2024-12-31T17:28:43.960260209+01:00" level=error msg="non-retriable error returned from app while processing pub/sub event 939ff8c9-ef47-4c3e-9a93-c490ab6e017f: {\"detail\":\"Not Found\"}. status code returned: 404" app_id=transactions-service instance=random scope=dapr.runtime.processor.pubsub.subscription type=log ver=1.14.4
time="2024-12-31T17:28:43.960698259+01:00" level=error msg="non-retriable error returned from app while processing pub/sub event 57487829-7803-42e5-8a76-b0d76245ee65: {\"detail\":\"Not Found\"}. status code returned: 404" app_id=transactions-service instance=random scope=dapr.runtime.processor.pubsub.subscription type=log ver=1.14.4
time="2024-12-31T17:28:43.96109168+01:00" level=error msg="non-retriable error returned from app while processing pub/sub event b5ac3346-cf00-4973-99c7-f59012c59b1b: {\"detail\":\"Not Found\"}. status code returned: 404" app_id=transactions-service instance=random scope=dapr.runtime.processor.pubsub.subscription type=log ver=1.14.4
time="2024-12-31T17:28:43.961218025+01:00" level=error msg="non-retriable error returned from app while processing pub/sub event 825816ac-c975-42e1-94e3-59434f8f7434: {\"detail\":\"Not Found\"}. status code returned: 404" app_id=transactions-service instance=random scope=dapr.runtime.processor.pubsub.subscription type=log ver=1.14.4
time="2024-12-31T17:28:43.96613317+01:00" level=error msg="non-retriable error returned from app while processing pub/sub event 61ab77a3-3a6e-481d-89c7-ac1b2206ad1c: {\"detail\":\"Not Found\"}. status code returned: 404" app_id=transactions-service instance=random scope=dapr.runtime.processor.pubsub.subscription type=log ver=1.14.4
time="2024-12-31T17:28:43.966790944+01:00" level=error msg="non-retriable error returned from app while processing pub/sub event 604ce4bb-292c-4ee1-aeea-c08f7538ab2a: {\"detail\":\"Not Found\"}. status code returned: 404" app_id=transactions-service instance=random scope=dapr.runtime.processor.pubsub.subscription type=log ver=1.14.4
time="2024-12-31T17:28:43.967223337+01:00" level=error msg="non-retriable error returned from app while processing pub/sub event 1d040496-d122-45c4-a1ef-232d4ab002ee: {\"detail\":\"Not Found\"}. status code returned: 404" app_id=transactions-service instance=random scope=dapr.runtime.processor.pubsub.subscription type=log ver=1.14.4
time="2024-12-31T17:28:43.967498725+01:00" level=error msg="non-retriable error returned from app while processing pub/sub event ce69c227-1801-4dd4-9cf7-2ee2c1abd2c6: {\"detail\":\"Not Found\"}. status code returned: 404" app_id=transactions-service instance=random scope=dapr.runtime.processor.pubsub.subscription type=log ver=1.14.4
time="2024-12-31T17:28:43.97086051+01:00" level=error msg="non-retriable error returned from app while processing pub/sub event 1b99787f-bac5-4df8-b36c-a6e25d6aba79: {\"detail\":\"Not Found\"}. status code returned: 404" app_id=transactions-service instance=random scope=dapr.runtime.processor.pubsub.subscription type=log ver=1.14.4
time="2024-12-31T17:28:43.982040431+01:00" level=error msg="non-retriable error returned from app while processing pub/sub event 45925564-676a-4353-8dc7-e62f3734cba4: {\"detail\":\"Not Found\"}. status code returned: 404" app_id=transactions-service instance=random scope=dapr.runtime.processor.pubsub.subscription type=log ver=1.14.4
time="2024-12-31T17:28:43.982267838+01:00" level=error msg="non-retriable error returned from app while processing pub/sub event 30bfee38-cba0-4af4-b609-a02ee1f4871f: {\"detail\":\"Not Found\"}. status code returned: 404" app_id=transactions-service instance=random scope=dapr.runtime.processor.pubsub.subscription type=log ver=1.14.4
time="2024-12-31T17:28:43.982295914+01:00" level=error msg="non-retriable error returned from app while processing pub/sub event 42b0d6c6-0735-4036-b530-404c939c93e2: {\"detail\":\"Not Found\"}. status code returned: 404" app_id=transactions-service instance=random scope=dapr.runtime.processor.pubsub.subscription type=log ver=1.14.4
time="2024-12-31T17:28:43.982442722+01:00" level=error msg="non-retriable error returned from app while processing pub/sub event edd74dac-5f03-4cea-a268-b11504a5a458: {\"detail\":\"Not Found\"}. status code returned: 404" app_id=transactions-service instance=random scope=dapr.runtime.processor.pubsub.subscription type=log ver=1.14.4
time="2024-12-31T17:28:43.982463675+01:00" level=error msg="non-retriable error returned from app while processing pub/sub event 4973b614-e8cb-424b-af8d-fb55efc19d9d: {\"detail\":\"Not Found\"}. status code returned: 404" app_id=transactions-service instance=random scope=dapr.runtime.processor.pubsub.subscription type=log ver=1.14.4
time="2024-12-31T17:28:43.986394185+01:00" level=error msg="non-retriable error returned from app while processing pub/sub event 811c604b-a3f2-416a-8016-6aff85b36bf5: {\"detail\":\"Not Found\"}. status code returned: 404" app_id=transactions-service instance=random scope=dapr.runtime.processor.pubsub.subscription type=log ver=1.14.4
time="2024-12-31T17:28:43.986630042+01:00" level=error msg="non-retriable error returned from app while processing pub/sub event bb811781-203a-424e-9b83-dd2526463ae4: {\"detail\":\"Not Found\"}. status code returned: 404" app_id=transactions-service instance=random scope=dapr.runtime.processor.pubsub.subscription type=log ver=1.14.4
time="2024-12-31T17:28:43.986406966+01:00" level=error msg="non-retriable error returned from app while processing pub/sub event ebe4b4d0-f59e-4bbc-9911-93f5a8efed1f: {\"detail\":\"Not Found\"}. status code returned: 404" app_id=transactions-service instance=random scope=dapr.runtime.processor.pubsub.subscription type=log ver=1.14.4
time="2024-12-31T17:28:43.986912484+01:00" level=error msg="non-retriable error returned from app while processing pub/sub event 7a3f7b71-2001-4420-b0e3-17be6080ce6e: {\"detail\":\"Not Found\"}. status code returned: 404" app_id=transactions-service instance=random scope=dapr.runtime.processor.pubsub.subscription type=log ver=1.14.4
time="2024-12-31T17:28:43.98652046+01:00" level=error msg="non-retriable error returned from app while processing pub/sub event 703a9c90-3d74-4b0a-a5ce-12338d8bb261: {\"detail\":\"Not Found\"}. status code returned: 404" app_id=transactions-service instance=random scope=dapr.runtime.processor.pubsub.subscription type=log ver=1.14.4
time="2024-12-31T17:28:43.997911165+01:00" level=error msg="non-retriable error returned from app while processing pub/sub event f55c3a05-37f0-4346-ae55-0751204aedf4: {\"detail\":\"Not Found\"}. status code returned: 404" app_id=transactions-service instance=random scope=dapr.runtime.processor.pubsub.subscription type=log ver=1.14.4
time="2024-12-31T17:28:43.999051549+01:00" level=error msg="non-retriable error returned from app while processing pub/sub event 23c94b26-4d32-4496-ab5a-1fbe9b8f03f9: {\"detail\":\"Not Found\"}. status code returned: 404" app_id=transactions-service instance=random scope=dapr.runtime.processor.pubsub.subscription type=log ver=1.14.4
time="2024-12-31T17:28:43.999656033+01:00" level=error msg="non-retriable error returned from app while processing pub/sub event 770b8d2c-4553-4024-8638-efd8cb5b9866: {\"detail\":\"Not Found\"}. status code returned: 404" app_id=transactions-service instance=random scope=dapr.runtime.processor.pubsub.subscription type=log ver=1.14.4
time="2024-12-31T17:28:44.001775744+01:00" level=error msg="non-retriable error returned from app while processing pub/sub event 23996d49-9b9d-4aea-934b-c2af5681e4c5: {\"detail\":\"Not Found\"}. status code returned: 404" app_id=transactions-service instance=random scope=dapr.runtime.processor.pubsub.subscription type=log ver=1.14.4
time="2024-12-31T17:28:44.002351104+01:00" level=error msg="non-retriable error returned from app while processing pub/sub event d1d9b9f3-df80-4fce-a0e2-50125df1c58d: {\"detail\":\"Not Found\"}. status code returned: 404" app_id=transactions-service instance=random scope=dapr.runtime.processor.pubsub.subscription type=log ver=1.14.4
time="2024-12-31T17:28:44.036001499+01:00" level=error msg="non-retriable error returned from app while processing pub/sub event b33baef7-c3d4-4378-a08d-796eefba1c9c: {\"detail\":\"Not Found\"}. status code returned: 404" app_id=transactions-service instance=random scope=dapr.runtime.processor.pubsub.subscription type=log ver=1.14.4
time="2024-12-31T17:28:44.036330944+01:00" level=error msg="non-retriable error returned from app while processing pub/sub event 0e656e1e-1ab1-49ef-a260-6d5e9d3e64c6: {\"detail\":\"Not Found\"}. status code returned: 404" app_id=transactions-service instance=random scope=dapr.runtime.processor.pubsub.subscription type=log ver=1.14.4
time="2024-12-31T17:28:44.036450305+01:00" level=error msg="non-retriable error returned from app while processing pub/sub event ec659d16-7d4c-4f93-bbbb-fbc749a8ce53: {\"detail\":\"Not Found\"}. status code returned: 404" app_id=transactions-service instance=random scope=dapr.runtime.processor.pubsub.subscription type=log ver=1.14.4
time="2024-12-31T17:28:44.036582795+01:00" level=error msg="non-retriable error returned from app while processing pub/sub event 4d531c26-66e2-4370-bb2c-50466f1c708b: {\"detail\":\"Not Found\"}. status code returned: 404" app_id=transactions-service instance=random scope=dapr.runtime.processor.pubsub.subscription type=log ver=1.14.4
time="2024-12-31T17:28:44.036705997+01:00" level=error msg="non-retriable error returned from app while processing pub/sub event bb92395c-525b-4b71-8972-97ca2b4a0dd8: {\"detail\":\"Not Found\"}. status code returned: 404" app_id=transactions-service instance=random scope=dapr.runtime.processor.pubsub.subscription type=log ver=1.14.4
time="2024-12-31T17:28:44.048536918+01:00" level=error msg="non-retriable error returned from app while processing pub/sub event 4a72e499-41fa-4201-8725-9e7b906a5778: {\"detail\":\"Not Found\"}. status code returned: 404" app_id=transactions-service instance=random scope=dapr.runtime.processor.pubsub.subscription type=log ver=1.14.4
time="2024-12-31T17:28:44.048566531+01:00" level=error msg="non-retriable error returned from app while processing pub/sub event e1fe660c-8ca8-40e5-9593-fd5ea0ba787a: {\"detail\":\"Not Found\"}. status code returned: 404" app_id=transactions-service instance=random scope=dapr.runtime.processor.pubsub.subscription type=log ver=1.14.4
time="2024-12-31T17:28:44.048866713+01:00" level=error msg="non-retriable error returned from app while processing pub/sub event ac561d90-4622-494d-a9b1-77f7d09e299b: {\"detail\":\"Not Found\"}. status code returned: 404" app_id=transactions-service instance=random scope=dapr.runtime.processor.pubsub.subscription type=log ver=1.14.4
time="2024-12-31T17:28:44.050688966+01:00" level=error msg="non-retriable error returned from app while processing pub/sub event 3bcfdd7e-80b2-4007-8350-8b25c4a071de: {\"detail\":\"Not Found\"}. status code returned: 404" app_id=transactions-service instance=random scope=dapr.runtime.processor.pubsub.subscription type=log ver=1.14.4
time="2024-12-31T17:28:44.050887178+01:00" level=error msg="non-retriable error returned from app while processing pub/sub event 3efeb5bd-c7a4-439b-9ad8-077287eb6d22: {\"detail\":\"Not Found\"}. status code returned: 404" app_id=transactions-service instance=random scope=dapr.runtime.processor.pubsub.subscription type=log ver=1.14.4
time="2024-12-31T17:28:44.087298575+01:00" level=error msg="non-retriable error returned from app while processing pub/sub event 08291f25-3da1-4bbd-ad5e-67d392230093: {\"detail\":\"Not Found\"}. status code returned: 404" app_id=transactions-service instance=random scope=dapr.runtime.processor.pubsub.subscription type=log ver=1.14.4
time="2024-12-31T17:28:44.088269381+01:00" level=error msg="non-retriable error returned from app while processing pub/sub event 132d4cda-55ab-4f21-a718-9f8beb5667a7: {\"detail\":\"Not Found\"}. status code returned: 404" app_id=transactions-service instance=random scope=dapr.runtime.processor.pubsub.subscription type=log ver=1.14.4
time="2024-12-31T17:28:44.088688295+01:00" level=error msg="non-retriable error returned from app while processing pub/sub event 9311e09e-00d6-4175-ac2d-4f0fa611c49e: {\"detail\":\"Not Found\"}. status code returned: 404" app_id=transactions-service instance=random scope=dapr.runtime.processor.pubsub.subscription type=log ver=1.14.4
time="2024-12-31T17:28:44.094144229+01:00" level=error msg="non-retriable error returned from app while processing pub/sub event 09d5278e-e073-41c0-800b-befe9d25f18f: {\"detail\":\"Not Found\"}. status code returned: 404" app_id=transactions-service instance=random scope=dapr.runtime.processor.pubsub.subscription type=log ver=1.14.4
time="2024-12-31T17:28:44.091974092+01:00" level=error msg="non-retriable error returned from app while processing pub/sub event 7483e06d-8101-40b1-b77e-f20b2929f5cd: {\"detail\":\"Not Found\"}. status code returned: 404" app_id=transactions-service instance=random scope=dapr.runtime.processor.pubsub.subscription type=log ver=1.14.4
time="2024-12-31T17:28:44.094499586+01:00" level=error msg="non-retriable error returned from app while processing pub/sub event c327e07c-6b08-470b-934b-aeaf41627670: {\"detail\":\"Not Found\"}. status code returned: 404" app_id=transactions-service instance=random scope=dapr.runtime.processor.pubsub.subscription type=log ver=1.14.4
time="2024-12-31T17:28:44.094691163+01:00" level=error msg="non-retriable error returned from app while processing pub/sub event de9ced24-4e46-4c35-9c74-ab9d0c3c6d82: {\"detail\":\"Not Found\"}. status code returned: 404" app_id=transactions-service instance=random scope=dapr.runtime.processor.pubsub.subscription type=log ver=1.14.4
time="2024-12-31T17:28:44.094800606+01:00" level=error msg="non-retriable error returned from app while processing pub/sub event 208b2e4e-529c-4049-8b4f-327ffa064a47: {\"detail\":\"Not Found\"}. status code returned: 404" app_id=transactions-service instance=random scope=dapr.runtime.processor.pubsub.subscription type=log ver=1.14.4
time="2024-12-31T17:28:44.094163016+01:00" level=error msg="non-retriable error returned from app while processing pub/sub event cda618b2-c47e-4501-a42b-d85d9b0bed77: {\"detail\":\"Not Found\"}. status code returned: 404" app_id=transactions-service instance=random scope=dapr.runtime.processor.pubsub.subscription type=log ver=1.14.4
time="2024-12-31T17:28:44.095234535+01:00" level=error msg="non-retriable error returned from app while processing pub/sub event c8b97188-fbee-4de8-8ad3-862710425d8a: {\"detail\":\"Not Found\"}. status code returned: 404" app_id=transactions-service instance=random scope=dapr.runtime.processor.pubsub.subscription type=log ver=1.14.4
time="2024-12-31T17:28:44.118968733+01:00" level=error msg="non-retriable error returned from app while processing pub/sub event a4894c6d-3f51-41b3-9bfc-e7fbeb7400a9: {\"detail\":\"Not Found\"}. status code returned: 404" app_id=transactions-service instance=random scope=dapr.runtime.processor.pubsub.subscription type=log ver=1.14.4
time="2024-12-31T17:28:44.119084113+01:00" level=error msg="non-retriable error returned from app while processing pub/sub event 97838eb4-3183-4494-9952-351e6747537f: {\"detail\":\"Not Found\"}. status code returned: 404" app_id=transactions-service instance=random scope=dapr.runtime.processor.pubsub.subscription type=log ver=1.14.4
time="2024-12-31T17:28:44.119005121+01:00" level=error msg="non-retriable error returned from app while processing pub/sub event 291ef432-de72-4593-a797-17e1af002e19: {\"detail\":\"Not Found\"}. status code returned: 404" app_id=transactions-service instance=random scope=dapr.runtime.processor.pubsub.subscription type=log ver=1.14.4
time="2024-12-31T17:28:44.131344144+01:00" level=error msg="non-retriable error returned from app while processing pub/sub event 69e0d967-bb38-4ef8-bf29-1dc006a6d57e: {\"detail\":\"Not Found\"}. status code returned: 404" app_id=transactions-service instance=random scope=dapr.runtime.processor.pubsub.subscription type=log ver=1.14.4
time="2024-12-31T17:28:44.131781566+01:00" level=error msg="non-retriable error returned from app while processing pub/sub event 1862a8a1-9349-4b40-8643-a0b6e0c94fb1: {\"detail\":\"Not Found\"}. status code returned: 404" app_id=transactions-service instance=random scope=dapr.runtime.processor.pubsub.subscription type=log ver=1.14.4
time="2024-12-31T17:28:44.13219552+01:00" level=error msg="non-retriable error returned from app while processing pub/sub event e59aee78-5cd8-4f48-96be-fa2bbc3ec6ff: {\"detail\":\"Not Found\"}. status code returned: 404" app_id=transactions-service instance=random scope=dapr.runtime.processor.pubsub.subscription type=log ver=1.14.4
time="2024-12-31T17:28:44.132280937+01:00" level=error msg="non-retriable error returned from app while processing pub/sub event b0a43540-d523-4deb-a0a2-c8bdeb03e2c0: {\"detail\":\"Not Found\"}. status code returned: 404" app_id=transactions-service instance=random scope=dapr.runtime.processor.pubsub.subscription type=log ver=1.14.4
time="2024-12-31T17:28:44.132435498+01:00" level=error msg="non-retriable error returned from app while processing pub/sub event 25009e61-cd05-4844-84be-fa2d670cfba0: {\"detail\":\"Not Found\"}. status code returned: 404" app_id=transactions-service instance=random scope=dapr.runtime.processor.pubsub.subscription type=log ver=1.14.4
time="2024-12-31T17:28:44.132529925+01:00" level=error msg="non-retriable error returned from app while processing pub/sub event 94002d10-a01d-400d-8cd4-09c521dd30aa: {\"detail\":\"Not Found\"}. status code returned: 404" app_id=transactions-service instance=random scope=dapr.runtime.processor.pubsub.subscription type=log ver=1.14.4
time="2024-12-31T17:28:44.136554442+01:00" level=error msg="non-retriable error returned from app while processing pub/sub event 3787e358-7167-4684-af66-b90d29861f93: {\"detail\":\"Not Found\"}. status code returned: 404" app_id=transactions-service instance=random scope=dapr.runtime.processor.pubsub.subscription type=log ver=1.14.4
time="2024-12-31T17:28:44.138043339+01:00" level=error msg="non-retriable error returned from app while processing pub/sub event 41bde030-4caa-4680-a360-619d319e7dcb: {\"detail\":\"Not Found\"}. status code returned: 404" app_id=transactions-service instance=random scope=dapr.runtime.processor.pubsub.subscription type=log ver=1.14.4
time="2024-12-31T17:28:44.138725208+01:00" level=error msg="non-retriable error returned from app while processing pub/sub event 0371a5ac-b2ad-4eca-973c-d9dbac24e76f: {\"detail\":\"Not Found\"}. status code returned: 404" app_id=transactions-service instance=random scope=dapr.runtime.processor.pubsub.subscription type=log ver=1.14.4
time="2024-12-31T17:28:44.13942796+01:00" level=error msg="non-retriable error returned from app while processing pub/sub event 7da7554b-3f3e-4321-a54f-0d363eacc81b: {\"detail\":\"Not Found\"}. status code returned: 404" app_id=transactions-service instance=random scope=dapr.runtime.processor.pubsub.subscription type=log ver=1.14.4
time="2024-12-31T17:28:44.148361966+01:00" level=error msg="non-retriable error returned from app while processing pub/sub event 12cc19b2-735d-44ca-b5bd-604f9afa4e69: {\"detail\":\"Not Found\"}. status code returned: 404" app_id=transactions-service instance=random scope=dapr.runtime.processor.pubsub.subscription type=log ver=1.14.4
time="2024-12-31T17:28:44.168532745+01:00" level=error msg="non-retriable error returned from app while processing pub/sub event 8830c5e8-c877-47be-9d84-0a1cc1edb897: {\"detail\":\"Not Found\"}. status code returned: 404" app_id=transactions-service instance=random scope=dapr.runtime.processor.pubsub.subscription type=log ver=1.14.4
time="2024-12-31T17:28:44.168692055+01:00" level=error msg="non-retriable error returned from app while processing pub/sub event 985428bb-6b7d-4628-b63d-e230a8ac72d6: {\"detail\":\"Not Found\"}. status code returned: 404" app_id=transactions-service instance=random scope=dapr.runtime.processor.pubsub.subscription type=log ver=1.14.4
time="2024-12-31T17:28:44.168532745+01:00" level=error msg="non-retriable error returned from app while processing pub/sub event 21975332-fec0-4cea-a193-eae099b5a271: {\"detail\":\"Not Found\"}. status code returned: 404" app_id=transactions-service instance=random scope=dapr.runtime.processor.pubsub.subscription type=log ver=1.14.4
time="2024-12-31T17:28:44.169142397+01:00" level=error msg="non-retriable error returned from app while processing pub/sub event e91f7205-6986-4780-a630-2bef218553c5: {\"detail\":\"Not Found\"}. status code returned: 404" app_id=transactions-service instance=random scope=dapr.runtime.processor.pubsub.subscription type=log ver=1.14.4
time="2024-12-31T17:28:44.169350527+01:00" level=error msg="non-retriable error returned from app while processing pub/sub event 02427a8b-cde3-4791-beb9-7516928f78ce: {\"detail\":\"Not Found\"}. status code returned: 404" app_id=transactions-service instance=random scope=dapr.runtime.processor.pubsub.subscription type=log ver=1.14.4
time="2024-12-31T17:28:44.169472821+01:00" level=error msg="non-retriable error returned from app while processing pub/sub event d9911bac-666b-4c98-957f-88743c8b71ad: {\"detail\":\"Not Found\"}. status code returned: 404" app_id=transactions-service instance=random scope=dapr.runtime.processor.pubsub.subscription type=log ver=1.14.4
time="2024-12-31T17:28:44.169631991+01:00" level=error msg="non-retriable error returned from app while processing pub/sub event 137d03ca-062a-4b4d-8534-53982c40fbdb: {\"detail\":\"Not Found\"}. status code returned: 404" app_id=transactions-service instance=random scope=dapr.runtime.processor.pubsub.subscription type=log ver=1.14.4
time="2024-12-31T17:28:44.16974325+01:00" level=error msg="non-retriable error returned from app while processing pub/sub event a370a6b6-9053-4ca8-aa5b-29e7e96746ff: {\"detail\":\"Not Found\"}. status code returned: 404" app_id=transactions-service instance=random scope=dapr.runtime.processor.pubsub.subscription type=log ver=1.14.4
time="2024-12-31T17:28:44.172449007+01:00" level=error msg="non-retriable error returned from app while processing pub/sub event f23e36f7-9fa9-4737-8c83-389a8f8de00d: {\"detail\":\"Not Found\"}. status code returned: 404" app_id=transactions-service instance=random scope=dapr.runtime.processor.pubsub.subscription type=log ver=1.14.4
time="2024-12-31T17:28:44.175186053+01:00" level=error msg="non-retriable error returned from app while processing pub/sub event 44ffbfa7-6f12-4535-a500-6f5032d51050: {\"detail\":\"Not Found\"}. status code returned: 404" app_id=transactions-service instance=random scope=dapr.runtime.processor.pubsub.subscription type=log ver=1.14.4
time="2024-12-31T17:28:44.19613222+01:00" level=error msg="non-retriable error returned from app while processing pub/sub event bb073385-abda-448b-9885-bb68f04a69ae: {\"detail\":\"Not Found\"}. status code returned: 404" app_id=transactions-service instance=random scope=dapr.runtime.processor.pubsub.subscription type=log ver=1.14.4
time="2024-12-31T17:28:44.19753549+01:00" level=error msg="non-retriable error returned from app while processing pub/sub event 3ea01fba-ed63-403c-b9b2-b9b49ccb334d: {\"detail\":\"Not Found\"}. status code returned: 404" app_id=transactions-service instance=random scope=dapr.runtime.processor.pubsub.subscription type=log ver=1.14.4
time="2024-12-31T17:28:44.197859558+01:00" level=error msg="non-retriable error returned from app while processing pub/sub event 0f994669-2fcb-4760-a1fe-07f001db9e73: {\"detail\":\"Not Found\"}. status code returned: 404" app_id=transactions-service instance=random scope=dapr.runtime.processor.pubsub.subscription type=log ver=1.14.4
time="2024-12-31T17:28:44.198728674+01:00" level=error msg="non-retriable error returned from app while processing pub/sub event c3be196c-bac1-41ff-9510-13a755f98a9b: {\"detail\":\"Not Found\"}. status code returned: 404" app_id=transactions-service instance=random scope=dapr.runtime.processor.pubsub.subscription type=log ver=1.14.4
time="2024-12-31T17:28:44.201736149+01:00" level=error msg="non-retriable error returned from app while processing pub/sub event 3d8798b3-8a2a-454e-91f3-311a5f96181f: {\"detail\":\"Not Found\"}. status code returned: 404" app_id=transactions-service instance=random scope=dapr.runtime.processor.pubsub.subscription type=log ver=1.14.4
time="2024-12-31T17:28:44.19709269+01:00" level=error msg="non-retriable error returned from app while processing pub/sub event a9bbf4b4-3006-407d-9d1e-1f9f7e0a8261: {\"detail\":\"Not Found\"}. status code returned: 404" app_id=transactions-service instance=random scope=dapr.runtime.processor.pubsub.subscription type=log ver=1.14.4
time="2024-12-31T17:28:44.196774+01:00" level=error msg="non-retriable error returned from app while processing pub/sub event 887cb49c-a723-4779-b3bf-2708b618c423: {\"detail\":\"Not Found\"}. status code returned: 404" app_id=transactions-service instance=random scope=dapr.runtime.processor.pubsub.subscription type=log ver=1.14.4
time="2024-12-31T17:28:44.196936244+01:00" level=error msg="non-retriable error returned from app while processing pub/sub event b0da4ee0-7687-4eae-800e-8bb2b93e102e: {\"detail\":\"Not Found\"}. status code returned: 404" app_id=transactions-service instance=random scope=dapr.runtime.processor.pubsub.subscription type=log ver=1.14.4
time="2024-12-31T17:28:44.222631262+01:00" level=error msg="non-retriable error returned from app while processing pub/sub event aa3d87b1-bf71-4d83-85d3-a616edcfc782: {\"detail\":\"Not Found\"}. status code returned: 404" app_id=transactions-service instance=random scope=dapr.runtime.processor.pubsub.subscription type=log ver=1.14.4
time="2024-12-31T17:28:44.226394988+01:00" level=error msg="non-retriable error returned from app while processing pub/sub event c8b0d926-2e20-41f5-b801-9eb54b5cd005: {\"detail\":\"Not Found\"}. status code returned: 404" app_id=transactions-service instance=random scope=dapr.runtime.processor.pubsub.subscription type=log ver=1.14.4
time="2024-12-31T17:28:44.237524065+01:00" level=error msg="non-retriable error returned from app while processing pub/sub event 74391d35-7dc6-4fd1-927f-6aa9d8fd71b5: {\"detail\":\"Not Found\"}. status code returned: 404" app_id=transactions-service instance=random scope=dapr.runtime.processor.pubsub.subscription type=log ver=1.14.4
time="2024-12-31T17:28:44.238774031+01:00" level=error msg="non-retriable error returned from app while processing pub/sub event 3ff3f68a-d1da-4617-8a8c-7adb0d9470bd: {\"detail\":\"Not Found\"}. status code returned: 404" app_id=transactions-service instance=random scope=dapr.runtime.processor.pubsub.subscription type=log ver=1.14.4
time="2024-12-31T17:28:44.2406289+01:00" level=error msg="non-retriable error returned from app while processing pub/sub event 9d64eadd-4623-4069-9b5b-30507471b08c: {\"detail\":\"Not Found\"}. status code returned: 404" app_id=transactions-service instance=random scope=dapr.runtime.processor.pubsub.subscription type=log ver=1.14.4
time="2024-12-31T17:28:44.241853304+01:00" level=error msg="non-retriable error returned from app while processing pub/sub event 6d495f7d-3c82-4111-a8d5-a74a1b823773: {\"detail\":\"Not Found\"}. status code returned: 404" app_id=transactions-service instance=random scope=dapr.runtime.processor.pubsub.subscription type=log ver=1.14.4
time="2024-12-31T17:28:44.242343456+01:00" level=error msg="non-retriable error returned from app while processing pub/sub event 6fc6e271-d53d-4afa-afa6-89e8c886d652: {\"detail\":\"Not Found\"}. status code returned: 404" app_id=transactions-service instance=random scope=dapr.runtime.processor.pubsub.subscription type=log ver=1.14.4
time="2024-12-31T17:28:44.242790307+01:00" level=error msg="non-retriable error returned from app while processing pub/sub event ff2c1fb0-c589-4651-b31f-78777a3190ae: {\"detail\":\"Not Found\"}. status code returned: 404" app_id=transactions-service instance=random scope=dapr.runtime.processor.pubsub.subscription type=log ver=1.14.4
time="2024-12-31T17:28:44.242923496+01:00" level=error msg="non-retriable error returned from app while processing pub/sub event 31fa2ded-9897-4d01-8395-7a9ab0c07d23: {\"detail\":\"Not Found\"}. status code returned: 404" app_id=transactions-service instance=random scope=dapr.runtime.processor.pubsub.subscription type=log ver=1.14.4
time="2024-12-31T17:28:44.242790307+01:00" level=error msg="non-retriable error returned from app while processing pub/sub event c0c778e3-70f2-4b4c-a575-5dfcd47caab4: {\"detail\":\"Not Found\"}. status code returned: 404" app_id=transactions-service instance=random scope=dapr.runtime.processor.pubsub.subscription type=log ver=1.14.4
time="2024-12-31T17:28:44.269684935+01:00" level=error msg="non-retriable error returned from app while processing pub/sub event d4f9d507-18ed-413b-97a7-bf500b1c491f: {\"detail\":\"Not Found\"}. status code returned: 404" app_id=transactions-service instance=random scope=dapr.runtime.processor.pubsub.subscription type=log ver=1.14.4
time="2024-12-31T17:28:44.270292702+01:00" level=error msg="non-retriable error returned from app while processing pub/sub event b7bc469b-78da-4561-a9d5-de6b33541895: {\"detail\":\"Not Found\"}. status code returned: 404" app_id=transactions-service instance=random scope=dapr.runtime.processor.pubsub.subscription type=log ver=1.14.4
time="2024-12-31T17:28:44.285587377+01:00" level=error msg="non-retriable error returned from app while processing pub/sub event a05ac902-987d-4452-861e-1900a5888136: {\"detail\":\"Not Found\"}. status code returned: 404" app_id=transactions-service instance=random scope=dapr.runtime.processor.pubsub.subscription type=log ver=1.14.4
time="2024-12-31T17:28:44.285698705+01:00" level=error msg="non-retriable error returned from app while processing pub/sub event c809897d-d0fb-41bb-a2cf-665b1c865012: {\"detail\":\"Not Found\"}. status code returned: 404" app_id=transactions-service instance=random scope=dapr.runtime.processor.pubsub.subscription type=log ver=1.14.4
time="2024-12-31T17:28:44.286186763+01:00" level=error msg="non-retriable error returned from app while processing pub/sub event d2ba11fb-2e7e-496a-bf30-9cdcdef6e854: {\"detail\":\"Not Found\"}. status code returned: 404" app_id=transactions-service instance=random scope=dapr.runtime.processor.pubsub.subscription type=log ver=1.14.4
time="2024-12-31T17:28:44.286192979+01:00" level=error msg="non-retriable error returned from app while processing pub/sub event 22c4db70-4334-4ef9-8022-e8627df815a0: {\"detail\":\"Not Found\"}. status code returned: 404" app_id=transactions-service instance=random scope=dapr.runtime.processor.pubsub.subscription type=log ver=1.14.4
time="2024-12-31T17:28:44.285609028+01:00" level=error msg="non-retriable error returned from app while processing pub/sub event 54721ee7-5552-461f-b61e-b4b1debb785b: {\"detail\":\"Not Found\"}. status code returned: 404" app_id=transactions-service instance=random scope=dapr.runtime.processor.pubsub.subscription type=log ver=1.14.4
time="2024-12-31T17:28:44.291238729+01:00" level=error msg="non-retriable error returned from app while processing pub/sub event bcca51b5-6746-48e8-9144-976218f0fb4b: {\"detail\":\"Not Found\"}. status code returned: 404" app_id=transactions-service instance=random scope=dapr.runtime.processor.pubsub.subscription type=log ver=1.14.4
time="2024-12-31T17:28:44.292683555+01:00" level=error msg="non-retriable error returned from app while processing pub/sub event 2ee665a1-0461-47db-9206-0587c1b2a317: {\"detail\":\"Not Found\"}. status code returned: 404" app_id=transactions-service instance=random scope=dapr.runtime.processor.pubsub.subscription type=log ver=1.14.4
time="2024-12-31T17:28:44.292814579+01:00" level=error msg="non-retriable error returned from app while processing pub/sub event 3c296c89-62e7-4dd9-8e90-7677b8ab36fa: {\"detail\":\"Not Found\"}. status code returned: 404" app_id=transactions-service instance=random scope=dapr.runtime.processor.pubsub.subscription type=log ver=1.14.4
time="2024-12-31T17:28:44.308448896+01:00" level=error msg="non-retriable error returned from app while processing pub/sub event 272c68a1-056b-4d61-92e0-268d1d79d028: {\"detail\":\"Not Found\"}. status code returned: 404" app_id=transactions-service instance=random scope=dapr.runtime.processor.pubsub.subscription type=log ver=1.14.4
time="2024-12-31T17:28:44.310506029+01:00" level=error msg="non-retriable error returned from app while processing pub/sub event e69c613e-571a-4cb2-8e6f-0ac3e3430cc3: {\"detail\":\"Not Found\"}. status code returned: 404" app_id=transactions-service instance=random scope=dapr.runtime.processor.pubsub.subscription type=log ver=1.14.4
time="2024-12-31T17:28:44.315674841+01:00" level=error msg="non-retriable error returned from app while processing pub/sub event 7bbd198a-0865-455f-a5e3-c9b6b0fb00ea: {\"detail\":\"Not Found\"}. status code returned: 404" app_id=transactions-service instance=random scope=dapr.runtime.processor.pubsub.subscription type=log ver=1.14.4
time="2024-12-31T17:28:44.316165552+01:00" level=error msg="non-retriable error returned from app while processing pub/sub event 2af62dcf-f676-4cec-818e-8548a7bde2e8: {\"detail\":\"Not Found\"}. status code returned: 404" app_id=transactions-service instance=random scope=dapr.runtime.processor.pubsub.subscription type=log ver=1.14.4
time="2024-12-31T17:28:44.316575526+01:00" level=error msg="non-retriable error returned from app while processing pub/sub event 3750e947-0315-47b2-9361-9c9c51cbf4cc: {\"detail\":\"Not Found\"}. status code returned: 404" app_id=transactions-service instance=random scope=dapr.runtime.processor.pubsub.subscription type=log ver=1.14.4
time="2024-12-31T17:28:44.31692802+01:00" level=error msg="non-retriable error returned from app while processing pub/sub event 758c405c-4dff-4910-a779-a8776aa2016c: {\"detail\":\"Not Found\"}. status code returned: 404" app_id=transactions-service instance=random scope=dapr.runtime.processor.pubsub.subscription type=log ver=1.14.4
time="2024-12-31T17:28:44.317921106+01:00" level=error msg="non-retriable error returned from app while processing pub/sub event ad9e0084-ef4f-4997-b421-3aca65e73785: {\"detail\":\"Not Found\"}. status code returned: 404" app_id=transactions-service instance=random scope=dapr.runtime.processor.pubsub.subscription type=log ver=1.14.4
time="2024-12-31T17:28:44.317940732+01:00" level=error msg="non-retriable error returned from app while processing pub/sub event 0211a9c2-c534-4b65-805f-f15145f67b06: {\"detail\":\"Not Found\"}. status code returned: 404" app_id=transactions-service instance=random scope=dapr.runtime.processor.pubsub.subscription type=log ver=1.14.4
time="2024-12-31T17:28:44.318256698+01:00" level=error msg="non-retriable error returned from app while processing pub/sub event 855dd437-1aed-4aa0-a8fe-f26200aa5f32: {\"detail\":\"Not Found\"}. status code returned: 404" app_id=transactions-service instance=random scope=dapr.runtime.processor.pubsub.subscription type=log ver=1.14.4
time="2024-12-31T17:28:44.32008803+01:00" level=error msg="non-retriable error returned from app while processing pub/sub event d28ecd1e-eb41-43dd-a24e-da3e01f2196b: {\"detail\":\"Not Found\"}. status code returned: 404" app_id=transactions-service instance=random scope=dapr.runtime.processor.pubsub.subscription type=log ver=1.14.4
time="2024-12-31T17:28:44.326179738+01:00" level=error msg="non-retriable error returned from app while processing pub/sub event f6bb97cf-0bb9-463e-9382-4e1dfaadb643: {\"detail\":\"Not Found\"}. status code returned: 404" app_id=transactions-service instance=random scope=dapr.runtime.processor.pubsub.subscription type=log ver=1.14.4
time="2024-12-31T17:28:44.327383817+01:00" level=error msg="non-retriable error returned from app while processing pub/sub event 73fc8f4b-dce9-4bbf-a2a9-205d9179ee8f: {\"detail\":\"Not Found\"}. status code returned: 404" app_id=transactions-service instance=random scope=dapr.runtime.processor.pubsub.subscription type=log ver=1.14.4
time="2024-12-31T17:28:44.339362105+01:00" level=error msg="non-retriable error returned from app while processing pub/sub event 24c3abf8-3b20-4a4e-bd2f-fcc7a5fdfb9d: {\"detail\":\"Not Found\"}. status code returned: 404" app_id=transactions-service instance=random scope=dapr.runtime.processor.pubsub.subscription type=log ver=1.14.4
time="2024-12-31T17:28:44.339555917+01:00" level=error msg="non-retriable error returned from app while processing pub/sub event 742944f7-558e-4008-a0d0-33bbde155760: {\"detail\":\"Not Found\"}. status code returned: 404" app_id=transactions-service instance=random scope=dapr.runtime.processor.pubsub.subscription type=log ver=1.14.4
time="2024-12-31T17:28:44.339620242+01:00" level=error msg="non-retriable error returned from app while processing pub/sub event 8abc73cc-dbaf-40e4-adc1-410e2fea7bfd: {\"detail\":\"Not Found\"}. status code returned: 404" app_id=transactions-service instance=random scope=dapr.runtime.processor.pubsub.subscription type=log ver=1.14.4
time="2024-12-31T17:28:44.340116541+01:00" level=error msg="non-retriable error returned from app while processing pub/sub event ffb7e055-7f80-42a7-bb06-65c30f93690b: {\"detail\":\"Not Found\"}. status code returned: 404" app_id=transactions-service instance=random scope=dapr.runtime.processor.pubsub.subscription type=log ver=1.14.4
time="2024-12-31T17:28:44.342279484+01:00" level=error msg="non-retriable error returned from app while processing pub/sub event eec42335-0a57-46ea-8696-080ceee6ec57: {\"detail\":\"Not Found\"}. status code returned: 404" app_id=transactions-service instance=random scope=dapr.runtime.processor.pubsub.subscription type=log ver=1.14.4
time="2024-12-31T17:28:44.342731084+01:00" level=error msg="non-retriable error returned from app while processing pub/sub event dcec4e81-4665-429b-a9df-622b5ecdfe06: {\"detail\":\"Not Found\"}. status code returned: 404" app_id=transactions-service instance=random scope=dapr.runtime.processor.pubsub.subscription type=log ver=1.14.4
time="2024-12-31T17:28:44.345465825+01:00" level=error msg="non-retriable error returned from app while processing pub/sub event 45fd53a9-d200-4319-805d-5c16a5cdb855: {\"detail\":\"Not Found\"}. status code returned: 404" app_id=transactions-service instance=random scope=dapr.runtime.processor.pubsub.subscription type=log ver=1.14.4
time="2024-12-31T17:28:44.358139811+01:00" level=error msg="non-retriable error returned from app while processing pub/sub event a7e85a45-6fac-4b7a-949e-d6bcd265cc31: {\"detail\":\"Not Found\"}. status code returned: 404" app_id=transactions-service instance=random scope=dapr.runtime.processor.pubsub.subscription type=log ver=1.14.4
time="2024-12-31T17:28:44.36028243+01:00" level=error msg="non-retriable error returned from app while processing pub/sub event ce083a15-9073-49fb-ba77-0c129843dd27: {\"detail\":\"Not Found\"}. status code returned: 404" app_id=transactions-service instance=random scope=dapr.runtime.processor.pubsub.subscription type=log ver=1.14.4
time="2024-12-31T17:28:44.361533793+01:00" level=error msg="non-retriable error returned from app while processing pub/sub event 8e909932-082a-4eef-ab6e-3a3b9231dd08: {\"detail\":\"Not Found\"}. status code returned: 404" app_id=transactions-service instance=random scope=dapr.runtime.processor.pubsub.subscription type=log ver=1.14.4
time="2024-12-31T17:28:44.371243886+01:00" level=error msg="non-retriable error returned from app while processing pub/sub event ebdf54a3-d5eb-4200-881c-bf26f3a73fa3: {\"detail\":\"Not Found\"}. status code returned: 404" app_id=transactions-service instance=random scope=dapr.runtime.processor.pubsub.subscription type=log ver=1.14.4
time="2024-12-31T17:28:44.371558315+01:00" level=error msg="non-retriable error returned from app while processing pub/sub event 10b63af0-a419-4c19-bd3d-e8ad1072b288: {\"detail\":\"Not Found\"}. status code returned: 404" app_id=transactions-service instance=random scope=dapr.runtime.processor.pubsub.subscription type=log ver=1.14.4
time="2024-12-31T17:28:44.377449156+01:00" level=error msg="non-retriable error returned from app while processing pub/sub event 08807f1e-1df5-455d-bc3c-e50aa9281e79: {\"detail\":\"Not Found\"}. status code returned: 404" app_id=transactions-service instance=random scope=dapr.runtime.processor.pubsub.subscription type=log ver=1.14.4
time="2024-12-31T17:28:44.378043374+01:00" level=error msg="non-retriable error returned from app while processing pub/sub event 827b12a1-87f6-4f9c-b2d5-f41023e94210: {\"detail\":\"Not Found\"}. status code returned: 404" app_id=transactions-service instance=random scope=dapr.runtime.processor.pubsub.subscription type=log ver=1.14.4
time="2024-12-31T17:28:44.380177263+01:00" level=error msg="non-retriable error returned from app while processing pub/sub event bc44e794-cd03-4db1-9dcd-b147cd9f7ca5: {\"detail\":\"Not Found\"}. status code returned: 404" app_id=transactions-service instance=random scope=dapr.runtime.processor.pubsub.subscription type=log ver=1.14.4
time="2024-12-31T17:28:44.380526683+01:00" level=error msg="non-retriable error returned from app while processing pub/sub event 65a49f07-1297-44f1-9959-7ad3ec98e3b3: {\"detail\":\"Not Found\"}. status code returned: 404" app_id=transactions-service instance=random scope=dapr.runtime.processor.pubsub.subscription type=log ver=1.14.4
time="2024-12-31T17:28:44.381255207+01:00" level=error msg="non-retriable error returned from app while processing pub/sub event 53a1596c-da7e-4a4d-b410-c936e481c09a: {\"detail\":\"Not Found\"}. status code returned: 404" app_id=transactions-service instance=random scope=dapr.runtime.processor.pubsub.subscription type=log ver=1.14.4
time="2024-12-31T17:28:44.381268617+01:00" level=error msg="non-retriable error returned from app while processing pub/sub event 975b1f04-b70e-4c0b-9625-2ea38a3f4a0c: {\"detail\":\"Not Found\"}. status code returned: 404" app_id=transactions-service instance=random scope=dapr.runtime.processor.pubsub.subscription type=log ver=1.14.4
time="2024-12-31T17:28:44.381857946+01:00" level=error msg="non-retriable error returned from app while processing pub/sub event 30f10d50-e798-454e-a118-ef054f0b2b92: {\"detail\":\"Not Found\"}. status code returned: 404" app_id=transactions-service instance=random scope=dapr.runtime.processor.pubsub.subscription type=log ver=1.14.4
time="2024-12-31T17:28:44.391716243+01:00" level=error msg="non-retriable error returned from app while processing pub/sub event 67582fef-0025-4153-8d9f-8e122973a5fe: {\"detail\":\"Not Found\"}. status code returned: 404" app_id=transactions-service instance=random scope=dapr.runtime.processor.pubsub.subscription type=log ver=1.14.4
time="2024-12-31T17:28:44.399234198+01:00" level=error msg="non-retriable error returned from app while processing pub/sub event 9eb59c8f-0b43-480e-9630-5cd2f995cbe6: {\"detail\":\"Not Found\"}. status code returned: 404" app_id=transactions-service instance=random scope=dapr.runtime.processor.pubsub.subscription type=log ver=1.14.4
time="2024-12-31T17:28:44.399693341+01:00" level=error msg="non-retriable error returned from app while processing pub/sub event 039c7bbe-49de-451e-886f-063079ffd9d2: {\"detail\":\"Not Found\"}. status code returned: 404" app_id=transactions-service instance=random scope=dapr.runtime.processor.pubsub.subscription type=log ver=1.14.4
time="2024-12-31T17:28:44.399913344+01:00" level=error msg="non-retriable error returned from app while processing pub/sub event bed15ae7-44c9-408d-a707-d81d07492156: {\"detail\":\"Not Found\"}. status code returned: 404" app_id=transactions-service instance=random scope=dapr.runtime.processor.pubsub.subscription type=log ver=1.14.4
time="2024-12-31T17:28:44.406310471+01:00" level=error msg="non-retriable error returned from app while processing pub/sub event 419ddb8f-21a4-450d-bf0f-6cd802661e2f: {\"detail\":\"Not Found\"}. status code returned: 404" app_id=transactions-service instance=random scope=dapr.runtime.processor.pubsub.subscription type=log ver=1.14.4
time="2024-12-31T17:28:44.40702803+01:00" level=error msg="non-retriable error returned from app while processing pub/sub event ef19e510-7834-4c97-9e13-f8a0311b01ad: {\"detail\":\"Not Found\"}. status code returned: 404" app_id=transactions-service instance=random scope=dapr.runtime.processor.pubsub.subscription type=log ver=1.14.4
time="2024-12-31T17:28:44.408029916+01:00" level=error msg="non-retriable error returned from app while processing pub/sub event 4a0343a5-67a0-4369-b0a0-a7bd41398197: {\"detail\":\"Not Found\"}. status code returned: 404" app_id=transactions-service instance=random scope=dapr.runtime.processor.pubsub.subscription type=log ver=1.14.4
time="2024-12-31T17:28:44.408374797+01:00" level=error msg="non-retriable error returned from app while processing pub/sub event 0a17e8b1-d166-484a-be80-1d62da0dcecf: {\"detail\":\"Not Found\"}. status code returned: 404" app_id=transactions-service instance=random scope=dapr.runtime.processor.pubsub.subscription type=log ver=1.14.4
time="2024-12-31T17:28:44.408630559+01:00" level=error msg="non-retriable error returned from app while processing pub/sub event 6b43aa8a-f3f6-4d60-ad18-04e086622f35: {\"detail\":\"Not Found\"}. status code returned: 404" app_id=transactions-service instance=random scope=dapr.runtime.processor.pubsub.subscription type=log ver=1.14.4
time="2024-12-31T17:31:06.498836204+01:00" level=error msg="non-retriable error returned from app while processing pub/sub event e3a22e7e-83de-4c42-809e-60eecec7870b: {\"detail\":\"Not Found\"}. status code returned: 404" app_id=transactions-service instance=random scope=dapr.runtime.processor.pubsub.subscription type=log ver=1.14.4
time="2024-12-31T17:31:26.129608495+01:00" level=error msg="non-retriable error returned from app while processing pub/sub event a0eb7d8d-ff45-417e-bced-b85b58aed603: {\"detail\":\"Not Found\"}. status code returned: 404" app_id=transactions-service instance=random scope=dapr.runtime.processor.pubsub.subscription type=log ver=1.14.4
time="2024-12-31T17:36:58.292426284+01:00" level=error msg="non-retriable error returned from app while processing pub/sub event 163177d1-e2f5-43f6-af51-5a0a6f460c28: {\"detail\":\"Not Found\"}. status code returned: 404" app_id=transactions-service instance=random scope=dapr.runtime.processor.pubsub.subscription type=log ver=1.14.4
time="2024-12-31T17:38:50.082263657+01:00" level=error msg="non-retriable error returned from app while processing pub/sub event 094712fb-4701-428d-9ae6-23c90042e37e: {\"detail\":\"Not Found\"}. status code returned: 404" app_id=transactions-service instance=random scope=dapr.runtime.processor.pubsub.subscription type=log ver=1.14.4
time="2024-12-31T17:42:28.027184405+01:00" level=error msg="non-retriable error returned from app while processing pub/sub event 1874dc14-89aa-4087-9266-a9ee65fcb632: {\"detail\":\"Not Found\"}. status code returned: 404" app_id=transactions-service instance=random scope=dapr.runtime.processor.pubsub.subscription type=log ver=1.14.4
time="2024-12-31T17:43:30.526189407+01:00" level=error msg="non-retriable error returned from app while processing pub/sub event 88593f14-c26c-4847-a839-99f6f7efa115: {\"detail\":\"Not Found\"}. status code returned: 404" app_id=transactions-service instance=random scope=dapr.runtime.processor.pubsub.subscription type=log ver=1.14.4
time="2024-12-31T17:44:29.607480437+01:00" level=error msg="non-retriable error returned from app while processing pub/sub event 6e432c90-70ed-4b7f-8902-3dcd05197f59: {\"detail\":\"Not Found\"}. status code returned: 404" app_id=transactions-service instance=random scope=dapr.runtime.processor.pubsub.subscription type=log ver=1.14.4
time="2024-12-31T17:52:52.288755609+01:00" level=error msg="non-retriable error returned from app while processing pub/sub event 05b5d969-bbe9-4682-b805-82180f749a3d: {\"detail\":\"Not Found\"}. status code returned: 404" app_id=transactions-service instance=random scope=dapr.runtime.processor.pubsub.subscription type=log ver=1.14.4
time="2024-12-31T18:10:14.475629527+01:00" level=error msg="non-retriable error returned from app while processing pub/sub event 253b0e74-46a9-4c88-9347-7a1e2412cf3a: {\"detail\":\"Not Found\"}. status code returned: 404" app_id=transactions-service instance=random scope=dapr.runtime.processor.pubsub.subscription type=log ver=1.14.4
time="2024-12-31T18:10:16.601439428+01:00" level=error msg="non-retriable error returned from app while processing pub/sub event 8a07e0e0-9ed3-4df2-8b17-39143681f15b: {\"detail\":\"Not Found\"}. status code returned: 404" app_id=transactions-service instance=random scope=dapr.runtime.processor.pubsub.subscription type=log ver=1.14.4
time="2024-12-31T18:16:33.731372005+01:00" level=info msg="Received signal 'interrupt'; beginning shutdown" app_id=transactions-service instance=random scope=dapr.signals type=log ver=1.14.4
time="2024-12-31T18:16:33.755702657+01:00" level=info msg="Dapr is shutting down" app_id=transactions-service instance=random scope=dapr.runtime type=log ver=1.14.4
time="2024-12-31T18:16:33.757366857+01:00" level=info msg="stopping mDNS server for app id: transactions-service" app_id=transactions-service component="nr (mdns/v1)" instance=random scope=dapr.contrib type=log ver=1.14.4
time="2024-12-31T18:16:33.754118007+01:00" level=info msg="Shutting down workflow engine" app_id=transactions-service instance=random scope=dapr.runtime type=log ver=1.14.4
time="2024-12-31T18:16:33.761239119+01:00" level=info msg="Shutting down actor" app_id=transactions-service instance=random scope=dapr.runtime type=log ver=1.14.4

termination signal received: shutting down
Exited Dapr successfully
Exited App successfully
