Starting Dapr with id transactions-service. HTTP Port: 3530. gRPC Port: 42189
Updating metadata for cliPID: 1345180
Flag --dapr-http-max-request-size has been deprecated, use '--max-body-size 4Mi'
Flag --dapr-http-read-buffer-size has been deprecated, use '--read-buffer-size 4Ki'
time="2024-12-31T18:21:46.571960888+01:00" level=info msg="Starting Dapr Runtime -- version 1.14.4 -- commit 583960dc90120616124b60ad2b7820fc0b3edf44" app_id=transactions-service instance=random scope=dapr.runtime type=log ver=1.14.4
time="2024-12-31T18:21:46.572044+01:00" level=info msg="Log level set to: info" app_id=transactions-service instance=random scope=dapr.runtime type=log ver=1.14.4
time="2024-12-31T18:21:46.575633471+01:00" level=warning msg="mTLS is disabled. Skipping certificate request and tls validation" app_id=transactions-service instance=random scope=dapr.runtime.security type=log ver=1.14.4
time="2024-12-31T18:21:46.578714909+01:00" level=info msg="metric spec: {0xc001d4a0d7 <nil> <nil> []}" app_id=transactions-service instance=random scope=dapr.runtime.diagnostics type=log ver=1.14.4
time="2024-12-31T18:21:46.579032831+01:00" level=info msg="Using default latency distribution buckets: [1 2 3 4 5 6 8 10 13 16 20 25 30 40 50 65 80 100 130 160 200 250 300 400 500 650 800 1000 2000 5000 10000 20000 50000 100000]" app_id=transactions-service instance=random scope=dapr.runtime.diagnostics type=log ver=1.14.4
time="2024-12-31T18:21:46.579686484+01:00" level=warning msg="The default value for 'spec.metric.http.increasedCardinality' will change to 'false' in Dapr 1.15 or later" app_id=transactions-service instance=random scope=dapr.runtime.diagnostics type=log ver=1.14.4
time="2024-12-31T18:21:46.581260379+01:00" level=info msg="metrics server started on :39849/" app_id=transactions-service instance=random scope=dapr.runtime type=log ver=1.14.4
time="2024-12-31T18:21:46.581532274+01:00" level=info msg="standalone mode configured" app_id=transactions-service instance=random scope=dapr.runtime type=log ver=1.14.4
time="2024-12-31T18:21:46.581678594+01:00" level=info msg="app id: transactions-service" app_id=transactions-service instance=random scope=dapr.runtime type=log ver=1.14.4
time="2024-12-31T18:21:46.581828126+01:00" level=info msg="Dapr trace sampler initialized: ParentBased{root:AlwaysOnSampler,remoteParentSampled:AlwaysOnSampler,remoteParentNotSampled:AlwaysOffSampler,localParentSampled:AlwaysOnSampler,localParentNotSampled:AlwaysOffSampler}" app_id=transactions-service instance=random scope=dapr.runtime type=log ver=1.14.4
time="2024-12-31T18:21:46.582517189+01:00" level=info msg="local service entry announced: transactions-service -> 192.168.1.18:45181" app_id=transactions-service component="nr (mdns/v1)" instance=random scope=dapr.contrib type=log ver=1.14.4
time="2024-12-31T18:21:46.582586403+01:00" level=info msg="Initialized name resolution to mdns" app_id=transactions-service instance=random scope=dapr.runtime type=log ver=1.14.4
time="2024-12-31T18:21:46.582697941+01:00" level=info msg="Loading components…" app_id=transactions-service instance=random scope=dapr.runtime type=log ver=1.14.4
time="2024-12-31T18:21:46.595595353+01:00" level=info msg="Component loaded: pubsub (pubsub.redis/v1)" app_id=transactions-service instance=random scope=dapr.runtime.processor type=log ver=1.14.4
time="2024-12-31T18:21:46.595892741+01:00" level=info msg="Waiting for all outstanding components to be processed…" app_id=transactions-service instance=random scope=dapr.runtime type=log ver=1.14.4
time="2024-12-31T18:21:46.613796443+01:00" level=info msg="Using 'statestore' as actor state store" app_id=transactions-service instance=random scope=dapr.runtime.processor.state type=log ver=1.14.4
time="2024-12-31T18:21:46.613909238+01:00" level=info msg="Component loaded: statestore (state.redis/v1)" app_id=transactions-service instance=random scope=dapr.runtime.processor type=log ver=1.14.4
time="2024-12-31T18:21:46.613961061+01:00" level=info msg="All outstanding components processed" app_id=transactions-service instance=random scope=dapr.runtime type=log ver=1.14.4
time="2024-12-31T18:21:46.614015957+01:00" level=info msg="Loading endpoints…" app_id=transactions-service instance=random scope=dapr.runtime type=log ver=1.14.4
time="2024-12-31T18:21:46.614542637+01:00" level=info msg="Waiting for all outstanding http endpoints to be processed…" app_id=transactions-service instance=random scope=dapr.runtime type=log ver=1.14.4
time="2024-12-31T18:21:46.614609825+01:00" level=info msg="All outstanding http endpoints processed" app_id=transactions-service instance=random scope=dapr.runtime type=log ver=1.14.4
time="2024-12-31T18:21:46.614632734+01:00" level=info msg="Loading Declarative Subscriptions…" app_id=transactions-service instance=random scope=dapr.runtime type=log ver=1.14.4
time="2024-12-31T18:21:46.61564782+01:00" level=info msg="Found Subscription: updateaccount-subscription" app_id=transactions-service instance=random scope=dapr.runtime type=log ver=1.14.4
time="2024-12-31T18:21:46.615808318+01:00" level=info msg="gRPC server listening on TCP address: :42189" app_id=transactions-service instance=random scope=dapr.runtime.grpc.api type=log ver=1.14.4
time="2024-12-31T18:21:46.615835486+01:00" level=info msg="Enabled gRPC tracing middleware" app_id=transactions-service instance=random scope=dapr.runtime.grpc.api type=log ver=1.14.4
time="2024-12-31T18:21:46.615848826+01:00" level=info msg="Enabled gRPC metrics middleware" app_id=transactions-service instance=random scope=dapr.runtime.grpc.api type=log ver=1.14.4
time="2024-12-31T18:21:46.615948421+01:00" level=info msg="Registering workflow engine for gRPC endpoint: [::]:42189" app_id=transactions-service instance=random scope=dapr.runtime.grpc.api type=log ver=1.14.4
time="2024-12-31T18:21:46.616004854+01:00" level=info msg="API gRPC server is running on port 42189" app_id=transactions-service instance=random scope=dapr.runtime type=log ver=1.14.4
time="2024-12-31T18:21:46.616049692+01:00" level=warning msg="The default value for 'spec.metric.http.increasedCardinality' will change to 'false' in Dapr 1.15 or later" app_id=transactions-service instance=random scope=dapr.runtime.http type=log ver=1.14.4
time="2024-12-31T18:21:46.616166119+01:00" level=info msg="Enabled max body size HTTP middleware with size 4194304 bytes" app_id=transactions-service instance=random scope=dapr.runtime.http type=log ver=1.14.4
time="2024-12-31T18:21:46.616187491+01:00" level=info msg="Enabled tracing HTTP middleware" app_id=transactions-service instance=random scope=dapr.runtime.http type=log ver=1.14.4
time="2024-12-31T18:21:46.616201809+01:00" level=info msg="Enabled metrics HTTP middleware" app_id=transactions-service instance=random scope=dapr.runtime.http type=log ver=1.14.4
time="2024-12-31T18:21:46.616642792+01:00" level=info msg="HTTP server listening on TCP address: :3530" app_id=transactions-service instance=random scope=dapr.runtime.http type=log ver=1.14.4
time="2024-12-31T18:21:46.616719409+01:00" level=info msg="HTTP server is running on port 3530" app_id=transactions-service instance=random scope=dapr.runtime type=log ver=1.14.4
time="2024-12-31T18:21:46.616737708+01:00" level=info msg="The request body size parameter is: 4194304 bytes" app_id=transactions-service instance=random scope=dapr.runtime type=log ver=1.14.4
time="2024-12-31T18:21:46.616806782+01:00" level=info msg="gRPC server listening on TCP address: :45181" app_id=transactions-service instance=random scope=dapr.runtime.grpc.internal type=log ver=1.14.4
time="2024-12-31T18:21:46.616833811+01:00" level=info msg="Enabled gRPC tracing middleware" app_id=transactions-service instance=random scope=dapr.runtime.grpc.internal type=log ver=1.14.4
time="2024-12-31T18:21:46.616849944+01:00" level=info msg="Enabled gRPC metrics middleware" app_id=transactions-service instance=random scope=dapr.runtime.grpc.internal type=log ver=1.14.4
time="2024-12-31T18:21:46.616909659+01:00" level=info msg="Internal gRPC server is running on :45181" app_id=transactions-service instance=random scope=dapr.runtime type=log ver=1.14.4
time="2024-12-31T18:21:46.617010651+01:00" level=info msg="application protocol: http. waiting on port 8000.  This will block until the app is listening on that port." app_id=transactions-service instance=random scope=dapr.runtime type=log ver=1.14.4
Updating metadata for app command: uvicorn main:app --reload --log-level debug
Updating metadata for appPID: 1345325
You're up and running! Dapr logs will appear here.

time="2024-12-31T18:21:49.955150308+01:00" level=info msg="application discovered on port 8000" app_id=transactions-service instance=random scope=dapr.runtime type=log ver=1.14.4
time="2024-12-31T18:21:49.957270298+01:00" level=info msg="Application configuration loaded" app_id=transactions-service instance=random scope=dapr.runtime type=log ver=1.14.4
time="2024-12-31T18:21:49.957397481+01:00" level=info msg="Configuring actors placement provider 'placement'. Configuration: 'placement:localhost:50005'" app_id=transactions-service instance=random scope=dapr.runtime.actor type=log ver=1.14.4
time="2024-12-31T18:21:49.957459082+01:00" level=info msg="Configuring actor reminders provider 'default'. Configuration: ''" app_id=transactions-service instance=random scope=dapr.runtime.actor type=log ver=1.14.4
time="2024-12-31T18:21:49.957517539+01:00" level=info msg="Actor runtime started. Idle timeout: 1h0m0s" app_id=transactions-service instance=random scope=dapr.runtime.actor type=log ver=1.14.4
time="2024-12-31T18:21:49.957549737+01:00" level=info msg="Configuring workflow engine with actors backend" app_id=transactions-service instance=random scope=dapr.runtime type=log ver=1.14.4
time="2024-12-31T18:21:49.957575928+01:00" level=info msg="Registering component for dapr workflow engine..." app_id=transactions-service instance=random scope=dapr.runtime type=log ver=1.14.4
time="2024-12-31T18:21:49.957611268+01:00" level=info msg="Initializing Dapr workflow component" app_id=transactions-service component="dapr (workflow.dapr/v1)" instance=random scope=dapr.contrib type=log ver=1.14.4
time="2024-12-31T18:21:49.957716241+01:00" level=info msg="Workflow engine initialized." app_id=transactions-service instance=random scope=dapr.runtime type=log ver=1.14.4
time="2024-12-31T18:21:49.96741027+01:00" level=info msg="dapr initialized. Status: Running. Init Elapsed 3386ms" app_id=transactions-service instance=random scope=dapr.runtime type=log ver=1.14.4
time="2024-12-31T18:21:49.977772898+01:00" level=info msg="Placement tables updated, version: 0" app_id=transactions-service instance=random scope=dapr.runtime.actors.placement type=log ver=1.14.4
time="2024-12-31T18:23:06.276105513+01:00" level=error msg="non-retriable error returned from app while processing pub/sub event 7aa644a3-1fe0-4bd7-ba0e-7002a853d4f7: {\"detail\":\"Not Found\"}. status code returned: 404" app_id=transactions-service instance=random scope=dapr.runtime.processor.pubsub.subscription type=log ver=1.14.4
time="2024-12-31T18:23:08.212872157+01:00" level=error msg="non-retriable error returned from app while processing pub/sub event ca6f6a37-a6d6-48a3-8393-adc4019c903e: {\"detail\":\"Not Found\"}. status code returned: 404" app_id=transactions-service instance=random scope=dapr.runtime.processor.pubsub.subscription type=log ver=1.14.4
time="2024-12-31T18:30:15.657686618+01:00" level=error msg="non-retriable error returned from app while processing pub/sub event b5bde986-0bfe-42a1-a8ac-c955deac9f53: {\"detail\":\"Not Found\"}. status code returned: 404" app_id=transactions-service instance=random scope=dapr.runtime.processor.pubsub.subscription type=log ver=1.14.4
time="2024-12-31T18:31:56.522688788+01:00" level=error msg="non-retriable error returned from app while processing pub/sub event eb186f15-1ac2-4964-9a47-12fd5a97290a: {\"detail\":\"Not Found\"}. status code returned: 404" app_id=transactions-service instance=random scope=dapr.runtime.processor.pubsub.subscription type=log ver=1.14.4
time="2024-12-31T18:35:16.025393989+01:00" level=error msg="non-retriable error returned from app while processing pub/sub event cf9a67b9-2fef-464f-b05f-6b474c163764: {\"detail\":\"Not Found\"}. status code returned: 404" app_id=transactions-service instance=random scope=dapr.runtime.processor.pubsub.subscription type=log ver=1.14.4
time="2024-12-31T18:35:16.117092902+01:00" level=error msg="non-retriable error returned from app while processing pub/sub event 9f4f73ec-7dc1-4f4a-b5e7-de8babccf9bd: {\"detail\":\"Not Found\"}. status code returned: 404" app_id=transactions-service instance=random scope=dapr.runtime.processor.pubsub.subscription type=log ver=1.14.4
time="2024-12-31T18:36:56.017259071+01:00" level=error msg="non-retriable error returned from app while processing pub/sub event def85ecd-e8d0-4846-bc91-d4492dce753a: {\"detail\":\"Not Found\"}. status code returned: 404" app_id=transactions-service instance=random scope=dapr.runtime.processor.pubsub.subscription type=log ver=1.14.4
time="2024-12-31T18:36:56.179333371+01:00" level=error msg="non-retriable error returned from app while processing pub/sub event be798004-dc1c-4273-94e5-33d9ae253da8: {\"detail\":\"Not Found\"}. status code returned: 404" app_id=transactions-service instance=random scope=dapr.runtime.processor.pubsub.subscription type=log ver=1.14.4
time="2024-12-31T18:40:41.85269563+01:00" level=error msg="non-retriable error returned from app while processing pub/sub event e49d5844-4d94-4320-a215-caa6188f33f1: {\"detail\":\"Not Found\"}. status code returned: 404" app_id=transactions-service instance=random scope=dapr.runtime.processor.pubsub.subscription type=log ver=1.14.4
time="2024-12-31T18:43:32.35338109+01:00" level=error msg="non-retriable error returned from app while processing pub/sub event 1e3bcc03-7b4e-419f-95e6-b89025a689c6: {\"detail\":\"Not Found\"}. status code returned: 404" app_id=transactions-service instance=random scope=dapr.runtime.processor.pubsub.subscription type=log ver=1.14.4
time="2024-12-31T18:43:32.725897656+01:00" level=error msg="non-retriable error returned from app while processing pub/sub event 03c60fd4-97af-4543-aab6-38ed198e2d89: {\"detail\":\"Not Found\"}. status code returned: 404" app_id=transactions-service instance=random scope=dapr.runtime.processor.pubsub.subscription type=log ver=1.14.4
time="2024-12-31T18:46:54.353220536+01:00" level=error msg="non-retriable error returned from app while processing pub/sub event 9b20500b-4bdc-4d0f-958b-2daaffa33b64: {\"detail\":\"Not Found\"}. status code returned: 404" app_id=transactions-service instance=random scope=dapr.runtime.processor.pubsub.subscription type=log ver=1.14.4
time="2024-12-31T18:46:54.679959793+01:00" level=error msg="non-retriable error returned from app while processing pub/sub event e02a87e1-da4d-470d-b632-d35c274a5d7e: {\"detail\":\"Not Found\"}. status code returned: 404" app_id=transactions-service instance=random scope=dapr.runtime.processor.pubsub.subscription type=log ver=1.14.4
time="2024-12-31T18:48:15.659568334+01:00" level=error msg="non-retriable error returned from app while processing pub/sub event b426a46e-7ff4-46e5-a590-92669770cd8d: {\"detail\":\"Not Found\"}. status code returned: 404" app_id=transactions-service instance=random scope=dapr.runtime.processor.pubsub.subscription type=log ver=1.14.4
time="2024-12-31T18:48:15.968472195+01:00" level=error msg="non-retriable error returned from app while processing pub/sub event b55b8b81-b4c2-4b08-81d8-188c8d190fbc: {\"detail\":\"Not Found\"}. status code returned: 404" app_id=transactions-service instance=random scope=dapr.runtime.processor.pubsub.subscription type=log ver=1.14.4
time="2024-12-31T18:49:59.864582421+01:00" level=error msg="non-retriable error returned from app while processing pub/sub event 633b5cdb-55da-46c4-8ac1-ba2fc5acc155: {\"detail\":\"Not Found\"}. status code returned: 404" app_id=transactions-service instance=random scope=dapr.runtime.processor.pubsub.subscription type=log ver=1.14.4
time="2024-12-31T18:50:00.117991546+01:00" level=error msg="non-retriable error returned from app while processing pub/sub event bcbb1579-c055-4911-8739-7061f2b2219d: {\"detail\":\"Not Found\"}. status code returned: 404" app_id=transactions-service instance=random scope=dapr.runtime.processor.pubsub.subscription type=log ver=1.14.4
time="2024-12-31T18:50:55.795775183+01:00" level=info msg="Received signal 'interrupt'; beginning shutdown" app_id=transactions-service instance=random scope=dapr.signals type=log ver=1.14.4
time="2024-12-31T18:50:55.796758213+01:00" level=info msg="Dapr is shutting down" app_id=transactions-service instance=random scope=dapr.runtime type=log ver=1.14.4
time="2024-12-31T18:50:55.796869401+01:00" level=info msg="Shutting down component statestore (state.redis/v1)" app_id=transactions-service instance=random scope=dapr.runtime type=log ver=1.14.4
time="2024-12-31T18:50:55.796950279+01:00" level=info msg="Shutting down workflow engine" app_id=transactions-service instance=random scope=dapr.runtime type=log ver=1.14.4
time="2024-12-31T18:50:55.797022007+01:00" level=info msg="Shutting down actor" app_id=transactions-service instance=random scope=dapr.runtime type=log ver=1.14.4
time="2024-12-31T18:50:55.800129776+01:00" level=info msg="Closing HTTP server [::]:3530…" app_id=transactions-service instance=random scope=dapr.runtime.http type=log ver=1.14.4
time="2024-12-31T18:50:55.800408097+01:00" level=info msg="stopping mDNS server for app id: transactions-service" app_id=transactions-service component="nr (mdns/v1)" instance=random scope=dapr.contrib type=log ver=1.14.4
time="2024-12-31T18:50:55.800389309+01:00" level=info msg="Shutting down component pubsub (pubsub.redis/v1)" app_id=transactions-service instance=random scope=dapr.runtime type=log ver=1.14.4

termination signal received: shutting down
Exited Dapr successfully
Exited App successfully
