Starting Dapr with id transactions-service. HTTP Port: 3530. gRPC Port: 33239
Updating metadata for cliPID: 746517
Flag --dapr-http-max-request-size has been deprecated, use '--max-body-size 4Mi'
Flag --dapr-http-read-buffer-size has been deprecated, use '--read-buffer-size 4Ki'
time="2024-12-31T01:51:02.549404053+01:00" level=info msg="Starting Dapr Runtime -- version 1.14.4 -- commit 583960dc90120616124b60ad2b7820fc0b3edf44" app_id=transactions-service instance=random scope=dapr.runtime type=log ver=1.14.4
time="2024-12-31T01:51:02.549450707+01:00" level=info msg="Log level set to: info" app_id=transactions-service instance=random scope=dapr.runtime type=log ver=1.14.4
time="2024-12-31T01:51:02.549706679+01:00" level=warning msg="mTLS is disabled. Skipping certificate request and tls validation" app_id=transactions-service instance=random scope=dapr.runtime.security type=log ver=1.14.4
time="2024-12-31T01:51:02.550356072+01:00" level=info msg="metric spec: {0xc0003ec447 <nil> <nil> []}" app_id=transactions-service instance=random scope=dapr.runtime.diagnostics type=log ver=1.14.4
time="2024-12-31T01:51:02.550438555+01:00" level=info msg="Using default latency distribution buckets: [1 2 3 4 5 6 8 10 13 16 20 25 30 40 50 65 80 100 130 160 200 250 300 400 500 650 800 1000 2000 5000 10000 20000 50000 100000]" app_id=transactions-service instance=random scope=dapr.runtime.diagnostics type=log ver=1.14.4
time="2024-12-31T01:51:02.550794611+01:00" level=warning msg="The default value for 'spec.metric.http.increasedCardinality' will change to 'false' in Dapr 1.15 or later" app_id=transactions-service instance=random scope=dapr.runtime.diagnostics type=log ver=1.14.4
time="2024-12-31T01:51:02.552289653+01:00" level=info msg="metrics server started on :43597/" app_id=transactions-service instance=random scope=dapr.runtime type=log ver=1.14.4
time="2024-12-31T01:51:02.552410899+01:00" level=info msg="standalone mode configured" app_id=transactions-service instance=random scope=dapr.runtime type=log ver=1.14.4
time="2024-12-31T01:51:02.552488144+01:00" level=info msg="app id: transactions-service" app_id=transactions-service instance=random scope=dapr.runtime type=log ver=1.14.4
time="2024-12-31T01:51:02.552624965+01:00" level=info msg="Dapr trace sampler initialized: ParentBased{root:AlwaysOnSampler,remoteParentSampled:AlwaysOnSampler,remoteParentNotSampled:AlwaysOffSampler,localParentSampled:AlwaysOnSampler,localParentNotSampled:AlwaysOffSampler}" app_id=transactions-service instance=random scope=dapr.runtime type=log ver=1.14.4
time="2024-12-31T01:51:02.553257456+01:00" level=info msg="local service entry announced: transactions-service -> 192.168.1.18:35115" app_id=transactions-service component="nr (mdns/v1)" instance=random scope=dapr.contrib type=log ver=1.14.4
time="2024-12-31T01:51:02.553331838+01:00" level=info msg="Initialized name resolution to mdns" app_id=transactions-service instance=random scope=dapr.runtime type=log ver=1.14.4
time="2024-12-31T01:51:02.553436322+01:00" level=info msg="Loading components…" app_id=transactions-service instance=random scope=dapr.runtime type=log ver=1.14.4
time="2024-12-31T01:51:02.561021603+01:00" level=info msg="Component loaded: pubsub (pubsub.redis/v1)" app_id=transactions-service instance=random scope=dapr.runtime.processor type=log ver=1.14.4
time="2024-12-31T01:51:02.561201656+01:00" level=info msg="Waiting for all outstanding components to be processed…" app_id=transactions-service instance=random scope=dapr.runtime type=log ver=1.14.4
time="2024-12-31T01:51:02.569754322+01:00" level=info msg="Using 'statestore' as actor state store" app_id=transactions-service instance=random scope=dapr.runtime.processor.state type=log ver=1.14.4
time="2024-12-31T01:51:02.569861949+01:00" level=info msg="Component loaded: statestore (state.redis/v1)" app_id=transactions-service instance=random scope=dapr.runtime.processor type=log ver=1.14.4
time="2024-12-31T01:51:02.569902178+01:00" level=info msg="All outstanding components processed" app_id=transactions-service instance=random scope=dapr.runtime type=log ver=1.14.4
time="2024-12-31T01:51:02.569970903+01:00" level=info msg="Loading endpoints…" app_id=transactions-service instance=random scope=dapr.runtime type=log ver=1.14.4
time="2024-12-31T01:51:02.570536205+01:00" level=info msg="Waiting for all outstanding http endpoints to be processed…" app_id=transactions-service instance=random scope=dapr.runtime type=log ver=1.14.4
time="2024-12-31T01:51:02.570581603+01:00" level=info msg="All outstanding http endpoints processed" app_id=transactions-service instance=random scope=dapr.runtime type=log ver=1.14.4
time="2024-12-31T01:51:02.570600111+01:00" level=info msg="Loading Declarative Subscriptions…" app_id=transactions-service instance=random scope=dapr.runtime type=log ver=1.14.4
time="2024-12-31T01:51:02.571546054+01:00" level=info msg="Found Subscription: account-subscription" app_id=transactions-service instance=random scope=dapr.runtime type=log ver=1.14.4
time="2024-12-31T01:51:02.571701033+01:00" level=info msg="gRPC server listening on TCP address: :33239" app_id=transactions-service instance=random scope=dapr.runtime.grpc.api type=log ver=1.14.4
time="2024-12-31T01:51:02.571728412+01:00" level=info msg="Enabled gRPC tracing middleware" app_id=transactions-service instance=random scope=dapr.runtime.grpc.api type=log ver=1.14.4
time="2024-12-31T01:51:02.571741472+01:00" level=info msg="Enabled gRPC metrics middleware" app_id=transactions-service instance=random scope=dapr.runtime.grpc.api type=log ver=1.14.4
time="2024-12-31T01:51:02.571825283+01:00" level=info msg="Registering workflow engine for gRPC endpoint: [::]:33239" app_id=transactions-service instance=random scope=dapr.runtime.grpc.api type=log ver=1.14.4
time="2024-12-31T01:51:02.571871588+01:00" level=info msg="API gRPC server is running on port 33239" app_id=transactions-service instance=random scope=dapr.runtime type=log ver=1.14.4
time="2024-12-31T01:51:02.571920198+01:00" level=warning msg="The default value for 'spec.metric.http.increasedCardinality' will change to 'false' in Dapr 1.15 or later" app_id=transactions-service instance=random scope=dapr.runtime.http type=log ver=1.14.4
time="2024-12-31T01:51:02.572019444+01:00" level=info msg="Enabled max body size HTTP middleware with size 4194304 bytes" app_id=transactions-service instance=random scope=dapr.runtime.http type=log ver=1.14.4
time="2024-12-31T01:51:02.572053876+01:00" level=info msg="Enabled tracing HTTP middleware" app_id=transactions-service instance=random scope=dapr.runtime.http type=log ver=1.14.4
time="2024-12-31T01:51:02.572073851+01:00" level=info msg="Enabled metrics HTTP middleware" app_id=transactions-service instance=random scope=dapr.runtime.http type=log ver=1.14.4
time="2024-12-31T01:51:02.572518536+01:00" level=info msg="HTTP server listening on TCP address: :3530" app_id=transactions-service instance=random scope=dapr.runtime.http type=log ver=1.14.4
time="2024-12-31T01:51:02.57257867+01:00" level=info msg="HTTP server is running on port 3530" app_id=transactions-service instance=random scope=dapr.runtime type=log ver=1.14.4
time="2024-12-31T01:51:02.572602068+01:00" level=info msg="The request body size parameter is: 4194304 bytes" app_id=transactions-service instance=random scope=dapr.runtime type=log ver=1.14.4
time="2024-12-31T01:51:02.572647255+01:00" level=info msg="gRPC server listening on TCP address: :35115" app_id=transactions-service instance=random scope=dapr.runtime.grpc.internal type=log ver=1.14.4
time="2024-12-31T01:51:02.572675402+01:00" level=info msg="Enabled gRPC tracing middleware" app_id=transactions-service instance=random scope=dapr.runtime.grpc.internal type=log ver=1.14.4
time="2024-12-31T01:51:02.572692653+01:00" level=info msg="Enabled gRPC metrics middleware" app_id=transactions-service instance=random scope=dapr.runtime.grpc.internal type=log ver=1.14.4
time="2024-12-31T01:51:02.57275607+01:00" level=info msg="Internal gRPC server is running on :35115" app_id=transactions-service instance=random scope=dapr.runtime type=log ver=1.14.4
time="2024-12-31T01:51:02.572856572+01:00" level=info msg="application protocol: http. waiting on port 8000.  This will block until the app is listening on that port." app_id=transactions-service instance=random scope=dapr.runtime type=log ver=1.14.4
Updating metadata for app command: uvicorn main:app --reload --log-level debug
Updating metadata for appPID: 746678
You're up and running! Dapr logs will appear here.

time="2024-12-31T01:51:05.20160829+01:00" level=info msg="application discovered on port 8000" app_id=transactions-service instance=random scope=dapr.runtime type=log ver=1.14.4
time="2024-12-31T01:51:05.203530347+01:00" level=info msg="Application configuration loaded" app_id=transactions-service instance=random scope=dapr.runtime type=log ver=1.14.4
time="2024-12-31T01:51:05.203603402+01:00" level=info msg="Configuring actors placement provider 'placement'. Configuration: 'placement:localhost:50005'" app_id=transactions-service instance=random scope=dapr.runtime.actor type=log ver=1.14.4
time="2024-12-31T01:51:05.203641187+01:00" level=info msg="Configuring actor reminders provider 'default'. Configuration: ''" app_id=transactions-service instance=random scope=dapr.runtime.actor type=log ver=1.14.4
time="2024-12-31T01:51:05.203687422+01:00" level=info msg="Actor runtime started. Idle timeout: 1h0m0s" app_id=transactions-service instance=random scope=dapr.runtime.actor type=log ver=1.14.4
time="2024-12-31T01:51:05.203709423+01:00" level=info msg="Configuring workflow engine with actors backend" app_id=transactions-service instance=random scope=dapr.runtime type=log ver=1.14.4
time="2024-12-31T01:51:05.20372835+01:00" level=info msg="Registering component for dapr workflow engine..." app_id=transactions-service instance=random scope=dapr.runtime type=log ver=1.14.4
time="2024-12-31T01:51:05.203754122+01:00" level=info msg="Initializing Dapr workflow component" app_id=transactions-service component="dapr (workflow.dapr/v1)" instance=random scope=dapr.contrib type=log ver=1.14.4
time="2024-12-31T01:51:05.203782687+01:00" level=info msg="Workflow engine initialized." app_id=transactions-service instance=random scope=dapr.runtime type=log ver=1.14.4
time="2024-12-31T01:51:05.209100402+01:00" level=info msg="dapr initialized. Status: Running. Init Elapsed 2656ms" app_id=transactions-service instance=random scope=dapr.runtime type=log ver=1.14.4
time="2024-12-31T01:51:05.216628622+01:00" level=info msg="Placement tables updated, version: 0" app_id=transactions-service instance=random scope=dapr.runtime.actors.placement type=log ver=1.14.4
time="2024-12-31T02:02:23.548707259+01:00" level=error msg="non-retriable error returned from app while processing pub/sub event b0e4ed4c-f615-49b5-a48e-c1965b38309f: {\"detail\":\"Not Found\"}. status code returned: 404" app_id=transactions-service instance=random scope=dapr.runtime.processor.pubsub.subscription type=log ver=1.14.4
time="2024-12-31T02:05:38.684730973+01:00" level=error msg="non-retriable error returned from app while processing pub/sub event d541111b-ea67-426f-8876-1a83746cfca2: {\"detail\":\"Not Found\"}. status code returned: 404" app_id=transactions-service instance=random scope=dapr.runtime.processor.pubsub.subscription type=log ver=1.14.4
time="2024-12-31T02:08:44.176471057+01:00" level=error msg="non-retriable error returned from app while processing pub/sub event df742601-cddd-4bfb-b7b2-8cb3f15c8e41: {\"detail\":\"Not Found\"}. status code returned: 404" app_id=transactions-service instance=random scope=dapr.runtime.processor.pubsub.subscription type=log ver=1.14.4
time="2024-12-31T02:08:45.190553046+01:00" level=error msg="non-retriable error returned from app while processing pub/sub event cf854cb4-9a28-41a9-9ec3-3dd3ec4655ef: {\"detail\":\"Not Found\"}. status code returned: 404" app_id=transactions-service instance=random scope=dapr.runtime.processor.pubsub.subscription type=log ver=1.14.4
time="2024-12-31T02:08:46.195144809+01:00" level=error msg="non-retriable error returned from app while processing pub/sub event f71e6541-ff5b-4bde-97a8-43fad81fac21: {\"detail\":\"Not Found\"}. status code returned: 404" app_id=transactions-service instance=random scope=dapr.runtime.processor.pubsub.subscription type=log ver=1.14.4
time="2024-12-31T02:08:47.203361172+01:00" level=error msg="non-retriable error returned from app while processing pub/sub event 392ba1dd-b6f2-49e4-9708-c0f22c451645: {\"detail\":\"Not Found\"}. status code returned: 404" app_id=transactions-service instance=random scope=dapr.runtime.processor.pubsub.subscription type=log ver=1.14.4
time="2024-12-31T02:08:48.226363337+01:00" level=error msg="non-retriable error returned from app while processing pub/sub event 8d951e75-23c1-48e3-bbab-c6954e48d2ef: {\"detail\":\"Not Found\"}. status code returned: 404" app_id=transactions-service instance=random scope=dapr.runtime.processor.pubsub.subscription type=log ver=1.14.4
time="2024-12-31T02:08:49.22887932+01:00" level=error msg="non-retriable error returned from app while processing pub/sub event 3e5f26bf-fa3f-4bdd-bd6a-c95c458aa8fe: {\"detail\":\"Not Found\"}. status code returned: 404" app_id=transactions-service instance=random scope=dapr.runtime.processor.pubsub.subscription type=log ver=1.14.4
time="2024-12-31T02:08:50.23591528+01:00" level=error msg="non-retriable error returned from app while processing pub/sub event eb215928-cf95-487c-ab39-00c2951c3d4d: {\"detail\":\"Not Found\"}. status code returned: 404" app_id=transactions-service instance=random scope=dapr.runtime.processor.pubsub.subscription type=log ver=1.14.4
time="2024-12-31T02:08:51.244141211+01:00" level=error msg="non-retriable error returned from app while processing pub/sub event 988aca38-3050-4587-9b9c-40090a5d803f: {\"detail\":\"Not Found\"}. status code returned: 404" app_id=transactions-service instance=random scope=dapr.runtime.processor.pubsub.subscription type=log ver=1.14.4
time="2024-12-31T02:08:52.250515416+01:00" level=error msg="non-retriable error returned from app while processing pub/sub event f46640b9-7724-4b2a-9166-6506bb79f3e7: {\"detail\":\"Not Found\"}. status code returned: 404" app_id=transactions-service instance=random scope=dapr.runtime.processor.pubsub.subscription type=log ver=1.14.4
time="2024-12-31T02:08:53.257004512+01:00" level=error msg="non-retriable error returned from app while processing pub/sub event b9ef613c-b042-46eb-9d4f-2d28978f98e0: {\"detail\":\"Not Found\"}. status code returned: 404" app_id=transactions-service instance=random scope=dapr.runtime.processor.pubsub.subscription type=log ver=1.14.4
time="2024-12-31T02:13:15.916846113+01:00" level=error msg="non-retriable error returned from app while processing pub/sub event 18862da6-39ef-4d71-bc0a-78f53210b5bf: {\"detail\":\"Not Found\"}. status code returned: 404" app_id=transactions-service instance=random scope=dapr.runtime.processor.pubsub.subscription type=log ver=1.14.4
time="2024-12-31T02:20:45.070624186+01:00" level=error msg="non-retriable error returned from app while processing pub/sub event e9905373-7aa8-47ff-85eb-9c06cfd3a348: {\"detail\":\"Not Found\"}. status code returned: 404" app_id=transactions-service instance=random scope=dapr.runtime.processor.pubsub.subscription type=log ver=1.14.4
time="2024-12-31T02:21:52.625533761+01:00" level=error msg="non-retriable error returned from app while processing pub/sub event ce7949ca-0489-4b4f-b5ef-0cf51bec5fc4: {\"detail\":\"Not Found\"}. status code returned: 404" app_id=transactions-service instance=random scope=dapr.runtime.processor.pubsub.subscription type=log ver=1.14.4
time="2024-12-31T02:23:10.711526402+01:00" level=error msg="non-retriable error returned from app while processing pub/sub event 4efe5c61-a40d-4156-a2d0-7b73c06a2472: {\"detail\":\"Not Found\"}. status code returned: 404" app_id=transactions-service instance=random scope=dapr.runtime.processor.pubsub.subscription type=log ver=1.14.4
time="2024-12-31T02:28:15.932989308+01:00" level=error msg="non-retriable error returned from app while processing pub/sub event e998b32e-fbe7-4c35-bb53-4d998a0a4c0c: {\"detail\":\"Not Found\"}. status code returned: 404" app_id=transactions-service instance=random scope=dapr.runtime.processor.pubsub.subscription type=log ver=1.14.4
time="2024-12-31T02:29:36.339814269+01:00" level=error msg="non-retriable error returned from app while processing pub/sub event 3663fdb9-33de-4336-9e36-9ce83665ec7d: {\"detail\":\"Not Found\"}. status code returned: 404" app_id=transactions-service instance=random scope=dapr.runtime.processor.pubsub.subscription type=log ver=1.14.4
time="2024-12-31T02:31:24.08064054+01:00" level=error msg="non-retriable error returned from app while processing pub/sub event 1819fa8c-0b95-4942-8601-6b6bda20c417: {\"detail\":\"Not Found\"}. status code returned: 404" app_id=transactions-service instance=random scope=dapr.runtime.processor.pubsub.subscription type=log ver=1.14.4
time="2024-12-31T02:38:47.283384214+01:00" level=error msg="non-retriable error returned from app while processing pub/sub event 895b38d6-b6f9-4b0e-a265-50d1f3493147: {\"detail\":\"Not Found\"}. status code returned: 404" app_id=transactions-service instance=random scope=dapr.runtime.processor.pubsub.subscription type=log ver=1.14.4
time="2024-12-31T02:39:19.920677986+01:00" level=error msg="non-retriable error returned from app while processing pub/sub event 15edafcf-c79c-451c-9a34-d56691b791d7: {\"detail\":\"Not Found\"}. status code returned: 404" app_id=transactions-service instance=random scope=dapr.runtime.processor.pubsub.subscription type=log ver=1.14.4
time="2024-12-31T02:39:20.929275338+01:00" level=error msg="non-retriable error returned from app while processing pub/sub event 67e61df1-3f4b-4d1f-8bda-548982060a3b: {\"detail\":\"Not Found\"}. status code returned: 404" app_id=transactions-service instance=random scope=dapr.runtime.processor.pubsub.subscription type=log ver=1.14.4
time="2024-12-31T02:39:21.936346847+01:00" level=error msg="non-retriable error returned from app while processing pub/sub event 30836e35-3784-4425-8c3a-81fdffc9ba0d: {\"detail\":\"Not Found\"}. status code returned: 404" app_id=transactions-service instance=random scope=dapr.runtime.processor.pubsub.subscription type=log ver=1.14.4
time="2024-12-31T02:39:22.944218539+01:00" level=error msg="non-retriable error returned from app while processing pub/sub event a3f9a37d-9574-4676-b21f-e66ba90c4f83: {\"detail\":\"Not Found\"}. status code returned: 404" app_id=transactions-service instance=random scope=dapr.runtime.processor.pubsub.subscription type=log ver=1.14.4
time="2024-12-31T02:39:23.952446147+01:00" level=error msg="non-retriable error returned from app while processing pub/sub event 7fc8230c-75ce-4315-83c7-424dc82f0b2a: {\"detail\":\"Not Found\"}. status code returned: 404" app_id=transactions-service instance=random scope=dapr.runtime.processor.pubsub.subscription type=log ver=1.14.4
time="2024-12-31T02:39:24.960074438+01:00" level=error msg="non-retriable error returned from app while processing pub/sub event 3ea0d47d-1478-4299-aa84-dce238896967: {\"detail\":\"Not Found\"}. status code returned: 404" app_id=transactions-service instance=random scope=dapr.runtime.processor.pubsub.subscription type=log ver=1.14.4
time="2024-12-31T02:39:25.966190507+01:00" level=error msg="non-retriable error returned from app while processing pub/sub event 78e87cbd-6965-4742-a67b-8b52ee7e05c0: {\"detail\":\"Not Found\"}. status code returned: 404" app_id=transactions-service instance=random scope=dapr.runtime.processor.pubsub.subscription type=log ver=1.14.4
time="2024-12-31T02:39:26.97491148+01:00" level=error msg="non-retriable error returned from app while processing pub/sub event a31ed2f8-6035-47ec-9641-a30c143be167: {\"detail\":\"Not Found\"}. status code returned: 404" app_id=transactions-service instance=random scope=dapr.runtime.processor.pubsub.subscription type=log ver=1.14.4
time="2024-12-31T02:39:27.983795115+01:00" level=error msg="non-retriable error returned from app while processing pub/sub event 410f5f90-a70a-45f0-9f5b-0f8b44396fe2: {\"detail\":\"Not Found\"}. status code returned: 404" app_id=transactions-service instance=random scope=dapr.runtime.processor.pubsub.subscription type=log ver=1.14.4
time="2024-12-31T02:39:28.992156819+01:00" level=error msg="non-retriable error returned from app while processing pub/sub event 414bc190-919b-43a0-9ad5-94eeebe11970: {\"detail\":\"Not Found\"}. status code returned: 404" app_id=transactions-service instance=random scope=dapr.runtime.processor.pubsub.subscription type=log ver=1.14.4
time="2024-12-31T02:40:07.290014446+01:00" level=info msg="Received signal 'interrupt'; beginning shutdown" app_id=transactions-service instance=random scope=dapr.signals type=log ver=1.14.4
time="2024-12-31T02:40:07.293809321+01:00" level=info msg="Dapr is shutting down" app_id=transactions-service instance=random scope=dapr.runtime type=log ver=1.14.4
time="2024-12-31T02:40:07.295033306+01:00" level=info msg="Shutting down component statestore (state.redis/v1)" app_id=transactions-service instance=random scope=dapr.runtime type=log ver=1.14.4
time="2024-12-31T02:40:07.29519988+01:00" level=info msg="Shutting down workflow engine" app_id=transactions-service instance=random scope=dapr.runtime type=log ver=1.14.4
time="2024-12-31T02:40:07.295346059+01:00" level=info msg="Shutting down actor" app_id=transactions-service instance=random scope=dapr.runtime type=log ver=1.14.4
time="2024-12-31T02:40:07.296206166+01:00" level=info msg="Closing HTTP server [::]:3530…" app_id=transactions-service instance=random scope=dapr.runtime.http type=log ver=1.14.4
time="2024-12-31T02:40:07.296637721+01:00" level=info msg="Shutting down component pubsub (pubsub.redis/v1)" app_id=transactions-service instance=random scope=dapr.runtime type=log ver=1.14.4
time="2024-12-31T02:40:07.296851997+01:00" level=info msg="stopping mDNS server for app id: transactions-service" app_id=transactions-service component="nr (mdns/v1)" instance=random scope=dapr.contrib type=log ver=1.14.4
time="2024-12-31T02:40:07.297531491+01:00" level=info msg="Dapr runtime stopped" app_id=transactions-service instance=random scope=dapr.runtime type=log ver=1.14.4

termination signal received: shutting down
Exited Dapr successfully
Exited App successfully
