Starting Dapr with id accounting-service. HTTP Port: 3500. gRPC Port: 40411
Updating metadata for cliPID: 249442
Flag --dapr-http-max-request-size has been deprecated, use '--max-body-size 4Mi'
Flag --dapr-http-read-buffer-size has been deprecated, use '--read-buffer-size 4Ki'
time="2024-12-30T17:03:11.902763552+01:00" level=info msg="Starting Dapr Runtime -- version 1.14.4 -- commit 583960dc90120616124b60ad2b7820fc0b3edf44" app_id=accounting-service instance=random scope=dapr.runtime type=log ver=1.14.4
time="2024-12-30T17:03:11.90280448+01:00" level=info msg="Log level set to: info" app_id=accounting-service instance=random scope=dapr.runtime type=log ver=1.14.4
time="2024-12-30T17:03:11.903042642+01:00" level=warning msg="mTLS is disabled. Skipping certificate request and tls validation" app_id=accounting-service instance=random scope=dapr.runtime.security type=log ver=1.14.4
time="2024-12-30T17:03:11.903599355+01:00" level=info msg="metric spec: {0xc00181ae37 <nil> <nil> []}" app_id=accounting-service instance=random scope=dapr.runtime.diagnostics type=log ver=1.14.4
time="2024-12-30T17:03:11.903652854+01:00" level=info msg="Using default latency distribution buckets: [1 2 3 4 5 6 8 10 13 16 20 25 30 40 50 65 80 100 130 160 200 250 300 400 500 650 800 1000 2000 5000 10000 20000 50000 100000]" app_id=accounting-service instance=random scope=dapr.runtime.diagnostics type=log ver=1.14.4
time="2024-12-30T17:03:11.904059476+01:00" level=warning msg="The default value for 'spec.metric.http.increasedCardinality' will change to 'false' in Dapr 1.15 or later" app_id=accounting-service instance=random scope=dapr.runtime.diagnostics type=log ver=1.14.4
time="2024-12-30T17:03:11.905326205+01:00" level=info msg="standalone mode configured" app_id=accounting-service instance=random scope=dapr.runtime type=log ver=1.14.4
time="2024-12-30T17:03:11.905416092+01:00" level=info msg="app id: accounting-service" app_id=accounting-service instance=random scope=dapr.runtime type=log ver=1.14.4
time="2024-12-30T17:03:11.905542018+01:00" level=info msg="Dapr trace sampler initialized: ParentBased{root:AlwaysOnSampler,remoteParentSampled:AlwaysOnSampler,remoteParentNotSampled:AlwaysOffSampler,localParentSampled:AlwaysOnSampler,localParentNotSampled:AlwaysOffSampler}" app_id=accounting-service instance=random scope=dapr.runtime type=log ver=1.14.4
time="2024-12-30T17:03:11.905590907+01:00" level=info msg="metrics server started on :44837/" app_id=accounting-service instance=random scope=dapr.runtime type=log ver=1.14.4
time="2024-12-30T17:03:11.906172414+01:00" level=info msg="local service entry announced: accounting-service -> 192.168.1.18:46843" app_id=accounting-service component="nr (mdns/v1)" instance=random scope=dapr.contrib type=log ver=1.14.4
time="2024-12-30T17:03:11.906233456+01:00" level=info msg="Initialized name resolution to mdns" app_id=accounting-service instance=random scope=dapr.runtime type=log ver=1.14.4
time="2024-12-30T17:03:11.906354074+01:00" level=info msg="Loading components…" app_id=accounting-service instance=random scope=dapr.runtime type=log ver=1.14.4
time="2024-12-30T17:03:11.914806037+01:00" level=info msg="Component loaded: pubsub (pubsub.redis/v1)" app_id=accounting-service instance=random scope=dapr.runtime.processor type=log ver=1.14.4
time="2024-12-30T17:03:11.914977989+01:00" level=info msg="Waiting for all outstanding components to be processed…" app_id=accounting-service instance=random scope=dapr.runtime type=log ver=1.14.4
time="2024-12-30T17:03:11.923161198+01:00" level=info msg="Using 'statestore' as actor state store" app_id=accounting-service instance=random scope=dapr.runtime.processor.state type=log ver=1.14.4
time="2024-12-30T17:03:11.923263866+01:00" level=info msg="Component loaded: statestore (state.redis/v1)" app_id=accounting-service instance=random scope=dapr.runtime.processor type=log ver=1.14.4
time="2024-12-30T17:03:11.923303677+01:00" level=info msg="All outstanding components processed" app_id=accounting-service instance=random scope=dapr.runtime type=log ver=1.14.4
time="2024-12-30T17:03:11.923364579+01:00" level=info msg="Loading endpoints…" app_id=accounting-service instance=random scope=dapr.runtime type=log ver=1.14.4
time="2024-12-30T17:03:11.923811081+01:00" level=info msg="Waiting for all outstanding http endpoints to be processed…" app_id=accounting-service instance=random scope=dapr.runtime type=log ver=1.14.4
time="2024-12-30T17:03:11.923855221+01:00" level=info msg="All outstanding http endpoints processed" app_id=accounting-service instance=random scope=dapr.runtime type=log ver=1.14.4
time="2024-12-30T17:03:11.923880015+01:00" level=info msg="Loading Declarative Subscriptions…" app_id=accounting-service instance=random scope=dapr.runtime type=log ver=1.14.4
time="2024-12-30T17:03:11.924579416+01:00" level=info msg="gRPC server listening on TCP address: :40411" app_id=accounting-service instance=random scope=dapr.runtime.grpc.api type=log ver=1.14.4
time="2024-12-30T17:03:11.924614476+01:00" level=info msg="Enabled gRPC tracing middleware" app_id=accounting-service instance=random scope=dapr.runtime.grpc.api type=log ver=1.14.4
time="2024-12-30T17:03:11.924633264+01:00" level=info msg="Enabled gRPC metrics middleware" app_id=accounting-service instance=random scope=dapr.runtime.grpc.api type=log ver=1.14.4
time="2024-12-30T17:03:11.924744523+01:00" level=info msg="Registering workflow engine for gRPC endpoint: [::]:40411" app_id=accounting-service instance=random scope=dapr.runtime.grpc.api type=log ver=1.14.4
time="2024-12-30T17:03:11.924810314+01:00" level=info msg="API gRPC server is running on port 40411" app_id=accounting-service instance=random scope=dapr.runtime type=log ver=1.14.4
time="2024-12-30T17:03:11.92486081+01:00" level=warning msg="The default value for 'spec.metric.http.increasedCardinality' will change to 'false' in Dapr 1.15 or later" app_id=accounting-service instance=random scope=dapr.runtime.http type=log ver=1.14.4
time="2024-12-30T17:03:11.924919268+01:00" level=info msg="Enabled max body size HTTP middleware with size 4194304 bytes" app_id=accounting-service instance=random scope=dapr.runtime.http type=log ver=1.14.4
time="2024-12-30T17:03:11.924939383+01:00" level=info msg="Enabled tracing HTTP middleware" app_id=accounting-service instance=random scope=dapr.runtime.http type=log ver=1.14.4
time="2024-12-30T17:03:11.924960335+01:00" level=info msg="Enabled metrics HTTP middleware" app_id=accounting-service instance=random scope=dapr.runtime.http type=log ver=1.14.4
time="2024-12-30T17:03:11.925519493+01:00" level=info msg="HTTP server listening on TCP address: :3500" app_id=accounting-service instance=random scope=dapr.runtime.http type=log ver=1.14.4
time="2024-12-30T17:03:11.925584725+01:00" level=info msg="HTTP server is running on port 3500" app_id=accounting-service instance=random scope=dapr.runtime type=log ver=1.14.4
time="2024-12-30T17:03:11.925602046+01:00" level=info msg="The request body size parameter is: 4194304 bytes" app_id=accounting-service instance=random scope=dapr.runtime type=log ver=1.14.4
time="2024-12-30T17:03:11.925648142+01:00" level=info msg="gRPC server listening on TCP address: :46843" app_id=accounting-service instance=random scope=dapr.runtime.grpc.internal type=log ver=1.14.4
time="2024-12-30T17:03:11.925670003+01:00" level=info msg="Enabled gRPC tracing middleware" app_id=accounting-service instance=random scope=dapr.runtime.grpc.internal type=log ver=1.14.4
time="2024-12-30T17:03:11.925685019+01:00" level=info msg="Enabled gRPC metrics middleware" app_id=accounting-service instance=random scope=dapr.runtime.grpc.internal type=log ver=1.14.4
time="2024-12-30T17:03:11.92577756+01:00" level=info msg="Internal gRPC server is running on :46843" app_id=accounting-service instance=random scope=dapr.runtime type=log ver=1.14.4
time="2024-12-30T17:03:11.925882463+01:00" level=info msg="application protocol: http. waiting on port 8081.  This will block until the app is listening on that port." app_id=accounting-service instance=random scope=dapr.runtime type=log ver=1.14.4
time="2024-12-30T17:03:12.531278652+01:00" level=info msg="application discovered on port 8081" app_id=accounting-service instance=random scope=dapr.runtime type=log ver=1.14.4
time="2024-12-30T17:03:12.561236797+01:00" level=info msg="Application configuration loaded" app_id=accounting-service instance=random scope=dapr.runtime type=log ver=1.14.4
time="2024-12-30T17:03:12.561395409+01:00" level=info msg="Configuring actors placement provider 'placement'. Configuration: 'placement:localhost:50005'" app_id=accounting-service instance=random scope=dapr.runtime.actor type=log ver=1.14.4
time="2024-12-30T17:03:12.561476216+01:00" level=info msg="Configuring actor reminders provider 'default'. Configuration: ''" app_id=accounting-service instance=random scope=dapr.runtime.actor type=log ver=1.14.4
time="2024-12-30T17:03:12.561590269+01:00" level=info msg="Actor runtime started. Idle timeout: 1h0m0s" app_id=accounting-service instance=random scope=dapr.runtime.actor type=log ver=1.14.4
time="2024-12-30T17:03:12.561668771+01:00" level=info msg="Configuring workflow engine with actors backend" app_id=accounting-service instance=random scope=dapr.runtime type=log ver=1.14.4
time="2024-12-30T17:03:12.561707953+01:00" level=info msg="Registering component for dapr workflow engine..." app_id=accounting-service instance=random scope=dapr.runtime type=log ver=1.14.4
time="2024-12-30T17:03:12.56180245+01:00" level=info msg="Initializing Dapr workflow component" app_id=accounting-service component="dapr (workflow.dapr/v1)" instance=random scope=dapr.contrib type=log ver=1.14.4
time="2024-12-30T17:03:12.561878647+01:00" level=info msg="Workflow engine initialized." app_id=accounting-service instance=random scope=dapr.runtime type=log ver=1.14.4
time="2024-12-30T17:03:12.565184073+01:00" level=info msg="dapr initialized. Status: Running. Init Elapsed 659ms" app_id=accounting-service instance=random scope=dapr.runtime type=log ver=1.14.4
time="2024-12-30T17:03:12.573050059+01:00" level=info msg="Placement tables updated, version: 0" app_id=accounting-service instance=random scope=dapr.runtime.actors.placement type=log ver=1.14.4
Updating metadata for app command: node app.js --reload
Updating metadata for appPID: 249470
You're up and running! Dapr logs will appear here.


termination signal received: shutting down
Exited Dapr successfully
Exited App successfully
