Starting Dapr with id accounting-service. HTTP Port: 3500. gRPC Port: 46605
Updating metadata for cliPID: 251022
Flag --dapr-http-max-request-size has been deprecated, use '--max-body-size 4Mi'
Flag --dapr-http-read-buffer-size has been deprecated, use '--read-buffer-size 4Ki'
time="2024-12-30T17:04:40.149810123+01:00" level=info msg="Starting Dapr Runtime -- version 1.14.4 -- commit 583960dc90120616124b60ad2b7820fc0b3edf44" app_id=accounting-service instance=random scope=dapr.runtime type=log ver=1.14.4
time="2024-12-30T17:04:40.149848885+01:00" level=info msg="Log level set to: info" app_id=accounting-service instance=random scope=dapr.runtime type=log ver=1.14.4
time="2024-12-30T17:04:40.15009927+01:00" level=warning msg="mTLS is disabled. Skipping certificate request and tls validation" app_id=accounting-service instance=random scope=dapr.runtime.security type=log ver=1.14.4
time="2024-12-30T17:04:40.15060395+01:00" level=info msg="metric spec: {0xc00154dd77 <nil> <nil> []}" app_id=accounting-service instance=random scope=dapr.runtime.diagnostics type=log ver=1.14.4
time="2024-12-30T17:04:40.150668833+01:00" level=info msg="Using default latency distribution buckets: [1 2 3 4 5 6 8 10 13 16 20 25 30 40 50 65 80 100 130 160 200 250 300 400 500 650 800 1000 2000 5000 10000 20000 50000 100000]" app_id=accounting-service instance=random scope=dapr.runtime.diagnostics type=log ver=1.14.4
time="2024-12-30T17:04:40.150972089+01:00" level=warning msg="The default value for 'spec.metric.http.increasedCardinality' will change to 'false' in Dapr 1.15 or later" app_id=accounting-service instance=random scope=dapr.runtime.diagnostics type=log ver=1.14.4
time="2024-12-30T17:04:40.15200317+01:00" level=info msg="standalone mode configured" app_id=accounting-service instance=random scope=dapr.runtime type=log ver=1.14.4
time="2024-12-30T17:04:40.152093965+01:00" level=info msg="app id: accounting-service" app_id=accounting-service instance=random scope=dapr.runtime type=log ver=1.14.4
time="2024-12-30T17:04:40.15218462+01:00" level=info msg="metrics server started on :43397/" app_id=accounting-service instance=random scope=dapr.runtime type=log ver=1.14.4
time="2024-12-30T17:04:40.152208367+01:00" level=info msg="Dapr trace sampler initialized: ParentBased{root:AlwaysOnSampler,remoteParentSampled:AlwaysOnSampler,remoteParentNotSampled:AlwaysOffSampler,localParentSampled:AlwaysOnSampler,localParentNotSampled:AlwaysOffSampler}" app_id=accounting-service instance=random scope=dapr.runtime type=log ver=1.14.4
time="2024-12-30T17:04:40.152853709+01:00" level=info msg="local service entry announced: accounting-service -> 192.168.1.18:44653" app_id=accounting-service component="nr (mdns/v1)" instance=random scope=dapr.contrib type=log ver=1.14.4
time="2024-12-30T17:04:40.152916148+01:00" level=info msg="Initialized name resolution to mdns" app_id=accounting-service instance=random scope=dapr.runtime type=log ver=1.14.4
time="2024-12-30T17:04:40.15303055+01:00" level=info msg="Loading components…" app_id=accounting-service instance=random scope=dapr.runtime type=log ver=1.14.4
time="2024-12-30T17:04:40.163009963+01:00" level=info msg="Component loaded: pubsub (pubsub.redis/v1)" app_id=accounting-service instance=random scope=dapr.runtime.processor type=log ver=1.14.4
time="2024-12-30T17:04:40.163177934+01:00" level=info msg="Waiting for all outstanding components to be processed…" app_id=accounting-service instance=random scope=dapr.runtime type=log ver=1.14.4
time="2024-12-30T17:04:40.172079891+01:00" level=info msg="Using 'statestore' as actor state store" app_id=accounting-service instance=random scope=dapr.runtime.processor.state type=log ver=1.14.4
time="2024-12-30T17:04:40.172187378+01:00" level=info msg="Component loaded: statestore (state.redis/v1)" app_id=accounting-service instance=random scope=dapr.runtime.processor type=log ver=1.14.4
time="2024-12-30T17:04:40.172224534+01:00" level=info msg="All outstanding components processed" app_id=accounting-service instance=random scope=dapr.runtime type=log ver=1.14.4
time="2024-12-30T17:04:40.172255544+01:00" level=info msg="Loading endpoints…" app_id=accounting-service instance=random scope=dapr.runtime type=log ver=1.14.4
time="2024-12-30T17:04:40.172698344+01:00" level=info msg="Waiting for all outstanding http endpoints to be processed…" app_id=accounting-service instance=random scope=dapr.runtime type=log ver=1.14.4
time="2024-12-30T17:04:40.172765602+01:00" level=info msg="All outstanding http endpoints processed" app_id=accounting-service instance=random scope=dapr.runtime type=log ver=1.14.4
time="2024-12-30T17:04:40.172785507+01:00" level=info msg="Loading Declarative Subscriptions…" app_id=accounting-service instance=random scope=dapr.runtime type=log ver=1.14.4
time="2024-12-30T17:04:40.173418697+01:00" level=info msg="gRPC server listening on TCP address: :46605" app_id=accounting-service instance=random scope=dapr.runtime.grpc.api type=log ver=1.14.4
time="2024-12-30T17:04:40.173465212+01:00" level=info msg="Enabled gRPC tracing middleware" app_id=accounting-service instance=random scope=dapr.runtime.grpc.api type=log ver=1.14.4
time="2024-12-30T17:04:40.173481835+01:00" level=info msg="Enabled gRPC metrics middleware" app_id=accounting-service instance=random scope=dapr.runtime.grpc.api type=log ver=1.14.4
time="2024-12-30T17:04:40.1735815+01:00" level=info msg="Registering workflow engine for gRPC endpoint: [::]:46605" app_id=accounting-service instance=random scope=dapr.runtime.grpc.api type=log ver=1.14.4
time="2024-12-30T17:04:40.173631646+01:00" level=info msg="API gRPC server is running on port 46605" app_id=accounting-service instance=random scope=dapr.runtime type=log ver=1.14.4
time="2024-12-30T17:04:40.173756734+01:00" level=warning msg="The default value for 'spec.metric.http.increasedCardinality' will change to 'false' in Dapr 1.15 or later" app_id=accounting-service instance=random scope=dapr.runtime.http type=log ver=1.14.4
time="2024-12-30T17:04:40.173834817+01:00" level=info msg="Enabled max body size HTTP middleware with size 4194304 bytes" app_id=accounting-service instance=random scope=dapr.runtime.http type=log ver=1.14.4
time="2024-12-30T17:04:40.173855002+01:00" level=info msg="Enabled tracing HTTP middleware" app_id=accounting-service instance=random scope=dapr.runtime.http type=log ver=1.14.4
time="2024-12-30T17:04:40.173870158+01:00" level=info msg="Enabled metrics HTTP middleware" app_id=accounting-service instance=random scope=dapr.runtime.http type=log ver=1.14.4
time="2024-12-30T17:04:40.174310374+01:00" level=info msg="HTTP server listening on TCP address: :3500" app_id=accounting-service instance=random scope=dapr.runtime.http type=log ver=1.14.4
time="2024-12-30T17:04:40.174372812+01:00" level=info msg="HTTP server is running on port 3500" app_id=accounting-service instance=random scope=dapr.runtime type=log ver=1.14.4
time="2024-12-30T17:04:40.174396699+01:00" level=info msg="The request body size parameter is: 4194304 bytes" app_id=accounting-service instance=random scope=dapr.runtime type=log ver=1.14.4
time="2024-12-30T17:04:40.174452503+01:00" level=info msg="gRPC server listening on TCP address: :44653" app_id=accounting-service instance=random scope=dapr.runtime.grpc.internal type=log ver=1.14.4
time="2024-12-30T17:04:40.174483722+01:00" level=info msg="Enabled gRPC tracing middleware" app_id=accounting-service instance=random scope=dapr.runtime.grpc.internal type=log ver=1.14.4
time="2024-12-30T17:04:40.174502649+01:00" level=info msg="Enabled gRPC metrics middleware" app_id=accounting-service instance=random scope=dapr.runtime.grpc.internal type=log ver=1.14.4
time="2024-12-30T17:04:40.174553215+01:00" level=info msg="Internal gRPC server is running on :44653" app_id=accounting-service instance=random scope=dapr.runtime type=log ver=1.14.4
time="2024-12-30T17:04:40.174638493+01:00" level=info msg="application protocol: http. waiting on port 8081.  This will block until the app is listening on that port." app_id=accounting-service instance=random scope=dapr.runtime type=log ver=1.14.4
time="2024-12-30T17:04:40.780374045+01:00" level=info msg="application discovered on port 8081" app_id=accounting-service instance=random scope=dapr.runtime type=log ver=1.14.4
time="2024-12-30T17:04:40.805790277+01:00" level=info msg="Application configuration loaded" app_id=accounting-service instance=random scope=dapr.runtime type=log ver=1.14.4
time="2024-12-30T17:04:40.805882748+01:00" level=info msg="Configuring actors placement provider 'placement'. Configuration: 'placement:localhost:50005'" app_id=accounting-service instance=random scope=dapr.runtime.actor type=log ver=1.14.4
time="2024-12-30T17:04:40.805913758+01:00" level=info msg="Configuring actor reminders provider 'default'. Configuration: ''" app_id=accounting-service instance=random scope=dapr.runtime.actor type=log ver=1.14.4
time="2024-12-30T17:04:40.805964254+01:00" level=info msg="Actor runtime started. Idle timeout: 1h0m0s" app_id=accounting-service instance=random scope=dapr.runtime.actor type=log ver=1.14.4
time="2024-12-30T17:04:40.80598849+01:00" level=info msg="Configuring workflow engine with actors backend" app_id=accounting-service instance=random scope=dapr.runtime type=log ver=1.14.4
time="2024-12-30T17:04:40.806003017+01:00" level=info msg="Registering component for dapr workflow engine..." app_id=accounting-service instance=random scope=dapr.runtime type=log ver=1.14.4
time="2024-12-30T17:04:40.806024039+01:00" level=info msg="Initializing Dapr workflow component" app_id=accounting-service component="dapr (workflow.dapr/v1)" instance=random scope=dapr.contrib type=log ver=1.14.4
time="2024-12-30T17:04:40.806047367+01:00" level=info msg="Workflow engine initialized." app_id=accounting-service instance=random scope=dapr.runtime type=log ver=1.14.4
time="2024-12-30T17:04:40.813602694+01:00" level=info msg="Placement tables updated, version: 0" app_id=accounting-service instance=random scope=dapr.runtime.actors.placement type=log ver=1.14.4
time="2024-12-30T17:04:40.817248531+01:00" level=info msg="dapr initialized. Status: Running. Init Elapsed 665ms" app_id=accounting-service instance=random scope=dapr.runtime type=log ver=1.14.4
Updating metadata for app command: node app.js --reload
Updating metadata for appPID: 251047
You're up and running! Dapr logs will appear here.

time="2024-12-30T17:06:18.833485428+01:00" level=info msg="Received signal 'interrupt'; beginning shutdown" app_id=accounting-service instance=random scope=dapr.signals type=log ver=1.14.4

termination signal received: shutting down
Exited Dapr successfully
Exited App successfully
