Starting Dapr with id accounting-service. HTTP Port: 3500. gRPC Port: 43159
Updating metadata for cliPID: 246388
Flag --dapr-http-max-request-size has been deprecated, use '--max-body-size 4Mi'
Flag --dapr-http-read-buffer-size has been deprecated, use '--read-buffer-size 4Ki'
time="2024-12-30T17:00:28.41683841+01:00" level=info msg="Starting Dapr Runtime -- version 1.14.4 -- commit 583960dc90120616124b60ad2b7820fc0b3edf44" app_id=accounting-service instance=random scope=dapr.runtime type=log ver=1.14.4
time="2024-12-30T17:00:28.416869908+01:00" level=info msg="Log level set to: info" app_id=accounting-service instance=random scope=dapr.runtime type=log ver=1.14.4
time="2024-12-30T17:00:28.417054711+01:00" level=warning msg="mTLS is disabled. Skipping certificate request and tls validation" app_id=accounting-service instance=random scope=dapr.runtime.security type=log ver=1.14.4
time="2024-12-30T17:00:28.417823465+01:00" level=info msg="metric spec: {0xc001664547 <nil> <nil> []}" app_id=accounting-service instance=random scope=dapr.runtime.diagnostics type=log ver=1.14.4
time="2024-12-30T17:00:28.417950299+01:00" level=info msg="Using default latency distribution buckets: [1 2 3 4 5 6 8 10 13 16 20 25 30 40 50 65 80 100 130 160 200 250 300 400 500 650 800 1000 2000 5000 10000 20000 50000 100000]" app_id=accounting-service instance=random scope=dapr.runtime.diagnostics type=log ver=1.14.4
time="2024-12-30T17:00:28.418377314+01:00" level=warning msg="The default value for 'spec.metric.http.increasedCardinality' will change to 'false' in Dapr 1.15 or later" app_id=accounting-service instance=random scope=dapr.runtime.diagnostics type=log ver=1.14.4
time="2024-12-30T17:00:28.420459522+01:00" level=info msg="standalone mode configured" app_id=accounting-service instance=random scope=dapr.runtime type=log ver=1.14.4
time="2024-12-30T17:00:28.420589987+01:00" level=info msg="app id: accounting-service" app_id=accounting-service instance=random scope=dapr.runtime type=log ver=1.14.4
time="2024-12-30T17:00:28.420630566+01:00" level=info msg="metrics server started on :38409/" app_id=accounting-service instance=random scope=dapr.runtime type=log ver=1.14.4
time="2024-12-30T17:00:28.420796162+01:00" level=info msg="Dapr trace sampler initialized: ParentBased{root:AlwaysOnSampler,remoteParentSampled:AlwaysOnSampler,remoteParentNotSampled:AlwaysOffSampler,localParentSampled:AlwaysOnSampler,localParentNotSampled:AlwaysOffSampler}" app_id=accounting-service instance=random scope=dapr.runtime type=log ver=1.14.4
time="2024-12-30T17:00:28.421648936+01:00" level=info msg="local service entry announced: accounting-service -> 192.168.1.18:46795" app_id=accounting-service component="nr (mdns/v1)" instance=random scope=dapr.contrib type=log ver=1.14.4
time="2024-12-30T17:00:28.42176229+01:00" level=info msg="Initialized name resolution to mdns" app_id=accounting-service instance=random scope=dapr.runtime type=log ver=1.14.4
time="2024-12-30T17:00:28.42195268+01:00" level=info msg="Loading components…" app_id=accounting-service instance=random scope=dapr.runtime type=log ver=1.14.4
time="2024-12-30T17:00:28.431234928+01:00" level=info msg="Component loaded: pubsub (pubsub.redis/v1)" app_id=accounting-service instance=random scope=dapr.runtime.processor type=log ver=1.14.4
time="2024-12-30T17:00:28.431420638+01:00" level=info msg="Waiting for all outstanding components to be processed…" app_id=accounting-service instance=random scope=dapr.runtime type=log ver=1.14.4
time="2024-12-30T17:00:28.439869249+01:00" level=info msg="Using 'statestore' as actor state store" app_id=accounting-service instance=random scope=dapr.runtime.processor.state type=log ver=1.14.4
time="2024-12-30T17:00:28.439958996+01:00" level=info msg="Component loaded: statestore (state.redis/v1)" app_id=accounting-service instance=random scope=dapr.runtime.processor type=log ver=1.14.4
time="2024-12-30T17:00:28.439996571+01:00" level=info msg="All outstanding components processed" app_id=accounting-service instance=random scope=dapr.runtime type=log ver=1.14.4
time="2024-12-30T17:00:28.440024648+01:00" level=info msg="Loading endpoints…" app_id=accounting-service instance=random scope=dapr.runtime type=log ver=1.14.4
time="2024-12-30T17:00:28.440385244+01:00" level=info msg="Waiting for all outstanding http endpoints to be processed…" app_id=accounting-service instance=random scope=dapr.runtime type=log ver=1.14.4
time="2024-12-30T17:00:28.440427149+01:00" level=info msg="All outstanding http endpoints processed" app_id=accounting-service instance=random scope=dapr.runtime type=log ver=1.14.4
time="2024-12-30T17:00:28.440447613+01:00" level=info msg="Loading Declarative Subscriptions…" app_id=accounting-service instance=random scope=dapr.runtime type=log ver=1.14.4
time="2024-12-30T17:00:28.441101546+01:00" level=info msg="gRPC server listening on TCP address: :43159" app_id=accounting-service instance=random scope=dapr.runtime.grpc.api type=log ver=1.14.4
time="2024-12-30T17:00:28.441148759+01:00" level=info msg="Enabled gRPC tracing middleware" app_id=accounting-service instance=random scope=dapr.runtime.grpc.api type=log ver=1.14.4
time="2024-12-30T17:00:28.441164474+01:00" level=info msg="Enabled gRPC metrics middleware" app_id=accounting-service instance=random scope=dapr.runtime.grpc.api type=log ver=1.14.4
time="2024-12-30T17:00:28.441255548+01:00" level=info msg="Registering workflow engine for gRPC endpoint: [::]:43159" app_id=accounting-service instance=random scope=dapr.runtime.grpc.api type=log ver=1.14.4
time="2024-12-30T17:00:28.441306673+01:00" level=info msg="API gRPC server is running on port 43159" app_id=accounting-service instance=random scope=dapr.runtime type=log ver=1.14.4
time="2024-12-30T17:00:28.441352978+01:00" level=warning msg="The default value for 'spec.metric.http.increasedCardinality' will change to 'false' in Dapr 1.15 or later" app_id=accounting-service instance=random scope=dapr.runtime.http type=log ver=1.14.4
time="2024-12-30T17:00:28.441420655+01:00" level=info msg="Enabled max body size HTTP middleware with size 4194304 bytes" app_id=accounting-service instance=random scope=dapr.runtime.http type=log ver=1.14.4
time="2024-12-30T17:00:28.441438325+01:00" level=info msg="Enabled tracing HTTP middleware" app_id=accounting-service instance=random scope=dapr.runtime.http type=log ver=1.14.4
time="2024-12-30T17:00:28.441453621+01:00" level=info msg="Enabled metrics HTTP middleware" app_id=accounting-service instance=random scope=dapr.runtime.http type=log ver=1.14.4
time="2024-12-30T17:00:28.441915488+01:00" level=info msg="HTTP server listening on TCP address: :3500" app_id=accounting-service instance=random scope=dapr.runtime.http type=log ver=1.14.4
time="2024-12-30T17:00:28.441988403+01:00" level=info msg="HTTP server is running on port 3500" app_id=accounting-service instance=random scope=dapr.runtime type=log ver=1.14.4
time="2024-12-30T17:00:28.44200754+01:00" level=info msg="The request body size parameter is: 4194304 bytes" app_id=accounting-service instance=random scope=dapr.runtime type=log ver=1.14.4
time="2024-12-30T17:00:28.442052239+01:00" level=info msg="gRPC server listening on TCP address: :46795" app_id=accounting-service instance=random scope=dapr.runtime.grpc.internal type=log ver=1.14.4
time="2024-12-30T17:00:28.442074798+01:00" level=info msg="Enabled gRPC tracing middleware" app_id=accounting-service instance=random scope=dapr.runtime.grpc.internal type=log ver=1.14.4
time="2024-12-30T17:00:28.442093376+01:00" level=info msg="Enabled gRPC metrics middleware" app_id=accounting-service instance=random scope=dapr.runtime.grpc.internal type=log ver=1.14.4
time="2024-12-30T17:00:28.442149948+01:00" level=info msg="Internal gRPC server is running on :46795" app_id=accounting-service instance=random scope=dapr.runtime type=log ver=1.14.4
time="2024-12-30T17:00:28.442240115+01:00" level=info msg="application protocol: http. waiting on port 8081.  This will block until the app is listening on that port." app_id=accounting-service instance=random scope=dapr.runtime type=log ver=1.14.4
Updating metadata for app command: node app.js --reload
Updating metadata for appPID: 246412
You're up and running! Dapr logs will appear here.

time="2024-12-30T17:00:29.552864423+01:00" level=info msg="application discovered on port 8081" app_id=accounting-service instance=random scope=dapr.runtime type=log ver=1.14.4
time="2024-12-30T17:00:29.590952069+01:00" level=info msg="Application configuration loaded" app_id=accounting-service instance=random scope=dapr.runtime type=log ver=1.14.4
time="2024-12-30T17:00:29.591057321+01:00" level=info msg="Configuring actors placement provider 'placement'. Configuration: 'placement:localhost:50005'" app_id=accounting-service instance=random scope=dapr.runtime.actor type=log ver=1.14.4
time="2024-12-30T17:00:29.591097341+01:00" level=info msg="Configuring actor reminders provider 'default'. Configuration: ''" app_id=accounting-service instance=random scope=dapr.runtime.actor type=log ver=1.14.4
time="2024-12-30T17:00:29.59115552+01:00" level=info msg="Actor runtime started. Idle timeout: 1h0m0s" app_id=accounting-service instance=random scope=dapr.runtime.actor type=log ver=1.14.4
time="2024-12-30T17:00:29.591193654+01:00" level=info msg="Configuring workflow engine with actors backend" app_id=accounting-service instance=random scope=dapr.runtime type=log ver=1.14.4
time="2024-12-30T17:00:29.591214676+01:00" level=info msg="Registering component for dapr workflow engine..." app_id=accounting-service instance=random scope=dapr.runtime type=log ver=1.14.4
time="2024-12-30T17:00:29.591246594+01:00" level=info msg="Initializing Dapr workflow component" app_id=accounting-service component="dapr (workflow.dapr/v1)" instance=random scope=dapr.contrib type=log ver=1.14.4
time="2024-12-30T17:00:29.59127949+01:00" level=info msg="Workflow engine initialized." app_id=accounting-service instance=random scope=dapr.runtime type=log ver=1.14.4
time="2024-12-30T17:00:29.597041896+01:00" level=info msg="dapr initialized. Status: Running. Init Elapsed 1176ms" app_id=accounting-service instance=random scope=dapr.runtime type=log ver=1.14.4
time="2024-12-30T17:00:29.597209378+01:00" level=info msg="Placement tables updated, version: 0" app_id=accounting-service instance=random scope=dapr.runtime.actors.placement type=log ver=1.14.4
time="2024-12-30T17:02:31.027378031+01:00" level=info msg="Received signal 'interrupt'; beginning shutdown" app_id=accounting-service instance=random scope=dapr.signals type=log ver=1.14.4

termination signal received: shutting down
Exited Dapr successfully
Exited App successfully
