== APP - customer-service == [nodemon] 3.1.9
== APP - customer-service == [nodemon] to restart at any time, enter `rs`
== APP - customer-service == [nodemon] watching path(s): *.*
== APP - customer-service == [nodemon] watching extensions: js,mjs,cjs,json
== APP - customer-service == [nodemon] starting `node app.js`
== APP - customer-service == Server is listening on PORT: 8081
== APP - customer-service == Executing (default): SELECT TABLE_NAME FROM INFORMATION_SCHEMA.TABLES WHERE TABLE_TYPE = 'BASE TABLE' AND TABLE_NAME = 'customers' AND TABLE_SCHEMA = 'customers'
== APP - customer-service == Executing (default): SHOW INDEX FROM `customers`
== APP - customer-service == Models synchronized with the database.
== APP - customer-service == Received message on updateAccount: 1f2fdd06-f3a2-4047-94aa-c39bc09a17e3
== APP - customer-service == Received message on updateAccount: 8e2ccf91-6bc5-47bb-81e6-0b3fbb828b5b
== APP - customer-service == Received message on updateAccount: 1f2fdd06-f3a2-4047-94aa-c39bc09a17e3
== APP - customer-service == Received message on updateAccount: 1f2fdd06-f3a2-4047-94aa-c39bc09a17e3
== APP - customer-service == Received message on updateAccount: 1f2fdd06-f3a2-4047-94aa-c39bc09a17e3
== APP - customer-service == Received message on updateAccount: 8e2ccf91-6bc5-47bb-81e6-0b3fbb828b5b
== APP - customer-service == Received message on updateAccount: 1f2fdd06-f3a2-4047-94aa-c39bc09a17e3
== APP - customer-service == Received message on updateAccount: 8e2ccf91-6bc5-47bb-81e6-0b3fbb828b5b
== APP - customer-service == Received message on updateAccount: 1f2fdd06-f3a2-4047-94aa-c39bc09a17e3
== APP - customer-service == Received message on updateAccount: 1f2fdd06-f3a2-4047-94aa-c39bc09a17e3
== APP - customer-service == Received message on updateAccount: 8e2ccf91-6bc5-47bb-81e6-0b3fbb828b5b
== APP - customer-service == Received message on updateAccount: 1f2fdd06-f3a2-4047-94aa-c39bc09a17e3
== APP - customer-service == Received message on updateAccount: 8e2ccf91-6bc5-47bb-81e6-0b3fbb828b5b
== APP - customer-service == Received message on updateAccount: 1f2fdd06-f3a2-4047-94aa-c39bc09a17e3
== APP - customer-service == Received message on updateAccount: 8e2ccf91-6bc5-47bb-81e6-0b3fbb828b5b
== APP - customer-service == Received message on updateAccount: 1f2fdd06-f3a2-4047-94aa-c39bc09a17e3
== APP - customer-service == Received message on updateAccount: 8e2ccf91-6bc5-47bb-81e6-0b3fbb828b5b

termination signal received: shutting down
