== APP - customer-service == 2024-12-31T02:34:31.573Z INFO [HTTPServer, HTTPServerImpl] [Topic = updateAccount] Registered Subscription with routes: default
== APP - customer-service == 2024-12-31T02:34:31.578Z INFO [HTTPServer, HTTPServer] Listening on 8081
== APP - customer-service == 2024-12-31T02:34:31.579Z INFO [HTTPServer, HTTPServer] Registering 1 PubSub Subscriptions
== APP - customer-service == 2024-12-31T02:34:31.606Z INFO [HTTPClient, HTTPClient] Sidecar Started
== APP - customer-service == node:events:497
== APP - customer-service ==       throw er; // Unhandled 'error' event
== APP - customer-service ==       ^
== APP - customer-service == 
== APP - customer-service == Error: listen EADDRINUSE: address already in use :::8081
== APP - customer-service ==     at Server.setupListenHandle [as _listen2] (node:net:1904:16)
== APP - customer-service ==     at listenInCluster (node:net:1961:12)
== APP - customer-service ==     at Server.listen (node:net:2063:7)
== APP - customer-service ==     at Function.listen (/home/iheb/Documents/Projects/bank-svc-app/customerManagementService/node_modules/express/lib/application.js:635:24)
== APP - customer-service ==     at startServer (/home/iheb/Documents/Projects/bank-svc-app/customerManagementService/app.js:49:7)
== APP - customer-service ==     at process.processTicksAndRejections (node:internal/process/task_queues:95:5)
== APP - customer-service == Emitted 'error' event on Server instance at:
== APP - customer-service ==     at emitErrorNT (node:net:1940:8)
== APP - customer-service ==     at process.processTicksAndRejections (node:internal/process/task_queues:82:21) {
== APP - customer-service ==   code: 'EADDRINUSE',
== APP - customer-service ==   errno: -98,
== APP - customer-service ==   syscall: 'listen',
== APP - customer-service ==   address: '::',
== APP - customer-service ==   port: 8081
== APP - customer-service == }
== APP - customer-service == 
== APP - customer-service == Node.js v20.17.0
The App process exited with error code: exit status 1

termination signal received: shutting down
Error exiting App: exit status 1
