Starting Dapr with id customer-service. HTTP Port: 3510. gRPC Port: 42483
Updating metadata for cliPID: 1696055
Flag --dapr-http-max-request-size has been deprecated, use '--max-body-size 4Mi'
Flag --dapr-http-read-buffer-size has been deprecated, use '--read-buffer-size 4Ki'
time="2025-01-01T01:41:16.346540512+01:00" level=info msg="Starting Dapr Runtime -- version 1.14.4 -- commit 583960dc90120616124b60ad2b7820fc0b3edf44" app_id=customer-service instance=random scope=dapr.runtime type=log ver=1.14.4
time="2025-01-01T01:41:16.346569147+01:00" level=info msg="Log level set to: info" app_id=customer-service instance=random scope=dapr.runtime type=log ver=1.14.4
time="2025-01-01T01:41:16.346838878+01:00" level=warning msg="mTLS is disabled. Skipping certificate request and tls validation" app_id=customer-service instance=random scope=dapr.runtime.security type=log ver=1.14.4
time="2025-01-01T01:41:16.347296344+01:00" level=info msg="metric spec: {0xc0010bbb97 <nil> <nil> []}" app_id=customer-service instance=random scope=dapr.runtime.diagnostics type=log ver=1.14.4
time="2025-01-01T01:41:16.347347469+01:00" level=info msg="Using default latency distribution buckets: [1 2 3 4 5 6 8 10 13 16 20 25 30 40 50 65 80 100 130 160 200 250 300 400 500 650 800 1000 2000 5000 10000 20000 50000 100000]" app_id=customer-service instance=random scope=dapr.runtime.diagnostics type=log ver=1.14.4
time="2025-01-01T01:41:16.347694794+01:00" level=warning msg="The default value for 'spec.metric.http.increasedCardinality' will change to 'false' in Dapr 1.15 or later" app_id=customer-service instance=random scope=dapr.runtime.diagnostics type=log ver=1.14.4
time="2025-01-01T01:41:16.348853686+01:00" level=info msg="standalone mode configured" app_id=customer-service instance=random scope=dapr.runtime type=log ver=1.14.4
time="2025-01-01T01:41:16.348942874+01:00" level=info msg="app id: customer-service" app_id=customer-service instance=random scope=dapr.runtime type=log ver=1.14.4
time="2025-01-01T01:41:16.34905106+01:00" level=info msg="metrics server started on :43903/" app_id=customer-service instance=random scope=dapr.runtime type=log ver=1.14.4
time="2025-01-01T01:41:16.34912621+01:00" level=info msg="Dapr trace sampler initialized: ParentBased{root:AlwaysOnSampler,remoteParentSampled:AlwaysOnSampler,remoteParentNotSampled:AlwaysOffSampler,localParentSampled:AlwaysOnSampler,localParentNotSampled:AlwaysOffSampler}" app_id=customer-service instance=random scope=dapr.runtime type=log ver=1.14.4
time="2025-01-01T01:41:16.349718541+01:00" level=info msg="local service entry announced: customer-service -> 192.168.1.18:41517" app_id=customer-service component="nr (mdns/v1)" instance=random scope=dapr.contrib type=log ver=1.14.4
time="2025-01-01T01:41:16.349782447+01:00" level=info msg="Initialized name resolution to mdns" app_id=customer-service instance=random scope=dapr.runtime type=log ver=1.14.4
time="2025-01-01T01:41:16.349896499+01:00" level=info msg="Loading components…" app_id=customer-service instance=random scope=dapr.runtime type=log ver=1.14.4
time="2025-01-01T01:41:16.35697794+01:00" level=info msg="Component loaded: pubsub (pubsub.redis/v1)" app_id=customer-service instance=random scope=dapr.runtime.processor type=log ver=1.14.4
time="2025-01-01T01:41:16.365086339+01:00" level=info msg="Using 'statestore' as actor state store" app_id=customer-service instance=random scope=dapr.runtime.processor.state type=log ver=1.14.4
time="2025-01-01T01:41:16.36519669+01:00" level=info msg="Component loaded: statestore (state.redis/v1)" app_id=customer-service instance=random scope=dapr.runtime.processor type=log ver=1.14.4
time="2025-01-01T01:41:16.365341613+01:00" level=info msg="successful init for output binding (twilio-binding (bindings.twilio.sms/v1))" app_id=customer-service instance=random scope=dapr.runtime.processor.binding type=log ver=1.14.4
time="2025-01-01T01:41:16.365376883+01:00" level=info msg="Component loaded: twilio-binding (bindings.twilio.sms/v1)" app_id=customer-service instance=random scope=dapr.runtime.processor type=log ver=1.14.4
time="2025-01-01T01:41:16.365390781+01:00" level=info msg="Waiting for all outstanding components to be processed…" app_id=customer-service instance=random scope=dapr.runtime type=log ver=1.14.4
time="2025-01-01T01:41:16.365443233+01:00" level=info msg="All outstanding components processed" app_id=customer-service instance=random scope=dapr.runtime type=log ver=1.14.4
time="2025-01-01T01:41:16.365480249+01:00" level=info msg="Loading endpoints…" app_id=customer-service instance=random scope=dapr.runtime type=log ver=1.14.4
time="2025-01-01T01:41:16.366022434+01:00" level=info msg="Waiting for all outstanding http endpoints to be processed…" app_id=customer-service instance=random scope=dapr.runtime type=log ver=1.14.4
time="2025-01-01T01:41:16.366052257+01:00" level=info msg="All outstanding http endpoints processed" app_id=customer-service instance=random scope=dapr.runtime type=log ver=1.14.4
time="2025-01-01T01:41:16.366095769+01:00" level=info msg="Loading Declarative Subscriptions…" app_id=customer-service instance=random scope=dapr.runtime type=log ver=1.14.4
time="2025-01-01T01:41:16.367079426+01:00" level=info msg="Found Subscription: updateaccount-subscription" app_id=customer-service instance=random scope=dapr.runtime type=log ver=1.14.4
time="2025-01-01T01:41:16.367205072+01:00" level=info msg="gRPC server listening on TCP address: :42483" app_id=customer-service instance=random scope=dapr.runtime.grpc.api type=log ver=1.14.4
time="2025-01-01T01:41:16.367230285+01:00" level=info msg="Enabled gRPC tracing middleware" app_id=customer-service instance=random scope=dapr.runtime.grpc.api type=log ver=1.14.4
time="2025-01-01T01:41:16.36724139+01:00" level=info msg="Enabled gRPC metrics middleware" app_id=customer-service instance=random scope=dapr.runtime.grpc.api type=log ver=1.14.4
time="2025-01-01T01:41:16.367316191+01:00" level=info msg="Registering workflow engine for gRPC endpoint: [::]:42483" app_id=customer-service instance=random scope=dapr.runtime.grpc.api type=log ver=1.14.4
time="2025-01-01T01:41:16.367360122+01:00" level=info msg="API gRPC server is running on port 42483" app_id=customer-service instance=random scope=dapr.runtime type=log ver=1.14.4
time="2025-01-01T01:41:16.367412713+01:00" level=warning msg="The default value for 'spec.metric.http.increasedCardinality' will change to 'false' in Dapr 1.15 or later" app_id=customer-service instance=random scope=dapr.runtime.http type=log ver=1.14.4
time="2025-01-01T01:41:16.367474174+01:00" level=info msg="Enabled max body size HTTP middleware with size 4194304 bytes" app_id=customer-service instance=random scope=dapr.runtime.http type=log ver=1.14.4
time="2025-01-01T01:41:16.367492263+01:00" level=info msg="Enabled tracing HTTP middleware" app_id=customer-service instance=random scope=dapr.runtime.http type=log ver=1.14.4
time="2025-01-01T01:41:16.36750707+01:00" level=info msg="Enabled metrics HTTP middleware" app_id=customer-service instance=random scope=dapr.runtime.http type=log ver=1.14.4
time="2025-01-01T01:41:16.367862357+01:00" level=info msg="HTTP server listening on TCP address: :3510" app_id=customer-service instance=random scope=dapr.runtime.http type=log ver=1.14.4
time="2025-01-01T01:41:16.36790517+01:00" level=info msg="HTTP server is running on port 3510" app_id=customer-service instance=random scope=dapr.runtime type=log ver=1.14.4
time="2025-01-01T01:41:16.367924866+01:00" level=info msg="The request body size parameter is: 4194304 bytes" app_id=customer-service instance=random scope=dapr.runtime type=log ver=1.14.4
time="2025-01-01T01:41:16.367963419+01:00" level=info msg="gRPC server listening on TCP address: :41517" app_id=customer-service instance=random scope=dapr.runtime.grpc.internal type=log ver=1.14.4
time="2025-01-01T01:41:16.367990587+01:00" level=info msg="Enabled gRPC tracing middleware" app_id=customer-service instance=random scope=dapr.runtime.grpc.internal type=log ver=1.14.4
time="2025-01-01T01:41:16.36800735+01:00" level=info msg="Enabled gRPC metrics middleware" app_id=customer-service instance=random scope=dapr.runtime.grpc.internal type=log ver=1.14.4
time="2025-01-01T01:41:16.368103732+01:00" level=info msg="Internal gRPC server is running on :41517" app_id=customer-service instance=random scope=dapr.runtime type=log ver=1.14.4
time="2025-01-01T01:41:16.368204444+01:00" level=info msg="application protocol: http. waiting on port 8081.  This will block until the app is listening on that port." app_id=customer-service instance=random scope=dapr.runtime type=log ver=1.14.4
time="2025-01-01T01:41:17.174391817+01:00" level=info msg="application discovered on port 8081" app_id=customer-service instance=random scope=dapr.runtime type=log ver=1.14.4
time="2025-01-01T01:41:17.187191588+01:00" level=info msg="Application configuration loaded" app_id=customer-service instance=random scope=dapr.runtime type=log ver=1.14.4
time="2025-01-01T01:41:17.187286992+01:00" level=info msg="Configuring actors placement provider 'placement'. Configuration: 'placement:localhost:50005'" app_id=customer-service instance=random scope=dapr.runtime.actor type=log ver=1.14.4
time="2025-01-01T01:41:17.187333507+01:00" level=info msg="Configuring actor reminders provider 'default'. Configuration: ''" app_id=customer-service instance=random scope=dapr.runtime.actor type=log ver=1.14.4
time="2025-01-01T01:41:17.187392244+01:00" level=info msg="Actor runtime started. Idle timeout: 1h0m0s" app_id=customer-service instance=random scope=dapr.runtime.actor type=log ver=1.14.4
time="2025-01-01T01:41:17.18742514+01:00" level=info msg="Configuring workflow engine with actors backend" app_id=customer-service instance=random scope=dapr.runtime type=log ver=1.14.4
time="2025-01-01T01:41:17.187447559+01:00" level=info msg="Registering component for dapr workflow engine..." app_id=customer-service instance=random scope=dapr.runtime type=log ver=1.14.4
time="2025-01-01T01:41:17.187470328+01:00" level=info msg="Initializing Dapr workflow component" app_id=customer-service component="dapr (workflow.dapr/v1)" instance=random scope=dapr.contrib type=log ver=1.14.4
time="2025-01-01T01:41:17.187499871+01:00" level=info msg="Workflow engine initialized." app_id=customer-service instance=random scope=dapr.runtime type=log ver=1.14.4
time="2025-01-01T01:41:17.192131037+01:00" level=info msg="dapr initialized. Status: Running. Init Elapsed 843ms" app_id=customer-service instance=random scope=dapr.runtime type=log ver=1.14.4
time="2025-01-01T01:41:17.198285252+01:00" level=info msg="Placement tables updated, version: 0" app_id=customer-service instance=random scope=dapr.runtime.actors.placement type=log ver=1.14.4
Updating metadata for app command: nodemon app.js
Updating metadata for appPID: 1696082
You're up and running! Dapr logs will appear here.


termination signal received: shutting down
time="2025-01-01T01:42:08.666393488+01:00" level=info msg="Received signal 'interrupt'; beginning shutdown" app_id=customer-service instance=random scope=dapr.signals type=log ver=1.14.4
Exited Dapr successfully
Exited App successfully
