Starting Dapr with id customer-service. HTTP Port: 3510. gRPC Port: 44343
Updating metadata for cliPID: 683419
Flag --dapr-http-max-request-size has been deprecated, use '--max-body-size 4Mi'
Flag --dapr-http-read-buffer-size has been deprecated, use '--read-buffer-size 4Ki'
time="2024-12-31T01:13:38.771245395+01:00" level=info msg="Starting Dapr Runtime -- version 1.14.4 -- commit 583960dc90120616124b60ad2b7820fc0b3edf44" app_id=customer-service instance=random scope=dapr.runtime type=log ver=1.14.4
time="2024-12-31T01:13:38.771290024+01:00" level=info msg="Log level set to: info" app_id=customer-service instance=random scope=dapr.runtime type=log ver=1.14.4
time="2024-12-31T01:13:38.772251611+01:00" level=warning msg="mTLS is disabled. Skipping certificate request and tls validation" app_id=customer-service instance=random scope=dapr.runtime.security type=log ver=1.14.4
time="2024-12-31T01:13:38.772915671+01:00" level=info msg="metric spec: {0xc00101a0f7 <nil> <nil> []}" app_id=customer-service instance=random scope=dapr.runtime.diagnostics type=log ver=1.14.4
time="2024-12-31T01:13:38.773003393+01:00" level=info msg="Using default latency distribution buckets: [1 2 3 4 5 6 8 10 13 16 20 25 30 40 50 65 80 100 130 160 200 250 300 400 500 650 800 1000 2000 5000 10000 20000 50000 100000]" app_id=customer-service instance=random scope=dapr.runtime.diagnostics type=log ver=1.14.4
time="2024-12-31T01:13:38.773401563+01:00" level=warning msg="The default value for 'spec.metric.http.increasedCardinality' will change to 'false' in Dapr 1.15 or later" app_id=customer-service instance=random scope=dapr.runtime.diagnostics type=log ver=1.14.4
time="2024-12-31T01:13:38.774576867+01:00" level=info msg="standalone mode configured" app_id=customer-service instance=random scope=dapr.runtime type=log ver=1.14.4
time="2024-12-31T01:13:38.774674157+01:00" level=info msg="app id: customer-service" app_id=customer-service instance=random scope=dapr.runtime type=log ver=1.14.4
time="2024-12-31T01:13:38.774776197+01:00" level=info msg="metrics server started on :37771/" app_id=customer-service instance=random scope=dapr.runtime type=log ver=1.14.4
time="2024-12-31T01:13:38.774790445+01:00" level=info msg="Dapr trace sampler initialized: ParentBased{root:AlwaysOnSampler,remoteParentSampled:AlwaysOnSampler,remoteParentNotSampled:AlwaysOffSampler,localParentSampled:AlwaysOnSampler,localParentNotSampled:AlwaysOffSampler}" app_id=customer-service instance=random scope=dapr.runtime type=log ver=1.14.4
time="2024-12-31T01:13:38.775820338+01:00" level=info msg="local service entry announced: customer-service -> 192.168.1.18:34305" app_id=customer-service component="nr (mdns/v1)" instance=random scope=dapr.contrib type=log ver=1.14.4
time="2024-12-31T01:13:38.775874605+01:00" level=info msg="Initialized name resolution to mdns" app_id=customer-service instance=random scope=dapr.runtime type=log ver=1.14.4
time="2024-12-31T01:13:38.776015686+01:00" level=info msg="Loading components…" app_id=customer-service instance=random scope=dapr.runtime type=log ver=1.14.4
time="2024-12-31T01:13:38.782136865+01:00" level=info msg="Component loaded: pubsub (pubsub.redis/v1)" app_id=customer-service instance=random scope=dapr.runtime.processor type=log ver=1.14.4
time="2024-12-31T01:13:38.782849465+01:00" level=info msg="Waiting for all outstanding components to be processed…" app_id=customer-service instance=random scope=dapr.runtime type=log ver=1.14.4
time="2024-12-31T01:13:38.792098247+01:00" level=info msg="Using 'statestore' as actor state store" app_id=customer-service instance=random scope=dapr.runtime.processor.state type=log ver=1.14.4
time="2024-12-31T01:13:38.792198122+01:00" level=info msg="Component loaded: statestore (state.redis/v1)" app_id=customer-service instance=random scope=dapr.runtime.processor type=log ver=1.14.4
time="2024-12-31T01:13:38.792231506+01:00" level=info msg="All outstanding components processed" app_id=customer-service instance=random scope=dapr.runtime type=log ver=1.14.4
time="2024-12-31T01:13:38.792260561+01:00" level=info msg="Loading endpoints…" app_id=customer-service instance=random scope=dapr.runtime type=log ver=1.14.4
time="2024-12-31T01:13:38.792689392+01:00" level=info msg="Waiting for all outstanding http endpoints to be processed…" app_id=customer-service instance=random scope=dapr.runtime type=log ver=1.14.4
time="2024-12-31T01:13:38.792722287+01:00" level=info msg="All outstanding http endpoints processed" app_id=customer-service instance=random scope=dapr.runtime type=log ver=1.14.4
time="2024-12-31T01:13:38.792743659+01:00" level=info msg="Loading Declarative Subscriptions…" app_id=customer-service instance=random scope=dapr.runtime type=log ver=1.14.4
time="2024-12-31T01:13:38.79394697+01:00" level=info msg="Found Subscription: account-subscription" app_id=customer-service instance=random scope=dapr.runtime type=log ver=1.14.4
time="2024-12-31T01:13:38.794154681+01:00" level=info msg="gRPC server listening on TCP address: :44343" app_id=customer-service instance=random scope=dapr.runtime.grpc.api type=log ver=1.14.4
time="2024-12-31T01:13:38.794184713+01:00" level=info msg="Enabled gRPC tracing middleware" app_id=customer-service instance=random scope=dapr.runtime.grpc.api type=log ver=1.14.4
time="2024-12-31T01:13:38.794198542+01:00" level=info msg="Enabled gRPC metrics middleware" app_id=customer-service instance=random scope=dapr.runtime.grpc.api type=log ver=1.14.4
time="2024-12-31T01:13:38.794278162+01:00" level=info msg="Registering workflow engine for gRPC endpoint: [::]:44343" app_id=customer-service instance=random scope=dapr.runtime.grpc.api type=log ver=1.14.4
time="2024-12-31T01:13:38.794333058+01:00" level=info msg="API gRPC server is running on port 44343" app_id=customer-service instance=random scope=dapr.runtime type=log ver=1.14.4
time="2024-12-31T01:13:38.794383274+01:00" level=warning msg="The default value for 'spec.metric.http.increasedCardinality' will change to 'false' in Dapr 1.15 or later" app_id=customer-service instance=random scope=dapr.runtime.http type=log ver=1.14.4
time="2024-12-31T01:13:38.794480076+01:00" level=info msg="Enabled max body size HTTP middleware with size 4194304 bytes" app_id=customer-service instance=random scope=dapr.runtime.http type=log ver=1.14.4
time="2024-12-31T01:13:38.794501238+01:00" level=info msg="Enabled tracing HTTP middleware" app_id=customer-service instance=random scope=dapr.runtime.http type=log ver=1.14.4
time="2024-12-31T01:13:38.794520444+01:00" level=info msg="Enabled metrics HTTP middleware" app_id=customer-service instance=random scope=dapr.runtime.http type=log ver=1.14.4
time="2024-12-31T01:13:38.794987409+01:00" level=info msg="HTTP server listening on TCP address: :3510" app_id=customer-service instance=random scope=dapr.runtime.http type=log ver=1.14.4
time="2024-12-31T01:13:38.795063887+01:00" level=info msg="HTTP server is running on port 3510" app_id=customer-service instance=random scope=dapr.runtime type=log ver=1.14.4
time="2024-12-31T01:13:38.795085747+01:00" level=info msg="The request body size parameter is: 4194304 bytes" app_id=customer-service instance=random scope=dapr.runtime type=log ver=1.14.4
time="2024-12-31T01:13:38.795127652+01:00" level=info msg="gRPC server listening on TCP address: :34305" app_id=customer-service instance=random scope=dapr.runtime.grpc.internal type=log ver=1.14.4
time="2024-12-31T01:13:38.795147697+01:00" level=info msg="Enabled gRPC tracing middleware" app_id=customer-service instance=random scope=dapr.runtime.grpc.internal type=log ver=1.14.4
time="2024-12-31T01:13:38.795161037+01:00" level=info msg="Enabled gRPC metrics middleware" app_id=customer-service instance=random scope=dapr.runtime.grpc.internal type=log ver=1.14.4
time="2024-12-31T01:13:38.795220682+01:00" level=info msg="Internal gRPC server is running on :34305" app_id=customer-service instance=random scope=dapr.runtime type=log ver=1.14.4
time="2024-12-31T01:13:38.795302747+01:00" level=info msg="application protocol: http. waiting on port 8081.  This will block until the app is listening on that port." app_id=customer-service instance=random scope=dapr.runtime type=log ver=1.14.4
Updating metadata for app command: nodemon app.js
Updating metadata for appPID: 683448
You're up and running! Dapr logs will appear here.

time="2024-12-31T01:13:39.80635282+01:00" level=info msg="application discovered on port 8081" app_id=customer-service instance=random scope=dapr.runtime type=log ver=1.14.4
time="2024-12-31T01:13:39.821167116+01:00" level=info msg="Application configuration loaded" app_id=customer-service instance=random scope=dapr.runtime type=log ver=1.14.4
time="2024-12-31T01:13:39.821256444+01:00" level=info msg="Configuring actors placement provider 'placement'. Configuration: 'placement:localhost:50005'" app_id=customer-service instance=random scope=dapr.runtime.actor type=log ver=1.14.4
time="2024-12-31T01:13:39.82129402+01:00" level=info msg="Configuring actor reminders provider 'default'. Configuration: ''" app_id=customer-service instance=random scope=dapr.runtime.actor type=log ver=1.14.4
time="2024-12-31T01:13:39.821338998+01:00" level=info msg="Actor runtime started. Idle timeout: 1h0m0s" app_id=customer-service instance=random scope=dapr.runtime.actor type=log ver=1.14.4
time="2024-12-31T01:13:39.821363652+01:00" level=info msg="Configuring workflow engine with actors backend" app_id=customer-service instance=random scope=dapr.runtime type=log ver=1.14.4
time="2024-12-31T01:13:39.821377132+01:00" level=info msg="Registering component for dapr workflow engine..." app_id=customer-service instance=random scope=dapr.runtime type=log ver=1.14.4
time="2024-12-31T01:13:39.82139997+01:00" level=info msg="Initializing Dapr workflow component" app_id=customer-service component="dapr (workflow.dapr/v1)" instance=random scope=dapr.contrib type=log ver=1.14.4
time="2024-12-31T01:13:39.821428047+01:00" level=info msg="Workflow engine initialized." app_id=customer-service instance=random scope=dapr.runtime type=log ver=1.14.4
time="2024-12-31T01:13:39.824518843+01:00" level=info msg="dapr initialized. Status: Running. Init Elapsed 1049ms" app_id=customer-service instance=random scope=dapr.runtime type=log ver=1.14.4
time="2024-12-31T01:13:39.828741013+01:00" level=info msg="Placement tables updated, version: 0" app_id=customer-service instance=random scope=dapr.runtime.actors.placement type=log ver=1.14.4
time="2024-12-31T01:28:51.673927925+01:00" level=info msg="Received signal 'interrupt'; beginning shutdown" app_id=customer-service instance=random scope=dapr.signals type=log ver=1.14.4

termination signal received: shutting down
Exited Dapr successfully
Exited App successfully
