Starting Dapr with id customer-service-dapr-server. HTTP Port: 3515. gRPC Port: 37023
Updating metadata for cliPID: 932143
Flag --dapr-http-max-request-size has been deprecated, use '--max-body-size 4Mi'
Flag --dapr-http-read-buffer-size has been deprecated, use '--read-buffer-size 4Ki'
time="2024-12-31T03:37:42.644215636+01:00" level=info msg="Starting Dapr Runtime -- version 1.14.4 -- commit 583960dc90120616124b60ad2b7820fc0b3edf44" app_id=customer-service-dapr-server instance=random scope=dapr.runtime type=log ver=1.14.4
time="2024-12-31T03:37:42.644275212+01:00" level=info msg="Log level set to: info" app_id=customer-service-dapr-server instance=random scope=dapr.runtime type=log ver=1.14.4
time="2024-12-31T03:37:42.644548364+01:00" level=warning msg="mTLS is disabled. Skipping certificate request and tls validation" app_id=customer-service-dapr-server instance=random scope=dapr.runtime.security type=log ver=1.14.4
time="2024-12-31T03:37:42.645162277+01:00" level=info msg="metric spec: {0xc00130f3f7 <nil> <nil> []}" app_id=customer-service-dapr-server instance=random scope=dapr.runtime.diagnostics type=log ver=1.14.4
time="2024-12-31T03:37:42.645266831+01:00" level=info msg="Using default latency distribution buckets: [1 2 3 4 5 6 8 10 13 16 20 25 30 40 50 65 80 100 130 160 200 250 300 400 500 650 800 1000 2000 5000 10000 20000 50000 100000]" app_id=customer-service-dapr-server instance=random scope=dapr.runtime.diagnostics type=log ver=1.14.4
time="2024-12-31T03:37:42.645696849+01:00" level=warning msg="The default value for 'spec.metric.http.increasedCardinality' will change to 'false' in Dapr 1.15 or later" app_id=customer-service-dapr-server instance=random scope=dapr.runtime.diagnostics type=log ver=1.14.4
time="2024-12-31T03:37:42.647135947+01:00" level=info msg="standalone mode configured" app_id=customer-service-dapr-server instance=random scope=dapr.runtime type=log ver=1.14.4
time="2024-12-31T03:37:42.647232888+01:00" level=info msg="app id: customer-service-dapr-server" app_id=customer-service-dapr-server instance=random scope=dapr.runtime type=log ver=1.14.4
time="2024-12-31T03:37:42.647312438+01:00" level=info msg="metrics server started on :35127/" app_id=customer-service-dapr-server instance=random scope=dapr.runtime type=log ver=1.14.4
time="2024-12-31T03:37:42.647352178+01:00" level=info msg="Dapr trace sampler initialized: ParentBased{root:AlwaysOnSampler,remoteParentSampled:AlwaysOnSampler,remoteParentNotSampled:AlwaysOffSampler,localParentSampled:AlwaysOnSampler,localParentNotSampled:AlwaysOffSampler}" app_id=customer-service-dapr-server instance=random scope=dapr.runtime type=log ver=1.14.4
time="2024-12-31T03:37:42.648065616+01:00" level=info msg="local service entry announced: customer-service-dapr-server -> 192.168.1.18:42571" app_id=customer-service-dapr-server component="nr (mdns/v1)" instance=random scope=dapr.contrib type=log ver=1.14.4
time="2024-12-31T03:37:42.648148099+01:00" level=info msg="Initialized name resolution to mdns" app_id=customer-service-dapr-server instance=random scope=dapr.runtime type=log ver=1.14.4
time="2024-12-31T03:37:42.64828939+01:00" level=info msg="Loading components…" app_id=customer-service-dapr-server instance=random scope=dapr.runtime type=log ver=1.14.4
time="2024-12-31T03:37:42.649730234+01:00" level=info msg="Waiting for all outstanding components to be processed…" app_id=customer-service-dapr-server instance=random scope=dapr.runtime type=log ver=1.14.4
time="2024-12-31T03:37:42.667534609+01:00" level=info msg="Using 'statestore' as actor state store" app_id=customer-service-dapr-server instance=random scope=dapr.runtime.processor.state type=log ver=1.14.4
time="2024-12-31T03:37:42.667793444+01:00" level=info msg="Component loaded: statestore (state.redis/v1)" app_id=customer-service-dapr-server instance=random scope=dapr.runtime.processor type=log ver=1.14.4
time="2024-12-31T03:37:42.667829762+01:00" level=info msg="All outstanding components processed" app_id=customer-service-dapr-server instance=random scope=dapr.runtime type=log ver=1.14.4
time="2024-12-31T03:37:42.667858816+01:00" level=info msg="Loading endpoints…" app_id=customer-service-dapr-server instance=random scope=dapr.runtime type=log ver=1.14.4
time="2024-12-31T03:37:42.668227513+01:00" level=info msg="Waiting for all outstanding http endpoints to be processed…" app_id=customer-service-dapr-server instance=random scope=dapr.runtime type=log ver=1.14.4
time="2024-12-31T03:37:42.668262783+01:00" level=info msg="All outstanding http endpoints processed" app_id=customer-service-dapr-server instance=random scope=dapr.runtime type=log ver=1.14.4
time="2024-12-31T03:37:42.668279894+01:00" level=info msg="Loading Declarative Subscriptions…" app_id=customer-service-dapr-server instance=random scope=dapr.runtime type=log ver=1.14.4
time="2024-12-31T03:37:42.668900163+01:00" level=info msg="gRPC server listening on TCP address: :37023" app_id=customer-service-dapr-server instance=random scope=dapr.runtime.grpc.api type=log ver=1.14.4
time="2024-12-31T03:37:42.668940042+01:00" level=info msg="Enabled gRPC tracing middleware" app_id=customer-service-dapr-server instance=random scope=dapr.runtime.grpc.api type=log ver=1.14.4
time="2024-12-31T03:37:42.668979713+01:00" level=info msg="Enabled gRPC metrics middleware" app_id=customer-service-dapr-server instance=random scope=dapr.runtime.grpc.api type=log ver=1.14.4
time="2024-12-31T03:37:42.669094743+01:00" level=info msg="Registering workflow engine for gRPC endpoint: [::]:37023" app_id=customer-service-dapr-server instance=random scope=dapr.runtime.grpc.api type=log ver=1.14.4
time="2024-12-31T03:37:42.669141048+01:00" level=info msg="API gRPC server is running on port 37023" app_id=customer-service-dapr-server instance=random scope=dapr.runtime type=log ver=1.14.4
time="2024-12-31T03:37:42.66918016+01:00" level=warning msg="The default value for 'spec.metric.http.increasedCardinality' will change to 'false' in Dapr 1.15 or later" app_id=customer-service-dapr-server instance=random scope=dapr.runtime.http type=log ver=1.14.4
time="2024-12-31T03:37:42.669238338+01:00" level=info msg="Enabled max body size HTTP middleware with size 4194304 bytes" app_id=customer-service-dapr-server instance=random scope=dapr.runtime.http type=log ver=1.14.4
time="2024-12-31T03:37:42.669254961+01:00" level=info msg="Enabled tracing HTTP middleware" app_id=customer-service-dapr-server instance=random scope=dapr.runtime.http type=log ver=1.14.4
time="2024-12-31T03:37:42.669268371+01:00" level=info msg="Enabled metrics HTTP middleware" app_id=customer-service-dapr-server instance=random scope=dapr.runtime.http type=log ver=1.14.4
time="2024-12-31T03:37:42.669673385+01:00" level=info msg="HTTP server listening on TCP address: :3515" app_id=customer-service-dapr-server instance=random scope=dapr.runtime.http type=log ver=1.14.4
time="2024-12-31T03:37:42.669752656+01:00" level=info msg="HTTP server is running on port 3515" app_id=customer-service-dapr-server instance=random scope=dapr.runtime type=log ver=1.14.4
time="2024-12-31T03:37:42.669770675+01:00" level=info msg="The request body size parameter is: 4194304 bytes" app_id=customer-service-dapr-server instance=random scope=dapr.runtime type=log ver=1.14.4
time="2024-12-31T03:37:42.669813279+01:00" level=info msg="gRPC server listening on TCP address: :42571" app_id=customer-service-dapr-server instance=random scope=dapr.runtime.grpc.internal type=log ver=1.14.4
time="2024-12-31T03:37:42.669832695+01:00" level=info msg="Enabled gRPC tracing middleware" app_id=customer-service-dapr-server instance=random scope=dapr.runtime.grpc.internal type=log ver=1.14.4
time="2024-12-31T03:37:42.669850435+01:00" level=info msg="Enabled gRPC metrics middleware" app_id=customer-service-dapr-server instance=random scope=dapr.runtime.grpc.internal type=log ver=1.14.4
time="2024-12-31T03:37:42.669898347+01:00" level=info msg="Internal gRPC server is running on :42571" app_id=customer-service-dapr-server instance=random scope=dapr.runtime type=log ver=1.14.4
time="2024-12-31T03:37:42.670121912+01:00" level=info msg="application protocol: http. waiting on port 8083.  This will block until the app is listening on that port." app_id=customer-service-dapr-server instance=random scope=dapr.runtime type=log ver=1.14.4
Updating metadata for app command: nodemon app.js
Updating metadata for appPID: 932219
You're up and running! Dapr logs will appear here.

time="2024-12-31T03:37:53.795400974+01:00" level=info msg="application discovered on port 8083" app_id=customer-service-dapr-server instance=random scope=dapr.runtime type=log ver=1.14.4
time="2024-12-31T03:37:54.31113725+01:00" level=info msg="Application configuration loaded" app_id=customer-service-dapr-server instance=random scope=dapr.runtime type=log ver=1.14.4
time="2024-12-31T03:37:54.311286992+01:00" level=info msg="Configuring actors placement provider 'placement'. Configuration: 'placement:localhost:50005'" app_id=customer-service-dapr-server instance=random scope=dapr.runtime.actor type=log ver=1.14.4
time="2024-12-31T03:37:54.311353202+01:00" level=info msg="Configuring actor reminders provider 'default'. Configuration: ''" app_id=customer-service-dapr-server instance=random scope=dapr.runtime.actor type=log ver=1.14.4
time="2024-12-31T03:37:54.311434219+01:00" level=info msg="Actor runtime started. Idle timeout: 1h0m0s" app_id=customer-service-dapr-server instance=random scope=dapr.runtime.actor type=log ver=1.14.4
time="2024-12-31T03:37:54.311479058+01:00" level=info msg="Configuring workflow engine with actors backend" app_id=customer-service-dapr-server instance=random scope=dapr.runtime type=log ver=1.14.4
time="2024-12-31T03:37:54.31152243+01:00" level=info msg="Registering component for dapr workflow engine..." app_id=customer-service-dapr-server instance=random scope=dapr.runtime type=log ver=1.14.4
time="2024-12-31T03:37:54.311569713+01:00" level=info msg="Initializing Dapr workflow component" app_id=customer-service-dapr-server component="dapr (workflow.dapr/v1)" instance=random scope=dapr.contrib type=log ver=1.14.4
time="2024-12-31T03:37:54.311630615+01:00" level=info msg="Workflow engine initialized." app_id=customer-service-dapr-server instance=random scope=dapr.runtime type=log ver=1.14.4
time="2024-12-31T03:37:54.311685092+01:00" level=info msg="dapr initialized. Status: Running. Init Elapsed 11664ms" app_id=customer-service-dapr-server instance=random scope=dapr.runtime type=log ver=1.14.4
time="2024-12-31T03:37:54.323927167+01:00" level=info msg="Placement tables updated, version: 0" app_id=customer-service-dapr-server instance=random scope=dapr.runtime.actors.placement type=log ver=1.14.4

termination signal received: shutting down
Exited Dapr successfully
Exited App successfully
