== APP - customer-service == [nodemon] 3.1.9
== APP - customer-service == [nodemon] to restart at any time, enter `rs`
== APP - customer-service == [nodemon] watching path(s): *.*
== APP - customer-service == [nodemon] watching extensions: js,mjs,cjs,json
== APP - customer-service == [nodemon] starting `node app.js`
== APP - customer-service == Server is listening on PORT: 8081
== APP - customer-service == Executing (default): SELECT TABLE_NAME FROM INFORMATION_SCHEMA.TABLES WHERE TABLE_TYPE = 'BASE TABLE' AND TABLE_NAME = 'customers' AND TABLE_SCHEMA = 'customers'
== APP - customer-service == Executing (default): SHOW INDEX FROM `customers`
== APP - customer-service == Models synchronized with the database.
== APP - customer-service == [nodemon] restarting due to changes...
== APP - customer-service == [nodemon] starting `node app.js`
== APP - customer-service == 2024-12-31T02:12:11.995Z INFO [HTTPServer, HTTPServerImpl] [Topic = updateAccount] Registered Subscription with routes: default
== APP - customer-service == node:events:497
== APP - customer-service ==       throw er; // Unhandled 'error' event
== APP - customer-service ==       ^
== APP - customer-service == 
== APP - customer-service == Error: listen EADDRINUSE: address already in use :::5002
== APP - customer-service ==     at Server.setupListenHandle [as _listen2] (node:net:1904:16)
== APP - customer-service ==     at listenInCluster (node:net:1961:12)
== APP - customer-service ==     at Server.listen (node:net:2063:7)
== APP - customer-service ==     at Function.listen (/home/iheb/Documents/Projects/bank-svc-app/customerManagementService/node_modules/express/lib/application.js:635:24)
== APP - customer-service ==     at HTTPServer.start (/home/iheb/Documents/Projects/bank-svc-app/customerManagementService/node_modules/@dapr/dapr/implementation/Server/HTTPServer/HTTPServer.js:78:49)
== APP - customer-service ==     at DaprServer.start (/home/iheb/Documents/Projects/bank-svc-app/customerManagementService/node_modules/@dapr/dapr/implementation/Server/DaprServer.js:87:31)
== APP - customer-service ==     at startDaprSubscription (/home/iheb/Documents/Projects/bank-svc-app/customerManagementService/app.js:33:20)
== APP - customer-service ==     at startServer (/home/iheb/Documents/Projects/bank-svc-app/customerManagementService/app.js:65:9)
== APP - customer-service ==     at Object.<anonymous> (/home/iheb/Documents/Projects/bank-svc-app/customerManagementService/app.js:73:1)
== APP - customer-service ==     at Module._compile (node:internal/modules/cjs/loader:1469:14)
== APP - customer-service == Emitted 'error' event on Server instance at:
== APP - customer-service ==     at emitErrorNT (node:net:1940:8)
== APP - customer-service ==     at process.processTicksAndRejections (node:internal/process/task_queues:82:21) {
== APP - customer-service ==   code: 'EADDRINUSE',
== APP - customer-service ==   errno: -98,
== APP - customer-service ==   syscall: 'listen',
== APP - customer-service ==   address: '::',
== APP - customer-service ==   port: 5002
== APP - customer-service == }
== APP - customer-service == 
== APP - customer-service == Node.js v20.17.0
== APP - customer-service == [nodemon] app crashed - waiting for file changes before starting...
== APP - customer-service == [nodemon] restarting due to changes...
== APP - customer-service == [nodemon] starting `node app.js`
== APP - customer-service == 2024-12-31T02:13:08.035Z INFO [HTTPServer, HTTPServerImpl] [Topic = updateAccount] Registered Subscription with routes: default
== APP - customer-service == node:events:497
== APP - customer-service ==       throw er; // Unhandled 'error' event
== APP - customer-service ==       ^
== APP - customer-service == 
== APP - customer-service == Error: listen EADDRINUSE: address already in use :::5002
== APP - customer-service ==     at Server.setupListenHandle [as _listen2] (node:net:1904:16)
== APP - customer-service ==     at listenInCluster (node:net:1961:12)
== APP - customer-service ==     at Server.listen (node:net:2063:7)
== APP - customer-service ==     at Function.listen (/home/iheb/Documents/Projects/bank-svc-app/customerManagementService/node_modules/express/lib/application.js:635:24)
== APP - customer-service ==     at HTTPServer.start (/home/iheb/Documents/Projects/bank-svc-app/customerManagementService/node_modules/@dapr/dapr/implementation/Server/HTTPServer/HTTPServer.js:78:49)
== APP - customer-service ==     at DaprServer.start (/home/iheb/Documents/Projects/bank-svc-app/customerManagementService/node_modules/@dapr/dapr/implementation/Server/DaprServer.js:87:31)
== APP - customer-service ==     at startDaprSubscription (/home/iheb/Documents/Projects/bank-svc-app/customerManagementService/app.js:31:20)
== APP - customer-service ==     at startServer (/home/iheb/Documents/Projects/bank-svc-app/customerManagementService/app.js:51:9)
== APP - customer-service ==     at Object.<anonymous> (/home/iheb/Documents/Projects/bank-svc-app/customerManagementService/app.js:59:1)
== APP - customer-service ==     at Module._compile (node:internal/modules/cjs/loader:1469:14)
== APP - customer-service == Emitted 'error' event on Server instance at:
== APP - customer-service ==     at emitErrorNT (node:net:1940:8)
== APP - customer-service ==     at process.processTicksAndRejections (node:internal/process/task_queues:82:21) {
== APP - customer-service ==   code: 'EADDRINUSE',
== APP - customer-service ==   errno: -98,
== APP - customer-service ==   syscall: 'listen',
== APP - customer-service ==   address: '::',
== APP - customer-service ==   port: 5002
== APP - customer-service == }
== APP - customer-service == 
== APP - customer-service == Node.js v20.17.0
== APP - customer-service == [nodemon] app crashed - waiting for file changes before starting...
== APP - customer-service == [nodemon] restarting due to changes...
== APP - customer-service == [nodemon] starting `node app.js`
== APP - customer-service == 2024-12-31T02:13:20.968Z INFO [HTTPServer, HTTPServerImpl] [Topic = updateAccount] Registered Subscription with routes: default
== APP - customer-service == 2024-12-31T02:13:20.974Z INFO [HTTPServer, HTTPServer] Listening on 5002
== APP - customer-service == 2024-12-31T02:13:20.975Z INFO [HTTPServer, HTTPServer] Registering 1 PubSub Subscriptions
== APP - customer-service == 2024-12-31T02:13:21.020Z INFO [HTTPClient, HTTPClient] Sidecar Started
== APP - customer-service == Server is listening on PORT: 8081
== APP - customer-service == Executing (default): SELECT TABLE_NAME FROM INFORMATION_SCHEMA.TABLES WHERE TABLE_TYPE = 'BASE TABLE' AND TABLE_NAME = 'customers' AND TABLE_SCHEMA = 'customers'
== APP - customer-service == Executing (default): SHOW INDEX FROM `customers`
== APP - customer-service == Models synchronized with the database.
== APP - customer-service == [nodemon] restarting due to changes...
== APP - customer-service == [nodemon] starting `node app.js`
== APP - customer-service == 2024-12-31T02:15:28.286Z INFO [HTTPServer, HTTPServerImpl] [Topic = updateAccount] Registered Subscription with routes: default
== APP - customer-service == 2024-12-31T02:15:28.292Z INFO [HTTPServer, HTTPServer] Listening on 5002
== APP - customer-service == 2024-12-31T02:15:28.293Z INFO [HTTPServer, HTTPServer] Registering 1 PubSub Subscriptions
== APP - customer-service == 2024-12-31T02:15:28.342Z INFO [HTTPClient, HTTPClient] Sidecar Started
== APP - customer-service == Server is listening on PORT: 8081
== APP - customer-service == Executing (default): SELECT TABLE_NAME FROM INFORMATION_SCHEMA.TABLES WHERE TABLE_TYPE = 'BASE TABLE' AND TABLE_NAME = 'customers' AND TABLE_SCHEMA = 'customers'
== APP - customer-service == Executing (default): SHOW INDEX FROM `customers`
== APP - customer-service == Models synchronized with the database.
== APP - customer-service == [nodemon] restarting due to changes...
== APP - customer-service == [nodemon] starting `node app.js`
== APP - customer-service == 2024-12-31T02:16:13.908Z INFO [HTTPServer, HTTPServerImpl] [Topic = updateAccount] Registered Subscription with routes: default
== APP - customer-service == 2024-12-31T02:16:13.915Z INFO [HTTPServer, HTTPServer] Listening on 5007
== APP - customer-service == 2024-12-31T02:16:13.915Z INFO [HTTPServer, HTTPServer] Registering 1 PubSub Subscriptions
== APP - customer-service == 2024-12-31T02:16:13.962Z INFO [HTTPClient, HTTPClient] Sidecar Started
== APP - customer-service == Server is listening on PORT: 8081
== APP - customer-service == Executing (default): SELECT TABLE_NAME FROM INFORMATION_SCHEMA.TABLES WHERE TABLE_TYPE = 'BASE TABLE' AND TABLE_NAME = 'customers' AND TABLE_SCHEMA = 'customers'
== APP - customer-service == Executing (default): SHOW INDEX FROM `customers`
== APP - customer-service == Models synchronized with the database.
== APP - customer-service == [nodemon] restarting due to changes...
== APP - customer-service == [nodemon] starting `node app.js`
== APP - customer-service == 2024-12-31T02:18:16.196Z INFO [HTTPServer, HTTPServerImpl] [Topic = updateAccount] Registered Subscription with routes: default
== APP - customer-service == 2024-12-31T02:18:16.203Z INFO [HTTPServer, HTTPServer] Listening on 3500
== APP - customer-service == 2024-12-31T02:18:16.204Z INFO [HTTPServer, HTTPServer] Registering 1 PubSub Subscriptions
== APP - customer-service == 2024-12-31T02:18:16.251Z INFO [HTTPClient, HTTPClient] Sidecar Started
== APP - customer-service == Dapr subscription started.
== APP - customer-service == Express server is listening on PORT: 8081
== APP - customer-service == Executing (default): SELECT TABLE_NAME FROM INFORMATION_SCHEMA.TABLES WHERE TABLE_TYPE = 'BASE TABLE' AND TABLE_NAME = 'customers' AND TABLE_SCHEMA = 'customers'
== APP - customer-service == Executing (default): SHOW INDEX FROM `customers`
== APP - customer-service == Models synchronized with the database.
== APP - customer-service == [nodemon] restarting due to changes...
== APP - customer-service == [nodemon] starting `node app.js`
== APP - customer-service == 2024-12-31T02:19:39.600Z INFO [HTTPServer, HTTPServerImpl] [Topic = updateAccount] Registered Subscription with routes: default
== APP - customer-service == 2024-12-31T02:19:39.607Z INFO [HTTPServer, HTTPServer] Listening on 3505
== APP - customer-service == 2024-12-31T02:19:39.607Z INFO [HTTPServer, HTTPServer] Registering 1 PubSub Subscriptions
== APP - customer-service == 2024-12-31T02:19:39.665Z INFO [HTTPClient, HTTPClient] Sidecar Started
== APP - customer-service == Dapr subscription started.
== APP - customer-service == Express server is listening on PORT: 8081
== APP - customer-service == Executing (default): SELECT TABLE_NAME FROM INFORMATION_SCHEMA.TABLES WHERE TABLE_TYPE = 'BASE TABLE' AND TABLE_NAME = 'customers' AND TABLE_SCHEMA = 'customers'
== APP - customer-service == Executing (default): SHOW INDEX FROM `customers`
== APP - customer-service == Models synchronized with the database.
== APP - customer-service == [nodemon] restarting due to changes...
== APP - customer-service == [nodemon] starting `node app.js`
== APP - customer-service == 2024-12-31T02:23:11.501Z INFO [HTTPServer, HTTPServerImpl] [Topic = updateAccount] Registered Subscription with routes: default
== APP - customer-service == 2024-12-31T02:23:11.508Z INFO [HTTPServer, HTTPServer] Listening on 3505
== APP - customer-service == 2024-12-31T02:23:11.508Z INFO [HTTPServer, HTTPServer] Registering 1 PubSub Subscriptions
== APP - customer-service == 2024-12-31T02:23:11.554Z INFO [HTTPClient, HTTPClient] Sidecar Started
== APP - customer-service == Dapr subscription started.
== APP - customer-service == Express server is listening on PORT: 8081
== APP - customer-service == Executing (default): SELECT TABLE_NAME FROM INFORMATION_SCHEMA.TABLES WHERE TABLE_TYPE = 'BASE TABLE' AND TABLE_NAME = 'customers' AND TABLE_SCHEMA = 'customers'
== APP - customer-service == Executing (default): SHOW INDEX FROM `customers`
== APP - customer-service == Models synchronized with the database.
== APP - customer-service == [nodemon] restarting due to changes...
== APP - customer-service == [nodemon] starting `node app.js`
== APP - customer-service == 2024-12-31T02:24:31.301Z INFO [HTTPServer, HTTPServerImpl] [Topic = updateAccount] Registered Subscription with routes: default
== APP - customer-service == 2024-12-31T02:24:31.307Z INFO [HTTPServer, HTTPServer] Listening on 3505
== APP - customer-service == 2024-12-31T02:24:31.308Z INFO [HTTPServer, HTTPServer] Registering 1 PubSub Subscriptions
== APP - customer-service == 2024-12-31T02:24:31.348Z INFO [HTTPClient, HTTPClient] Sidecar Started
== APP - customer-service == Dapr subscription started.
== APP - customer-service == Express server is listening on PORT: 8081
== APP - customer-service == Executing (default): SELECT TABLE_NAME FROM INFORMATION_SCHEMA.TABLES WHERE TABLE_TYPE = 'BASE TABLE' AND TABLE_NAME = 'customers' AND TABLE_SCHEMA = 'customers'
== APP - customer-service == Executing (default): SHOW INDEX FROM `customers`
== APP - customer-service == Models synchronized with the database.
== APP - customer-service == [nodemon] restarting due to changes...
== APP - customer-service == [nodemon] starting `node app.js`
== APP - customer-service == 2024-12-31T02:26:26.279Z INFO [HTTPServer, HTTPServerImpl] [Topic = updateAccount] Registered Subscription with routes: default
== APP - customer-service == 2024-12-31T02:26:26.286Z INFO [HTTPServer, HTTPServer] Listening on 3505
== APP - customer-service == 2024-12-31T02:26:26.286Z INFO [HTTPServer, HTTPServer] Registering 1 PubSub Subscriptions
== APP - customer-service == 2024-12-31T02:26:26.313Z INFO [HTTPClient, HTTPClient] Sidecar Started
== APP - customer-service == Dapr subscription started.
== APP - customer-service == Express server is listening on PORT: 8081
== APP - customer-service == Executing (default): SELECT TABLE_NAME FROM INFORMATION_SCHEMA.TABLES WHERE TABLE_TYPE = 'BASE TABLE' AND TABLE_NAME = 'customers' AND TABLE_SCHEMA = 'customers'
== APP - customer-service == Executing (default): SHOW INDEX FROM `customers`
== APP - customer-service == Models synchronized with the database.
== APP - customer-service == [nodemon] restarting due to changes...
== APP - customer-service == [nodemon] starting `node app.js`
== APP - customer-service == [nodemon] restarting due to changes...
== APP - customer-service == [nodemon] starting `node app.js`
== APP - customer-service == [nodemon] restarting due to changes...
== APP - customer-service == [nodemon] starting `node app.js`
== APP - customer-service == 2024-12-31T02:26:28.222Z INFO [HTTPServer, HTTPServerImpl] [Topic = updateAccount] Registered Subscription with routes: default
== APP - customer-service == 2024-12-31T02:26:28.228Z INFO [HTTPServer, HTTPServer] Listening on 3505
== APP - customer-service == 2024-12-31T02:26:28.228Z INFO [HTTPServer, HTTPServer] Registering 1 PubSub Subscriptions
== APP - customer-service == 2024-12-31T02:26:28.254Z INFO [HTTPClient, HTTPClient] Sidecar Started
== APP - customer-service == Dapr subscription started.
== APP - customer-service == Express server is listening on PORT: 8081
== APP - customer-service == Executing (default): SELECT TABLE_NAME FROM INFORMATION_SCHEMA.TABLES WHERE TABLE_TYPE = 'BASE TABLE' AND TABLE_NAME = 'customers' AND TABLE_SCHEMA = 'customers'
== APP - customer-service == Executing (default): SHOW INDEX FROM `customers`
== APP - customer-service == Models synchronized with the database.
== APP - customer-service == [nodemon] restarting due to changes...
== APP - customer-service == [nodemon] starting `node app.js`
== APP - customer-service == 2024-12-31T02:27:12.605Z INFO [HTTPServer, HTTPServerImpl] [Topic = updateAccount] Registered Subscription with routes: default
== APP - customer-service == 2024-12-31T02:27:12.610Z INFO [HTTPServer, HTTPServer] Listening on 3505
== APP - customer-service == 2024-12-31T02:27:12.611Z INFO [HTTPServer, HTTPServer] Registering 1 PubSub Subscriptions
== APP - customer-service == 2024-12-31T02:27:12.639Z INFO [HTTPClient, HTTPClient] Sidecar Started
== APP - customer-service == Dapr subscription started.
== APP - customer-service == Express server is listening on PORT: 8081
== APP - customer-service == Executing (default): SELECT TABLE_NAME FROM INFORMATION_SCHEMA.TABLES WHERE TABLE_TYPE = 'BASE TABLE' AND TABLE_NAME = 'customers' AND TABLE_SCHEMA = 'customers'
== APP - customer-service == Executing (default): SHOW INDEX FROM `customers`
== APP - customer-service == Models synchronized with the database.
== APP - customer-service == [nodemon] restarting due to changes...
== APP - customer-service == [nodemon] starting `node app.js`
== APP - customer-service == 2024-12-31T02:27:52.875Z INFO [HTTPServer, HTTPServerImpl] [Topic = updateAccount] Registered Subscription with routes: default
== APP - customer-service == 2024-12-31T02:27:52.880Z INFO [HTTPServer, HTTPServer] Listening on 3505
== APP - customer-service == 2024-12-31T02:27:52.881Z INFO [HTTPServer, HTTPServer] Registering 1 PubSub Subscriptions
== APP - customer-service == 2024-12-31T02:27:52.907Z INFO [HTTPClient, HTTPClient] Sidecar Started
== APP - customer-service == Dapr subscription started.
== APP - customer-service == Executing (default): SELECT TABLE_NAME FROM INFORMATION_SCHEMA.TABLES WHERE TABLE_TYPE = 'BASE TABLE' AND TABLE_NAME = 'customers' AND TABLE_SCHEMA = 'customers'
== APP - customer-service == Executing (default): SHOW INDEX FROM `customers`
== APP - customer-service == Models synchronized with the database.

termination signal received: shutting down
