Starting Dapr with id customer-service. HTTP Port: 3510. gRPC Port: 36867
Updating metadata for cliPID: 930123
Flag --dapr-http-max-request-size has been deprecated, use '--max-body-size 4Mi'
Flag --dapr-http-read-buffer-size has been deprecated, use '--read-buffer-size 4Ki'
time="2024-12-31T03:36:38.410726337+01:00" level=info msg="Starting Dapr Runtime -- version 1.14.4 -- commit 583960dc90120616124b60ad2b7820fc0b3edf44" app_id=customer-service instance=random scope=dapr.runtime type=log ver=1.14.4
time="2024-12-31T03:36:38.410778299+01:00" level=info msg="Log level set to: info" app_id=customer-service instance=random scope=dapr.runtime type=log ver=1.14.4
time="2024-12-31T03:36:38.411025401+01:00" level=warning msg="mTLS is disabled. Skipping certificate request and tls validation" app_id=customer-service instance=random scope=dapr.runtime.security type=log ver=1.14.4
time="2024-12-31T03:36:38.411679333+01:00" level=info msg="metric spec: {0xc0016bfc47 <nil> <nil> []}" app_id=customer-service instance=random scope=dapr.runtime.diagnostics type=log ver=1.14.4
time="2024-12-31T03:36:38.41177809+01:00" level=info msg="Using default latency distribution buckets: [1 2 3 4 5 6 8 10 13 16 20 25 30 40 50 65 80 100 130 160 200 250 300 400 500 650 800 1000 2000 5000 10000 20000 50000 100000]" app_id=customer-service instance=random scope=dapr.runtime.diagnostics type=log ver=1.14.4
time="2024-12-31T03:36:38.412610818+01:00" level=warning msg="The default value for 'spec.metric.http.increasedCardinality' will change to 'false' in Dapr 1.15 or later" app_id=customer-service instance=random scope=dapr.runtime.diagnostics type=log ver=1.14.4
time="2024-12-31T03:36:38.413848561+01:00" level=info msg="standalone mode configured" app_id=customer-service instance=random scope=dapr.runtime type=log ver=1.14.4
time="2024-12-31T03:36:38.413932511+01:00" level=info msg="app id: customer-service" app_id=customer-service instance=random scope=dapr.runtime type=log ver=1.14.4
time="2024-12-31T03:36:38.414073034+01:00" level=info msg="Dapr trace sampler initialized: ParentBased{root:AlwaysOnSampler,remoteParentSampled:AlwaysOnSampler,remoteParentNotSampled:AlwaysOffSampler,localParentSampled:AlwaysOnSampler,localParentNotSampled:AlwaysOffSampler}" app_id=customer-service instance=random scope=dapr.runtime type=log ver=1.14.4
time="2024-12-31T03:36:38.41409664+01:00" level=info msg="metrics server started on :32781/" app_id=customer-service instance=random scope=dapr.runtime type=log ver=1.14.4
time="2024-12-31T03:36:38.414545516+01:00" level=info msg="local service entry announced: customer-service -> 192.168.1.18:33427" app_id=customer-service component="nr (mdns/v1)" instance=random scope=dapr.contrib type=log ver=1.14.4
time="2024-12-31T03:36:38.414587561+01:00" level=info msg="Initialized name resolution to mdns" app_id=customer-service instance=random scope=dapr.runtime type=log ver=1.14.4
time="2024-12-31T03:36:38.414671721+01:00" level=info msg="Loading components…" app_id=customer-service instance=random scope=dapr.runtime type=log ver=1.14.4
time="2024-12-31T03:36:38.422025333+01:00" level=info msg="Component loaded: pubsub (pubsub.redis/v1)" app_id=customer-service instance=random scope=dapr.runtime.processor type=log ver=1.14.4
time="2024-12-31T03:36:38.42222117+01:00" level=info msg="Waiting for all outstanding components to be processed…" app_id=customer-service instance=random scope=dapr.runtime type=log ver=1.14.4
time="2024-12-31T03:36:38.433479378+01:00" level=info msg="Using 'statestore' as actor state store" app_id=customer-service instance=random scope=dapr.runtime.processor.state type=log ver=1.14.4
time="2024-12-31T03:36:38.433599646+01:00" level=info msg="Component loaded: statestore (state.redis/v1)" app_id=customer-service instance=random scope=dapr.runtime.processor type=log ver=1.14.4
time="2024-12-31T03:36:38.433652307+01:00" level=info msg="All outstanding components processed" app_id=customer-service instance=random scope=dapr.runtime type=log ver=1.14.4
time="2024-12-31T03:36:38.433721451+01:00" level=info msg="Loading endpoints…" app_id=customer-service instance=random scope=dapr.runtime type=log ver=1.14.4
time="2024-12-31T03:36:38.434285915+01:00" level=info msg="Waiting for all outstanding http endpoints to be processed…" app_id=customer-service instance=random scope=dapr.runtime type=log ver=1.14.4
time="2024-12-31T03:36:38.434360786+01:00" level=info msg="All outstanding http endpoints processed" app_id=customer-service instance=random scope=dapr.runtime type=log ver=1.14.4
time="2024-12-31T03:36:38.434388723+01:00" level=info msg="Loading Declarative Subscriptions…" app_id=customer-service instance=random scope=dapr.runtime type=log ver=1.14.4
time="2024-12-31T03:36:38.435298976+01:00" level=info msg="gRPC server listening on TCP address: :36867" app_id=customer-service instance=random scope=dapr.runtime.grpc.api type=log ver=1.14.4
time="2024-12-31T03:36:38.435358202+01:00" level=info msg="Enabled gRPC tracing middleware" app_id=customer-service instance=random scope=dapr.runtime.grpc.api type=log ver=1.14.4
time="2024-12-31T03:36:38.435373777+01:00" level=info msg="Enabled gRPC metrics middleware" app_id=customer-service instance=random scope=dapr.runtime.grpc.api type=log ver=1.14.4
time="2024-12-31T03:36:38.435470788+01:00" level=info msg="Registering workflow engine for gRPC endpoint: [::]:36867" app_id=customer-service instance=random scope=dapr.runtime.grpc.api type=log ver=1.14.4
time="2024-12-31T03:36:38.435533716+01:00" level=info msg="API gRPC server is running on port 36867" app_id=customer-service instance=random scope=dapr.runtime type=log ver=1.14.4
time="2024-12-31T03:36:38.435582884+01:00" level=warning msg="The default value for 'spec.metric.http.increasedCardinality' will change to 'false' in Dapr 1.15 or later" app_id=customer-service instance=random scope=dapr.runtime.http type=log ver=1.14.4
time="2024-12-31T03:36:38.435656708+01:00" level=info msg="Enabled max body size HTTP middleware with size 4194304 bytes" app_id=customer-service instance=random scope=dapr.runtime.http type=log ver=1.14.4
time="2024-12-31T03:36:38.435675914+01:00" level=info msg="Enabled tracing HTTP middleware" app_id=customer-service instance=random scope=dapr.runtime.http type=log ver=1.14.4
time="2024-12-31T03:36:38.435691978+01:00" level=info msg="Enabled metrics HTTP middleware" app_id=customer-service instance=random scope=dapr.runtime.http type=log ver=1.14.4
time="2024-12-31T03:36:38.436206016+01:00" level=info msg="HTTP server listening on TCP address: :3510" app_id=customer-service instance=random scope=dapr.runtime.http type=log ver=1.14.4
time="2024-12-31T03:36:38.436311967+01:00" level=info msg="HTTP server is running on port 3510" app_id=customer-service instance=random scope=dapr.runtime type=log ver=1.14.4
time="2024-12-31T03:36:38.436340602+01:00" level=info msg="The request body size parameter is: 4194304 bytes" app_id=customer-service instance=random scope=dapr.runtime type=log ver=1.14.4
time="2024-12-31T03:36:38.436396476+01:00" level=info msg="gRPC server listening on TCP address: :33427" app_id=customer-service instance=random scope=dapr.runtime.grpc.internal type=log ver=1.14.4
time="2024-12-31T03:36:38.436438381+01:00" level=info msg="Enabled gRPC tracing middleware" app_id=customer-service instance=random scope=dapr.runtime.grpc.internal type=log ver=1.14.4
time="2024-12-31T03:36:38.436455143+01:00" level=info msg="Enabled gRPC metrics middleware" app_id=customer-service instance=random scope=dapr.runtime.grpc.internal type=log ver=1.14.4
time="2024-12-31T03:36:38.436517862+01:00" level=info msg="Internal gRPC server is running on :33427" app_id=customer-service instance=random scope=dapr.runtime type=log ver=1.14.4
time="2024-12-31T03:36:38.436617876+01:00" level=info msg="application protocol: http. waiting on port 8082.  This will block until the app is listening on that port." app_id=customer-service instance=random scope=dapr.runtime type=log ver=1.14.4
time="2024-12-31T03:36:38.436931118+01:00" level=info msg="application discovered on port 8082" app_id=customer-service instance=random scope=dapr.runtime type=log ver=1.14.4
time="2024-12-31T03:36:38.440637292+01:00" level=info msg="Application configuration loaded" app_id=customer-service instance=random scope=dapr.runtime type=log ver=1.14.4
time="2024-12-31T03:36:38.440732906+01:00" level=info msg="Configuring actors placement provider 'placement'. Configuration: 'placement:localhost:50005'" app_id=customer-service instance=random scope=dapr.runtime.actor type=log ver=1.14.4
time="2024-12-31T03:36:38.440778094+01:00" level=info msg="Configuring actor reminders provider 'default'. Configuration: ''" app_id=customer-service instance=random scope=dapr.runtime.actor type=log ver=1.14.4
time="2024-12-31T03:36:38.44083292+01:00" level=info msg="Actor runtime started. Idle timeout: 1h0m0s" app_id=customer-service instance=random scope=dapr.runtime.actor type=log ver=1.14.4
time="2024-12-31T03:36:38.440856666+01:00" level=info msg="Configuring workflow engine with actors backend" app_id=customer-service instance=random scope=dapr.runtime type=log ver=1.14.4
time="2024-12-31T03:36:38.440875244+01:00" level=info msg="Registering component for dapr workflow engine..." app_id=customer-service instance=random scope=dapr.runtime type=log ver=1.14.4
time="2024-12-31T03:36:38.440904369+01:00" level=info msg="Initializing Dapr workflow component" app_id=customer-service component="dapr (workflow.dapr/v1)" instance=random scope=dapr.contrib type=log ver=1.14.4
time="2024-12-31T03:36:38.440962687+01:00" level=info msg="Workflow engine initialized." app_id=customer-service instance=random scope=dapr.runtime type=log ver=1.14.4
time="2024-12-31T03:36:38.444479659+01:00" level=info msg="dapr initialized. Status: Running. Init Elapsed 30ms" app_id=customer-service instance=random scope=dapr.runtime type=log ver=1.14.4
time="2024-12-31T03:36:38.452184647+01:00" level=info msg="Placement tables updated, version: 0" app_id=customer-service instance=random scope=dapr.runtime.actors.placement type=log ver=1.14.4
Updating metadata for app command: nodemon app.js
Updating metadata for appPID: 930148
You're up and running! Dapr logs will appear here.

time="2024-12-31T03:37:40.121665706+01:00" level=info msg="Received signal 'interrupt'; beginning shutdown" app_id=customer-service instance=random scope=dapr.signals type=log ver=1.14.4
time="2024-12-31T03:37:40.123868388+01:00" level=info msg="Dapr is shutting down" app_id=customer-service instance=random scope=dapr.runtime type=log ver=1.14.4
time="2024-12-31T03:37:40.125062131+01:00" level=info msg="Shutting down component statestore (state.redis/v1)" app_id=customer-service instance=random scope=dapr.runtime type=log ver=1.14.4

termination signal received: shutting down
time="2024-12-31T03:37:40.125269282+01:00" level=info msg="stopping mDNS server for app id: customer-service" app_id=customer-service component="nr (mdns/v1)" instance=random scope=dapr.contrib type=log ver=1.14.4
Exited Dapr successfully
Exited App successfully
