Starting Dapr with id customer-service. HTTP Port: 3500. gRPC Port: 40933
Updating metadata for cliPID: 333647
Flag --dapr-http-max-request-size has been deprecated, use '--max-body-size 4Mi'
Flag --dapr-http-read-buffer-size has been deprecated, use '--read-buffer-size 4Ki'
time="2024-12-30T18:28:22.012155475+01:00" level=info msg="Starting Dapr Runtime -- version 1.14.4 -- commit 583960dc90120616124b60ad2b7820fc0b3edf44" app_id=customer-service instance=random scope=dapr.runtime type=log ver=1.14.4
time="2024-12-30T18:28:22.012193958+01:00" level=info msg="Log level set to: info" app_id=customer-service instance=random scope=dapr.runtime type=log ver=1.14.4
time="2024-12-30T18:28:22.012448463+01:00" level=warning msg="mTLS is disabled. Skipping certificate request and tls validation" app_id=customer-service instance=random scope=dapr.runtime.security type=log ver=1.14.4
time="2024-12-30T18:28:22.01302501+01:00" level=info msg="metric spec: {0xc0004a4097 <nil> <nil> []}" app_id=customer-service instance=random scope=dapr.runtime.diagnostics type=log ver=1.14.4
time="2024-12-30T18:28:22.013090871+01:00" level=info msg="Using default latency distribution buckets: [1 2 3 4 5 6 8 10 13 16 20 25 30 40 50 65 80 100 130 160 200 250 300 400 500 650 800 1000 2000 5000 10000 20000 50000 100000]" app_id=customer-service instance=random scope=dapr.runtime.diagnostics type=log ver=1.14.4
time="2024-12-30T18:28:22.013455797+01:00" level=warning msg="The default value for 'spec.metric.http.increasedCardinality' will change to 'false' in Dapr 1.15 or later" app_id=customer-service instance=random scope=dapr.runtime.diagnostics type=log ver=1.14.4
time="2024-12-30T18:28:22.014670073+01:00" level=info msg="standalone mode configured" app_id=customer-service instance=random scope=dapr.runtime type=log ver=1.14.4
time="2024-12-30T18:28:22.014773928+01:00" level=info msg="app id: customer-service" app_id=customer-service instance=random scope=dapr.runtime type=log ver=1.14.4
time="2024-12-30T18:28:22.014913822+01:00" level=info msg="Dapr trace sampler initialized: ParentBased{root:AlwaysOnSampler,remoteParentSampled:AlwaysOnSampler,remoteParentNotSampled:AlwaysOffSampler,localParentSampled:AlwaysOnSampler,localParentNotSampled:AlwaysOffSampler}" app_id=customer-service instance=random scope=dapr.runtime type=log ver=1.14.4
time="2024-12-30T18:28:22.014924787+01:00" level=info msg="metrics server started on :43779/" app_id=customer-service instance=random scope=dapr.runtime type=log ver=1.14.4
time="2024-12-30T18:28:22.015550154+01:00" level=info msg="local service entry announced: customer-service -> 192.168.1.18:35935" app_id=customer-service component="nr (mdns/v1)" instance=random scope=dapr.contrib type=log ver=1.14.4
time="2024-12-30T18:28:22.015598415+01:00" level=info msg="Initialized name resolution to mdns" app_id=customer-service instance=random scope=dapr.runtime type=log ver=1.14.4
time="2024-12-30T18:28:22.015701223+01:00" level=info msg="Loading components…" app_id=customer-service instance=random scope=dapr.runtime type=log ver=1.14.4
time="2024-12-30T18:28:22.022825544+01:00" level=info msg="Component loaded: pubsub (pubsub.redis/v1)" app_id=customer-service instance=random scope=dapr.runtime.processor type=log ver=1.14.4
time="2024-12-30T18:28:22.022997496+01:00" level=info msg="Waiting for all outstanding components to be processed…" app_id=customer-service instance=random scope=dapr.runtime type=log ver=1.14.4
time="2024-12-30T18:28:22.032657019+01:00" level=info msg="Using 'statestore' as actor state store" app_id=customer-service instance=random scope=dapr.runtime.processor.state type=log ver=1.14.4
time="2024-12-30T18:28:22.032780639+01:00" level=info msg="Component loaded: statestore (state.redis/v1)" app_id=customer-service instance=random scope=dapr.runtime.processor type=log ver=1.14.4
time="2024-12-30T18:28:22.032832602+01:00" level=info msg="All outstanding components processed" app_id=customer-service instance=random scope=dapr.runtime type=log ver=1.14.4
time="2024-12-30T18:28:22.032862634+01:00" level=info msg="Loading endpoints…" app_id=customer-service instance=random scope=dapr.runtime type=log ver=1.14.4
time="2024-12-30T18:28:22.033443791+01:00" level=info msg="Waiting for all outstanding http endpoints to be processed…" app_id=customer-service instance=random scope=dapr.runtime type=log ver=1.14.4
time="2024-12-30T18:28:22.033489468+01:00" level=info msg="All outstanding http endpoints processed" app_id=customer-service instance=random scope=dapr.runtime type=log ver=1.14.4
time="2024-12-30T18:28:22.033506789+01:00" level=info msg="Loading Declarative Subscriptions…" app_id=customer-service instance=random scope=dapr.runtime type=log ver=1.14.4
time="2024-12-30T18:28:22.03429838+01:00" level=info msg="Found Subscription: account-subscription" app_id=customer-service instance=random scope=dapr.runtime type=log ver=1.14.4
time="2024-12-30T18:28:22.034433455+01:00" level=info msg="gRPC server listening on TCP address: :40933" app_id=customer-service instance=random scope=dapr.runtime.grpc.api type=log ver=1.14.4
time="2024-12-30T18:28:22.034476477+01:00" level=info msg="Enabled gRPC tracing middleware" app_id=customer-service instance=random scope=dapr.runtime.grpc.api type=log ver=1.14.4
time="2024-12-30T18:28:22.034491144+01:00" level=info msg="Enabled gRPC metrics middleware" app_id=customer-service instance=random scope=dapr.runtime.grpc.api type=log ver=1.14.4
time="2024-12-30T18:28:22.034578377+01:00" level=info msg="Registering workflow engine for gRPC endpoint: [::]:40933" app_id=customer-service instance=random scope=dapr.runtime.grpc.api type=log ver=1.14.4
time="2024-12-30T18:28:22.034628175+01:00" level=info msg="API gRPC server is running on port 40933" app_id=customer-service instance=random scope=dapr.runtime type=log ver=1.14.4
time="2024-12-30T18:28:22.034672804+01:00" level=warning msg="The default value for 'spec.metric.http.increasedCardinality' will change to 'false' in Dapr 1.15 or later" app_id=customer-service instance=random scope=dapr.runtime.http type=log ver=1.14.4
time="2024-12-30T18:28:22.034744741+01:00" level=info msg="Enabled max body size HTTP middleware with size 4194304 bytes" app_id=customer-service instance=random scope=dapr.runtime.http type=log ver=1.14.4
time="2024-12-30T18:28:22.034777148+01:00" level=info msg="Enabled tracing HTTP middleware" app_id=customer-service instance=random scope=dapr.runtime.http type=log ver=1.14.4
time="2024-12-30T18:28:22.03478965+01:00" level=info msg="Enabled metrics HTTP middleware" app_id=customer-service instance=random scope=dapr.runtime.http type=log ver=1.14.4
time="2024-12-30T18:28:22.035562034+01:00" level=info msg="HTTP server listening on TCP address: :3500" app_id=customer-service instance=random scope=dapr.runtime.http type=log ver=1.14.4
time="2024-12-30T18:28:22.035631178+01:00" level=info msg="HTTP server is running on port 3500" app_id=customer-service instance=random scope=dapr.runtime type=log ver=1.14.4
time="2024-12-30T18:28:22.03564829+01:00" level=info msg="The request body size parameter is: 4194304 bytes" app_id=customer-service instance=random scope=dapr.runtime type=log ver=1.14.4
time="2024-12-30T18:28:22.035694595+01:00" level=info msg="gRPC server listening on TCP address: :35935" app_id=customer-service instance=random scope=dapr.runtime.grpc.internal type=log ver=1.14.4
time="2024-12-30T18:28:22.035739713+01:00" level=info msg="Enabled gRPC tracing middleware" app_id=customer-service instance=random scope=dapr.runtime.grpc.internal type=log ver=1.14.4
time="2024-12-30T18:28:22.035763599+01:00" level=info msg="Enabled gRPC metrics middleware" app_id=customer-service instance=random scope=dapr.runtime.grpc.internal type=log ver=1.14.4
time="2024-12-30T18:28:22.035828971+01:00" level=info msg="Internal gRPC server is running on :35935" app_id=customer-service instance=random scope=dapr.runtime type=log ver=1.14.4
time="2024-12-30T18:28:22.035945398+01:00" level=info msg="application protocol: http. waiting on port 8081.  This will block until the app is listening on that port." app_id=customer-service instance=random scope=dapr.runtime type=log ver=1.14.4
time="2024-12-30T18:28:22.64206344+01:00" level=info msg="application discovered on port 8081" app_id=customer-service instance=random scope=dapr.runtime type=log ver=1.14.4
time="2024-12-30T18:28:22.653990809+01:00" level=info msg="Application configuration loaded" app_id=customer-service instance=random scope=dapr.runtime type=log ver=1.14.4
time="2024-12-30T18:28:22.654110798+01:00" level=info msg="Configuring actors placement provider 'placement'. Configuration: 'placement:localhost:50005'" app_id=customer-service instance=random scope=dapr.runtime.actor type=log ver=1.14.4
time="2024-12-30T18:28:22.654168487+01:00" level=info msg="Configuring actor reminders provider 'default'. Configuration: ''" app_id=customer-service instance=random scope=dapr.runtime.actor type=log ver=1.14.4
time="2024-12-30T18:28:22.654248457+01:00" level=info msg="Actor runtime started. Idle timeout: 1h0m0s" app_id=customer-service instance=random scope=dapr.runtime.actor type=log ver=1.14.4
time="2024-12-30T18:28:22.654319835+01:00" level=info msg="Configuring workflow engine with actors backend" app_id=customer-service instance=random scope=dapr.runtime type=log ver=1.14.4
time="2024-12-30T18:28:22.654355595+01:00" level=info msg="Registering component for dapr workflow engine..." app_id=customer-service instance=random scope=dapr.runtime type=log ver=1.14.4
time="2024-12-30T18:28:22.654403646+01:00" level=info msg="Initializing Dapr workflow component" app_id=customer-service component="dapr (workflow.dapr/v1)" instance=random scope=dapr.contrib type=log ver=1.14.4
time="2024-12-30T18:28:22.654457564+01:00" level=info msg="Workflow engine initialized." app_id=customer-service instance=random scope=dapr.runtime type=log ver=1.14.4
time="2024-12-30T18:28:22.659211512+01:00" level=info msg="dapr initialized. Status: Running. Init Elapsed 644ms" app_id=customer-service instance=random scope=dapr.runtime type=log ver=1.14.4
time="2024-12-30T18:28:22.668250557+01:00" level=info msg="Placement tables updated, version: 0" app_id=customer-service instance=random scope=dapr.runtime.actors.placement type=log ver=1.14.4
time="2024-12-30T18:28:22.676233658+01:00" level=error msg="non-retriable error returned from app while processing pub/sub event ed1badf4-ad4d-472e-93b1-ac7ecb641d66: <!DOCTYPE html>\n<html lang=\"en\">\n<head>\n<meta charset=\"utf-8\">\n<title>Error</title>\n</head>\n<body>\n<pre>Cannot POST /updateAccount</pre>\n</body>\n</html>\n. status code returned: 404" app_id=customer-service instance=random scope=dapr.runtime.processor.pubsub.subscription type=log ver=1.14.4
Updating metadata for app command: node app.js --reload
Updating metadata for appPID: 333675
You're up and running! Dapr logs will appear here.

time="2024-12-30T18:28:33.571067171+01:00" level=info msg="Received signal 'interrupt'; beginning shutdown" app_id=customer-service instance=random scope=dapr.signals type=log ver=1.14.4
time="2024-12-30T18:28:33.571773275+01:00" level=info msg="Dapr is shutting down" app_id=customer-service instance=random scope=dapr.runtime type=log ver=1.14.4
time="2024-12-30T18:28:33.572364629+01:00" level=info msg="Shutting down component statestore (state.redis/v1)" app_id=customer-service instance=random scope=dapr.runtime type=log ver=1.14.4
time="2024-12-30T18:28:33.572205877+01:00" level=info msg="stopping mDNS server for app id: customer-service" app_id=customer-service component="nr (mdns/v1)" instance=random scope=dapr.contrib type=log ver=1.14.4
time="2024-12-30T18:28:33.572270761+01:00" level=info msg="Closing HTTP server [::]:3500…" app_id=customer-service instance=random scope=dapr.runtime.http type=log ver=1.14.4
time="2024-12-30T18:28:33.572878178+01:00" level=info msg="Shutting down component pubsub (pubsub.redis/v1)" app_id=customer-service instance=random scope=dapr.runtime type=log ver=1.14.4
time="2024-12-30T18:28:33.57206333+01:00" level=info msg="Shutting down workflow engine" app_id=customer-service instance=random scope=dapr.runtime type=log ver=1.14.4
time="2024-12-30T18:28:33.573119343+01:00" level=info msg="Dapr runtime stopped" app_id=customer-service instance=random scope=dapr.runtime type=log ver=1.14.4
time="2024-12-30T18:28:33.572080301+01:00" level=info msg="Shutting down actor" app_id=customer-service instance=random scope=dapr.runtime type=log ver=1.14.4
time="2024-12-30T18:28:33.573400249+01:00" level=info msg="Daprd shutdown gracefully" app_id=customer-service instance=random scope=dapr.runtime type=log ver=1.14.4

termination signal received: shutting down
Exited Dapr successfully
Exited App successfully
