== APP - customer-service == [nodemon] 3.1.9
== APP - customer-service == [nodemon] to restart at any time, enter `rs`
== APP - customer-service == [nodemon] watching path(s): *.*
== APP - customer-service == [nodemon] watching extensions: js,mjs,cjs,json
== APP - customer-service == [nodemon] starting `node app.js`
== APP - customer-service == 2024-12-31T13:09:04.089Z INFO [HTTPServer, HTTPServerImpl] [Topic = updateAccount] Registered Subscription with routes: default
== APP - customer-service == 2024-12-31T13:09:04.115Z INFO [HTTPServer, HTTPServer] Listening on 3505
== APP - customer-service == 2024-12-31T13:09:04.116Z INFO [HTTPServer, HTTPServer] Registering 1 PubSub Subscriptions
== APP - customer-service == 2024-12-31T13:09:04.195Z INFO [HTTPClient, HTTPClient] Sidecar Started
== APP - customer-service == Dapr subscription started.
== APP - customer-service == Express server is listening on PORT: 8081
== APP - customer-service == Executing (default): SELECT TABLE_NAME FROM INFORMATION_SCHEMA.TABLES WHERE TABLE_TYPE = 'BASE TABLE' AND TABLE_NAME = 'customers' AND TABLE_SCHEMA = 'customers'
== APP - customer-service == Executing (default): SHOW INDEX FROM `customers`
== APP - customer-service == Models synchronized with the database.
== APP - customer-service == [nodemon] restarting due to changes...
== APP - customer-service == [nodemon] starting `node app.js`
== APP - customer-service == Error starting server:  ReferenceError: startDaprSubscription is not defined
== APP - customer-service ==     at startServer (/home/iheb/Documents/Projects/bank-svc-app/customerManagementService/app.js:25:5)
== APP - customer-service ==     at Object.<anonymous> (/home/iheb/Documents/Projects/bank-svc-app/customerManagementService/app.js:38:1)
== APP - customer-service ==     at Module._compile (node:internal/modules/cjs/loader:1469:14)
== APP - customer-service ==     at Module._extensions..js (node:internal/modules/cjs/loader:1548:10)
== APP - customer-service ==     at Module.load (node:internal/modules/cjs/loader:1288:32)
== APP - customer-service ==     at Module._load (node:internal/modules/cjs/loader:1104:12)
== APP - customer-service ==     at Function.executeUserEntryPoint [as runMain] (node:internal/modules/run_main:174:12)
== APP - customer-service ==     at node:internal/main/run_main_module:28:49
== APP - customer-service == Executing (default): SELECT TABLE_NAME FROM INFORMATION_SCHEMA.TABLES WHERE TABLE_TYPE = 'BASE TABLE' AND TABLE_NAME = 'customers' AND TABLE_SCHEMA = 'customers'
== APP - customer-service == Executing (default): SHOW INDEX FROM `customers`
== APP - customer-service == Models synchronized with the database.
== APP - customer-service == [nodemon] clean exit - waiting for changes before restart
== APP - customer-service == [nodemon] restarting due to changes...
== APP - customer-service == [nodemon] starting `node app.js`
== APP - customer-service == 2024-12-31T13:14:57.164Z INFO [HTTPServer, HTTPServerImpl] [Topic = updateAccount] Registered Subscription with routes: default
== APP - customer-service == 2024-12-31T13:14:57.170Z INFO [HTTPServer, HTTPServer] Listening on 5002
== APP - customer-service == 2024-12-31T13:14:57.171Z INFO [HTTPServer, HTTPServer] Registering 1 PubSub Subscriptions
== APP - customer-service == 2024-12-31T13:14:57.222Z INFO [HTTPClient, HTTPClient] Sidecar Started
== APP - customer-service == Express server is listening on PORT: 8081
== APP - customer-service == Executing (default): SELECT TABLE_NAME FROM INFORMATION_SCHEMA.TABLES WHERE TABLE_TYPE = 'BASE TABLE' AND TABLE_NAME = 'customers' AND TABLE_SCHEMA = 'customers'
== APP - customer-service == Executing (default): SHOW INDEX FROM `customers`
== APP - customer-service == Models synchronized with the database.
== APP - customer-service == [nodemon] restarting due to changes...
== APP - customer-service == [nodemon] starting `node app.js`
== APP - customer-service == 2024-12-31T13:15:39.462Z INFO [HTTPServer, HTTPServerImpl] [Topic = updateAccount] Registered Subscription with routes: default
== APP - customer-service == 2024-12-31T13:15:39.469Z INFO [HTTPServer, HTTPServer] Listening on 5002
== APP - customer-service == 2024-12-31T13:15:39.470Z INFO [HTTPServer, HTTPServer] Registering 1 PubSub Subscriptions
== APP - customer-service == 2024-12-31T13:15:39.519Z INFO [HTTPClient, HTTPClient] Sidecar Started
== APP - customer-service == Express server is listening on PORT: 8081
== APP - customer-service == Executing (default): SELECT TABLE_NAME FROM INFORMATION_SCHEMA.TABLES WHERE TABLE_TYPE = 'BASE TABLE' AND TABLE_NAME = 'customers' AND TABLE_SCHEMA = 'customers'
== APP - customer-service == Executing (default): SHOW INDEX FROM `customers`
== APP - customer-service == Models synchronized with the database.
== APP - customer-service == [nodemon] restarting due to changes...
== APP - customer-service == [nodemon] starting `node app.js`
== APP - customer-service == 2024-12-31T13:15:58.546Z INFO [HTTPServer, HTTPServerImpl] [Topic = updateAccount] Registered Subscription with routes: default
== APP - customer-service == 2024-12-31T13:15:58.553Z INFO [HTTPServer, HTTPServer] Listening on 5002
== APP - customer-service == 2024-12-31T13:15:58.554Z INFO [HTTPServer, HTTPServer] Registering 1 PubSub Subscriptions
== APP - customer-service == 2024-12-31T13:15:58.600Z INFO [HTTPClient, HTTPClient] Sidecar Started
== APP - customer-service == Express server is listening on PORT: 8081
== APP - customer-service == Executing (default): SELECT TABLE_NAME FROM INFORMATION_SCHEMA.TABLES WHERE TABLE_TYPE = 'BASE TABLE' AND TABLE_NAME = 'customers' AND TABLE_SCHEMA = 'customers'
== APP - customer-service == Executing (default): SHOW INDEX FROM `customers`
== APP - customer-service == Models synchronized with the database.

termination signal received: shutting down
