== APP - customer-service == [nodemon] 3.1.9
== APP - customer-service == [nodemon] to restart at any time, enter `rs`
== APP - customer-service == [nodemon] watching path(s): *.*
== APP - customer-service == [nodemon] watching extensions: js,mjs,cjs,json
== APP - customer-service == [nodemon] starting `node app.js`
== APP - customer-service == Server is listening on PORT: 8081
== APP - customer-service == Executing (default): SELECT TABLE_NAME FROM INFORMATION_SCHEMA.TABLES WHERE TABLE_TYPE = 'BASE TABLE' AND TABLE_NAME = 'customers' AND TABLE_SCHEMA = 'customers'
== APP - customer-service == Executing (default): SHOW INDEX FROM `customers`
== APP - customer-service == Models synchronized with the database.
== APP - customer-service == Received message on updateAccount: 1f2fdd06-f3a2-4047-94aa-c39bc09a17e3
== APP - customer-service == Received message on updateAccount: 8e2ccf91-6bc5-47bb-81e6-0b3fbb828b5b
== APP - customer-service == [nodemon] restarting due to changes...
== APP - customer-service == [nodemon] starting `node app.js`
== APP - customer-service == Server is listening on PORT: 8081
== APP - customer-service == Executing (default): SELECT TABLE_NAME FROM INFORMATION_SCHEMA.TABLES WHERE TABLE_TYPE = 'BASE TABLE' AND TABLE_NAME = 'customers' AND TABLE_SCHEMA = 'customers'
== APP - customer-service == Executing (default): SHOW INDEX FROM `customers`
== APP - customer-service == Models synchronized with the database.
== APP - customer-service == [nodemon] restarting due to changes...
== APP - customer-service == [nodemon] starting `node app.js`
== APP - customer-service == (node:1421338) Warning: To load an ES module, set "type": "module" in the package.json or use the .mjs extension.
== APP - customer-service == (Use `node --trace-warnings ...` to show where the warning was created)
== APP - customer-service == /home/iheb/Documents/Projects/bank-svc-app/customerManagementService/app.js:62
== APP - customer-service == await sendSMS("+21628803469", transaction);
== APP - customer-service == ^^^^^
== APP - customer-service == 
== APP - customer-service == SyntaxError: await is only valid in async functions and the top level bodies of modules
== APP - customer-service ==     at wrapSafe (node:internal/modules/cjs/loader:1378:20)
== APP - customer-service ==     at Module._compile (node:internal/modules/cjs/loader:1428:41)
== APP - customer-service ==     at Module._extensions..js (node:internal/modules/cjs/loader:1548:10)
== APP - customer-service ==     at Module.load (node:internal/modules/cjs/loader:1288:32)
== APP - customer-service ==     at Module._load (node:internal/modules/cjs/loader:1104:12)
== APP - customer-service ==     at Function.executeUserEntryPoint [as runMain] (node:internal/modules/run_main:174:12)
== APP - customer-service ==     at node:internal/main/run_main_module:28:49
== APP - customer-service == 
== APP - customer-service == Node.js v20.17.0
== APP - customer-service == [nodemon] app crashed - waiting for file changes before starting...
== APP - customer-service == [nodemon] restarting due to changes...
== APP - customer-service == [nodemon] starting `node app.js`
== APP - customer-service == Failed to send SMS: ReferenceError: axios is not defined
== APP - customer-service ==     at sendSMS (/home/iheb/Documents/Projects/bank-svc-app/customerManagementService/app.js:43:5)
== APP - customer-service ==     at handleTransactionCompletion (/home/iheb/Documents/Projects/bank-svc-app/customerManagementService/app.js:68:11)
== APP - customer-service ==     at Object.<anonymous> (/home/iheb/Documents/Projects/bank-svc-app/customerManagementService/app.js:75:1)
== APP - customer-service ==     at Module._compile (node:internal/modules/cjs/loader:1469:14)
== APP - customer-service ==     at Module._extensions..js (node:internal/modules/cjs/loader:1548:10)
== APP - customer-service ==     at Module.load (node:internal/modules/cjs/loader:1288:32)
== APP - customer-service ==     at Module._load (node:internal/modules/cjs/loader:1104:12)
== APP - customer-service ==     at Function.executeUserEntryPoint [as runMain] (node:internal/modules/run_main:174:12)
== APP - customer-service ==     at node:internal/main/run_main_module:28:49
== APP - customer-service == Server is listening on PORT: 8081
== APP - customer-service == Executing (default): SELECT TABLE_NAME FROM INFORMATION_SCHEMA.TABLES WHERE TABLE_TYPE = 'BASE TABLE' AND TABLE_NAME = 'customers' AND TABLE_SCHEMA = 'customers'
== APP - customer-service == Executing (default): SHOW INDEX FROM `customers`
== APP - customer-service == Models synchronized with the database.
== APP - customer-service == [nodemon] restarting due to changes...
== APP - customer-service == [nodemon] starting `node app.js`
== APP - customer-service == Server is listening on PORT: 8081
== APP - customer-service == Failed to send SMS: AxiosError [AggregateError]
== APP - customer-service ==     at AxiosError.from (/home/iheb/Documents/Projects/bank-svc-app/customerManagementService/node_modules/axios/dist/node/axios.cjs:877:14)
== APP - customer-service ==     at RedirectableRequest.handleRequestError (/home/iheb/Documents/Projects/bank-svc-app/customerManagementService/node_modules/axios/dist/node/axios.cjs:3163:25)
== APP - customer-service ==     at RedirectableRequest.emit (node:events:519:28)
== APP - customer-service ==     at eventHandlers.<computed> (/home/iheb/Documents/Projects/bank-svc-app/customerManagementService/node_modules/follow-redirects/index.js:49:24)
== APP - customer-service ==     at ClientRequest.emit (node:events:519:28)
== APP - customer-service ==     at emitErrorEvent (node:_http_client:108:11)
== APP - customer-service ==     at Socket.socketErrorListener (node:_http_client:511:5)
== APP - customer-service ==     at Socket.emit (node:events:519:28)
== APP - customer-service ==     at emitErrorNT (node:internal/streams/destroy:169:8)
== APP - customer-service ==     at emitErrorCloseNT (node:internal/streams/destroy:128:3)
== APP - customer-service ==     at Axios.request (/home/iheb/Documents/Projects/bank-svc-app/customerManagementService/node_modules/axios/dist/node/axios.cjs:4252:41)
== APP - customer-service ==     at process.processTicksAndRejections (node:internal/process/task_queues:95:5)
== APP - customer-service ==     at async sendSMS (/home/iheb/Documents/Projects/bank-svc-app/customerManagementService/app.js:43:5)
== APP - customer-service ==     at async handleTransactionCompletion (/home/iheb/Documents/Projects/bank-svc-app/customerManagementService/app.js:68:5) {
== APP - customer-service ==   code: 'ECONNREFUSED',
== APP - customer-service ==   errors: [
== APP - customer-service ==     Error: connect ECONNREFUSED ::1:3500
== APP - customer-service ==         at createConnectionError (node:net:1648:14)
== APP - customer-service ==         at afterConnectMultiple (node:net:1678:16) {
== APP - customer-service ==       errno: -111,
== APP - customer-service ==       code: 'ECONNREFUSED',
== APP - customer-service ==       syscall: 'connect',
== APP - customer-service ==       address: '::1',
== APP - customer-service ==       port: 3500
== APP - customer-service ==     },
== APP - customer-service ==     Error: connect ECONNREFUSED 127.0.0.1:3500
== APP - customer-service ==         at createConnectionError (node:net:1648:14)
== APP - customer-service ==         at afterConnectMultiple (node:net:1678:16) {
== APP - customer-service ==       errno: -111,
== APP - customer-service ==       code: 'ECONNREFUSED',
== APP - customer-service ==       syscall: 'connect',
== APP - customer-service ==       address: '127.0.0.1',
== APP - customer-service ==       port: 3500
== APP - customer-service ==     }
== APP - customer-service ==   ],
== APP - customer-service ==   config: {
== APP - customer-service ==     transitional: {
== APP - customer-service ==       silentJSONParsing: true,
== APP - customer-service ==       forcedJSONParsing: true,
== APP - customer-service ==       clarifyTimeoutError: false
== APP - customer-service ==     },
== APP - customer-service ==     adapter: [ 'xhr', 'http', 'fetch' ],
== APP - customer-service ==     transformRequest: [ [Function: transformRequest] ],
== APP - customer-service ==     transformResponse: [ [Function: transformResponse] ],
== APP - customer-service ==     timeout: 0,
== APP - customer-service ==     xsrfCookieName: 'XSRF-TOKEN',
== APP - customer-service ==     xsrfHeaderName: 'X-XSRF-TOKEN',
== APP - customer-service ==     maxContentLength: -1,
== APP - customer-service ==     maxBodyLength: -1,
== APP - customer-service ==     env: { FormData: [Function], Blob: [class Blob] },
== APP - customer-service ==     validateStatus: [Function: validateStatus],
== APP - customer-service ==     headers: Object [AxiosHeaders] {
== APP - customer-service ==       Accept: 'application/json, text/plain, */*',
== APP - customer-service ==       'Content-Type': 'application/json',
== APP - customer-service ==       'User-Agent': 'axios/1.7.9',
== APP - customer-service ==       'Content-Length': '122',
== APP - customer-service ==       'Accept-Encoding': 'gzip, compress, deflate, br'
== APP - customer-service ==     },
== APP - customer-service ==     method: 'post',
== APP - customer-service ==     url: 'http://localhost:3500/v1.0/bindings/twilio-sms',
== APP - customer-service ==     data: '{"to":"+21628803469","from":"+12316679128","body":"Transaction Successful! Amount: 100, Date: 2024-12-31T17:51:59.748421"}'
== APP - customer-service ==   },
== APP - customer-service ==   request: <ref *1> Writable {
== APP - customer-service ==     _events: {
== APP - customer-service ==       close: undefined,
== APP - customer-service ==       error: [Function: handleRequestError],
== APP - customer-service ==       prefinish: undefined,
== APP - customer-service ==       finish: undefined,
== APP - customer-service ==       drain: undefined,
== APP - customer-service ==       response: [Function: handleResponse],
== APP - customer-service ==       socket: [Function: handleRequestSocket]
== APP - customer-service ==     },
== APP - customer-service ==     _writableState: WritableState {
== APP - customer-service ==       highWaterMark: 16384,
== APP - customer-service ==       length: 0,
== APP - customer-service ==       corked: 0,
== APP - customer-service ==       onwrite: [Function: bound onwrite],
== APP - customer-service ==       writelen: 0,
== APP - customer-service ==       bufferedIndex: 0,
== APP - customer-service ==       pendingcb: 0,
== APP - customer-service ==       [Symbol(kState)]: 17580812,
== APP - customer-service ==       [Symbol(kBufferedValue)]: null
== APP - customer-service ==     },
== APP - customer-service ==     _maxListeners: undefined,
== APP - customer-service ==     _options: {
== APP - customer-service ==       maxRedirects: 21,
== APP - customer-service ==       maxBodyLength: Infinity,
== APP - customer-service ==       protocol: 'http:',
== APP - customer-service ==       path: '/v1.0/bindings/twilio-sms',
== APP - customer-service ==       method: 'POST',
== APP - customer-service ==       headers: [Object: null prototype],
== APP - customer-service ==       agents: [Object],
== APP - customer-service ==       auth: undefined,
== APP - customer-service ==       family: undefined,
== APP - customer-service ==       beforeRedirect: [Function: dispatchBeforeRedirect],
== APP - customer-service ==       beforeRedirects: [Object],
== APP - customer-service ==       hostname: 'localhost',
== APP - customer-service ==       port: '3500',
== APP - customer-service ==       agent: undefined,
== APP - customer-service ==       nativeProtocols: [Object],
== APP - customer-service ==       pathname: '/v1.0/bindings/twilio-sms'
== APP - customer-service ==     },
== APP - customer-service ==     _ended: false,
== APP - customer-service ==     _ending: true,
== APP - customer-service ==     _redirectCount: 0,
== APP - customer-service ==     _redirects: [],
== APP - customer-service ==     _requestBodyLength: 122,
== APP - customer-service ==     _requestBodyBuffers: [ [Object] ],
== APP - customer-service ==     _eventsCount: 3,
== APP - customer-service ==     _onNativeResponse: [Function (anonymous)],
== APP - customer-service ==     _currentRequest: ClientRequest {
== APP - customer-service ==       _events: [Object: null prototype],
== APP - customer-service ==       _eventsCount: 7,
== APP - customer-service ==       _maxListeners: undefined,
== APP - customer-service ==       outputData: [],
== APP - customer-service ==       outputSize: 0,
== APP - customer-service ==       writable: true,
== APP - customer-service ==       destroyed: false,
== APP - customer-service ==       _last: false,
== APP - customer-service ==       chunkedEncoding: false,
== APP - customer-service ==       shouldKeepAlive: true,
== APP - customer-service ==       maxRequestsOnConnectionReached: false,
== APP - customer-service ==       _defaultKeepAlive: true,
== APP - customer-service ==       useChunkedEncodingByDefault: true,
== APP - customer-service ==       sendDate: false,
== APP - customer-service ==       _removedConnection: false,
== APP - customer-service ==       _removedContLen: false,
== APP - customer-service ==       _removedTE: false,
== APP - customer-service ==       strictContentLength: false,
== APP - customer-service ==       _contentLength: '122',
== APP - customer-service ==       _hasBody: true,
== APP - customer-service ==       _trailer: '',
== APP - customer-service ==       finished: false,
== APP - customer-service ==       _headerSent: true,
== APP - customer-service ==       _closed: false,
== APP - customer-service ==       socket: [Socket],
== APP - customer-service ==       _header: 'POST /v1.0/bindings/twilio-sms HTTP/1.1\r\n' +
== APP - customer-service ==         'Accept: application/json, text/plain, */*\r\n' +
== APP - customer-service ==         'Content-Type: application/json\r\n' +
== APP - customer-service ==         'User-Agent: axios/1.7.9\r\n' +
== APP - customer-service ==         'Content-Length: 122\r\n' +
== APP - customer-service ==         'Accept-Encoding: gzip, compress, deflate, br\r\n' +
== APP - customer-service ==         'Host: localhost:3500\r\n' +
== APP - customer-service ==         'Connection: keep-alive\r\n' +
== APP - customer-service ==         '\r\n',
== APP - customer-service ==       _keepAliveTimeout: 0,
== APP - customer-service ==       _onPendingData: [Function: nop],
== APP - customer-service ==       agent: [Agent],
== APP - customer-service ==       socketPath: undefined,
== APP - customer-service ==       method: 'POST',
== APP - customer-service ==       maxHeaderSize: undefined,
== APP - customer-service ==       insecureHTTPParser: undefined,
== APP - customer-service ==       joinDuplicateHeaders: undefined,
== APP - customer-service ==       path: '/v1.0/bindings/twilio-sms',
== APP - customer-service ==       _ended: false,
== APP - customer-service ==       res: null,
== APP - customer-service ==       aborted: false,
== APP - customer-service ==       timeoutCb: [Function: emitRequestTimeout],
== APP - customer-service ==       upgradeOrConnect: false,
== APP - customer-service ==       parser: null,
== APP - customer-service ==       maxHeadersCount: null,
== APP - customer-service ==       reusedSocket: false,
== APP - customer-service ==       host: 'localhost',
== APP - customer-service ==       protocol: 'http:',
== APP - customer-service ==       _redirectable: [Circular *1],
== APP - customer-service ==       [Symbol(shapeMode)]: false,
== APP - customer-service ==       [Symbol(kCapture)]: false,
== APP - customer-service ==       [Symbol(kBytesWritten)]: 0,
== APP - customer-service ==       [Symbol(kNeedDrain)]: false,
== APP - customer-service ==       [Symbol(corked)]: 0,
== APP - customer-service ==       [Symbol(kOutHeaders)]: [Object: null prototype],
== APP - customer-service ==       [Symbol(errored)]: null,
== APP - customer-service ==       [Symbol(kHighWaterMark)]: 16384,
== APP - customer-service ==       [Symbol(kRejectNonStandardBodyWrites)]: false,
== APP - customer-service ==       [Symbol(kUniqueHeaders)]: null
== APP - customer-service ==     },
== APP - customer-service ==     _currentUrl: 'http://localhost:3500/v1.0/bindings/twilio-sms',
== APP - customer-service ==     [Symbol(shapeMode)]: true,
== APP - customer-service ==     [Symbol(kCapture)]: false
== APP - customer-service ==   },
== APP - customer-service ==   cause: AggregateError [ECONNREFUSED]: 
== APP - customer-service ==       at internalConnectMultiple (node:net:1118:18)
== APP - customer-service ==       at afterConnectMultiple (node:net:1685:7) {
== APP - customer-service ==     code: 'ECONNREFUSED',
== APP - customer-service ==     [errors]: [ [Error], [Error] ]
== APP - customer-service ==   }
== APP - customer-service == }
== APP - customer-service == Executing (default): SELECT TABLE_NAME FROM INFORMATION_SCHEMA.TABLES WHERE TABLE_TYPE = 'BASE TABLE' AND TABLE_NAME = 'customers' AND TABLE_SCHEMA = 'customers'
== APP - customer-service == Executing (default): SHOW INDEX FROM `customers`
== APP - customer-service == Models synchronized with the database.
== APP - customer-service == [nodemon] restarting due to changes...
== APP - customer-service == [nodemon] starting `node app.js`
== APP - customer-service == Server is listening on PORT: 8081
== APP - customer-service == Failed to send SMS: AxiosError: Request failed with status code 500
== APP - customer-service ==     at settle (/home/iheb/Documents/Projects/bank-svc-app/customerManagementService/node_modules/axios/dist/node/axios.cjs:2026:12)
== APP - customer-service ==     at IncomingMessage.handleStreamEnd (/home/iheb/Documents/Projects/bank-svc-app/customerManagementService/node_modules/axios/dist/node/axios.cjs:3142:11)
== APP - customer-service ==     at IncomingMessage.emit (node:events:531:35)
== APP - customer-service ==     at endReadableNT (node:internal/streams/readable:1696:12)
== APP - customer-service ==     at process.processTicksAndRejections (node:internal/process/task_queues:82:21)
== APP - customer-service ==     at Axios.request (/home/iheb/Documents/Projects/bank-svc-app/customerManagementService/node_modules/axios/dist/node/axios.cjs:4252:41)
== APP - customer-service ==     at process.processTicksAndRejections (node:internal/process/task_queues:95:5)
== APP - customer-service ==     at async sendSMS (/home/iheb/Documents/Projects/bank-svc-app/customerManagementService/app.js:43:5)
== APP - customer-service ==     at async handleTransactionCompletion (/home/iheb/Documents/Projects/bank-svc-app/customerManagementService/app.js:68:5) {
== APP - customer-service ==   code: 'ERR_BAD_RESPONSE',
== APP - customer-service ==   config: {
== APP - customer-service ==     transitional: {
== APP - customer-service ==       silentJSONParsing: true,
== APP - customer-service ==       forcedJSONParsing: true,
== APP - customer-service ==       clarifyTimeoutError: false
== APP - customer-service ==     },
== APP - customer-service ==     adapter: [ 'xhr', 'http', 'fetch' ],
== APP - customer-service ==     transformRequest: [ [Function: transformRequest] ],
== APP - customer-service ==     transformResponse: [ [Function: transformResponse] ],
== APP - customer-service ==     timeout: 0,
== APP - customer-service ==     xsrfCookieName: 'XSRF-TOKEN',
== APP - customer-service ==     xsrfHeaderName: 'X-XSRF-TOKEN',
== APP - customer-service ==     maxContentLength: -1,
== APP - customer-service ==     maxBodyLength: -1,
== APP - customer-service ==     env: { FormData: [Function], Blob: [class Blob] },
== APP - customer-service ==     validateStatus: [Function: validateStatus],
== APP - customer-service ==     headers: Object [AxiosHeaders] {
== APP - customer-service ==       Accept: 'application/json, text/plain, */*',
== APP - customer-service ==       'Content-Type': 'application/json',
== APP - customer-service ==       'User-Agent': 'axios/1.7.9',
== APP - customer-service ==       'Content-Length': '122',
== APP - customer-service ==       'Accept-Encoding': 'gzip, compress, deflate, br'
== APP - customer-service ==     },
== APP - customer-service ==     method: 'post',
== APP - customer-service ==     url: 'http://localhost:3510/v1.0/bindings/twilio-sms',
== APP - customer-service ==     data: '{"to":"+21628803469","from":"+12316679128","body":"Transaction Successful! Amount: 100, Date: 2024-12-31T17:51:59.748421"}'
== APP - customer-service ==   },
== APP - customer-service ==   request: <ref *1> ClientRequest {
== APP - customer-service ==     _events: [Object: null prototype] {
== APP - customer-service ==       abort: [Function (anonymous)],
== APP - customer-service ==       aborted: [Function (anonymous)],
== APP - customer-service ==       connect: [Function (anonymous)],
== APP - customer-service ==       error: [Function (anonymous)],
== APP - customer-service ==       socket: [Function (anonymous)],
== APP - customer-service ==       timeout: [Function (anonymous)],
== APP - customer-service ==       finish: [Function: requestOnFinish]
== APP - customer-service ==     },
== APP - customer-service ==     _eventsCount: 7,
== APP - customer-service ==     _maxListeners: undefined,
== APP - customer-service ==     outputData: [],
== APP - customer-service ==     outputSize: 0,
== APP - customer-service ==     writable: true,
== APP - customer-service ==     destroyed: true,
== APP - customer-service ==     _last: false,
== APP - customer-service ==     chunkedEncoding: false,
== APP - customer-service ==     shouldKeepAlive: true,
== APP - customer-service ==     maxRequestsOnConnectionReached: false,
== APP - customer-service ==     _defaultKeepAlive: true,
== APP - customer-service ==     useChunkedEncodingByDefault: true,
== APP - customer-service ==     sendDate: false,
== APP - customer-service ==     _removedConnection: false,
== APP - customer-service ==     _removedContLen: false,
== APP - customer-service ==     _removedTE: false,
== APP - customer-service ==     strictContentLength: false,
== APP - customer-service ==     _contentLength: '122',
== APP - customer-service ==     _hasBody: true,
== APP - customer-service ==     _trailer: '',
== APP - customer-service ==     finished: true,
== APP - customer-service ==     _headerSent: true,
== APP - customer-service ==     _closed: true,
== APP - customer-service ==     socket: Socket {
== APP - customer-service ==       connecting: false,
== APP - customer-service ==       _hadError: false,
== APP - customer-service ==       _parent: null,
== APP - customer-service ==       _host: 'localhost',
== APP - customer-service ==       _closeAfterHandlingError: false,
== APP - customer-service ==       _events: [Object],
== APP - customer-service ==       _readableState: [ReadableState],
== APP - customer-service ==       _writableState: [WritableState],
== APP - customer-service ==       allowHalfOpen: false,
== APP - customer-service ==       _maxListeners: undefined,
== APP - customer-service ==       _eventsCount: 6,
== APP - customer-service ==       _sockname: null,
== APP - customer-service ==       _pendingData: null,
== APP - customer-service ==       _pendingEncoding: '',
== APP - customer-service ==       server: null,
== APP - customer-service ==       _server: null,
== APP - customer-service ==       timeout: 5000,
== APP - customer-service ==       parser: null,
== APP - customer-service ==       _httpMessage: null,
== APP - customer-service ==       autoSelectFamilyAttemptedAddresses: [Array],
== APP - customer-service ==       [Symbol(async_id_symbol)]: -1,
== APP - customer-service ==       [Symbol(kHandle)]: [TCP],
== APP - customer-service ==       [Symbol(lastWriteQueueSize)]: 0,
== APP - customer-service ==       [Symbol(timeout)]: Timeout {
== APP - customer-service ==         _idleTimeout: 5000,
== APP - customer-service ==         _idlePrev: [TimersList],
== APP - customer-service ==         _idleNext: [TimersList],
== APP - customer-service ==         _idleStart: 1178,
== APP - customer-service ==         _onTimeout: [Function: bound ],
== APP - customer-service ==         _timerArgs: undefined,
== APP - customer-service ==         _repeat: null,
== APP - customer-service ==         _destroyed: false,
== APP - customer-service ==         [Symbol(refed)]: false,
== APP - customer-service ==         [Symbol(kHasPrimitive)]: false,
== APP - customer-service ==         [Symbol(asyncId)]: 66,
== APP - customer-service ==         [Symbol(triggerId)]: 64
== APP - customer-service ==       },
== APP - customer-service ==       [Symbol(kBuffer)]: null,
== APP - customer-service ==       [Symbol(kBufferCb)]: null,
== APP - customer-service ==       [Symbol(kBufferGen)]: null,
== APP - customer-service ==       [Symbol(shapeMode)]: true,
== APP - customer-service ==       [Symbol(kCapture)]: false,
== APP - customer-service ==       [Symbol(kSetNoDelay)]: true,
== APP - customer-service ==       [Symbol(kSetKeepAlive)]: true,
== APP - customer-service ==       [Symbol(kSetKeepAliveInitialDelay)]: 1,
== APP - customer-service ==       [Symbol(kBytesRead)]: 0,
== APP - customer-service ==       [Symbol(kBytesWritten)]: 0
== APP - customer-service ==     },
== APP - customer-service ==     _header: 'POST /v1.0/bindings/twilio-sms HTTP/1.1\r\n' +
== APP - customer-service ==       'Accept: application/json, text/plain, */*\r\n' +
== APP - customer-service ==       'Content-Type: application/json\r\n' +
== APP - customer-service ==       'User-Agent: axios/1.7.9\r\n' +
== APP - customer-service ==       'Content-Length: 122\r\n' +
== APP - customer-service ==       'Accept-Encoding: gzip, compress, deflate, br\r\n' +
== APP - customer-service ==       'Host: localhost:3510\r\n' +
== APP - customer-service ==       'Connection: keep-alive\r\n' +
== APP - customer-service ==       '\r\n',
== APP - customer-service ==     _keepAliveTimeout: 0,
== APP - customer-service ==     _onPendingData: [Function: nop],
== APP - customer-service ==     agent: Agent {
== APP - customer-service ==       _events: [Object: null prototype],
== APP - customer-service ==       _eventsCount: 2,
== APP - customer-service ==       _maxListeners: undefined,
== APP - customer-service ==       defaultPort: 80,
== APP - customer-service ==       protocol: 'http:',
== APP - customer-service ==       options: [Object: null prototype],
== APP - customer-service ==       requests: [Object: null prototype] {},
== APP - customer-service ==       sockets: [Object: null prototype] {},
== APP - customer-service ==       freeSockets: [Object: null prototype],
== APP - customer-service ==       keepAliveMsecs: 1000,
== APP - customer-service ==       keepAlive: true,
== APP - customer-service ==       maxSockets: Infinity,
== APP - customer-service ==       maxFreeSockets: 256,
== APP - customer-service ==       scheduling: 'lifo',
== APP - customer-service ==       maxTotalSockets: Infinity,
== APP - customer-service ==       totalSocketCount: 1,
== APP - customer-service ==       [Symbol(shapeMode)]: false,
== APP - customer-service ==       [Symbol(kCapture)]: false
== APP - customer-service ==     },
== APP - customer-service ==     socketPath: undefined,
== APP - customer-service ==     method: 'POST',
== APP - customer-service ==     maxHeaderSize: undefined,
== APP - customer-service ==     insecureHTTPParser: undefined,
== APP - customer-service ==     joinDuplicateHeaders: undefined,
== APP - customer-service ==     path: '/v1.0/bindings/twilio-sms',
== APP - customer-service ==     _ended: true,
== APP - customer-service ==     res: IncomingMessage {
== APP - customer-service ==       _events: [Object],
== APP - customer-service ==       _readableState: [ReadableState],
== APP - customer-service ==       _maxListeners: undefined,
== APP - customer-service ==       socket: null,
== APP - customer-service ==       httpVersionMajor: 1,
== APP - customer-service ==       httpVersionMinor: 1,
== APP - customer-service ==       httpVersion: '1.1',
== APP - customer-service ==       complete: true,
== APP - customer-service ==       rawHeaders: [Array],
== APP - customer-service ==       rawTrailers: [],
== APP - customer-service ==       joinDuplicateHeaders: undefined,
== APP - customer-service ==       aborted: false,
== APP - customer-service ==       upgrade: false,
== APP - customer-service ==       url: '',
== APP - customer-service ==       method: null,
== APP - customer-service ==       statusCode: 500,
== APP - customer-service ==       statusMessage: 'Internal Server Error',
== APP - customer-service ==       client: [Socket],
== APP - customer-service ==       _consuming: false,
== APP - customer-service ==       _dumped: false,
== APP - customer-service ==       req: [Circular *1],
== APP - customer-service ==       _eventsCount: 4,
== APP - customer-service ==       responseUrl: 'http://localhost:3510/v1.0/bindings/twilio-sms',
== APP - customer-service ==       redirects: [],
== APP - customer-service ==       [Symbol(shapeMode)]: true,
== APP - customer-service ==       [Symbol(kCapture)]: false,
== APP - customer-service ==       [Symbol(kHeaders)]: [Object],
== APP - customer-service ==       [Symbol(kHeadersCount)]: 8,
== APP - customer-service ==       [Symbol(kTrailers)]: null,
== APP - customer-service ==       [Symbol(kTrailersCount)]: 0
== APP - customer-service ==     },
== APP - customer-service ==     aborted: false,
== APP - customer-service ==     timeoutCb: null,
== APP - customer-service ==     upgradeOrConnect: false,
== APP - customer-service ==     parser: null,
== APP - customer-service ==     maxHeadersCount: null,
== APP - customer-service ==     reusedSocket: false,
== APP - customer-service ==     host: 'localhost',
== APP - customer-service ==     protocol: 'http:',
== APP - customer-service ==     _redirectable: Writable {
== APP - customer-service ==       _events: [Object],
== APP - customer-service ==       _writableState: [WritableState],
== APP - customer-service ==       _maxListeners: undefined,
== APP - customer-service ==       _options: [Object],
== APP - customer-service ==       _ended: true,
== APP - customer-service ==       _ending: true,
== APP - customer-service ==       _redirectCount: 0,
== APP - customer-service ==       _redirects: [],
== APP - customer-service ==       _requestBodyLength: 122,
== APP - customer-service ==       _requestBodyBuffers: [],
== APP - customer-service ==       _eventsCount: 3,
== APP - customer-service ==       _onNativeResponse: [Function (anonymous)],
== APP - customer-service ==       _currentRequest: [Circular *1],
== APP - customer-service ==       _currentUrl: 'http://localhost:3510/v1.0/bindings/twilio-sms',
== APP - customer-service ==       [Symbol(shapeMode)]: true,
== APP - customer-service ==       [Symbol(kCapture)]: false
== APP - customer-service ==     },
== APP - customer-service ==     [Symbol(shapeMode)]: false,
== APP - customer-service ==     [Symbol(kCapture)]: false,
== APP - customer-service ==     [Symbol(kBytesWritten)]: 0,
== APP - customer-service ==     [Symbol(kNeedDrain)]: false,
== APP - customer-service ==     [Symbol(corked)]: 0,
== APP - customer-service ==     [Symbol(kOutHeaders)]: [Object: null prototype] {
== APP - customer-service ==       accept: [Array],
== APP - customer-service ==       'content-type': [Array],
== APP - customer-service ==       'user-agent': [Array],
== APP - customer-service ==       'content-length': [Array],
== APP - customer-service ==       'accept-encoding': [Array],
== APP - customer-service ==       host: [Array]
== APP - customer-service ==     },
== APP - customer-service ==     [Symbol(errored)]: null,
== APP - customer-service ==     [Symbol(kHighWaterMark)]: 16384,
== APP - customer-service ==     [Symbol(kRejectNonStandardBodyWrites)]: false,
== APP - customer-service ==     [Symbol(kUniqueHeaders)]: null
== APP - customer-service ==   },
== APP - customer-service ==   response: {
== APP - customer-service ==     status: 500,
== APP - customer-service ==     statusText: 'Internal Server Error',
== APP - customer-service ==     headers: Object [AxiosHeaders] {
== APP - customer-service ==       'content-type': 'application/json',
== APP - customer-service ==       traceparent: '00-f1193cec983ba660d3e29f80ed59084a-fb16905d98989b96-01',
== APP - customer-service ==       date: 'Tue, 31 Dec 2024 18:43:20 GMT',
== APP - customer-service ==       'content-length': '135'
== APP - customer-service ==     },
== APP - customer-service ==     config: {
== APP - customer-service ==       transitional: [Object],
== APP - customer-service ==       adapter: [Array],
== APP - customer-service ==       transformRequest: [Array],
== APP - customer-service ==       transformResponse: [Array],
== APP - customer-service ==       timeout: 0,
== APP - customer-service ==       xsrfCookieName: 'XSRF-TOKEN',
== APP - customer-service ==       xsrfHeaderName: 'X-XSRF-TOKEN',
== APP - customer-service ==       maxContentLength: -1,
== APP - customer-service ==       maxBodyLength: -1,
== APP - customer-service ==       env: [Object],
== APP - customer-service ==       validateStatus: [Function: validateStatus],
== APP - customer-service ==       headers: [Object [AxiosHeaders]],
== APP - customer-service ==       method: 'post',
== APP - customer-service ==       url: 'http://localhost:3510/v1.0/bindings/twilio-sms',
== APP - customer-service ==       data: '{"to":"+21628803469","from":"+12316679128","body":"Transaction Successful! Amount: 100, Date: 2024-12-31T17:51:59.748421"}'
== APP - customer-service ==     },
== APP - customer-service ==     request: <ref *1> ClientRequest {
== APP - customer-service ==       _events: [Object: null prototype],
== APP - customer-service ==       _eventsCount: 7,
== APP - customer-service ==       _maxListeners: undefined,
== APP - customer-service ==       outputData: [],
== APP - customer-service ==       outputSize: 0,
== APP - customer-service ==       writable: true,
== APP - customer-service ==       destroyed: true,
== APP - customer-service ==       _last: false,
== APP - customer-service ==       chunkedEncoding: false,
== APP - customer-service ==       shouldKeepAlive: true,
== APP - customer-service ==       maxRequestsOnConnectionReached: false,
== APP - customer-service ==       _defaultKeepAlive: true,
== APP - customer-service ==       useChunkedEncodingByDefault: true,
== APP - customer-service ==       sendDate: false,
== APP - customer-service ==       _removedConnection: false,
== APP - customer-service ==       _removedContLen: false,
== APP - customer-service ==       _removedTE: false,
== APP - customer-service ==       strictContentLength: false,
== APP - customer-service ==       _contentLength: '122',
== APP - customer-service ==       _hasBody: true,
== APP - customer-service ==       _trailer: '',
== APP - customer-service ==       finished: true,
== APP - customer-service ==       _headerSent: true,
== APP - customer-service ==       _closed: true,
== APP - customer-service ==       socket: [Socket],
== APP - customer-service ==       _header: 'POST /v1.0/bindings/twilio-sms HTTP/1.1\r\n' +
== APP - customer-service ==         'Accept: application/json, text/plain, */*\r\n' +
== APP - customer-service ==         'Content-Type: application/json\r\n' +
== APP - customer-service ==         'User-Agent: axios/1.7.9\r\n' +
== APP - customer-service ==         'Content-Length: 122\r\n' +
== APP - customer-service ==         'Accept-Encoding: gzip, compress, deflate, br\r\n' +
== APP - customer-service ==         'Host: localhost:3510\r\n' +
== APP - customer-service ==         'Connection: keep-alive\r\n' +
== APP - customer-service ==         '\r\n',
== APP - customer-service ==       _keepAliveTimeout: 0,
== APP - customer-service ==       _onPendingData: [Function: nop],
== APP - customer-service ==       agent: [Agent],
== APP - customer-service ==       socketPath: undefined,
== APP - customer-service ==       method: 'POST',
== APP - customer-service ==       maxHeaderSize: undefined,
== APP - customer-service ==       insecureHTTPParser: undefined,
== APP - customer-service ==       joinDuplicateHeaders: undefined,
== APP - customer-service ==       path: '/v1.0/bindings/twilio-sms',
== APP - customer-service ==       _ended: true,
== APP - customer-service ==       res: [IncomingMessage],
== APP - customer-service ==       aborted: false,
== APP - customer-service ==       timeoutCb: null,
== APP - customer-service ==       upgradeOrConnect: false,
== APP - customer-service ==       parser: null,
== APP - customer-service ==       maxHeadersCount: null,
== APP - customer-service ==       reusedSocket: false,
== APP - customer-service ==       host: 'localhost',
== APP - customer-service ==       protocol: 'http:',
== APP - customer-service ==       _redirectable: [Writable],
== APP - customer-service ==       [Symbol(shapeMode)]: false,
== APP - customer-service ==       [Symbol(kCapture)]: false,
== APP - customer-service ==       [Symbol(kBytesWritten)]: 0,
== APP - customer-service ==       [Symbol(kNeedDrain)]: false,
== APP - customer-service ==       [Symbol(corked)]: 0,
== APP - customer-service ==       [Symbol(kOutHeaders)]: [Object: null prototype],
== APP - customer-service ==       [Symbol(errored)]: null,
== APP - customer-service ==       [Symbol(kHighWaterMark)]: 16384,
== APP - customer-service ==       [Symbol(kRejectNonStandardBodyWrites)]: false,
== APP - customer-service ==       [Symbol(kUniqueHeaders)]: null
== APP - customer-service ==     },
== APP - customer-service ==     data: {
== APP - customer-service ==       errorCode: 'ERR_INVOKE_OUTPUT_BINDING',
== APP - customer-service ==       message: 'error invoking output binding twilio-sms: operation field is missing from request'
== APP - customer-service ==     }
== APP - customer-service ==   },
== APP - customer-service ==   status: 500
== APP - customer-service == }
== APP - customer-service == Executing (default): SELECT TABLE_NAME FROM INFORMATION_SCHEMA.TABLES WHERE TABLE_TYPE = 'BASE TABLE' AND TABLE_NAME = 'customers' AND TABLE_SCHEMA = 'customers'
== APP - customer-service == Executing (default): SHOW INDEX FROM `customers`
== APP - customer-service == Models synchronized with the database.

termination signal received: shutting down
