Starting Dapr with id customer-service. HTTP Port: 3500. gRPC Port: 45099
Updating metadata for cliPID: 299842
Flag --dapr-http-max-request-size has been deprecated, use '--max-body-size 4Mi'
Flag --dapr-http-read-buffer-size has been deprecated, use '--read-buffer-size 4Ki'
time="2024-12-30T17:54:33.026023596+01:00" level=info msg="Starting Dapr Runtime -- version 1.14.4 -- commit 583960dc90120616124b60ad2b7820fc0b3edf44" app_id=customer-service instance=random scope=dapr.runtime type=log ver=1.14.4
time="2024-12-30T17:54:33.026059844+01:00" level=info msg="Log level set to: info" app_id=customer-service instance=random scope=dapr.runtime type=log ver=1.14.4
time="2024-12-30T17:54:33.026373575+01:00" level=warning msg="mTLS is disabled. Skipping certificate request and tls validation" app_id=customer-service instance=random scope=dapr.runtime.security type=log ver=1.14.4
time="2024-12-30T17:54:33.027317143+01:00" level=info msg="metric spec: {0xc00098c0a7 <nil> <nil> []}" app_id=customer-service instance=random scope=dapr.runtime.diagnostics type=log ver=1.14.4
time="2024-12-30T17:54:33.027432383+01:00" level=info msg="Using default latency distribution buckets: [1 2 3 4 5 6 8 10 13 16 20 25 30 40 50 65 80 100 130 160 200 250 300 400 500 650 800 1000 2000 5000 10000 20000 50000 100000]" app_id=customer-service instance=random scope=dapr.runtime.diagnostics type=log ver=1.14.4
time="2024-12-30T17:54:33.027948586+01:00" level=warning msg="The default value for 'spec.metric.http.increasedCardinality' will change to 'false' in Dapr 1.15 or later" app_id=customer-service instance=random scope=dapr.runtime.diagnostics type=log ver=1.14.4
time="2024-12-30T17:54:33.029383005+01:00" level=info msg="standalone mode configured" app_id=customer-service instance=random scope=dapr.runtime type=log ver=1.14.4
time="2024-12-30T17:54:33.029444955+01:00" level=info msg="app id: customer-service" app_id=customer-service instance=random scope=dapr.runtime type=log ver=1.14.4
time="2024-12-30T17:54:33.029550556+01:00" level=info msg="Dapr trace sampler initialized: ParentBased{root:AlwaysOnSampler,remoteParentSampled:AlwaysOnSampler,remoteParentNotSampled:AlwaysOffSampler,localParentSampled:AlwaysOnSampler,localParentNotSampled:AlwaysOffSampler}" app_id=customer-service instance=random scope=dapr.runtime type=log ver=1.14.4
time="2024-12-30T17:54:33.029781105+01:00" level=info msg="metrics server started on :36021/" app_id=customer-service instance=random scope=dapr.runtime type=log ver=1.14.4
time="2024-12-30T17:54:33.030064734+01:00" level=info msg="local service entry announced: customer-service -> 192.168.1.18:39677" app_id=customer-service component="nr (mdns/v1)" instance=random scope=dapr.contrib type=log ver=1.14.4
time="2024-12-30T17:54:33.030097909+01:00" level=info msg="Initialized name resolution to mdns" app_id=customer-service instance=random scope=dapr.runtime type=log ver=1.14.4
time="2024-12-30T17:54:33.030207492+01:00" level=info msg="Loading components…" app_id=customer-service instance=random scope=dapr.runtime type=log ver=1.14.4
time="2024-12-30T17:54:33.037832512+01:00" level=info msg="Component loaded: pubsub (pubsub.redis/v1)" app_id=customer-service instance=random scope=dapr.runtime.processor type=log ver=1.14.4
time="2024-12-30T17:54:33.038018013+01:00" level=info msg="Waiting for all outstanding components to be processed…" app_id=customer-service instance=random scope=dapr.runtime type=log ver=1.14.4
time="2024-12-30T17:54:33.046177256+01:00" level=info msg="Using 'statestore' as actor state store" app_id=customer-service instance=random scope=dapr.runtime.processor.state type=log ver=1.14.4
time="2024-12-30T17:54:33.046275314+01:00" level=info msg="Component loaded: statestore (state.redis/v1)" app_id=customer-service instance=random scope=dapr.runtime.processor type=log ver=1.14.4
time="2024-12-30T17:54:33.046325391+01:00" level=info msg="All outstanding components processed" app_id=customer-service instance=random scope=dapr.runtime type=log ver=1.14.4
time="2024-12-30T17:54:33.046379379+01:00" level=info msg="Loading endpoints…" app_id=customer-service instance=random scope=dapr.runtime type=log ver=1.14.4
time="2024-12-30T17:54:33.046809817+01:00" level=info msg="Waiting for all outstanding http endpoints to be processed…" app_id=customer-service instance=random scope=dapr.runtime type=log ver=1.14.4
time="2024-12-30T17:54:33.046848509+01:00" level=info msg="All outstanding http endpoints processed" app_id=customer-service instance=random scope=dapr.runtime type=log ver=1.14.4
time="2024-12-30T17:54:33.046867017+01:00" level=info msg="Loading Declarative Subscriptions…" app_id=customer-service instance=random scope=dapr.runtime type=log ver=1.14.4
time="2024-12-30T17:54:33.04756516+01:00" level=info msg="gRPC server listening on TCP address: :45099" app_id=customer-service instance=random scope=dapr.runtime.grpc.api type=log ver=1.14.4
time="2024-12-30T17:54:33.047600849+01:00" level=info msg="Enabled gRPC tracing middleware" app_id=customer-service instance=random scope=dapr.runtime.grpc.api type=log ver=1.14.4
time="2024-12-30T17:54:33.047615586+01:00" level=info msg="Enabled gRPC metrics middleware" app_id=customer-service instance=random scope=dapr.runtime.grpc.api type=log ver=1.14.4
time="2024-12-30T17:54:33.0477464+01:00" level=info msg="Registering workflow engine for gRPC endpoint: [::]:45099" app_id=customer-service instance=random scope=dapr.runtime.grpc.api type=log ver=1.14.4
time="2024-12-30T17:54:33.04782155+01:00" level=info msg="API gRPC server is running on port 45099" app_id=customer-service instance=random scope=dapr.runtime type=log ver=1.14.4
time="2024-12-30T17:54:33.047873513+01:00" level=warning msg="The default value for 'spec.metric.http.increasedCardinality' will change to 'false' in Dapr 1.15 or later" app_id=customer-service instance=random scope=dapr.runtime.http type=log ver=1.14.4
time="2024-12-30T17:54:33.04798086+01:00" level=info msg="Enabled max body size HTTP middleware with size 4194304 bytes" app_id=customer-service instance=random scope=dapr.runtime.http type=log ver=1.14.4
time="2024-12-30T17:54:33.048008588+01:00" level=info msg="Enabled tracing HTTP middleware" app_id=customer-service instance=random scope=dapr.runtime.http type=log ver=1.14.4
time="2024-12-30T17:54:33.048027864+01:00" level=info msg="Enabled metrics HTTP middleware" app_id=customer-service instance=random scope=dapr.runtime.http type=log ver=1.14.4
time="2024-12-30T17:54:33.04844119+01:00" level=info msg="HTTP server listening on TCP address: :3500" app_id=customer-service instance=random scope=dapr.runtime.http type=log ver=1.14.4
time="2024-12-30T17:54:33.0484942+01:00" level=info msg="HTTP server is running on port 3500" app_id=customer-service instance=random scope=dapr.runtime type=log ver=1.14.4
time="2024-12-30T17:54:33.048518575+01:00" level=info msg="The request body size parameter is: 4194304 bytes" app_id=customer-service instance=random scope=dapr.runtime type=log ver=1.14.4
time="2024-12-30T17:54:33.048572913+01:00" level=info msg="gRPC server listening on TCP address: :39677" app_id=customer-service instance=random scope=dapr.runtime.grpc.internal type=log ver=1.14.4
time="2024-12-30T17:54:33.048602456+01:00" level=info msg="Enabled gRPC tracing middleware" app_id=customer-service instance=random scope=dapr.runtime.grpc.internal type=log ver=1.14.4
time="2024-12-30T17:54:33.048622081+01:00" level=info msg="Enabled gRPC metrics middleware" app_id=customer-service instance=random scope=dapr.runtime.grpc.internal type=log ver=1.14.4
time="2024-12-30T17:54:33.048687384+01:00" level=info msg="Internal gRPC server is running on :39677" app_id=customer-service instance=random scope=dapr.runtime type=log ver=1.14.4
time="2024-12-30T17:54:33.04880863+01:00" level=info msg="application protocol: http. waiting on port 8081.  This will block until the app is listening on that port." app_id=customer-service instance=random scope=dapr.runtime type=log ver=1.14.4
Updating metadata for app command: node app.js --reload
Updating metadata for appPID: 299869
You're up and running! Dapr logs will appear here.

time="2024-12-30T17:54:33.958539507+01:00" level=info msg="application discovered on port 8081" app_id=customer-service instance=random scope=dapr.runtime type=log ver=1.14.4
time="2024-12-30T17:54:33.976366794+01:00" level=info msg="Application configuration loaded" app_id=customer-service instance=random scope=dapr.runtime type=log ver=1.14.4
time="2024-12-30T17:54:33.976461709+01:00" level=info msg="Configuring actors placement provider 'placement'. Configuration: 'placement:localhost:50005'" app_id=customer-service instance=random scope=dapr.runtime.actor type=log ver=1.14.4
time="2024-12-30T17:54:33.976512624+01:00" level=info msg="Configuring actor reminders provider 'default'. Configuration: ''" app_id=customer-service instance=random scope=dapr.runtime.actor type=log ver=1.14.4
time="2024-12-30T17:54:33.976579114+01:00" level=info msg="Actor runtime started. Idle timeout: 1h0m0s" app_id=customer-service instance=random scope=dapr.runtime.actor type=log ver=1.14.4
time="2024-12-30T17:54:33.976600136+01:00" level=info msg="Configuring workflow engine with actors backend" app_id=customer-service instance=random scope=dapr.runtime type=log ver=1.14.4
time="2024-12-30T17:54:33.976619622+01:00" level=info msg="Registering component for dapr workflow engine..." app_id=customer-service instance=random scope=dapr.runtime type=log ver=1.14.4
time="2024-12-30T17:54:33.976648677+01:00" level=info msg="Initializing Dapr workflow component" app_id=customer-service component="dapr (workflow.dapr/v1)" instance=random scope=dapr.contrib type=log ver=1.14.4
time="2024-12-30T17:54:33.976680664+01:00" level=info msg="Workflow engine initialized." app_id=customer-service instance=random scope=dapr.runtime type=log ver=1.14.4
time="2024-12-30T17:54:33.980862814+01:00" level=info msg="dapr initialized. Status: Running. Init Elapsed 951ms" app_id=customer-service instance=random scope=dapr.runtime type=log ver=1.14.4
time="2024-12-30T17:54:33.985324892+01:00" level=info msg="Placement tables updated, version: 0" app_id=customer-service instance=random scope=dapr.runtime.actors.placement type=log ver=1.14.4

termination signal received: shutting down
time="2024-12-30T18:02:02.681399054+01:00" level=info msg="Received signal 'interrupt'; beginning shutdown" app_id=customer-service instance=random scope=dapr.signals type=log ver=1.14.4
time="2024-12-30T18:02:02.681825161+01:00" level=info msg="Dapr is shutting down" app_id=customer-service instance=random scope=dapr.runtime type=log ver=1.14.4
time="2024-12-30T18:02:02.681961912+01:00" level=info msg="Shutting down workflow engine" app_id=customer-service instance=random scope=dapr.runtime type=log ver=1.14.4
time="2024-12-30T18:02:02.682017227+01:00" level=info msg="Shutting down actor" app_id=customer-service instance=random scope=dapr.runtime type=log ver=1.14.4
time="2024-12-30T18:02:02.682173814+01:00" level=info msg="stopping mDNS server for app id: customer-service" app_id=customer-service component="nr (mdns/v1)" instance=random scope=dapr.contrib type=log ver=1.14.4
time="2024-12-30T18:02:02.682969386+01:00" level=info msg="Closing HTTP server [::]:3500…" app_id=customer-service instance=random scope=dapr.runtime.http type=log ver=1.14.4
time="2024-12-30T18:02:02.683369931+01:00" level=info msg="Shutting down component pubsub (pubsub.redis/v1)" app_id=customer-service instance=random scope=dapr.runtime type=log ver=1.14.4
time="2024-12-30T18:02:02.683490548+01:00" level=info msg="Shutting down component statestore (state.redis/v1)" app_id=customer-service instance=random scope=dapr.runtime type=log ver=1.14.4
time="2024-12-30T18:02:02.683524422+01:00" level=info msg="Dapr runtime stopped" app_id=customer-service instance=random scope=dapr.runtime type=log ver=1.14.4
time="2024-12-30T18:02:02.683558225+01:00" level=info msg="Daprd shutdown gracefully" app_id=customer-service instance=random scope=dapr.runtime type=log ver=1.14.4
Exited Dapr successfully
Exited App successfully
