Starting Dapr with id customer-service. HTTP Port: 3510. gRPC Port: 43425
Updating metadata for cliPID: 746517
Flag --dapr-http-max-request-size has been deprecated, use '--max-body-size 4Mi'
Flag --dapr-http-read-buffer-size has been deprecated, use '--read-buffer-size 4Ki'
time="2024-12-31T01:51:00.452543665+01:00" level=info msg="Starting Dapr Runtime -- version 1.14.4 -- commit 583960dc90120616124b60ad2b7820fc0b3edf44" app_id=customer-service instance=random scope=dapr.runtime type=log ver=1.14.4
time="2024-12-31T01:51:00.452571113+01:00" level=info msg="Log level set to: info" app_id=customer-service instance=random scope=dapr.runtime type=log ver=1.14.4
time="2024-12-31T01:51:00.452847968+01:00" level=warning msg="mTLS is disabled. Skipping certificate request and tls validation" app_id=customer-service instance=random scope=dapr.runtime.security type=log ver=1.14.4
time="2024-12-31T01:51:00.453651572+01:00" level=info msg="metric spec: {0xc00155e107 <nil> <nil> []}" app_id=customer-service instance=random scope=dapr.runtime.diagnostics type=log ver=1.14.4
time="2024-12-31T01:51:00.453768977+01:00" level=info msg="Using default latency distribution buckets: [1 2 3 4 5 6 8 10 13 16 20 25 30 40 50 65 80 100 130 160 200 250 300 400 500 650 800 1000 2000 5000 10000 20000 50000 100000]" app_id=customer-service instance=random scope=dapr.runtime.diagnostics type=log ver=1.14.4
time="2024-12-31T01:51:00.454221694+01:00" level=warning msg="The default value for 'spec.metric.http.increasedCardinality' will change to 'false' in Dapr 1.15 or later" app_id=customer-service instance=random scope=dapr.runtime.diagnostics type=log ver=1.14.4
time="2024-12-31T01:51:00.455685307+01:00" level=info msg="standalone mode configured" app_id=customer-service instance=random scope=dapr.runtime type=log ver=1.14.4
time="2024-12-31T01:51:00.455793702+01:00" level=info msg="app id: customer-service" app_id=customer-service instance=random scope=dapr.runtime type=log ver=1.14.4
time="2024-12-31T01:51:00.456000086+01:00" level=info msg="Dapr trace sampler initialized: ParentBased{root:AlwaysOnSampler,remoteParentSampled:AlwaysOnSampler,remoteParentNotSampled:AlwaysOffSampler,localParentSampled:AlwaysOnSampler,localParentNotSampled:AlwaysOffSampler}" app_id=customer-service instance=random scope=dapr.runtime type=log ver=1.14.4
time="2024-12-31T01:51:00.456202418+01:00" level=info msg="metrics server started on :33989/" app_id=customer-service instance=random scope=dapr.runtime type=log ver=1.14.4
time="2024-12-31T01:51:00.456810185+01:00" level=info msg="local service entry announced: customer-service -> 192.168.1.18:42641" app_id=customer-service component="nr (mdns/v1)" instance=random scope=dapr.contrib type=log ver=1.14.4
time="2024-12-31T01:51:00.456884008+01:00" level=info msg="Initialized name resolution to mdns" app_id=customer-service instance=random scope=dapr.runtime type=log ver=1.14.4
time="2024-12-31T01:51:00.457062595+01:00" level=info msg="Loading components…" app_id=customer-service instance=random scope=dapr.runtime type=log ver=1.14.4
time="2024-12-31T01:51:00.465125108+01:00" level=info msg="Component loaded: pubsub (pubsub.redis/v1)" app_id=customer-service instance=random scope=dapr.runtime.processor type=log ver=1.14.4
time="2024-12-31T01:51:00.465304044+01:00" level=info msg="Waiting for all outstanding components to be processed…" app_id=customer-service instance=random scope=dapr.runtime type=log ver=1.14.4
time="2024-12-31T01:51:00.47424559+01:00" level=info msg="Using 'statestore' as actor state store" app_id=customer-service instance=random scope=dapr.runtime.processor.state type=log ver=1.14.4
time="2024-12-31T01:51:00.474349865+01:00" level=info msg="Component loaded: statestore (state.redis/v1)" app_id=customer-service instance=random scope=dapr.runtime.processor type=log ver=1.14.4
time="2024-12-31T01:51:00.474378081+01:00" level=info msg="All outstanding components processed" app_id=customer-service instance=random scope=dapr.runtime type=log ver=1.14.4
time="2024-12-31T01:51:00.474403783+01:00" level=info msg="Loading endpoints…" app_id=customer-service instance=random scope=dapr.runtime type=log ver=1.14.4
time="2024-12-31T01:51:00.474776182+01:00" level=info msg="Waiting for all outstanding http endpoints to be processed…" app_id=customer-service instance=random scope=dapr.runtime type=log ver=1.14.4
time="2024-12-31T01:51:00.474802372+01:00" level=info msg="All outstanding http endpoints processed" app_id=customer-service instance=random scope=dapr.runtime type=log ver=1.14.4
time="2024-12-31T01:51:00.474815433+01:00" level=info msg="Loading Declarative Subscriptions…" app_id=customer-service instance=random scope=dapr.runtime type=log ver=1.14.4
time="2024-12-31T01:51:00.475487594+01:00" level=info msg="Found Subscription: account-subscription" app_id=customer-service instance=random scope=dapr.runtime type=log ver=1.14.4
time="2024-12-31T01:51:00.475615196+01:00" level=info msg="gRPC server listening on TCP address: :43425" app_id=customer-service instance=random scope=dapr.runtime.grpc.api type=log ver=1.14.4
time="2024-12-31T01:51:00.475637545+01:00" level=info msg="Enabled gRPC tracing middleware" app_id=customer-service instance=random scope=dapr.runtime.grpc.api type=log ver=1.14.4
time="2024-12-31T01:51:00.47564858+01:00" level=info msg="Enabled gRPC metrics middleware" app_id=customer-service instance=random scope=dapr.runtime.grpc.api type=log ver=1.14.4
time="2024-12-31T01:51:00.475730505+01:00" level=info msg="Registering workflow engine for gRPC endpoint: [::]:43425" app_id=customer-service instance=random scope=dapr.runtime.grpc.api type=log ver=1.14.4
time="2024-12-31T01:51:00.475768779+01:00" level=info msg="API gRPC server is running on port 43425" app_id=customer-service instance=random scope=dapr.runtime type=log ver=1.14.4
time="2024-12-31T01:51:00.47580384+01:00" level=warning msg="The default value for 'spec.metric.http.increasedCardinality' will change to 'false' in Dapr 1.15 or later" app_id=customer-service instance=random scope=dapr.runtime.http type=log ver=1.14.4
time="2024-12-31T01:51:00.475869072+01:00" level=info msg="Enabled max body size HTTP middleware with size 4194304 bytes" app_id=customer-service instance=random scope=dapr.runtime.http type=log ver=1.14.4
time="2024-12-31T01:51:00.475883739+01:00" level=info msg="Enabled tracing HTTP middleware" app_id=customer-service instance=random scope=dapr.runtime.http type=log ver=1.14.4
time="2024-12-31T01:51:00.475897079+01:00" level=info msg="Enabled metrics HTTP middleware" app_id=customer-service instance=random scope=dapr.runtime.http type=log ver=1.14.4
time="2024-12-31T01:51:00.476200962+01:00" level=info msg="HTTP server listening on TCP address: :3510" app_id=customer-service instance=random scope=dapr.runtime.http type=log ver=1.14.4
time="2024-12-31T01:51:00.476245312+01:00" level=info msg="HTTP server is running on port 3510" app_id=customer-service instance=random scope=dapr.runtime type=log ver=1.14.4
time="2024-12-31T01:51:00.476258303+01:00" level=info msg="The request body size parameter is: 4194304 bytes" app_id=customer-service instance=random scope=dapr.runtime type=log ver=1.14.4
time="2024-12-31T01:51:00.476291618+01:00" level=info msg="gRPC server listening on TCP address: :42641" app_id=customer-service instance=random scope=dapr.runtime.grpc.internal type=log ver=1.14.4
time="2024-12-31T01:51:00.476309986+01:00" level=info msg="Enabled gRPC tracing middleware" app_id=customer-service instance=random scope=dapr.runtime.grpc.internal type=log ver=1.14.4
time="2024-12-31T01:51:00.47632151+01:00" level=info msg="Enabled gRPC metrics middleware" app_id=customer-service instance=random scope=dapr.runtime.grpc.internal type=log ver=1.14.4
time="2024-12-31T01:51:00.476360901+01:00" level=info msg="Internal gRPC server is running on :42641" app_id=customer-service instance=random scope=dapr.runtime type=log ver=1.14.4
time="2024-12-31T01:51:00.476430394+01:00" level=info msg="application protocol: http. waiting on port 8081.  This will block until the app is listening on that port." app_id=customer-service instance=random scope=dapr.runtime type=log ver=1.14.4
Updating metadata for app command: nodemon app.js
Updating metadata for appPID: 746544
You're up and running! Dapr logs will appear here.

time="2024-12-31T01:53:56.324407634+01:00" level=info msg="application discovered on port 8081" app_id=customer-service instance=random scope=dapr.runtime type=log ver=1.14.4
time="2024-12-31T01:53:56.391005588+01:00" level=info msg="Configuring actors placement provider 'placement'. Configuration: 'placement:localhost:50005'" app_id=customer-service instance=random scope=dapr.runtime.actor type=log ver=1.14.4
time="2024-12-31T01:53:56.391083183+01:00" level=info msg="Configuring actor reminders provider 'default'. Configuration: ''" app_id=customer-service instance=random scope=dapr.runtime.actor type=log ver=1.14.4
time="2024-12-31T01:53:56.391138288+01:00" level=info msg="Actor runtime started. Idle timeout: 1h0m0s" app_id=customer-service instance=random scope=dapr.runtime.actor type=log ver=1.14.4
time="2024-12-31T01:53:56.391158891+01:00" level=info msg="Configuring workflow engine with actors backend" app_id=customer-service instance=random scope=dapr.runtime type=log ver=1.14.4
time="2024-12-31T01:53:56.391175444+01:00" level=info msg="Registering component for dapr workflow engine..." app_id=customer-service instance=random scope=dapr.runtime type=log ver=1.14.4
time="2024-12-31T01:53:56.391198911+01:00" level=info msg="Initializing Dapr workflow component" app_id=customer-service component="dapr (workflow.dapr/v1)" instance=random scope=dapr.contrib type=log ver=1.14.4
time="2024-12-31T01:53:56.391232226+01:00" level=info msg="Workflow engine initialized." app_id=customer-service instance=random scope=dapr.runtime type=log ver=1.14.4
time="2024-12-31T01:53:56.391599666+01:00" level=warning msg="Error processing operation DaprBuiltInInitializationRetries. Retrying in 341.064451ms…" app_id=customer-service instance=random scope=dapr.runtime type=log ver=1.14.4
time="2024-12-31T01:53:56.400768269+01:00" level=info msg="Placement tables updated, version: 0" app_id=customer-service instance=random scope=dapr.runtime.actors.placement type=log ver=1.14.4
time="2024-12-31T01:53:58.661517556+01:00" level=warning msg="failed to subscribe to topics: Get \"http://127.0.0.1:8081/dapr/subscribe\": dial tcp 127.0.0.1:8081: connect: connection refused " app_id=customer-service instance=random scope=dapr.runtime type=log ver=1.14.4
time="2024-12-31T01:53:58.661655704+01:00" level=info msg="dapr initialized. Status: Running. Init Elapsed 178205ms" app_id=customer-service instance=random scope=dapr.runtime type=log ver=1.14.4

termination signal received: shutting down
time="2024-12-31T02:40:07.292002783+01:00" level=info msg="Received signal 'interrupt'; beginning shutdown" app_id=customer-service instance=random scope=dapr.signals type=log ver=1.14.4
Exited Dapr successfully
Exited App successfully
