Starting Dapr with id customer-service. HTTP Port: 3510. gRPC Port: 39207
Updating metadata for cliPID: 1693324
Flag --dapr-http-max-request-size has been deprecated, use '--max-body-size 4Mi'
Flag --dapr-http-read-buffer-size has been deprecated, use '--read-buffer-size 4Ki'
time="2025-01-01T01:39:40.146274795+01:00" level=info msg="Starting Dapr Runtime -- version 1.14.4 -- commit 583960dc90120616124b60ad2b7820fc0b3edf44" app_id=customer-service instance=random scope=dapr.runtime type=log ver=1.14.4
time="2025-01-01T01:39:40.146322986+01:00" level=info msg="Log level set to: info" app_id=customer-service instance=random scope=dapr.runtime type=log ver=1.14.4
time="2025-01-01T01:39:40.14656003+01:00" level=warning msg="mTLS is disabled. Skipping certificate request and tls validation" app_id=customer-service instance=random scope=dapr.runtime.security type=log ver=1.14.4
time="2025-01-01T01:39:40.147146216+01:00" level=info msg="metric spec: {0xc001ba3fe7 <nil> <nil> []}" app_id=customer-service instance=random scope=dapr.runtime.diagnostics type=log ver=1.14.4
time="2025-01-01T01:39:40.147209702+01:00" level=info msg="Using default latency distribution buckets: [1 2 3 4 5 6 8 10 13 16 20 25 30 40 50 65 80 100 130 160 200 250 300 400 500 650 800 1000 2000 5000 10000 20000 50000 100000]" app_id=customer-service instance=random scope=dapr.runtime.diagnostics type=log ver=1.14.4
time="2025-01-01T01:39:40.147532164+01:00" level=warning msg="The default value for 'spec.metric.http.increasedCardinality' will change to 'false' in Dapr 1.15 or later" app_id=customer-service instance=random scope=dapr.runtime.diagnostics type=log ver=1.14.4
time="2025-01-01T01:39:40.148767463+01:00" level=info msg="standalone mode configured" app_id=customer-service instance=random scope=dapr.runtime type=log ver=1.14.4
time="2025-01-01T01:39:40.148860842+01:00" level=info msg="app id: customer-service" app_id=customer-service instance=random scope=dapr.runtime type=log ver=1.14.4
time="2025-01-01T01:39:40.148960227+01:00" level=info msg="metrics server started on :40951/" app_id=customer-service instance=random scope=dapr.runtime type=log ver=1.14.4
time="2025-01-01T01:39:40.148984602+01:00" level=info msg="Dapr trace sampler initialized: ParentBased{root:AlwaysOnSampler,remoteParentSampled:AlwaysOnSampler,remoteParentNotSampled:AlwaysOffSampler,localParentSampled:AlwaysOnSampler,localParentNotSampled:AlwaysOffSampler}" app_id=customer-service instance=random scope=dapr.runtime type=log ver=1.14.4
time="2025-01-01T01:39:40.149604522+01:00" level=info msg="local service entry announced: customer-service -> 192.168.1.18:33773" app_id=customer-service component="nr (mdns/v1)" instance=random scope=dapr.contrib type=log ver=1.14.4
time="2025-01-01T01:39:40.149666821+01:00" level=info msg="Initialized name resolution to mdns" app_id=customer-service instance=random scope=dapr.runtime type=log ver=1.14.4
time="2025-01-01T01:39:40.14977354+01:00" level=info msg="Loading components…" app_id=customer-service instance=random scope=dapr.runtime type=log ver=1.14.4
time="2025-01-01T01:39:40.160950596+01:00" level=info msg="Component loaded: pubsub (pubsub.redis/v1)" app_id=customer-service instance=random scope=dapr.runtime.processor type=log ver=1.14.4
time="2025-01-01T01:39:40.169139454+01:00" level=info msg="Using 'statestore' as actor state store" app_id=customer-service instance=random scope=dapr.runtime.processor.state type=log ver=1.14.4
time="2025-01-01T01:39:40.169232903+01:00" level=info msg="Component loaded: statestore (state.redis/v1)" app_id=customer-service instance=random scope=dapr.runtime.processor type=log ver=1.14.4
time="2025-01-01T01:39:40.169369724+01:00" level=info msg="successful init for output binding (twilio-binding (bindings.twilio.sms/v1))" app_id=customer-service instance=random scope=dapr.runtime.processor.binding type=log ver=1.14.4
time="2025-01-01T01:39:40.169407299+01:00" level=info msg="Component loaded: twilio-binding (bindings.twilio.sms/v1)" app_id=customer-service instance=random scope=dapr.runtime.processor type=log ver=1.14.4
time="2025-01-01T01:39:40.169407299+01:00" level=info msg="Waiting for all outstanding components to be processed…" app_id=customer-service instance=random scope=dapr.runtime type=log ver=1.14.4
time="2025-01-01T01:39:40.169471624+01:00" level=info msg="All outstanding components processed" app_id=customer-service instance=random scope=dapr.runtime type=log ver=1.14.4
time="2025-01-01T01:39:40.169512342+01:00" level=info msg="Loading endpoints…" app_id=customer-service instance=random scope=dapr.runtime type=log ver=1.14.4
time="2025-01-01T01:39:40.170133937+01:00" level=info msg="Waiting for all outstanding http endpoints to be processed…" app_id=customer-service instance=random scope=dapr.runtime type=log ver=1.14.4
time="2025-01-01T01:39:40.170175912+01:00" level=info msg="All outstanding http endpoints processed" app_id=customer-service instance=random scope=dapr.runtime type=log ver=1.14.4
time="2025-01-01T01:39:40.170194071+01:00" level=info msg="Loading Declarative Subscriptions…" app_id=customer-service instance=random scope=dapr.runtime type=log ver=1.14.4
time="2025-01-01T01:39:40.172096992+01:00" level=info msg="Found Subscription: updateaccount-subscription" app_id=customer-service instance=random scope=dapr.runtime type=log ver=1.14.4
time="2025-01-01T01:39:40.172280328+01:00" level=info msg="gRPC server listening on TCP address: :39207" app_id=customer-service instance=random scope=dapr.runtime.grpc.api type=log ver=1.14.4
time="2025-01-01T01:39:40.172315109+01:00" level=info msg="Enabled gRPC tracing middleware" app_id=customer-service instance=random scope=dapr.runtime.grpc.api type=log ver=1.14.4
time="2025-01-01T01:39:40.172331452+01:00" level=info msg="Enabled gRPC metrics middleware" app_id=customer-service instance=random scope=dapr.runtime.grpc.api type=log ver=1.14.4
time="2025-01-01T01:39:40.172427555+01:00" level=info msg="Registering workflow engine for gRPC endpoint: [::]:39207" app_id=customer-service instance=random scope=dapr.runtime.grpc.api type=log ver=1.14.4
time="2025-01-01T01:39:40.172485734+01:00" level=info msg="API gRPC server is running on port 39207" app_id=customer-service instance=random scope=dapr.runtime type=log ver=1.14.4
time="2025-01-01T01:39:40.172538674+01:00" level=warning msg="The default value for 'spec.metric.http.increasedCardinality' will change to 'false' in Dapr 1.15 or later" app_id=customer-service instance=random scope=dapr.runtime.http type=log ver=1.14.4
time="2025-01-01T01:39:40.172612567+01:00" level=info msg="Enabled max body size HTTP middleware with size 4194304 bytes" app_id=customer-service instance=random scope=dapr.runtime.http type=log ver=1.14.4
time="2025-01-01T01:39:40.172636313+01:00" level=info msg="Enabled tracing HTTP middleware" app_id=customer-service instance=random scope=dapr.runtime.http type=log ver=1.14.4
time="2025-01-01T01:39:40.172656777+01:00" level=info msg="Enabled metrics HTTP middleware" app_id=customer-service instance=random scope=dapr.runtime.http type=log ver=1.14.4
time="2025-01-01T01:39:40.173129818+01:00" level=info msg="HTTP server listening on TCP address: :3510" app_id=customer-service instance=random scope=dapr.runtime.http type=log ver=1.14.4
time="2025-01-01T01:39:40.173197565+01:00" level=info msg="HTTP server is running on port 3510" app_id=customer-service instance=random scope=dapr.runtime type=log ver=1.14.4
time="2025-01-01T01:39:40.173220893+01:00" level=info msg="The request body size parameter is: 4194304 bytes" app_id=customer-service instance=random scope=dapr.runtime type=log ver=1.14.4
time="2025-01-01T01:39:40.173273903+01:00" level=info msg="gRPC server listening on TCP address: :33773" app_id=customer-service instance=random scope=dapr.runtime.grpc.internal type=log ver=1.14.4
time="2025-01-01T01:39:40.173302957+01:00" level=info msg="Enabled gRPC tracing middleware" app_id=customer-service instance=random scope=dapr.runtime.grpc.internal type=log ver=1.14.4
time="2025-01-01T01:39:40.173319161+01:00" level=info msg="Enabled gRPC metrics middleware" app_id=customer-service instance=random scope=dapr.runtime.grpc.internal type=log ver=1.14.4
time="2025-01-01T01:39:40.173406882+01:00" level=info msg="Internal gRPC server is running on :33773" app_id=customer-service instance=random scope=dapr.runtime type=log ver=1.14.4
time="2025-01-01T01:39:40.173503544+01:00" level=info msg="application protocol: http. waiting on port 8081.  This will block until the app is listening on that port." app_id=customer-service instance=random scope=dapr.runtime type=log ver=1.14.4
time="2025-01-01T01:39:40.878979655+01:00" level=info msg="application discovered on port 8081" app_id=customer-service instance=random scope=dapr.runtime type=log ver=1.14.4
time="2025-01-01T01:39:40.93900658+01:00" level=info msg="Application configuration loaded" app_id=customer-service instance=random scope=dapr.runtime type=log ver=1.14.4
time="2025-01-01T01:39:40.939157718+01:00" level=info msg="Configuring actors placement provider 'placement'. Configuration: 'placement:localhost:50005'" app_id=customer-service instance=random scope=dapr.runtime.actor type=log ver=1.14.4
time="2025-01-01T01:39:40.93922309+01:00" level=info msg="Configuring actor reminders provider 'default'. Configuration: ''" app_id=customer-service instance=random scope=dapr.runtime.actor type=log ver=1.14.4
time="2025-01-01T01:39:40.939317727+01:00" level=info msg="Actor runtime started. Idle timeout: 1h0m0s" app_id=customer-service instance=random scope=dapr.runtime.actor type=log ver=1.14.4
time="2025-01-01T01:39:40.93936948+01:00" level=info msg="Configuring workflow engine with actors backend" app_id=customer-service instance=random scope=dapr.runtime type=log ver=1.14.4
time="2025-01-01T01:39:40.939400909+01:00" level=info msg="Registering component for dapr workflow engine..." app_id=customer-service instance=random scope=dapr.runtime type=log ver=1.14.4
time="2025-01-01T01:39:40.939442954+01:00" level=info msg="Initializing Dapr workflow component" app_id=customer-service component="dapr (workflow.dapr/v1)" instance=random scope=dapr.contrib type=log ver=1.14.4
time="2025-01-01T01:39:40.939502529+01:00" level=info msg="Workflow engine initialized." app_id=customer-service instance=random scope=dapr.runtime type=log ver=1.14.4
time="2025-01-01T01:39:40.947427942+01:00" level=info msg="dapr initialized. Status: Running. Init Elapsed 798ms" app_id=customer-service instance=random scope=dapr.runtime type=log ver=1.14.4
time="2025-01-01T01:39:40.947870532+01:00" level=info msg="Placement tables updated, version: 0" app_id=customer-service instance=random scope=dapr.runtime.actors.placement type=log ver=1.14.4
Updating metadata for app command: nodemon app.js
Updating metadata for appPID: 1693353
You're up and running! Dapr logs will appear here.


termination signal received: shutting down
time="2025-01-01T01:40:32.10566206+01:00" level=info msg="Received signal 'interrupt'; beginning shutdown" app_id=customer-service instance=random scope=dapr.signals type=log ver=1.14.4
Exited Dapr successfully
Exited App successfully
