Starting Dapr with id customer-service. HTTP Port: 3510. gRPC Port: 37699
Updating metadata for cliPID: 726328
Flag --dapr-http-max-request-size has been deprecated, use '--max-body-size 4Mi'
Flag --dapr-http-read-buffer-size has been deprecated, use '--read-buffer-size 4Ki'
time="2024-12-31T01:38:46.688782091+01:00" level=info msg="Starting Dapr Runtime -- version 1.14.4 -- commit 583960dc90120616124b60ad2b7820fc0b3edf44" app_id=customer-service instance=random scope=dapr.runtime type=log ver=1.14.4
time="2024-12-31T01:38:46.688814568+01:00" level=info msg="Log level set to: info" app_id=customer-service instance=random scope=dapr.runtime type=log ver=1.14.4
time="2024-12-31T01:38:46.689056012+01:00" level=warning msg="mTLS is disabled. Skipping certificate request and tls validation" app_id=customer-service instance=random scope=dapr.runtime.security type=log ver=1.14.4
time="2024-12-31T01:38:46.689624458+01:00" level=info msg="metric spec: {0xc0003f80f7 <nil> <nil> []}" app_id=customer-service instance=random scope=dapr.runtime.diagnostics type=log ver=1.14.4
time="2024-12-31T01:38:46.689682078+01:00" level=info msg="Using default latency distribution buckets: [1 2 3 4 5 6 8 10 13 16 20 25 30 40 50 65 80 100 130 160 200 250 300 400 500 650 800 1000 2000 5000 10000 20000 50000 100000]" app_id=customer-service instance=random scope=dapr.runtime.diagnostics type=log ver=1.14.4
time="2024-12-31T01:38:46.690024724+01:00" level=warning msg="The default value for 'spec.metric.http.increasedCardinality' will change to 'false' in Dapr 1.15 or later" app_id=customer-service instance=random scope=dapr.runtime.diagnostics type=log ver=1.14.4
time="2024-12-31T01:38:46.691056852+01:00" level=info msg="standalone mode configured" app_id=customer-service instance=random scope=dapr.runtime type=log ver=1.14.4
time="2024-12-31T01:38:46.691138497+01:00" level=info msg="app id: customer-service" app_id=customer-service instance=random scope=dapr.runtime type=log ver=1.14.4
time="2024-12-31T01:38:46.691248079+01:00" level=info msg="Dapr trace sampler initialized: ParentBased{root:AlwaysOnSampler,remoteParentSampled:AlwaysOnSampler,remoteParentNotSampled:AlwaysOffSampler,localParentSampled:AlwaysOnSampler,localParentNotSampled:AlwaysOffSampler}" app_id=customer-service instance=random scope=dapr.runtime type=log ver=1.14.4
time="2024-12-31T01:38:46.691314918+01:00" level=info msg="metrics server started on :43447/" app_id=customer-service instance=random scope=dapr.runtime type=log ver=1.14.4
time="2024-12-31T01:38:46.691750664+01:00" level=info msg="local service entry announced: customer-service -> 192.168.1.18:34699" app_id=customer-service component="nr (mdns/v1)" instance=random scope=dapr.contrib type=log ver=1.14.4
time="2024-12-31T01:38:46.691797039+01:00" level=info msg="Initialized name resolution to mdns" app_id=customer-service instance=random scope=dapr.runtime type=log ver=1.14.4
time="2024-12-31T01:38:46.691891466+01:00" level=info msg="Loading components…" app_id=customer-service instance=random scope=dapr.runtime type=log ver=1.14.4
time="2024-12-31T01:38:46.699030316+01:00" level=info msg="Component loaded: pubsub (pubsub.redis/v1)" app_id=customer-service instance=random scope=dapr.runtime.processor type=log ver=1.14.4
time="2024-12-31T01:38:46.699202477+01:00" level=info msg="Waiting for all outstanding components to be processed…" app_id=customer-service instance=random scope=dapr.runtime type=log ver=1.14.4
time="2024-12-31T01:38:46.707304939+01:00" level=info msg="Using 'statestore' as actor state store" app_id=customer-service instance=random scope=dapr.runtime.processor.state type=log ver=1.14.4
time="2024-12-31T01:38:46.707395106+01:00" level=info msg="Component loaded: statestore (state.redis/v1)" app_id=customer-service instance=random scope=dapr.runtime.processor type=log ver=1.14.4
time="2024-12-31T01:38:46.707426535+01:00" level=info msg="All outstanding components processed" app_id=customer-service instance=random scope=dapr.runtime type=log ver=1.14.4
time="2024-12-31T01:38:46.707455589+01:00" level=info msg="Loading endpoints…" app_id=customer-service instance=random scope=dapr.runtime type=log ver=1.14.4
time="2024-12-31T01:38:46.707885258+01:00" level=info msg="Waiting for all outstanding http endpoints to be processed…" app_id=customer-service instance=random scope=dapr.runtime type=log ver=1.14.4
time="2024-12-31T01:38:46.707921366+01:00" level=info msg="All outstanding http endpoints processed" app_id=customer-service instance=random scope=dapr.runtime type=log ver=1.14.4
time="2024-12-31T01:38:46.707970885+01:00" level=info msg="Loading Declarative Subscriptions…" app_id=customer-service instance=random scope=dapr.runtime type=log ver=1.14.4
time="2024-12-31T01:38:46.708962295+01:00" level=info msg="Found Subscription: account-subscription" app_id=customer-service instance=random scope=dapr.runtime type=log ver=1.14.4
time="2024-12-31T01:38:46.709120766+01:00" level=info msg="gRPC server listening on TCP address: :37699" app_id=customer-service instance=random scope=dapr.runtime.grpc.api type=log ver=1.14.4
time="2024-12-31T01:38:46.709152265+01:00" level=info msg="Enabled gRPC tracing middleware" app_id=customer-service instance=random scope=dapr.runtime.grpc.api type=log ver=1.14.4
time="2024-12-31T01:38:46.709169796+01:00" level=info msg="Enabled gRPC metrics middleware" app_id=customer-service instance=random scope=dapr.runtime.grpc.api type=log ver=1.14.4
time="2024-12-31T01:38:46.70926527+01:00" level=info msg="Registering workflow engine for gRPC endpoint: [::]:37699" app_id=customer-service instance=random scope=dapr.runtime.grpc.api type=log ver=1.14.4
time="2024-12-31T01:38:46.709325404+01:00" level=info msg="API gRPC server is running on port 37699" app_id=customer-service instance=random scope=dapr.runtime type=log ver=1.14.4
time="2024-12-31T01:38:46.709374573+01:00" level=warning msg="The default value for 'spec.metric.http.increasedCardinality' will change to 'false' in Dapr 1.15 or later" app_id=customer-service instance=random scope=dapr.runtime.http type=log ver=1.14.4
time="2024-12-31T01:38:46.709435685+01:00" level=info msg="Enabled max body size HTTP middleware with size 4194304 bytes" app_id=customer-service instance=random scope=dapr.runtime.http type=log ver=1.14.4
time="2024-12-31T01:38:46.709458453+01:00" level=info msg="Enabled tracing HTTP middleware" app_id=customer-service instance=random scope=dapr.runtime.http type=log ver=1.14.4
time="2024-12-31T01:38:46.709474238+01:00" level=info msg="Enabled metrics HTTP middleware" app_id=customer-service instance=random scope=dapr.runtime.http type=log ver=1.14.4
time="2024-12-31T01:38:46.709812274+01:00" level=info msg="HTTP server listening on TCP address: :3510" app_id=customer-service instance=random scope=dapr.runtime.http type=log ver=1.14.4
time="2024-12-31T01:38:46.709859976+01:00" level=info msg="HTTP server is running on port 3510" app_id=customer-service instance=random scope=dapr.runtime type=log ver=1.14.4
time="2024-12-31T01:38:46.709877646+01:00" level=info msg="The request body size parameter is: 4194304 bytes" app_id=customer-service instance=random scope=dapr.runtime type=log ver=1.14.4
time="2024-12-31T01:38:46.70992011+01:00" level=info msg="gRPC server listening on TCP address: :34699" app_id=customer-service instance=random scope=dapr.runtime.grpc.internal type=log ver=1.14.4
time="2024-12-31T01:38:46.709945393+01:00" level=info msg="Enabled gRPC tracing middleware" app_id=customer-service instance=random scope=dapr.runtime.grpc.internal type=log ver=1.14.4
time="2024-12-31T01:38:46.709990581+01:00" level=info msg="Enabled gRPC metrics middleware" app_id=customer-service instance=random scope=dapr.runtime.grpc.internal type=log ver=1.14.4
time="2024-12-31T01:38:46.71004862+01:00" level=info msg="Internal gRPC server is running on :34699" app_id=customer-service instance=random scope=dapr.runtime type=log ver=1.14.4
time="2024-12-31T01:38:46.710126145+01:00" level=info msg="application protocol: http. waiting on port 8081.  This will block until the app is listening on that port." app_id=customer-service instance=random scope=dapr.runtime type=log ver=1.14.4
Updating metadata for app command: nodemon app.js
Updating metadata for appPID: 726358
You're up and running! Dapr logs will appear here.

time="2024-12-31T01:39:47.417359626+01:00" level=info msg="application discovered on port 8081" app_id=customer-service instance=random scope=dapr.runtime type=log ver=1.14.4
time="2024-12-31T01:39:47.440061202+01:00" level=info msg="Application configuration loaded" app_id=customer-service instance=random scope=dapr.runtime type=log ver=1.14.4
time="2024-12-31T01:39:47.440226239+01:00" level=info msg="Configuring actors placement provider 'placement'. Configuration: 'placement:localhost:50005'" app_id=customer-service instance=random scope=dapr.runtime.actor type=log ver=1.14.4
time="2024-12-31T01:39:47.440284487+01:00" level=info msg="Configuring actor reminders provider 'default'. Configuration: ''" app_id=customer-service instance=random scope=dapr.runtime.actor type=log ver=1.14.4
time="2024-12-31T01:39:47.440370323+01:00" level=info msg="Actor runtime started. Idle timeout: 1h0m0s" app_id=customer-service instance=random scope=dapr.runtime.actor type=log ver=1.14.4
time="2024-12-31T01:39:47.440403638+01:00" level=info msg="Configuring workflow engine with actors backend" app_id=customer-service instance=random scope=dapr.runtime type=log ver=1.14.4
time="2024-12-31T01:39:47.440429899+01:00" level=info msg="Registering component for dapr workflow engine..." app_id=customer-service instance=random scope=dapr.runtime type=log ver=1.14.4
time="2024-12-31T01:39:47.440464261+01:00" level=info msg="Initializing Dapr workflow component" app_id=customer-service component="dapr (workflow.dapr/v1)" instance=random scope=dapr.contrib type=log ver=1.14.4
time="2024-12-31T01:39:47.440514408+01:00" level=info msg="Workflow engine initialized." app_id=customer-service instance=random scope=dapr.runtime type=log ver=1.14.4
time="2024-12-31T01:39:47.450803001+01:00" level=info msg="Placement tables updated, version: 0" app_id=customer-service instance=random scope=dapr.runtime.actors.placement type=log ver=1.14.4
time="2024-12-31T01:39:47.453891981+01:00" level=info msg="dapr initialized. Status: Running. Init Elapsed 60762ms" app_id=customer-service instance=random scope=dapr.runtime type=log ver=1.14.4
time="2024-12-31T01:39:47.485325229+01:00" level=error msg="non-retriable error returned from app while processing pub/sub event f7a8e68f-6ba6-40d3-aeb0-910313b38307: <!DOCTYPE html>\n<html lang=\"en\">\n<head>\n<meta charset=\"utf-8\">\n<title>Error</title>\n</head>\n<body>\n<pre>Cannot POST /updateAccount</pre>\n</body>\n</html>\n. status code returned: 404" app_id=customer-service instance=random scope=dapr.runtime.processor.pubsub.subscription type=log ver=1.14.4
time="2024-12-31T01:39:47.488003537+01:00" level=error msg="non-retriable error returned from app while processing pub/sub event f1943d24-ab40-4951-993a-fabdebd8f223: <!DOCTYPE html>\n<html lang=\"en\">\n<head>\n<meta charset=\"utf-8\">\n<title>Error</title>\n</head>\n<body>\n<pre>Cannot POST /updateAccount</pre>\n</body>\n</html>\n. status code returned: 404" app_id=customer-service instance=random scope=dapr.runtime.processor.pubsub.subscription type=log ver=1.14.4
time="2024-12-31T01:39:47.493509267+01:00" level=error msg="non-retriable error returned from app while processing pub/sub event e7370ce4-5649-4277-9301-2bce0976ea4c: <!DOCTYPE html>\n<html lang=\"en\">\n<head>\n<meta charset=\"utf-8\">\n<title>Error</title>\n</head>\n<body>\n<pre>Cannot POST /updateAccount</pre>\n</body>\n</html>\n. status code returned: 404" app_id=customer-service instance=random scope=dapr.runtime.processor.pubsub.subscription type=log ver=1.14.4
time="2024-12-31T01:39:47.495075548+01:00" level=error msg="non-retriable error returned from app while processing pub/sub event b87ec9b4-5473-4ef3-9dd3-1265300e6ce0: <!DOCTYPE html>\n<html lang=\"en\">\n<head>\n<meta charset=\"utf-8\">\n<title>Error</title>\n</head>\n<body>\n<pre>Cannot POST /updateAccount</pre>\n</body>\n</html>\n. status code returned: 404" app_id=customer-service instance=random scope=dapr.runtime.processor.pubsub.subscription type=log ver=1.14.4
time="2024-12-31T01:39:47.502304983+01:00" level=error msg="non-retriable error returned from app while processing pub/sub event 5f02094d-3891-48f3-9900-a22793eef384: <!DOCTYPE html>\n<html lang=\"en\">\n<head>\n<meta charset=\"utf-8\">\n<title>Error</title>\n</head>\n<body>\n<pre>Cannot POST /updateAccount</pre>\n</body>\n</html>\n. status code returned: 404" app_id=customer-service instance=random scope=dapr.runtime.processor.pubsub.subscription type=log ver=1.14.4
time="2024-12-31T01:39:47.503112568+01:00" level=error msg="non-retriable error returned from app while processing pub/sub event c0c8716f-ea72-4873-9bc2-1eeacdc95d5e: <!DOCTYPE html>\n<html lang=\"en\">\n<head>\n<meta charset=\"utf-8\">\n<title>Error</title>\n</head>\n<body>\n<pre>Cannot POST /updateAccount</pre>\n</body>\n</html>\n. status code returned: 404" app_id=customer-service instance=random scope=dapr.runtime.processor.pubsub.subscription type=log ver=1.14.4
time="2024-12-31T01:39:47.50402792+01:00" level=error msg="non-retriable error returned from app while processing pub/sub event 18e93da4-7a75-4eaa-905c-2052fdd1f3ec: <!DOCTYPE html>\n<html lang=\"en\">\n<head>\n<meta charset=\"utf-8\">\n<title>Error</title>\n</head>\n<body>\n<pre>Cannot POST /updateAccount</pre>\n</body>\n</html>\n. status code returned: 404" app_id=customer-service instance=random scope=dapr.runtime.processor.pubsub.subscription type=log ver=1.14.4
time="2024-12-31T01:39:47.517939158+01:00" level=error msg="non-retriable error returned from app while processing pub/sub event 3751ee26-9245-42e0-9d25-8f94d5296fca: <!DOCTYPE html>\n<html lang=\"en\">\n<head>\n<meta charset=\"utf-8\">\n<title>Error</title>\n</head>\n<body>\n<pre>Cannot POST /updateAccount</pre>\n</body>\n</html>\n. status code returned: 404" app_id=customer-service instance=random scope=dapr.runtime.processor.pubsub.subscription type=log ver=1.14.4
time="2024-12-31T01:39:47.518692825+01:00" level=error msg="non-retriable error returned from app while processing pub/sub event 7b162435-5ea0-476a-ac95-00e9d4f428c5: <!DOCTYPE html>\n<html lang=\"en\">\n<head>\n<meta charset=\"utf-8\">\n<title>Error</title>\n</head>\n<body>\n<pre>Cannot POST /updateAccount</pre>\n</body>\n</html>\n. status code returned: 404" app_id=customer-service instance=random scope=dapr.runtime.processor.pubsub.subscription type=log ver=1.14.4
time="2024-12-31T01:39:47.521604197+01:00" level=error msg="non-retriable error returned from app while processing pub/sub event 878e2876-118d-40d9-a06f-fd328a84f8ab: <!DOCTYPE html>\n<html lang=\"en\">\n<head>\n<meta charset=\"utf-8\">\n<title>Error</title>\n</head>\n<body>\n<pre>Cannot POST /updateAccount</pre>\n</body>\n</html>\n. status code returned: 404" app_id=customer-service instance=random scope=dapr.runtime.processor.pubsub.subscription type=log ver=1.14.4
time="2024-12-31T01:39:47.549259959+01:00" level=error msg="non-retriable error returned from app while processing pub/sub event 2c3d240e-7c87-4cc3-8257-5676fe0cc0ce: <!DOCTYPE html>\n<html lang=\"en\">\n<head>\n<meta charset=\"utf-8\">\n<title>Error</title>\n</head>\n<body>\n<pre>Cannot POST /updateAccount</pre>\n</body>\n</html>\n. status code returned: 404" app_id=customer-service instance=random scope=dapr.runtime.processor.pubsub.subscription type=log ver=1.14.4
time="2024-12-31T01:40:02.83575167+01:00" level=error msg="non-retriable error returned from app while processing pub/sub event 8e1cc24e-cbdb-4f6e-b043-922f854208f7: <!DOCTYPE html>\n<html lang=\"en\">\n<head>\n<meta charset=\"utf-8\">\n<title>Error</title>\n</head>\n<body>\n<pre>Cannot POST /updateAccount</pre>\n</body>\n</html>\n. status code returned: 404" app_id=customer-service instance=random scope=dapr.runtime.processor.pubsub.subscription type=log ver=1.14.4

termination signal received: shutting down
Exited Dapr successfully
Exited App successfully
