Starting Dapr with id customer-service. HTTP Port: 3500. gRPC Port: 42171
Updating metadata for cliPID: 327591
Flag --dapr-http-max-request-size has been deprecated, use '--max-body-size 4Mi'
Flag --dapr-http-read-buffer-size has been deprecated, use '--read-buffer-size 4Ki'
time="2024-12-30T18:22:21.362429925+01:00" level=info msg="Starting Dapr Runtime -- version 1.14.4 -- commit 583960dc90120616124b60ad2b7820fc0b3edf44" app_id=customer-service instance=random scope=dapr.runtime type=log ver=1.14.4
time="2024-12-30T18:22:21.362459957+01:00" level=info msg="Log level set to: info" app_id=customer-service instance=random scope=dapr.runtime type=log ver=1.14.4
time="2024-12-30T18:22:21.362723611+01:00" level=warning msg="mTLS is disabled. Skipping certificate request and tls validation" app_id=customer-service instance=random scope=dapr.runtime.security type=log ver=1.14.4
time="2024-12-30T18:22:21.363242119+01:00" level=info msg="metric spec: {0xc0016943f7 <nil> <nil> []}" app_id=customer-service instance=random scope=dapr.runtime.diagnostics type=log ver=1.14.4
time="2024-12-30T18:22:21.363298482+01:00" level=info msg="Using default latency distribution buckets: [1 2 3 4 5 6 8 10 13 16 20 25 30 40 50 65 80 100 130 160 200 250 300 400 500 650 800 1000 2000 5000 10000 20000 50000 100000]" app_id=customer-service instance=random scope=dapr.runtime.diagnostics type=log ver=1.14.4
time="2024-12-30T18:22:21.363683452+01:00" level=warning msg="The default value for 'spec.metric.http.increasedCardinality' will change to 'false' in Dapr 1.15 or later" app_id=customer-service instance=random scope=dapr.runtime.diagnostics type=log ver=1.14.4
time="2024-12-30T18:22:21.365009965+01:00" level=info msg="standalone mode configured" app_id=customer-service instance=random scope=dapr.runtime type=log ver=1.14.4
time="2024-12-30T18:22:21.365087978+01:00" level=info msg="app id: customer-service" app_id=customer-service instance=random scope=dapr.runtime type=log ver=1.14.4
time="2024-12-30T18:22:21.36520238+01:00" level=info msg="Dapr trace sampler initialized: ParentBased{root:AlwaysOnSampler,remoteParentSampled:AlwaysOnSampler,remoteParentNotSampled:AlwaysOffSampler,localParentSampled:AlwaysOnSampler,localParentNotSampled:AlwaysOffSampler}" app_id=customer-service instance=random scope=dapr.runtime type=log ver=1.14.4
time="2024-12-30T18:22:21.36524198+01:00" level=info msg="metrics server started on :40101/" app_id=customer-service instance=random scope=dapr.runtime type=log ver=1.14.4
time="2024-12-30T18:22:21.36578633+01:00" level=info msg="local service entry announced: customer-service -> 192.168.1.18:38995" app_id=customer-service component="nr (mdns/v1)" instance=random scope=dapr.contrib type=log ver=1.14.4
time="2024-12-30T18:22:21.36583061+01:00" level=info msg="Initialized name resolution to mdns" app_id=customer-service instance=random scope=dapr.runtime type=log ver=1.14.4
time="2024-12-30T18:22:21.365931113+01:00" level=info msg="Loading components…" app_id=customer-service instance=random scope=dapr.runtime type=log ver=1.14.4
time="2024-12-30T18:22:21.373507523+01:00" level=info msg="Component loaded: pubsub (pubsub.redis/v1)" app_id=customer-service instance=random scope=dapr.runtime.processor type=log ver=1.14.4
time="2024-12-30T18:22:21.373687227+01:00" level=info msg="Waiting for all outstanding components to be processed…" app_id=customer-service instance=random scope=dapr.runtime type=log ver=1.14.4
time="2024-12-30T18:22:21.382659294+01:00" level=info msg="Using 'statestore' as actor state store" app_id=customer-service instance=random scope=dapr.runtime.processor.state type=log ver=1.14.4
time="2024-12-30T18:22:21.382776768+01:00" level=info msg="Component loaded: statestore (state.redis/v1)" app_id=customer-service instance=random scope=dapr.runtime.processor type=log ver=1.14.4
time="2024-12-30T18:22:21.382818394+01:00" level=info msg="All outstanding components processed" app_id=customer-service instance=random scope=dapr.runtime type=log ver=1.14.4
time="2024-12-30T18:22:21.382855061+01:00" level=info msg="Loading endpoints…" app_id=customer-service instance=random scope=dapr.runtime type=log ver=1.14.4
time="2024-12-30T18:22:21.38332447+01:00" level=info msg="Waiting for all outstanding http endpoints to be processed…" app_id=customer-service instance=random scope=dapr.runtime type=log ver=1.14.4
time="2024-12-30T18:22:21.383357925+01:00" level=info msg="All outstanding http endpoints processed" app_id=customer-service instance=random scope=dapr.runtime type=log ver=1.14.4
time="2024-12-30T18:22:21.383374617+01:00" level=info msg="Loading Declarative Subscriptions…" app_id=customer-service instance=random scope=dapr.runtime type=log ver=1.14.4
time="2024-12-30T18:22:21.384343258+01:00" level=info msg="Found Subscription: account-subscription" app_id=customer-service instance=random scope=dapr.runtime type=log ver=1.14.4
time="2024-12-30T18:22:21.384490206+01:00" level=info msg="gRPC server listening on TCP address: :42171" app_id=customer-service instance=random scope=dapr.runtime.grpc.api type=log ver=1.14.4
time="2024-12-30T18:22:21.384521705+01:00" level=info msg="Enabled gRPC tracing middleware" app_id=customer-service instance=random scope=dapr.runtime.grpc.api type=log ver=1.14.4
time="2024-12-30T18:22:21.384538677+01:00" level=info msg="Enabled gRPC metrics middleware" app_id=customer-service instance=random scope=dapr.runtime.grpc.api type=log ver=1.14.4
time="2024-12-30T18:22:21.384630938+01:00" level=info msg="Registering workflow engine for gRPC endpoint: [::]:42171" app_id=customer-service instance=random scope=dapr.runtime.grpc.api type=log ver=1.14.4
time="2024-12-30T18:22:21.384685345+01:00" level=info msg="API gRPC server is running on port 42171" app_id=customer-service instance=random scope=dapr.runtime type=log ver=1.14.4
time="2024-12-30T18:22:21.384757353+01:00" level=warning msg="The default value for 'spec.metric.http.increasedCardinality' will change to 'false' in Dapr 1.15 or later" app_id=customer-service instance=random scope=dapr.runtime.http type=log ver=1.14.4
time="2024-12-30T18:22:21.384823982+01:00" level=info msg="Enabled max body size HTTP middleware with size 4194304 bytes" app_id=customer-service instance=random scope=dapr.runtime.http type=log ver=1.14.4
time="2024-12-30T18:22:21.384844097+01:00" level=info msg="Enabled tracing HTTP middleware" app_id=customer-service instance=random scope=dapr.runtime.http type=log ver=1.14.4
time="2024-12-30T18:22:21.384858764+01:00" level=info msg="Enabled metrics HTTP middleware" app_id=customer-service instance=random scope=dapr.runtime.http type=log ver=1.14.4
time="2024-12-30T18:22:21.385257562+01:00" level=info msg="HTTP server listening on TCP address: :3500" app_id=customer-service instance=random scope=dapr.runtime.http type=log ver=1.14.4
time="2024-12-30T18:22:21.38531637+01:00" level=info msg="HTTP server is running on port 3500" app_id=customer-service instance=random scope=dapr.runtime type=log ver=1.14.4
time="2024-12-30T18:22:21.385335157+01:00" level=info msg="The request body size parameter is: 4194304 bytes" app_id=customer-service instance=random scope=dapr.runtime type=log ver=1.14.4
time="2024-12-30T18:22:21.385380345+01:00" level=info msg="gRPC server listening on TCP address: :38995" app_id=customer-service instance=random scope=dapr.runtime.grpc.internal type=log ver=1.14.4
time="2024-12-30T18:22:21.385403113+01:00" level=info msg="Enabled gRPC tracing middleware" app_id=customer-service instance=random scope=dapr.runtime.grpc.internal type=log ver=1.14.4
time="2024-12-30T18:22:21.385417501+01:00" level=info msg="Enabled gRPC metrics middleware" app_id=customer-service instance=random scope=dapr.runtime.grpc.internal type=log ver=1.14.4
time="2024-12-30T18:22:21.385465552+01:00" level=info msg="Internal gRPC server is running on :38995" app_id=customer-service instance=random scope=dapr.runtime type=log ver=1.14.4
time="2024-12-30T18:22:21.385548036+01:00" level=info msg="application protocol: http. waiting on port 8081.  This will block until the app is listening on that port." app_id=customer-service instance=random scope=dapr.runtime type=log ver=1.14.4
time="2024-12-30T18:22:21.991874627+01:00" level=info msg="application discovered on port 8081" app_id=customer-service instance=random scope=dapr.runtime type=log ver=1.14.4
time="2024-12-30T18:22:22.004610768+01:00" level=info msg="Application configuration loaded" app_id=customer-service instance=random scope=dapr.runtime type=log ver=1.14.4
time="2024-12-30T18:22:22.004768402+01:00" level=info msg="Configuring actors placement provider 'placement'. Configuration: 'placement:localhost:50005'" app_id=customer-service instance=random scope=dapr.runtime.actor type=log ver=1.14.4
time="2024-12-30T18:22:22.004828536+01:00" level=info msg="Configuring actor reminders provider 'default'. Configuration: ''" app_id=customer-service instance=random scope=dapr.runtime.actor type=log ver=1.14.4
time="2024-12-30T18:22:22.004921915+01:00" level=info msg="Actor runtime started. Idle timeout: 1h0m0s" app_id=customer-service instance=random scope=dapr.runtime.actor type=log ver=1.14.4
time="2024-12-30T18:22:22.004974785+01:00" level=info msg="Configuring workflow engine with actors backend" app_id=customer-service instance=random scope=dapr.runtime type=log ver=1.14.4
time="2024-12-30T18:22:22.005007541+01:00" level=info msg="Registering component for dapr workflow engine..." app_id=customer-service instance=random scope=dapr.runtime type=log ver=1.14.4
time="2024-12-30T18:22:22.005052729+01:00" level=info msg="Initializing Dapr workflow component" app_id=customer-service component="dapr (workflow.dapr/v1)" instance=random scope=dapr.contrib type=log ver=1.14.4
time="2024-12-30T18:22:22.005107625+01:00" level=info msg="Workflow engine initialized." app_id=customer-service instance=random scope=dapr.runtime type=log ver=1.14.4
time="2024-12-30T18:22:22.00892478+01:00" level=info msg="dapr initialized. Status: Running. Init Elapsed 644ms" app_id=customer-service instance=random scope=dapr.runtime type=log ver=1.14.4
time="2024-12-30T18:22:22.014167204+01:00" level=info msg="Placement tables updated, version: 0" app_id=customer-service instance=random scope=dapr.runtime.actors.placement type=log ver=1.14.4
Updating metadata for app command: node app.js --reload
Updating metadata for appPID: 327617
You're up and running! Dapr logs will appear here.

time="2024-12-30T18:22:42.27539898+01:00" level=error msg="non-retriable error returned from app while processing pub/sub event 5d1e1c49-b240-4a53-9597-e96f07e123c1: <!DOCTYPE html>\n<html lang=\"en\">\n<head>\n<meta charset=\"utf-8\">\n<title>Error</title>\n</head>\n<body>\n<pre>Cannot POST /updateAccount</pre>\n</body>\n</html>\n. status code returned: 404" app_id=customer-service instance=random scope=dapr.runtime.processor.pubsub.subscription type=log ver=1.14.4
time="2024-12-30T18:23:36.533933765+01:00" level=error msg="non-retriable error returned from app while processing pub/sub event 04eb76cd-b16c-45b5-b4aa-caa019509daf: <!DOCTYPE html>\n<html lang=\"en\">\n<head>\n<meta charset=\"utf-8\">\n<title>Error</title>\n</head>\n<body>\n<pre>Cannot POST /updateAccount</pre>\n</body>\n</html>\n. status code returned: 404" app_id=customer-service instance=random scope=dapr.runtime.processor.pubsub.subscription type=log ver=1.14.4
time="2024-12-30T18:24:07.29970809+01:00" level=error msg="non-retriable error returned from app while processing pub/sub event 5a701214-2a6e-409f-8385-3a95c52ec23b: <!DOCTYPE html>\n<html lang=\"en\">\n<head>\n<meta charset=\"utf-8\">\n<title>Error</title>\n</head>\n<body>\n<pre>Cannot POST /updateAccount</pre>\n</body>\n</html>\n. status code returned: 404" app_id=customer-service instance=random scope=dapr.runtime.processor.pubsub.subscription type=log ver=1.14.4
time="2024-12-30T18:24:53.402104511+01:00" level=error msg="non-retriable error returned from app while processing pub/sub event 5ffe10df-3ded-4f41-915e-3d8b0aa4585d: <!DOCTYPE html>\n<html lang=\"en\">\n<head>\n<meta charset=\"utf-8\">\n<title>Error</title>\n</head>\n<body>\n<pre>Cannot POST /updateAccount</pre>\n</body>\n</html>\n. status code returned: 404" app_id=customer-service instance=random scope=dapr.runtime.processor.pubsub.subscription type=log ver=1.14.4

termination signal received: shutting down
time="2024-12-30T18:25:45.240200722+01:00" level=info msg="Received signal 'interrupt'; beginning shutdown" app_id=customer-service instance=random scope=dapr.signals type=log ver=1.14.4
Exited Dapr successfully
Exited App successfully
