== APP - customer-service == [nodemon] 3.1.9
== APP - customer-service == [nodemon] to restart at any time, enter `rs`
== APP - customer-service == [nodemon] watching path(s): *.*
== APP - customer-service == [nodemon] watching extensions: js,mjs,cjs,json
== APP - customer-service == [nodemon] starting `node app.js`
== APP - customer-service == 2024-12-31T13:43:48.141Z INFO [HTTPServer, HTTPServerImpl] [Topic = updateAccount] Registered Subscription with routes: default
== APP - customer-service == 2024-12-31T13:43:48.146Z INFO [HTTPServer, HTTPServer] Listening on 5002
== APP - customer-service == 2024-12-31T13:43:48.146Z INFO [HTTPServer, HTTPServer] Registering 1 PubSub Subscriptions
== APP - customer-service == 2024-12-31T13:43:48.177Z INFO [HTTPClient, HTTPClient] Sidecar Started
== APP - customer-service == 2024-12-31T13:43:48.195Z INFO [HTTPServer, HTTPServer] Registered 1 PubSub Subscriptions
== APP - customer-service == Subscriber received: {"customerId":"12345"}
== APP - customer-service == [nodemon] restarting due to changes...
== APP - customer-service == [nodemon] starting `node app.js`
== APP - customer-service == 2024-12-31T13:44:39.475Z INFO [HTTPServer, HTTPServerImpl] [Topic = updateAccount] Registered Subscription with routes: default
== APP - customer-service == 2024-12-31T13:44:39.485Z INFO [HTTPServer, HTTPServer] Listening on 5002
== APP - customer-service == 2024-12-31T13:44:39.486Z INFO [HTTPServer, HTTPServer] Registering 1 PubSub Subscriptions
== APP - customer-service == 2024-12-31T13:44:39.522Z INFO [HTTPClient, HTTPClient] Sidecar Started
== APP - customer-service == [nodemon] restarting due to changes...
== APP - customer-service == [nodemon] starting `node app.js`
== APP - customer-service == 2024-12-31T13:44:57.802Z INFO [HTTPServer, HTTPServerImpl] [Topic = updateAccount] Registered Subscription with routes: default
== APP - customer-service == 2024-12-31T13:44:57.808Z INFO [HTTPServer, HTTPServer] Listening on 5002
== APP - customer-service == 2024-12-31T13:44:57.809Z INFO [HTTPServer, HTTPServer] Registering 1 PubSub Subscriptions
== APP - customer-service == 2024-12-31T13:44:57.839Z INFO [HTTPClient, HTTPClient] Sidecar Started
== APP - customer-service == [nodemon] restarting due to changes...
== APP - customer-service == [nodemon] starting `node app.js`
== APP - customer-service == 2024-12-31T13:45:37.339Z INFO [HTTPServer, HTTPServerImpl] [Topic = updateAccount] Registered Subscription with routes: default
== APP - customer-service == Server is listening on PORT: 5002
== APP - customer-service == node:events:497
== APP - customer-service ==       throw er; // Unhandled 'error' event
== APP - customer-service ==       ^
== APP - customer-service == 
== APP - customer-service == Error: listen EADDRINUSE: address already in use :::5002
== APP - customer-service ==     at Server.setupListenHandle [as _listen2] (node:net:1904:16)
== APP - customer-service ==     at listenInCluster (node:net:1961:12)
== APP - customer-service ==     at Server.listen (node:net:2063:7)
== APP - customer-service ==     at Function.listen (/home/iheb/Documents/Projects/bank-svc-app/customerManagementService/node_modules/express/lib/application.js:635:24)
== APP - customer-service ==     at HTTPServer.start (/home/iheb/Documents/Projects/bank-svc-app/customerManagementService/node_modules/@dapr/dapr/implementation/Server/HTTPServer/HTTPServer.js:78:49)
== APP - customer-service ==     at DaprServer.start (/home/iheb/Documents/Projects/bank-svc-app/customerManagementService/node_modules/@dapr/dapr/implementation/Server/DaprServer.js:87:31)
== APP - customer-service ==     at main (/home/iheb/Documents/Projects/bank-svc-app/customerManagementService/app.js:51:16)
== APP - customer-service ==     at Object.<anonymous> (/home/iheb/Documents/Projects/bank-svc-app/customerManagementService/app.js:54:1)
== APP - customer-service ==     at Module._compile (node:internal/modules/cjs/loader:1469:14)
== APP - customer-service ==     at Module._extensions..js (node:internal/modules/cjs/loader:1548:10)
== APP - customer-service == Emitted 'error' event on Server instance at:
== APP - customer-service ==     at emitErrorNT (node:net:1940:8)
== APP - customer-service ==     at process.processTicksAndRejections (node:internal/process/task_queues:82:21) {
== APP - customer-service ==   code: 'EADDRINUSE',
== APP - customer-service ==   errno: -98,
== APP - customer-service ==   syscall: 'listen',
== APP - customer-service ==   address: '::',
== APP - customer-service ==   port: 5002
== APP - customer-service == }
== APP - customer-service == 
== APP - customer-service == Node.js v20.17.0
== APP - customer-service == [nodemon] app crashed - waiting for file changes before starting...
== APP - customer-service == [nodemon] restarting due to changes...
== APP - customer-service == [nodemon] starting `node app.js`
== APP - customer-service == 2024-12-31T13:45:47.670Z INFO [HTTPServer, HTTPServerImpl] [Topic = updateAccount] Registered Subscription with routes: default
== APP - customer-service == Server is listening on PORT: 5002
== APP - customer-service == node:events:497
== APP - customer-service ==       throw er; // Unhandled 'error' event
== APP - customer-service ==       ^
== APP - customer-service == 
== APP - customer-service == Error: listen EADDRINUSE: address already in use :::5002
== APP - customer-service ==     at Server.setupListenHandle [as _listen2] (node:net:1904:16)
== APP - customer-service ==     at listenInCluster (node:net:1961:12)
== APP - customer-service ==     at Server.listen (node:net:2063:7)
== APP - customer-service ==     at Function.listen (/home/iheb/Documents/Projects/bank-svc-app/customerManagementService/node_modules/express/lib/application.js:635:24)
== APP - customer-service ==     at HTTPServer.start (/home/iheb/Documents/Projects/bank-svc-app/customerManagementService/node_modules/@dapr/dapr/implementation/Server/HTTPServer/HTTPServer.js:78:49)
== APP - customer-service ==     at DaprServer.start (/home/iheb/Documents/Projects/bank-svc-app/customerManagementService/node_modules/@dapr/dapr/implementation/Server/DaprServer.js:87:31)
== APP - customer-service ==     at main (/home/iheb/Documents/Projects/bank-svc-app/customerManagementService/app.js:51:16)
== APP - customer-service ==     at Object.<anonymous> (/home/iheb/Documents/Projects/bank-svc-app/customerManagementService/app.js:54:1)
== APP - customer-service ==     at Module._compile (node:internal/modules/cjs/loader:1469:14)
== APP - customer-service ==     at Module._extensions..js (node:internal/modules/cjs/loader:1548:10)
== APP - customer-service == Emitted 'error' event on Server instance at:
== APP - customer-service ==     at emitErrorNT (node:net:1940:8)
== APP - customer-service ==     at process.processTicksAndRejections (node:internal/process/task_queues:82:21) {
== APP - customer-service ==   code: 'EADDRINUSE',
== APP - customer-service ==   errno: -98,
== APP - customer-service ==   syscall: 'listen',
== APP - customer-service ==   address: '::',
== APP - customer-service ==   port: 5002
== APP - customer-service == }
== APP - customer-service == 
== APP - customer-service == Node.js v20.17.0
== APP - customer-service == [nodemon] app crashed - waiting for file changes before starting...
== APP - customer-service == [nodemon] restarting due to changes...
== APP - customer-service == [nodemon] starting `node app.js`
== APP - customer-service == 2024-12-31T13:46:07.710Z INFO [HTTPServer, HTTPServerImpl] [Topic = updateAccount] Registered Subscription with routes: default
== APP - customer-service == Server is listening on PORT: 5002
== APP - customer-service == 2024-12-31T13:46:07.715Z INFO [HTTPServer, HTTPServer] Listening on 5000
== APP - customer-service == 2024-12-31T13:46:07.716Z INFO [HTTPServer, HTTPServer] Registering 1 PubSub Subscriptions
== APP - customer-service == 2024-12-31T13:46:07.767Z INFO [HTTPClient, HTTPClient] Sidecar Started
== APP - customer-service == Executing (default): SELECT TABLE_NAME FROM INFORMATION_SCHEMA.TABLES WHERE TABLE_TYPE = 'BASE TABLE' AND TABLE_NAME = 'customers' AND TABLE_SCHEMA = 'customers'
== APP - customer-service == Executing (default): SHOW INDEX FROM `customers`
== APP - customer-service == Models synchronized with the database.

termination signal received: shutting down
