== APP - customer-service == [nodemon] 3.1.9
== APP - customer-service == [nodemon] to restart at any time, enter `rs`
== APP - customer-service == [nodemon] watching path(s): *.*
== APP - customer-service == [nodemon] watching extensions: js,mjs,cjs,json
== APP - customer-service == [nodemon] starting `node app.js`
== APP - customer-service == Server is listening on PORT: 8081
== APP - customer-service == Executing (default): SELECT TABLE_NAME FROM INFORMATION_SCHEMA.TABLES WHERE TABLE_TYPE = 'BASE TABLE' AND TABLE_NAME = 'customers' AND TABLE_SCHEMA = 'customers'
== APP - customer-service == Executing (default): SHOW INDEX FROM `customers`
== APP - customer-service == Models synchronized with the database.
== APP - customer-service == Headers: {
== APP - customer-service ==   host: '127.0.0.1:8081',
== APP - customer-service ==   'user-agent': 'Go-http-client/1.1',
== APP - customer-service ==   'content-length': '427',
== APP - customer-service ==   'content-type': 'application/cloudevents+json',
== APP - customer-service ==   pubsubname: 'pubsub',
== APP - customer-service ==   traceparent: '00-da186d457eadc92f455c864b7efeefc3-5d00f2c0a255d26d-01',
== APP - customer-service ==   'accept-encoding': 'gzip'
== APP - customer-service == }
== APP - customer-service == Raw Body: {
== APP - customer-service ==   data: { customerId: '12345' },
== APP - customer-service ==   datacontenttype: 'application/json',
== APP - customer-service ==   id: 'bed15ae7-44c9-408d-a707-d81d07492156',
== APP - customer-service ==   pubsubname: 'pubsub',
== APP - customer-service ==   source: 'lioncurse-whimsey',
== APP - customer-service ==   specversion: '1.0',
== APP - customer-service ==   time: '2024-12-31T15:11:48+01:00',
== APP - customer-service ==   topic: 'updateAccount',
== APP - customer-service ==   traceid: '00-da186d457eadc92f455c864b7efeefc3-839e09c5616e2874-01',
== APP - customer-service ==   traceparent: '00-da186d457eadc92f455c864b7efeefc3-839e09c5616e2874-01',
== APP - customer-service ==   tracestate: '',
== APP - customer-service ==   type: 'com.dapr.event.sent'
== APP - customer-service == }
== APP - customer-service == Received message on updateAccount: { customerId: '12345' }
== APP - customer-service == Headers: {
== APP - customer-service ==   host: '127.0.0.1:8081',
== APP - customer-service ==   'user-agent': 'Go-http-client/1.1',
== APP - customer-service ==   'content-length': '426',
== APP - customer-service ==   'content-type': 'application/cloudevents+json',
== APP - customer-service ==   pubsubname: 'pubsub',
== APP - customer-service ==   traceparent: '00-d8858a7077dcb22f6980a3959c4dea1e-d92f9a5a7a697c10-01',
== APP - customer-service ==   'accept-encoding': 'gzip'
== APP - customer-service == }
== APP - customer-service == Raw Body: {
== APP - customer-service ==   data: { customerId: '12345' },
== APP - customer-service ==   datacontenttype: 'application/json',
== APP - customer-service ==   id: 'ef19e510-7834-4c97-9e13-f8a0311b01ad',
== APP - customer-service ==   pubsubname: 'pubsub',
== APP - customer-service ==   source: 'customer-service',
== APP - customer-service ==   specversion: '1.0',
== APP - customer-service ==   time: '2024-12-31T15:13:41+01:00',
== APP - customer-service ==   topic: 'updateAccount',
== APP - customer-service ==   traceid: '00-d8858a7077dcb22f6980a3959c4dea1e-af7321a19c014513-01',
== APP - customer-service ==   traceparent: '00-d8858a7077dcb22f6980a3959c4dea1e-af7321a19c014513-01',
== APP - customer-service ==   tracestate: '',
== APP - customer-service ==   type: 'com.dapr.event.sent'
== APP - customer-service == }
== APP - customer-service == Received message on updateAccount: { customerId: '12345' }

termination signal received: shutting down
