== APP - customer-service == 2024-12-31T02:33:06.406Z INFO [HTTPServer, HTTPServerImpl] [Topic = updateAccount] Registered Subscription with routes: default
== APP - customer-service == 2024-12-31T02:33:06.413Z INFO [HTTPServer, HTTPServer] Listening on 5002
== APP - customer-service == 2024-12-31T02:33:06.413Z INFO [HTTPServer, HTTPServer] Registering 1 PubSub Subscriptions
== APP - customer-service == 2024-12-31T02:33:06.442Z INFO [HTTPClient, HTTPClient] Sidecar Started
== APP - customer-service == Express server is listening on http://127.0.0.1:8086
== APP - customer-service == 2024-12-31T02:33:06.470Z INFO [HTTPServer, HTTPServer] Registered 1 PubSub Subscriptions
== APP - customer-service == Subscriber received: {"orderId":1}
== APP - customer-service == Subscriber received: {"orderId":3}
== APP - customer-service == Subscriber received: {"orderId":9}
== APP - customer-service == Subscriber received: {"orderId":4}
== APP - customer-service == Subscriber received: {"accountId":"1f2fdd06-f3a2-4047-94aa-c39bc09a17e3","accountOpeningDate":"2024-12-29T21:31:46.606+00:00","accountType":"SAVINGS","balance":3500,"customerId":"88edaf02-d912-4ae5-8df9-22da06355ab2","lastActivity":"2024-12-29T21:31:46.606+00:00"}
== APP - customer-service == Subscriber received: {"orderId":10}
== APP - customer-service == Subscriber received: {"orderId":2}
== APP - customer-service == Subscriber received: {"accountId":"1f2fdd06-f3a2-4047-94aa-c39bc09a17e3","accountOpeningDate":"2024-12-29T21:31:46.606+00:00","accountType":"SAVINGS","balance":3700,"customerId":"88edaf02-d912-4ae5-8df9-22da06355ab2","lastActivity":"2024-12-29T21:31:46.606+00:00"}
== APP - customer-service == Subscriber received: {"customerId":"12345"}
== APP - customer-service == Subscriber received: {"accountId":"1f2fdd06-f3a2-4047-94aa-c39bc09a17e3","accountOpeningDate":"2024-12-29T21:31:46.606+00:00","accountType":"SAVINGS","balance":3600,"customerId":"88edaf02-d912-4ae5-8df9-22da06355ab2","lastActivity":"2024-12-29T21:31:46.606+00:00"}
== APP - customer-service == Subscriber received: {"orderId":5}
== APP - customer-service == Subscriber received: {"customerId":"12345"}
== APP - customer-service == Subscriber received: {"customerId":"12345"}
== APP - customer-service == Subscriber received: {"accountId":"1f2fdd06-f3a2-4047-94aa-c39bc09a17e3","accountOpeningDate":"2024-12-29T21:31:46.606+00:00","accountType":"SAVINGS","balance":3800,"customerId":"88edaf02-d912-4ae5-8df9-22da06355ab2","lastActivity":"2024-12-29T21:31:46.606+00:00"}
== APP - customer-service == Subscriber received: {"customerId":"12345"}
== APP - customer-service == Subscriber received: {"orderId":6}
== APP - customer-service == Subscriber received: {"orderId":2}
== APP - customer-service == Subscriber received: {"orderId":3}
== APP - customer-service == Subscriber received: {"orderId":4}
== APP - customer-service == Subscriber received: {"orderId":5}
== APP - customer-service == Subscriber received: {"orderId":1}
== APP - customer-service == Subscriber received: {"accountId":"123","balance":1000}
== APP - customer-service == Subscriber received: {"orderId":7}
== APP - customer-service == Subscriber received: {"orderId":8}
== APP - customer-service == Subscriber received: {"orderId":9}
== APP - customer-service == Subscriber received: {"orderId":10}
== APP - customer-service == Subscriber received: {"orderId":6}
== APP - customer-service == Subscriber received: {"accountId":"1f2fdd06-f3a2-4047-94aa-c39bc09a17e3","accountOpeningDate":"2024-12-29T21:31:46.606+00:00","accountType":"SAVINGS","balance":3400,"customerId":"88edaf02-d912-4ae5-8df9-22da06355ab2","lastActivity":"2024-12-29T21:31:46.606+00:00"}
== APP - customer-service == Subscriber received: {"customerId":"12345"}
== APP - customer-service == Subscriber received: {"accountId":"1f2fdd06-f3a2-4047-94aa-c39bc09a17e3","accountOpeningDate":"2024-12-29T21:31:46.606+00:00","accountType":"SAVINGS","balance":4100,"customerId":"88edaf02-d912-4ae5-8df9-22da06355ab2","lastActivity":"2024-12-29T21:31:46.606+00:00"}
== APP - customer-service == Subscriber received: {"orderId":1}
== APP - customer-service == Subscriber received: {"orderId":2}
== APP - customer-service == Subscriber received: {"accountId":"1f2fdd06-f3a2-4047-94aa-c39bc09a17e3","accountOpeningDate":"2024-12-29T21:31:46.606+00:00","accountType":"SAVINGS","balance":3900,"customerId":"88edaf02-d912-4ae5-8df9-22da06355ab2","lastActivity":"2024-12-29T21:31:46.606+00:00"}
== APP - customer-service == Subscriber received: {"accountId":"1f2fdd06-f3a2-4047-94aa-c39bc09a17e3","accountOpeningDate":"2024-12-29T21:31:46.606+00:00","accountType":"SAVINGS","balance":4000,"customerId":"88edaf02-d912-4ae5-8df9-22da06355ab2","lastActivity":"2024-12-29T21:31:46.606+00:00"}
== APP - customer-service == Subscriber received: {"orderId":8}
== APP - customer-service == Subscriber received: {"orderId":4}
== APP - customer-service == Subscriber received: {"orderId":5}
== APP - customer-service == Subscriber received: {"orderId":6}
== APP - customer-service == Subscriber received: {"orderId":7}
== APP - customer-service == Subscriber received: {"orderId":8}
== APP - customer-service == Subscriber received: {"orderId":9}
== APP - customer-service == Subscriber received: {"orderId":3}
== APP - customer-service == Subscriber received: {"orderId":7}
== APP - customer-service == Subscriber received: {"accountId":"1f2fdd06-f3a2-4047-94aa-c39bc09a17e3","accountOpeningDate":"2024-12-29T21:31:46.606+00:00","accountType":"SAVINGS","balance":4200,"customerId":"88edaf02-d912-4ae5-8df9-22da06355ab2","lastActivity":"2024-12-29T21:31:46.606+00:00"}
== APP - customer-service == Subscriber received: {"orderId":1}
== APP - customer-service == Subscriber received: {"orderId":2}
== APP - customer-service == Subscriber received: {"orderId":3}
== APP - customer-service == Subscriber received: {"orderId":5}
== APP - customer-service == Subscriber received: {"orderId":4}
== APP - customer-service == Subscriber received: {"orderId":6}
== APP - customer-service == Subscriber received: {"orderId":10}
== APP - customer-service == Subscriber received: {"orderId":8}
== APP - customer-service == Subscriber received: {"orderId":9}
== APP - customer-service == Subscriber received: {"orderId":10}
== APP - customer-service == Subscriber received: {"orderId":1}
== APP - customer-service == Subscriber received: {"orderId":2}
== APP - customer-service == Subscriber received: {"orderId":3}
== APP - customer-service == Subscriber received: {"orderId":4}
== APP - customer-service == Subscriber received: {"orderId":5}
== APP - customer-service == Subscriber received: {"orderId":7}
== APP - customer-service == Subscriber received: {"orderId":6}
== APP - customer-service == Subscriber received: {"orderId":7}
== APP - customer-service == Subscriber received: {"orderId":8}
== APP - customer-service == Subscriber received: {"orderId":9}
== APP - customer-service == Subscriber received: {"orderId":10}
== APP - customer-service == Subscriber received: {"orderId":1}
== APP - customer-service == Subscriber received: {"orderId":2}
== APP - customer-service == Subscriber received: {"orderId":4}
== APP - customer-service == Subscriber received: {"orderId":8}
== APP - customer-service == Subscriber received: {"orderId":7}
== APP - customer-service == Subscriber received: {"orderId":6}
== APP - customer-service == Subscriber received: {"orderId":9}
== APP - customer-service == Subscriber received: {"orderId":3}
== APP - customer-service == Subscriber received: {"orderId":5}
== APP - customer-service == Subscriber received: {"orderId":3}
== APP - customer-service == Subscriber received: {"orderId":4}
== APP - customer-service == Subscriber received: {"orderId":5}
== APP - customer-service == Subscriber received: {"orderId":6}
== APP - customer-service == Subscriber received: {"orderId":7}
== APP - customer-service == Subscriber received: {"orderId":8}
== APP - customer-service == Subscriber received: {"orderId":2}
== APP - customer-service == Subscriber received: {"orderId":1}
== APP - customer-service == Subscriber received: {"orderId":10}
== APP - customer-service == Subscriber received: {"orderId":1}
== APP - customer-service == Subscriber received: {"orderId":2}
== APP - customer-service == Subscriber received: {"orderId":3}
== APP - customer-service == Subscriber received: {"orderId":4}
== APP - customer-service == Subscriber received: {"orderId":5}
== APP - customer-service == Subscriber received: {"orderId":6}
== APP - customer-service == Subscriber received: {"orderId":9}
== APP - customer-service == Subscriber received: {"orderId":8}
== APP - customer-service == Subscriber received: {"orderId":9}
== APP - customer-service == Subscriber received: {"orderId":10}
== APP - customer-service == Subscriber received: {"customerId":"12345"}
== APP - customer-service == Subscriber received: {"orderId":1}
== APP - customer-service == Subscriber received: {"orderId":2}
== APP - customer-service == Subscriber received: {"orderId":3}
== APP - customer-service == Subscriber received: {"orderId":7}
== APP - customer-service == Subscriber received: {"orderId":5}
== APP - customer-service == Subscriber received: {"orderId":6}
== APP - customer-service == Subscriber received: {"orderId":7}
== APP - customer-service == Subscriber received: {"orderId":8}
== APP - customer-service == Subscriber received: {"orderId":9}
== APP - customer-service == Subscriber received: {"customerId":"12345"}
== APP - customer-service == Subscriber received: {"orderId":4}
== APP - customer-service == Subscriber received: {"orderId":10}
== APP - customer-service == Subscriber received: {"orderId":2}
== APP - customer-service == Subscriber received: {"orderId":3}
== APP - customer-service == Subscriber received: {"orderId":4}
== APP - customer-service == Subscriber received: {"orderId":5}
== APP - customer-service == Subscriber received: {"orderId":6}
== APP - customer-service == Subscriber received: {"orderId":7}
== APP - customer-service == Subscriber received: {"orderId":8}
== APP - customer-service == Subscriber received: {"orderId":1}
== APP - customer-service == Subscriber received: {"orderId":10}
== APP - customer-service == Subscriber received: {"orderId":1}
== APP - customer-service == Subscriber received: {"orderId":2}
== APP - customer-service == Subscriber received: {"orderId":3}
== APP - customer-service == Subscriber received: {"orderId":4}
== APP - customer-service == Subscriber received: {"orderId":5}
== APP - customer-service == Subscriber received: {"orderId":6}
== APP - customer-service == Subscriber received: {"orderId":9}
== APP - customer-service == Subscriber received: {"orderId":8}
== APP - customer-service == Subscriber received: {"orderId":9}
== APP - customer-service == Subscriber received: {"orderId":10}
== APP - customer-service == Subscriber received: {"orderId":1}
== APP - customer-service == Subscriber received: {"orderId":2}
== APP - customer-service == Subscriber received: {"orderId":4}
== APP - customer-service == Subscriber received: {"orderId":3}
== APP - customer-service == Subscriber received: {"orderId":7}
== APP - customer-service == Subscriber received: {"orderId":5}
== APP - customer-service == Subscriber received: {"orderId":6}
== APP - customer-service == Subscriber received: {"orderId":7}
== APP - customer-service == Subscriber received: {"orderId":8}
== APP - customer-service == Subscriber received: {"orderId":9}
== APP - customer-service == Subscriber received: {"orderId":10}
== APP - customer-service == Subscriber received: {"orderId":1}
== APP - customer-service == Subscriber received: {"orderId":2}
== APP - customer-service == Subscriber received: {"orderId":5}
== APP - customer-service == Subscriber received: {"orderId":6}
== APP - customer-service == Subscriber received: {"orderId":7}
== APP - customer-service == Subscriber received: {"orderId":8}
== APP - customer-service == Subscriber received: {"orderId":9}
== APP - customer-service == Subscriber received: {"orderId":10}
== APP - customer-service == Subscriber received: {"orderId":3}
== APP - customer-service == Subscriber received: {"orderId":4}
== APP - customer-service == Subscriber received: {"orderId":2}
== APP - customer-service == Subscriber received: {"orderId":3}
== APP - customer-service == Subscriber received: {"orderId":4}
== APP - customer-service == Subscriber received: {"orderId":5}
== APP - customer-service == Subscriber received: {"orderId":6}
== APP - customer-service == Subscriber received: {"orderId":7}
== APP - customer-service == Subscriber received: {"orderId":8}
== APP - customer-service == Subscriber received: {"orderId":1}
== APP - customer-service == Subscriber received: {"orderId":1}
== APP - customer-service == Subscriber received: {"orderId":2}
== APP - customer-service == Subscriber received: {"orderId":3}
== APP - customer-service == Subscriber received: {"orderId":4}
== APP - customer-service == Subscriber received: {"orderId":5}
== APP - customer-service == Subscriber received: {"orderId":6}
== APP - customer-service == Subscriber received: {"orderId":9}
== APP - customer-service == Subscriber received: {"orderId":9}
== APP - customer-service == Subscriber received: {"orderId":7}
== APP - customer-service == Subscriber received: {"orderId":10}
== APP - customer-service == Subscriber received: {"orderId":1}
== APP - customer-service == Subscriber received: {"orderId":3}
== APP - customer-service == Subscriber received: {"orderId":4}
== APP - customer-service == Subscriber received: {"orderId":8}
== APP - customer-service == Subscriber received: {"orderId":2}
== APP - customer-service == Subscriber received: {"orderId":7}
== APP - customer-service == Subscriber received: {"orderId":8}
== APP - customer-service == Subscriber received: {"orderId":9}
== APP - customer-service == Subscriber received: {"orderId":10}
== APP - customer-service == Subscriber received: {"orderId":1}
== APP - customer-service == Subscriber received: {"orderId":2}
== APP - customer-service == Subscriber received: {"orderId":5}
== APP - customer-service == Subscriber received: {"orderId":6}
== APP - customer-service == Subscriber received: {"orderId":4}
== APP - customer-service == Subscriber received: {"orderId":5}
== APP - customer-service == Subscriber received: {"orderId":6}
== APP - customer-service == Subscriber received: {"orderId":7}
== APP - customer-service == Subscriber received: {"orderId":8}
== APP - customer-service == Subscriber received: {"orderId":9}
== APP - customer-service == Subscriber received: {"orderId":10}
== APP - customer-service == Subscriber received: {"orderId":3}
== APP - customer-service == Subscriber received: {"orderId":2}
== APP - customer-service == Subscriber received: {"orderId":3}
== APP - customer-service == Subscriber received: {"orderId":4}
== APP - customer-service == Subscriber received: {"orderId":5}
== APP - customer-service == Subscriber received: {"orderId":6}
== APP - customer-service == Subscriber received: {"orderId":7}
== APP - customer-service == Subscriber received: {"orderId":8}
== APP - customer-service == Subscriber received: {"orderId":1}
== APP - customer-service == Subscriber received: {"orderId":10}
== APP - customer-service == Subscriber received: {"customerId":"12345"}
== APP - customer-service == Subscriber received: {"customerId":"12345"}
== APP - customer-service == Subscriber received: {"customerId":"12345"}
== APP - customer-service == Subscriber received: {"orderId":1}
== APP - customer-service == Subscriber received: {"orderId":2}
== APP - customer-service == Subscriber received: {"orderId":3}
== APP - customer-service == Subscriber received: {"orderId":4}
== APP - customer-service == Subscriber received: {"orderId":9}
== APP - customer-service == Subscriber received: {"orderId":5}
== APP - customer-service == Subscriber received: {"orderId":6}
== APP - customer-service == Subscriber received: {"orderId":7}
== APP - customer-service == Subscriber received: {"orderId":8}
== APP - customer-service == Subscriber received: {"orderId":9}
== APP - customer-service == Subscriber received: {"customerId":"12345"}
== APP - customer-service == Subscriber received: {"orderId":10}
== APP - customer-service == Subscriber received: {"customerId":"12345"}
== APP - customer-service == Subscriber received: {"customerId":"12345"}
== APP - customer-service == Subscriber received: {"customerId":"12345"}
== APP - customer-service == Subscriber received: {"customerId":"12345"}
== APP - customer-service == Subscriber received: {"customerId":"12345"}
== APP - customer-service == Subscriber received: {"customerId":"12345"}
== APP - customer-service == Subscriber received: {"customerId":"12345"}
== APP - customer-service == Subscriber received: {"customerId":"12345"}
== APP - customer-service == Subscriber received: {"customerId":"12345"}

termination signal received: shutting down
