== APP - customer-service == [nodemon] 3.1.9
== APP - customer-service == [nodemon] to restart at any time, enter `rs`
== APP - customer-service == [nodemon] watching path(s): *.*
== APP - customer-service == [nodemon] watching extensions: js,mjs,cjs,json
== APP - customer-service == [nodemon] starting `node app.js`
== APP - customer-service == 2024-12-31T13:56:53.637Z INFO [HTTPServer, HTTPServerImpl] [Topic = updateAccount] Registered Subscription with routes: default
== APP - customer-service == node:events:497
== APP - customer-service ==       throw er; // Unhandled 'error' event
== APP - customer-service ==       ^
== APP - customer-service == 
== APP - customer-service == Error: listen EADDRINUSE: address already in use :::5001
== APP - customer-service ==     at Server.setupListenHandle [as _listen2] (node:net:1904:16)
== APP - customer-service ==     at listenInCluster (node:net:1961:12)
== APP - customer-service ==     at Server.listen (node:net:2063:7)
== APP - customer-service ==     at Function.listen (/home/iheb/Documents/Projects/bank-svc-app/customerManagementService/node_modules/express/lib/application.js:635:24)
== APP - customer-service ==     at Object.<anonymous> (/home/iheb/Documents/Projects/bank-svc-app/customerManagementService/app.js:53:5)
== APP - customer-service ==     at Module._compile (node:internal/modules/cjs/loader:1469:14)
== APP - customer-service ==     at Module._extensions..js (node:internal/modules/cjs/loader:1548:10)
== APP - customer-service ==     at Module.load (node:internal/modules/cjs/loader:1288:32)
== APP - customer-service ==     at Module._load (node:internal/modules/cjs/loader:1104:12)
== APP - customer-service ==     at Function.executeUserEntryPoint [as runMain] (node:internal/modules/run_main:174:12)
== APP - customer-service == Emitted 'error' event on Server instance at:
== APP - customer-service ==     at emitErrorNT (node:net:1940:8)
== APP - customer-service ==     at process.processTicksAndRejections (node:internal/process/task_queues:82:21) {
== APP - customer-service ==   code: 'EADDRINUSE',
== APP - customer-service ==   errno: -98,
== APP - customer-service ==   syscall: 'listen',
== APP - customer-service ==   address: '::',
== APP - customer-service ==   port: 5001
== APP - customer-service == }
== APP - customer-service == 
== APP - customer-service == Node.js v20.17.0
== APP - customer-service == [nodemon] app crashed - waiting for file changes before starting...
== APP - customer-service == [nodemon] restarting due to changes...
== APP - customer-service == [nodemon] starting `node app.js`
== APP - customer-service == Server is listening on PORT: 5001
== APP - customer-service == Executing (default): SELECT TABLE_NAME FROM INFORMATION_SCHEMA.TABLES WHERE TABLE_TYPE = 'BASE TABLE' AND TABLE_NAME = 'customers' AND TABLE_SCHEMA = 'customers'
== APP - customer-service == Executing (default): SHOW INDEX FROM `customers`
== APP - customer-service == Models synchronized with the database.

termination signal received: shutting down
